# JRE version: OpenJDK Runtime Environment Temurin-17.0.6+10 (17.0.6+10) (build 17.0.6+10)
# Java VM: OpenJDK 64-Bit Server VM Temurin-17.0.6+10 (17.0.6+10, mixed mode, tiered, compressed oops, compressed class ptrs, parallel gc, windows-amd64)
GC Precious Log:
 CPUs: 8 total, 8 available
 Memory: 10116M
 Large Page Support: Disabled
 NUMA Support: Disabled
 Compressed Oops: Enabled (32-bit)
 Alignments: Space 512K, Generation 512K, Heap 2M
 Heap Min Capacity: 100M
 Heap Initial Capacity: 100M
 Heap Max Capacity: 1G
 Pre-touch: Disabled
 Parallel Workers: 8
Heap:
 PSYoungGen      total 4608K, used 2364K [0x00000000eab00000, 0x00000000eb100000, 0x0000000100000000)
  eden space 4096K, 46% used [0x00000000eab00000,0x00000000eacd7150,0x00000000eaf00000)
  from space 512K, 93% used [0x00000000eb080000,0x00000000eb0f8000,0x00000000eb100000)
  to   space 1024K, 0% used [0x00000000eaf00000,0x00000000eaf00000,0x00000000eb000000)
 ParOldGen       total 135168K, used 115381K [0x00000000c0000000, 0x00000000c8400000, 0x00000000eab00000)
  object space 135168K, 85% used [0x00000000c0000000,0x00000000c70ad548,0x00000000c8400000)
 Metaspace       used 77003K, committed 78208K, reserved 1122304K
  class space    used 8332K, committed 8832K, reserved 1048576K
GC Heap History (20 events):
Event: 184.547 GC heap before
{Heap before GC invocations=219 (full 8):
 PSYoungGen      total 3072K, used 2848K [0x00000000eab00000, 0x00000000eaf00000, 0x0000000100000000)
  eden space 2048K, 100% used [0x00000000eab00000,0x00000000ead00000,0x00000000ead00000)
  from space 1024K, 78% used [0x00000000ead00000,0x00000000eadc8000,0x00000000eae00000)
  to   space 1024K, 0% used [0x00000000eae00000,0x00000000eae00000,0x00000000eaf00000)
 ParOldGen       total 135168K, used 101053K [0x00000000c0000000, 0x00000000c8400000, 0x00000000eab00000)
  object space 135168K, 74% used [0x00000000c0000000,0x00000000c62af518,0x00000000c8400000)
 Metaspace       used 76629K, committed 77696K, reserved 1122304K
  class space    used 8295K, committed 8768K, reserved 1048576K
}
Event: 184.550 GC heap after
{Heap after GC invocations=219 (full 8):
 PSYoungGen      total 3072K, used 768K [0x00000000eab00000, 0x00000000eaf00000, 0x0000000100000000)
  eden space 2048K, 0% used [0x00000000eab00000,0x00000000eab00000,0x00000000ead00000)
  from space 1024K, 75% used [0x00000000eae00000,0x00000000eaec0000,0x00000000eaf00000)
  to   space 1024K, 0% used [0x00000000ead00000,0x00000000ead00000,0x00000000eae00000)
 ParOldGen       total 135168K, used 101761K [0x00000000c0000000, 0x00000000c8400000, 0x00000000eab00000)
  object space 135168K, 75% used [0x00000000c0000000,0x00000000c6360568,0x00000000c8400000)
 Metaspace       used 76629K, committed 77696K, reserved 1122304K
  class space    used 8295K, committed 8768K, reserved 1048576K
}
Event: 184.568 GC heap before
{Heap before GC invocations=220 (full 8):
 PSYoungGen      total 3072K, used 2816K [0x00000000eab00000, 0x00000000eaf00000, 0x0000000100000000)
  eden space 2048K, 100% used [0x00000000eab00000,0x00000000ead00000,0x00000000ead00000)
  from space 1024K, 75% used [0x00000000eae00000,0x00000000eaec0000,0x00000000eaf00000)
  to   space 1024K, 0% used [0x00000000ead00000,0x00000000ead00000,0x00000000eae00000)
 ParOldGen       total 135168K, used 101761K [0x00000000c0000000, 0x00000000c8400000, 0x00000000eab00000)
  object space 135168K, 75% used [0x00000000c0000000,0x00000000c6360568,0x00000000c8400000)
 Metaspace       used 76631K, committed 77696K, reserved 1122304K
  class space    used 8295K, committed 8768K, reserved 1048576K
}
Event: 184.570 GC heap after
{Heap after GC invocations=220 (full 8):
 PSYoungGen      total 3072K, used 896K [0x00000000eab00000, 0x00000000eaf00000, 0x0000000100000000)
  eden space 2048K, 0% used [0x00000000eab00000,0x00000000eab00000,0x00000000ead00000)
  from space 1024K, 87% used [0x00000000ead00000,0x00000000eade0000,0x00000000eae00000)
  to   space 1024K, 0% used [0x00000000eae00000,0x00000000eae00000,0x00000000eaf00000)
 ParOldGen       total 135168K, used 102410K [0x00000000c0000000, 0x00000000c8400000, 0x00000000eab00000)
  object space 135168K, 75% used [0x00000000c0000000,0x00000000c6402828,0x00000000c8400000)
 Metaspace       used 76631K, committed 77696K, reserved 1122304K
  class space    used 8295K, committed 8768K, reserved 1048576K
}
Event: 184.614 GC heap before
{Heap before GC invocations=221 (full 8):
 PSYoungGen      total 3072K, used 2944K [0x00000000eab00000, 0x00000000eaf00000, 0x0000000100000000)
  eden space 2048K, 100% used [0x00000000eab00000,0x00000000ead00000,0x00000000ead00000)
  from space 1024K, 87% used [0x00000000ead00000,0x00000000eade0000,0x00000000eae00000)
  to   space 1024K, 0% used [0x00000000eae00000,0x00000000eae00000,0x00000000eaf00000)
 ParOldGen       total 135168K, used 102410K [0x00000000c0000000, 0x00000000c8400000, 0x00000000eab00000)
  object space 135168K, 75% used [0x00000000c0000000,0x00000000c6402828,0x00000000c8400000)
 Metaspace       used 76675K, committed 77760K, reserved 1122304K
  class space    used 8295K, committed 8768K, reserved 1048576K
}
Event: 184.616 GC heap after
{Heap after GC invocations=221 (full 8):
 PSYoungGen      total 3072K, used 779K [0x00000000eab00000, 0x00000000eaf00000, 0x0000000100000000)
  eden space 2048K, 0% used [0x00000000eab00000,0x00000000eab00000,0x00000000ead00000)
  from space 1024K, 76% used [0x00000000eae00000,0x00000000eaec2ff8,0x00000000eaf00000)
  to   space 1024K, 0% used [0x00000000ead00000,0x00000000ead00000,0x00000000eae00000)
 ParOldGen       total 135168K, used 103226K [0x00000000c0000000, 0x00000000c8400000, 0x00000000eab00000)
  object space 135168K, 76% used [0x00000000c0000000,0x00000000c64ce828,0x00000000c8400000)
 Metaspace       used 76675K, committed 77760K, reserved 1122304K
  class space    used 8295K, committed 8768K, reserved 1048576K
}
Event: 184.665 GC heap before
{Heap before GC invocations=222 (full 8):
 PSYoungGen      total 3072K, used 2827K [0x00000000eab00000, 0x00000000eaf00000, 0x0000000100000000)
  eden space 2048K, 100% used [0x00000000eab00000,0x00000000ead00000,0x00000000ead00000)
  from space 1024K, 76% used [0x00000000eae00000,0x00000000eaec2ff8,0x00000000eaf00000)
  to   space 1024K, 0% used [0x00000000ead00000,0x00000000ead00000,0x00000000eae00000)
 ParOldGen       total 135168K, used 103226K [0x00000000c0000000, 0x00000000c8400000, 0x00000000eab00000)
  object space 135168K, 76% used [0x00000000c0000000,0x00000000c64ce828,0x00000000c8400000)
 Metaspace       used 76748K, committed 77824K, reserved 1122304K
  class space    used 8295K, committed 8768K, reserved 1048576K
}
Event: 184.666 GC heap after
{Heap after GC invocations=222 (full 8):
 PSYoungGen      total 3072K, used 1024K [0x00000000eab00000, 0x00000000eb000000, 0x0000000100000000)
  eden space 2048K, 0% used [0x00000000eab00000,0x00000000eab00000,0x00000000ead00000)
  from space 1024K, 100% used [0x00000000ead00000,0x00000000eae00000,0x00000000eae00000)
  to   space 1536K, 0% used [0x00000000eae80000,0x00000000eae80000,0x00000000eb000000)
 ParOldGen       total 135168K, used 103850K [0x00000000c0000000, 0x00000000c8400000, 0x00000000eab00000)
  object space 135168K, 76% used [0x00000000c0000000,0x00000000c656a910,0x00000000c8400000)
 Metaspace       used 76748K, committed 77824K, reserved 1122304K
  class space    used 8295K, committed 8768K, reserved 1048576K
}
Event: 184.672 GC heap before
{Heap before GC invocations=223 (full 8):
 PSYoungGen      total 3072K, used 3072K [0x00000000eab00000, 0x00000000eb000000, 0x0000000100000000)
  eden space 2048K, 100% used [0x00000000eab00000,0x00000000ead00000,0x00000000ead00000)
  from space 1024K, 100% used [0x00000000ead00000,0x00000000eae00000,0x00000000eae00000)
  to   space 1536K, 0% used [0x00000000eae80000,0x00000000eae80000,0x00000000eb000000)
 ParOldGen       total 135168K, used 103850K [0x00000000c0000000, 0x00000000c8400000, 0x00000000eab00000)
  object space 135168K, 76% used [0x00000000c0000000,0x00000000c656a910,0x00000000c8400000)
 Metaspace       used 76748K, committed 77824K, reserved 1122304K
  class space    used 8295K, committed 8768K, reserved 1048576K
}
Event: 184.674 GC heap after
{Heap after GC invocations=223 (full 8):
 PSYoungGen      total 2048K, used 1529K [0x00000000eab00000, 0x00000000eb300000, 0x0000000100000000)
  eden space 512K, 0% used [0x00000000eab00000,0x00000000eab00000,0x00000000eab80000)
  from space 1536K, 99% used [0x00000000eae80000,0x00000000eaffe600,0x00000000eb000000)
  to   space 3072K, 0% used [0x00000000eab80000,0x00000000eab80000,0x00000000eae80000)
 ParOldGen       total 135168K, used 104922K [0x00000000c0000000, 0x00000000c8400000, 0x00000000eab00000)
  object space 135168K, 77% used [0x00000000c0000000,0x00000000c6676910,0x00000000c8400000)
 Metaspace       used 76748K, committed 77824K, reserved 1122304K
  class space    used 8295K, committed 8768K, reserved 1048576K
}
Event: 184.676 GC heap before
{Heap before GC invocations=224 (full 8):
 PSYoungGen      total 2048K, used 2041K [0x00000000eab00000, 0x00000000eb300000, 0x0000000100000000)
  eden space 512K, 100% used [0x00000000eab00000,0x00000000eab80000,0x00000000eab80000)
  from space 1536K, 99% used [0x00000000eae80000,0x00000000eaffe600,0x00000000eb000000)
  to   space 3072K, 0% used [0x00000000eab80000,0x00000000eab80000,0x00000000eae80000)
 ParOldGen       total 135168K, used 104922K [0x00000000c0000000, 0x00000000c8400000, 0x00000000eab00000)
  object space 135168K, 77% used [0x00000000c0000000,0x00000000c6676910,0x00000000c8400000)
 Metaspace       used 76748K, committed 77824K, reserved 1122304K
  class space    used 8295K, committed 8768K, reserved 1048576K
}
Event: 184.677 GC heap after
{Heap after GC invocations=224 (full 8):
 PSYoungGen      total 1536K, used 608K [0x00000000eab00000, 0x00000000eaf00000, 0x0000000100000000)
  eden space 512K, 0% used [0x00000000eab00000,0x00000000eab00000,0x00000000eab80000)
  from space 1024K, 59% used [0x00000000eab80000,0x00000000eac18000,0x00000000eac80000)
  to   space 1536K, 0% used [0x00000000ead80000,0x00000000ead80000,0x00000000eaf00000)
 ParOldGen       total 135168K, used 106470K [0x00000000c0000000, 0x00000000c8400000, 0x00000000eab00000)
  object space 135168K, 78% used [0x00000000c0000000,0x00000000c67f9958,0x00000000c8400000)
 Metaspace       used 76748K, committed 77824K, reserved 1122304K
  class space    used 8295K, committed 8768K, reserved 1048576K
}
Event: 184.679 GC heap before
{Heap before GC invocations=225 (full 8):
 PSYoungGen      total 1536K, used 1120K [0x00000000eab00000, 0x00000000eaf00000, 0x0000000100000000)
  eden space 512K, 100% used [0x00000000eab00000,0x00000000eab80000,0x00000000eab80000)
  from space 1024K, 59% used [0x00000000eab80000,0x00000000eac18000,0x00000000eac80000)
  to   space 1536K, 0% used [0x00000000ead80000,0x00000000ead80000,0x00000000eaf00000)
 ParOldGen       total 135168K, used 106470K [0x00000000c0000000, 0x00000000c8400000, 0x00000000eab00000)
  object space 135168K, 78% used [0x00000000c0000000,0x00000000c67f9958,0x00000000c8400000)
 Metaspace       used 76748K, committed 77824K, reserved 1122304K
  class space    used 8295K, committed 8768K, reserved 1048576K
}
Event: 184.680 GC heap after
{Heap after GC invocations=225 (full 8):
 PSYoungGen      total 2048K, used 576K [0x00000000eab00000, 0x00000000eae80000, 0x0000000100000000)
  eden space 1024K, 0% used [0x00000000eab00000,0x00000000eab00000,0x00000000eac00000)
  from space 1024K, 56% used [0x00000000ead80000,0x00000000eae10000,0x00000000eae80000)
  to   space 1024K, 0% used [0x00000000eac80000,0x00000000eac80000,0x00000000ead80000)
 ParOldGen       total 135168K, used 106990K [0x00000000c0000000, 0x00000000c8400000, 0x00000000eab00000)
  object space 135168K, 79% used [0x00000000c0000000,0x00000000c687b958,0x00000000c8400000)
 Metaspace       used 76748K, committed 77824K, reserved 1122304K
  class space    used 8295K, committed 8768K, reserved 1048576K
}
Event: 184.684 GC heap before
{Heap before GC invocations=226 (full 8):
 PSYoungGen      total 2048K, used 1599K [0x00000000eab00000, 0x00000000eae80000, 0x0000000100000000)
  eden space 1024K, 99% used [0x00000000eab00000,0x00000000eabffff0,0x00000000eac00000)
  from space 1024K, 56% used [0x00000000ead80000,0x00000000eae10000,0x00000000eae80000)
  to   space 1024K, 0% used [0x00000000eac80000,0x00000000eac80000,0x00000000ead80000)
 ParOldGen       total 135168K, used 106990K [0x00000000c0000000, 0x00000000c8400000, 0x00000000eab00000)
  object space 135168K, 79% used [0x00000000c0000000,0x00000000c687b958,0x00000000c8400000)
 Metaspace       used 76748K, committed 77824K, reserved 1122304K
  class space    used 8295K, committed 8768K, reserved 1048576K
}
Event: 184.686 GC heap after
{Heap after GC invocations=226 (full 8):
 PSYoungGen      total 2560K, used 1024K [0x00000000eab00000, 0x00000000eb080000, 0x0000000100000000)
  eden space 1536K, 0% used [0x00000000eab00000,0x00000000eab00000,0x00000000eac80000)
  from space 1024K, 100% used [0x00000000eac80000,0x00000000ead80000,0x00000000ead80000)
  to   space 2048K, 0% used [0x00000000eae80000,0x00000000eae80000,0x00000000eb080000)
 ParOldGen       total 135168K, used 107526K [0x00000000c0000000, 0x00000000c8400000, 0x00000000eab00000)
  object space 135168K, 79% used [0x00000000c0000000,0x00000000c6901958,0x00000000c8400000)
 Metaspace       used 76748K, committed 77824K, reserved 1122304K
  class space    used 8295K, committed 8768K, reserved 1048576K
}
Event: 184.689 GC heap before
{Heap before GC invocations=227 (full 8):
 PSYoungGen      total 2560K, used 2559K [0x00000000eab00000, 0x00000000eb080000, 0x0000000100000000)
  eden space 1536K, 99% used [0x00000000eab00000,0x00000000eac7ffc8,0x00000000eac80000)
  from space 1024K, 100% used [0x00000000eac80000,0x00000000ead80000,0x00000000ead80000)
  to   space 2048K, 0% used [0x00000000eae80000,0x00000000eae80000,0x00000000eb080000)
 ParOldGen       total 135168K, used 107526K [0x00000000c0000000, 0x00000000c8400000, 0x00000000eab00000)
  object space 135168K, 79% used [0x00000000c0000000,0x00000000c6901958,0x00000000c8400000)
 Metaspace       used 76750K, committed 77824K, reserved 1122304K
  class space    used 8295K, committed 8768K, reserved 1048576K
}
Event: 184.691 GC heap after
{Heap after GC invocations=227 (full 8):
 PSYoungGen      total 3584K, used 1404K [0x00000000eab00000, 0x00000000eb000000, 0x0000000100000000)
  eden space 2048K, 0% used [0x00000000eab00000,0x00000000eab00000,0x00000000ead00000)
  from space 1536K, 91% used [0x00000000eae80000,0x00000000eafdf2f0,0x00000000eb000000)
  to   space 1536K, 0% used [0x00000000ead00000,0x00000000ead00000,0x00000000eae80000)
 ParOldGen       total 135168K, used 108510K [0x00000000c0000000, 0x00000000c8400000, 0x00000000eab00000)
  object space 135168K, 80% used [0x00000000c0000000,0x00000000c69f7958,0x00000000c8400000)
 Metaspace       used 76750K, committed 77824K, reserved 1122304K
  class space    used 8295K, committed 8768K, reserved 1048576K
}
Event: 184.705 GC heap before
{Heap before GC invocations=228 (full 8):
 PSYoungGen      total 3584K, used 3452K [0x00000000eab00000, 0x00000000eb000000, 0x0000000100000000)
  eden space 2048K, 100% used [0x00000000eab00000,0x00000000ead00000,0x00000000ead00000)
  from space 1536K, 91% used [0x00000000eae80000,0x00000000eafdf2f0,0x00000000eb000000)
  to   space 1536K, 0% used [0x00000000ead00000,0x00000000ead00000,0x00000000eae80000)
 ParOldGen       total 135168K, used 108510K [0x00000000c0000000, 0x00000000c8400000, 0x00000000eab00000)
  object space 135168K, 80% used [0x00000000c0000000,0x00000000c69f7958,0x00000000c8400000)
 Metaspace       used 76750K, committed 77824K, reserved 1122304K
  class space    used 8295K, committed 8768K, reserved 1048576K
}
Event: 184.707 GC heap after
{Heap after GC invocations=228 (full 8):
 PSYoungGen      total 3584K, used 1536K [0x00000000eab00000, 0x00000000eb480000, 0x0000000100000000)
  eden space 2048K, 0% used [0x00000000eab00000,0x00000000eab00000,0x00000000ead00000)
  from space 1536K, 100% used [0x00000000ead00000,0x00000000eae80000,0x00000000eae80000)
  to   space 3584K, 0% used [0x00000000eb100000,0x00000000eb100000,0x00000000eb480000)
 ParOldGen       total 135168K, used 110219K [0x00000000c0000000, 0x00000000c8400000, 0x00000000eab00000)
  object space 135168K, 81% used [0x00000000c0000000,0x00000000c6ba2c48,0x00000000c8400000)
 Metaspace       used 76750K, committed 77824K, reserved 1122304K
  class space    used 8295K, committed 8768K, reserved 1048576K
}

