# JRE version: OpenJDK Runtime Environment Temurin-17.0.6+10 (17.0.6+10) (build 17.0.6+10)
# Java VM: OpenJDK 64-Bit Server VM Temurin-17.0.6+10 (17.0.6+10, mixed mode, sharing, tiered, compressed oops, compressed class ptrs, g1 gc, windows-amd64)
GC Precious Log:
 CPUs: 8 total, 8 available
 Memory: 10116M
 Large Page Support: Disabled
 NUMA Support: Disabled
 Compressed Oops: Enabled (Zero based)
 Heap Region Size: 2M
 Heap Min Capacity: 8M
 Heap Initial Capacity: 160M
 Heap Max Capacity: 2530M
 Pre-touch: Disabled
 Parallel Workers: 8
 Concurrent Workers: 2
 Concurrent Refinement Workers: 8
 Periodic GC: Disabled
Heap:
 garbage-first heap   total 96256K, used 31100K [0x0000000761e00000, 0x0000000800000000)
  region size 2048K, 6 young (12288K), 2 survivors (4096K)
 Metaspace       used 25849K, committed 26112K, reserved 1073152K
  class space    used 3626K, committed 3776K, reserved 1048576K
GC Heap History (8 events):
Event: 1.660 GC heap before
{Heap before GC invocations=0 (full 0):
 garbage-first heap   total 163840K, used 22528K [0x0000000761e00000, 0x0000000800000000)
  region size 2048K, 11 young (22528K), 0 survivors (0K)
 Metaspace       used 5123K, committed 5248K, reserved 1056768K
  class space    used 675K, committed 768K, reserved 1048576K
}
Event: 1.666 GC heap after
{Heap after GC invocations=1 (full 0):
 garbage-first heap   total 163840K, used 2976K [0x0000000761e00000, 0x0000000800000000)
  region size 2048K, 2 young (4096K), 2 survivors (4096K)
 Metaspace       used 5123K, committed 5248K, reserved 1056768K
  class space    used 675K, committed 768K, reserved 1048576K
}
Event: 2.735 GC heap before
{Heap before GC invocations=1 (full 0):
 garbage-first heap   total 163840K, used 35744K [0x0000000761e00000, 0x0000000800000000)
  region size 2048K, 19 young (38912K), 2 survivors (4096K)
 Metaspace       used 10588K, committed 10880K, reserved 1064960K
  class space    used 1790K, committed 1920K, reserved 1048576K
}
Event: 2.744 GC heap after
{Heap after GC invocations=2 (full 0):
 garbage-first heap   total 163840K, used 16485K [0x0000000761e00000, 0x0000000800000000)
  region size 2048K, 3 young (6144K), 3 survivors (6144K)
 Metaspace       used 10588K, committed 10880K, reserved 1064960K
  class space    used 1790K, committed 1920K, reserved 1048576K
}
Event: 7.254 GC heap before
{Heap before GC invocations=2 (full 0):
 garbage-first heap   total 163840K, used 49253K [0x0000000761e00000, 0x0000000800000000)
  region size 2048K, 19 young (38912K), 3 survivors (6144K)
 Metaspace       used 19146K, committed 19456K, reserved 1073152K
  class space    used 2862K, committed 3008K, reserved 1048576K
}
Event: 7.272 GC heap after
{Heap after GC invocations=3 (full 0):
 garbage-first heap   total 163840K, used 23944K [0x0000000761e00000, 0x0000000800000000)
  region size 2048K, 3 young (6144K), 3 survivors (6144K)
 Metaspace       used 19146K, committed 19456K, reserved 1073152K
  class space    used 2862K, committed 3008K, reserved 1048576K
}
Event: 7.406 GC heap before
{Heap before GC invocations=3 (full 0):
 garbage-first heap   total 163840K, used 23944K [0x0000000761e00000, 0x0000000800000000)
  region size 2048K, 4 young (8192K), 3 survivors (6144K)
 Metaspace       used 21274K, committed 21504K, reserved 1073152K
  class space    used 3048K, committed 3136K, reserved 1048576K
}
Event: 7.413 GC heap after
{Heap after GC invocations=4 (full 0):
 garbage-first heap   total 163840K, used 24956K [0x0000000761e00000, 0x0000000800000000)
  region size 2048K, 2 young (4096K), 2 survivors (4096K)
 Metaspace       used 21274K, committed 21504K, reserved 1073152K
  class space    used 3048K, committed 3136K, reserved 1048576K
}

