# JRE version: OpenJDK Runtime Environment Temurin-17.0.7+7 (17.0.7+7) (build 17.0.7+7)
# Java VM: OpenJDK 64-Bit Server VM Temurin-17.0.7+7 (17.0.7+7, mixed mode, tiered, compressed oops, compressed class ptrs, parallel gc, windows-amd64)
GC Precious Log:
 CPUs: 8 total, 8 available
 Memory: 10116M
 Large Page Support: Disabled
 NUMA Support: Disabled
 Compressed Oops: Enabled (32-bit)
 Alignments: Space 512K, Generation 512K, Heap 2M
 Heap Min Capacity: 100M
 Heap Initial Capacity: 100M
 Heap Max Capacity: 1G
 Pre-touch: Disabled
 Parallel Workers: 8
Heap:
 PSYoungGen      total 6656K, used 6624K [0x00000000eab00000, 0x00000000eb700000, 0x0000000100000000)
  eden space 5120K, 100% used [0x00000000eab00000,0x00000000eb000000,0x00000000eb000000)
  from space 1536K, 97% used [0x00000000eb580000,0x00000000eb6f8020,0x00000000eb700000)
  to   space 3072K, 22% used [0x00000000eb100000,0x00000000eb1ac978,0x00000000eb400000)
 ParOldGen       total 127488K, used 86669K [0x00000000c0000000, 0x00000000c7c80000, 0x00000000eab00000)
  object space 127488K, 67% used [0x00000000c0000000,0x00000000c54a3610,0x00000000c7c80000)
 Metaspace       used 88015K, committed 89216K, reserved 1179648K
  class space    used 8867K, committed 9408K, reserved 1048576K
GC Heap History (20 events):
Event: 2406.694 GC heap after
{Heap after GC invocations=4180 (full 127):
 PSYoungGen      total 5120K, used 1312K [0x00000000eab00000, 0x00000000eb180000, 0x0000000100000000)
  eden space 3584K, 0% used [0x00000000eab00000,0x00000000eab00000,0x00000000eae80000)
  from space 1536K, 85% used [0x00000000eae80000,0x00000000eafc8000,0x00000000eb000000)
  to   space 1536K, 0% used [0x00000000eb000000,0x00000000eb000000,0x00000000eb180000)
 ParOldGen       total 133632K, used 130562K [0x00000000c0000000, 0x00000000c8280000, 0x00000000eab00000)
  object space 133632K, 97% used [0x00000000c0000000,0x00000000c7f809f0,0x00000000c8280000)
 Metaspace       used 88014K, committed 89216K, reserved 1179648K
  class space    used 8867K, committed 9408K, reserved 1048576K
}
Event: 2406.714 GC heap before
{Heap before GC invocations=4181 (full 127):
 PSYoungGen      total 5120K, used 4896K [0x00000000eab00000, 0x00000000eb180000, 0x0000000100000000)
  eden space 3584K, 100% used [0x00000000eab00000,0x00000000eae80000,0x00000000eae80000)
  from space 1536K, 85% used [0x00000000eae80000,0x00000000eafc8000,0x00000000eb000000)
  to   space 1536K, 0% used [0x00000000eb000000,0x00000000eb000000,0x00000000eb180000)
 ParOldGen       total 133632K, used 130562K [0x00000000c0000000, 0x00000000c8280000, 0x00000000eab00000)
  object space 133632K, 97% used [0x00000000c0000000,0x00000000c7f809f0,0x00000000c8280000)
 Metaspace       used 88014K, committed 89216K, reserved 1179648K
  class space    used 8867K, committed 9408K, reserved 1048576K
}
Event: 2406.718 GC heap after
{Heap after GC invocations=4181 (full 127):
 PSYoungGen      total 5120K, used 1399K [0x00000000eab00000, 0x00000000eb280000, 0x0000000100000000)
  eden space 3584K, 0% used [0x00000000eab00000,0x00000000eab00000,0x00000000eae80000)
  from space 1536K, 91% used [0x00000000eb000000,0x00000000eb15dc68,0x00000000eb180000)
  to   space 1536K, 0% used [0x00000000eae80000,0x00000000eae80000,0x00000000eb000000)
 ParOldGen       total 133632K, used 131780K [0x00000000c0000000, 0x00000000c8280000, 0x00000000eab00000)
  object space 133632K, 98% used [0x00000000c0000000,0x00000000c80b1330,0x00000000c8280000)
 Metaspace       used 88014K, committed 89216K, reserved 1179648K
  class space    used 8867K, committed 9408K, reserved 1048576K
}
Event: 2406.826 GC heap before
{Heap before GC invocations=4182 (full 127):
 PSYoungGen      total 5120K, used 4983K [0x00000000eab00000, 0x00000000eb280000, 0x0000000100000000)
  eden space 3584K, 100% used [0x00000000eab00000,0x00000000eae80000,0x00000000eae80000)
  from space 1536K, 91% used [0x00000000eb000000,0x00000000eb15dc68,0x00000000eb180000)
  to   space 1536K, 0% used [0x00000000eae80000,0x00000000eae80000,0x00000000eb000000)
 ParOldGen       total 133632K, used 131780K [0x00000000c0000000, 0x00000000c8280000, 0x00000000eab00000)
  object space 133632K, 98% used [0x00000000c0000000,0x00000000c80b1330,0x00000000c8280000)
 Metaspace       used 88014K, committed 89216K, reserved 1179648K
  class space    used 8867K, committed 9408K, reserved 1048576K
}
Event: 2406.831 GC heap after
{Heap after GC invocations=4182 (full 127):
 PSYoungGen      total 5120K, used 1464K [0x00000000eab00000, 0x00000000eb180000, 0x0000000100000000)
  eden space 3584K, 0% used [0x00000000eab00000,0x00000000eab00000,0x00000000eae80000)
  from space 1536K, 95% used [0x00000000eae80000,0x00000000eafee3e8,0x00000000eb000000)
  to   space 1536K, 0% used [0x00000000eb000000,0x00000000eb000000,0x00000000eb180000)
 ParOldGen       total 133632K, used 133071K [0x00000000c0000000, 0x00000000c8280000, 0x00000000eab00000)
  object space 133632K, 99% used [0x00000000c0000000,0x00000000c81f3f48,0x00000000c8280000)
 Metaspace       used 88014K, committed 89216K, reserved 1179648K
  class space    used 8867K, committed 9408K, reserved 1048576K
}
Event: 2406.831 GC heap before
{Heap before GC invocations=4183 (full 128):
 PSYoungGen      total 5120K, used 1464K [0x00000000eab00000, 0x00000000eb180000, 0x0000000100000000)
  eden space 3584K, 0% used [0x00000000eab00000,0x00000000eab00000,0x00000000eae80000)
  from space 1536K, 95% used [0x00000000eae80000,0x00000000eafee3e8,0x00000000eb000000)
  to   space 1536K, 0% used [0x00000000eb000000,0x00000000eb000000,0x00000000eb180000)
 ParOldGen       total 133632K, used 133071K [0x00000000c0000000, 0x00000000c8280000, 0x00000000eab00000)
  object space 133632K, 99% used [0x00000000c0000000,0x00000000c81f3f48,0x00000000c8280000)
 Metaspace       used 88014K, committed 89216K, reserved 1179648K
  class space    used 8867K, committed 9408K, reserved 1048576K
}
Event: 2407.046 GC heap after
{Heap after GC invocations=4183 (full 128):
 PSYoungGen      total 5120K, used 0K [0x00000000eab00000, 0x00000000eb180000, 0x0000000100000000)
  eden space 3584K, 0% used [0x00000000eab00000,0x00000000eab00000,0x00000000eae80000)
  from space 1536K, 0% used [0x00000000eb000000,0x00000000eb000000,0x00000000eb180000)
  to   space 1536K, 0% used [0x00000000eae80000,0x00000000eae80000,0x00000000eb000000)
 ParOldGen       total 127488K, used 73403K [0x00000000c0000000, 0x00000000c7c80000, 0x00000000eab00000)
  object space 127488K, 57% used [0x00000000c0000000,0x00000000c47aeec8,0x00000000c7c80000)
 Metaspace       used 88014K, committed 89216K, reserved 1179648K
  class space    used 8867K, committed 9408K, reserved 1048576K
}
Event: 2407.060 GC heap before
{Heap before GC invocations=4184 (full 128):
 PSYoungGen      total 5120K, used 3584K [0x00000000eab00000, 0x00000000eb180000, 0x0000000100000000)
  eden space 3584K, 100% used [0x00000000eab00000,0x00000000eae80000,0x00000000eae80000)
  from space 1536K, 0% used [0x00000000eb000000,0x00000000eb000000,0x00000000eb180000)
  to   space 1536K, 0% used [0x00000000eae80000,0x00000000eae80000,0x00000000eb000000)
 ParOldGen       total 127488K, used 73403K [0x00000000c0000000, 0x00000000c7c80000, 0x00000000eab00000)
  object space 127488K, 57% used [0x00000000c0000000,0x00000000c47aeec8,0x00000000c7c80000)
 Metaspace       used 88015K, committed 89216K, reserved 1179648K
  class space    used 8867K, committed 9408K, reserved 1048576K
}
Event: 2407.068 GC heap after
{Heap after GC invocations=4184 (full 128):
 PSYoungGen      total 5120K, used 1522K [0x00000000eab00000, 0x00000000eb380000, 0x0000000100000000)
  eden space 3584K, 0% used [0x00000000eab00000,0x00000000eab00000,0x00000000eae80000)
  from space 1536K, 99% used [0x00000000eae80000,0x00000000eaffc978,0x00000000eb000000)
  to   space 2560K, 0% used [0x00000000eb100000,0x00000000eb100000,0x00000000eb380000)
 ParOldGen       total 127488K, used 74235K [0x00000000c0000000, 0x00000000c7c80000, 0x00000000eab00000)
  object space 127488K, 58% used [0x00000000c0000000,0x00000000c487eec8,0x00000000c7c80000)
 Metaspace       used 88015K, committed 89216K, reserved 1179648K
  class space    used 8867K, committed 9408K, reserved 1048576K
}
Event: 2407.079 GC heap before
{Heap before GC invocations=4185 (full 128):
 PSYoungGen      total 5120K, used 5106K [0x00000000eab00000, 0x00000000eb380000, 0x0000000100000000)
  eden space 3584K, 100% used [0x00000000eab00000,0x00000000eae80000,0x00000000eae80000)
  from space 1536K, 99% used [0x00000000eae80000,0x00000000eaffc978,0x00000000eb000000)
  to   space 2560K, 0% used [0x00000000eb100000,0x00000000eb100000,0x00000000eb380000)
 ParOldGen       total 127488K, used 74235K [0x00000000c0000000, 0x00000000c7c80000, 0x00000000eab00000)
  object space 127488K, 58% used [0x00000000c0000000,0x00000000c487eec8,0x00000000c7c80000)
 Metaspace       used 88015K, committed 89216K, reserved 1179648K
  class space    used 8867K, committed 9408K, reserved 1048576K
}
Event: 2407.087 GC heap after
{Heap after GC invocations=4185 (full 128):
 PSYoungGen      total 5632K, used 2524K [0x00000000eab00000, 0x00000000eb580000, 0x0000000100000000)
  eden space 3072K, 0% used [0x00000000eab00000,0x00000000eab00000,0x00000000eae00000)
  from space 2560K, 98% used [0x00000000eb100000,0x00000000eb3772f0,0x00000000eb380000)
  to   space 3072K, 0% used [0x00000000eae00000,0x00000000eae00000,0x00000000eb100000)
 ParOldGen       total 127488K, used 75757K [0x00000000c0000000, 0x00000000c7c80000, 0x00000000eab00000)
  object space 127488K, 59% used [0x00000000c0000000,0x00000000c49fb488,0x00000000c7c80000)
 Metaspace       used 88015K, committed 89216K, reserved 1179648K
  class space    used 8867K, committed 9408K, reserved 1048576K
}
Event: 2407.099 GC heap before
{Heap before GC invocations=4186 (full 128):
 PSYoungGen      total 5632K, used 5596K [0x00000000eab00000, 0x00000000eb580000, 0x0000000100000000)
  eden space 3072K, 100% used [0x00000000eab00000,0x00000000eae00000,0x00000000eae00000)
  from space 2560K, 98% used [0x00000000eb100000,0x00000000eb3772f0,0x00000000eb380000)
  to   space 3072K, 0% used [0x00000000eae00000,0x00000000eae00000,0x00000000eb100000)
 ParOldGen       total 127488K, used 75757K [0x00000000c0000000, 0x00000000c7c80000, 0x00000000eab00000)
  object space 127488K, 59% used [0x00000000c0000000,0x00000000c49fb488,0x00000000c7c80000)
 Metaspace       used 88015K, committed 89216K, reserved 1179648K
  class space    used 8867K, committed 9408K, reserved 1048576K
}
Event: 2407.105 GC heap after
{Heap after GC invocations=4186 (full 128):
 PSYoungGen      total 6144K, used 2082K [0x00000000eab00000, 0x00000000eb400000, 0x0000000100000000)
  eden space 3072K, 0% used [0x00000000eab00000,0x00000000eab00000,0x00000000eae00000)
  from space 3072K, 67% used [0x00000000eae00000,0x00000000eb008988,0x00000000eb100000)
  to   space 2560K, 0% used [0x00000000eb180000,0x00000000eb180000,0x00000000eb400000)
 ParOldGen       total 127488K, used 78129K [0x00000000c0000000, 0x00000000c7c80000, 0x00000000eab00000)
  object space 127488K, 61% used [0x00000000c0000000,0x00000000c4c4c778,0x00000000c7c80000)
 Metaspace       used 88015K, committed 89216K, reserved 1179648K
  class space    used 8867K, committed 9408K, reserved 1048576K
}
Event: 2407.112 GC heap before
{Heap before GC invocations=4187 (full 128):
 PSYoungGen      total 6144K, used 5154K [0x00000000eab00000, 0x00000000eb400000, 0x0000000100000000)
  eden space 3072K, 100% used [0x00000000eab00000,0x00000000eae00000,0x00000000eae00000)
  from space 3072K, 67% used [0x00000000eae00000,0x00000000eb008988,0x00000000eb100000)
  to   space 2560K, 0% used [0x00000000eb180000,0x00000000eb180000,0x00000000eb400000)
 ParOldGen       total 127488K, used 78129K [0x00000000c0000000, 0x00000000c7c80000, 0x00000000eab00000)
  object space 127488K, 61% used [0x00000000c0000000,0x00000000c4c4c778,0x00000000c7c80000)
 Metaspace       used 88015K, committed 89216K, reserved 1179648K
  class space    used 8867K, committed 9408K, reserved 1048576K
}
Event: 2407.116 GC heap after
{Heap after GC invocations=4187 (full 128):
 PSYoungGen      total 6656K, used 2112K [0x00000000eab00000, 0x00000000eb400000, 0x0000000100000000)
  eden space 4096K, 0% used [0x00000000eab00000,0x00000000eab00000,0x00000000eaf00000)
  from space 2560K, 82% used [0x00000000eb180000,0x00000000eb390000,0x00000000eb400000)
  to   space 2560K, 0% used [0x00000000eaf00000,0x00000000eaf00000,0x00000000eb180000)
 ParOldGen       total 127488K, used 80095K [0x00000000c0000000, 0x00000000c7c80000, 0x00000000eab00000)
  object space 127488K, 62% used [0x00000000c0000000,0x00000000c4e37f60,0x00000000c7c80000)
 Metaspace       used 88015K, committed 89216K, reserved 1179648K
  class space    used 8867K, committed 9408K, reserved 1048576K
}
Event: 2407.144 GC heap before
{Heap before GC invocations=4188 (full 128):
 PSYoungGen      total 6656K, used 6208K [0x00000000eab00000, 0x00000000eb400000, 0x0000000100000000)
  eden space 4096K, 100% used [0x00000000eab00000,0x00000000eaf00000,0x00000000eaf00000)
  from space 2560K, 82% used [0x00000000eb180000,0x00000000eb390000,0x00000000eb400000)
  to   space 2560K, 0% used [0x00000000eaf00000,0x00000000eaf00000,0x00000000eb180000)
 ParOldGen       total 127488K, used 80095K [0x00000000c0000000, 0x00000000c7c80000, 0x00000000eab00000)
  object space 127488K, 62% used [0x00000000c0000000,0x00000000c4e37f60,0x00000000c7c80000)
 Metaspace       used 88015K, committed 89216K, reserved 1179648K
  class space    used 8867K, committed 9408K, reserved 1048576K
}
Event: 2407.149 GC heap after
{Heap after GC invocations=4188 (full 128):
 PSYoungGen      total 6656K, used 2546K [0x00000000eab00000, 0x00000000ebb00000, 0x0000000100000000)
  eden space 4096K, 0% used [0x00000000eab00000,0x00000000eab00000,0x00000000eaf00000)
  from space 2560K, 99% used [0x00000000eaf00000,0x00000000eb17c978,0x00000000eb180000)
  to   space 5632K, 0% used [0x00000000eb580000,0x00000000eb580000,0x00000000ebb00000)
 ParOldGen       total 127488K, used 82463K [0x00000000c0000000, 0x00000000c7c80000, 0x00000000eab00000)
  object space 127488K, 64% used [0x00000000c0000000,0x00000000c5087f60,0x00000000c7c80000)
 Metaspace       used 88015K, committed 89216K, reserved 1179648K
  class space    used 8867K, committed 9408K, reserved 1048576K
}
Event: 2407.177 GC heap before
{Heap before GC invocations=4189 (full 128):
 PSYoungGen      total 6656K, used 6642K [0x00000000eab00000, 0x00000000ebb00000, 0x0000000100000000)
  eden space 4096K, 100% used [0x00000000eab00000,0x00000000eaf00000,0x00000000eaf00000)
  from space 2560K, 99% used [0x00000000eaf00000,0x00000000eb17c978,0x00000000eb180000)
  to   space 5632K, 0% used [0x00000000eb580000,0x00000000eb580000,0x00000000ebb00000)
 ParOldGen       total 127488K, used 82463K [0x00000000c0000000, 0x00000000c7c80000, 0x00000000eab00000)
  object space 127488K, 64% used [0x00000000c0000000,0x00000000c5087f60,0x00000000c7c80000)
 Metaspace       used 88015K, committed 89216K, reserved 1179648K
  class space    used 8867K, committed 9408K, reserved 1048576K
}
Event: 2407.183 GC heap after
{Heap after GC invocations=4189 (full 128):
 PSYoungGen      total 6656K, used 1504K [0x00000000eab00000, 0x00000000eb700000, 0x0000000100000000)
  eden space 5120K, 0% used [0x00000000eab00000,0x00000000eab00000,0x00000000eb000000)
  from space 1536K, 97% used [0x00000000eb580000,0x00000000eb6f8020,0x00000000eb700000)
  to   space 3072K, 0% used [0x00000000eb100000,0x00000000eb100000,0x00000000eb400000)
 ParOldGen       total 127488K, used 84986K [0x00000000c0000000, 0x00000000c7c80000, 0x00000000eab00000)
  object space 127488K, 66% used [0x00000000c0000000,0x00000000c52fe860,0x00000000c7c80000)
 Metaspace       used 88015K, committed 89216K, reserved 1179648K
  class space    used 8867K, committed 9408K, reserved 1048576K
}
Event: 2407.231 GC heap before
{Heap before GC invocations=4190 (full 128):
 PSYoungGen      total 6656K, used 6624K [0x00000000eab00000, 0x00000000eb700000, 0x0000000100000000)
  eden space 5120K, 100% used [0x00000000eab00000,0x00000000eb000000,0x00000000eb000000)
  from space 1536K, 97% used [0x00000000eb580000,0x00000000eb6f8020,0x00000000eb700000)
  to   space 3072K, 0% used [0x00000000eb100000,0x00000000eb100000,0x00000000eb400000)
 ParOldGen       total 127488K, used 84986K [0x00000000c0000000, 0x00000000c7c80000, 0x00000000eab00000)
  object space 127488K, 66% used [0x00000000c0000000,0x00000000c52fe860,0x00000000c7c80000)
 Metaspace       used 88015K, committed 89216K, reserved 1179648K
  class space    used 8867K, committed 9408K, reserved 1048576K
}

