# JRE version: OpenJDK Runtime Environment Temurin-17.0.6+10 (17.0.6+10) (build 17.0.6+10)
# Java VM: OpenJDK 64-Bit Server VM Temurin-17.0.6+10 (17.0.6+10, mixed mode, tiered, compressed oops, compressed class ptrs, parallel gc, windows-amd64)
GC Precious Log:
 CPUs: 8 total, 8 available
 Memory: 10116M
 Large Page Support: Disabled
 NUMA Support: Disabled
 Compressed Oops: Enabled (32-bit)
 Alignments: Space 512K, Generation 512K, Heap 2M
 Heap Min Capacity: 100M
 Heap Initial Capacity: 100M
 Heap Max Capacity: 1G
 Pre-touch: Disabled
 Parallel Workers: 8
Heap:
 PSYoungGen      total 6144K, used 5696K [0x00000000eab00000, 0x00000000eb480000, 0x0000000100000000)
  eden space 3072K, 100% used [0x00000000eab00000,0x00000000eae00000,0x00000000eae00000)
  from space 3072K, 85% used [0x00000000eb180000,0x00000000eb410000,0x00000000eb480000)
  to   space 3072K, 88% used [0x00000000eae80000,0x00000000eb12a600,0x00000000eb180000)
 ParOldGen       total 265728K, used 250920K [0x00000000c0000000, 0x00000000d0380000, 0x00000000eab00000)
  object space 265728K, 94% used [0x00000000c0000000,0x00000000cf50a190,0x00000000d0380000)
 Metaspace       used 94263K, committed 95424K, reserved 1138688K
  class space    used 9383K, committed 9920K, reserved 1048576K
GC Heap History (20 events):
Event: 13846.490 GC heap after
{Heap after GC invocations=15890 (full 389):
 PSYoungGen      total 3584K, used 576K [0x00000000eab00000, 0x00000000eb000000, 0x0000000100000000)
  eden space 2560K, 0% used [0x00000000eab00000,0x00000000eab00000,0x00000000ead80000)
  from space 1024K, 56% used [0x00000000eae00000,0x00000000eae90000,0x00000000eaf00000)
  to   space 1024K, 0% used [0x00000000eaf00000,0x00000000eaf00000,0x00000000eb000000)
 ParOldGen       total 265728K, used 239280K [0x00000000c0000000, 0x00000000d0380000, 0x00000000eab00000)
  object space 265728K, 90% used [0x00000000c0000000,0x00000000ce9ac2c0,0x00000000d0380000)
 Metaspace       used 94263K, committed 95424K, reserved 1138688K
  class space    used 9383K, committed 9920K, reserved 1048576K
}
Event: 13846.496 GC heap before
{Heap before GC invocations=15891 (full 389):
 PSYoungGen      total 3584K, used 3136K [0x00000000eab00000, 0x00000000eb000000, 0x0000000100000000)
  eden space 2560K, 100% used [0x00000000eab00000,0x00000000ead80000,0x00000000ead80000)
  from space 1024K, 56% used [0x00000000eae00000,0x00000000eae90000,0x00000000eaf00000)
  to   space 1024K, 0% used [0x00000000eaf00000,0x00000000eaf00000,0x00000000eb000000)
 ParOldGen       total 265728K, used 239280K [0x00000000c0000000, 0x00000000d0380000, 0x00000000eab00000)
  object space 265728K, 90% used [0x00000000c0000000,0x00000000ce9ac2c0,0x00000000d0380000)
 Metaspace       used 94263K, committed 95424K, reserved 1138688K
  class space    used 9383K, committed 9920K, reserved 1048576K
}
Event: 13846.498 GC heap after
{Heap after GC invocations=15891 (full 389):
 PSYoungGen      total 3072K, used 1008K [0x00000000eab00000, 0x00000000eb180000, 0x0000000100000000)
  eden space 2048K, 0% used [0x00000000eab00000,0x00000000eab00000,0x00000000ead00000)
  from space 1024K, 98% used [0x00000000eaf00000,0x00000000eaffc010,0x00000000eb000000)
  to   space 2048K, 0% used [0x00000000ead00000,0x00000000ead00000,0x00000000eaf00000)
 ParOldGen       total 265728K, used 239775K [0x00000000c0000000, 0x00000000d0380000, 0x00000000eab00000)
  object space 265728K, 90% used [0x00000000c0000000,0x00000000cea27f08,0x00000000d0380000)
 Metaspace       used 94263K, committed 95424K, reserved 1138688K
  class space    used 9383K, committed 9920K, reserved 1048576K
}
Event: 13846.504 GC heap before
{Heap before GC invocations=15892 (full 389):
 PSYoungGen      total 3072K, used 3056K [0x00000000eab00000, 0x00000000eb180000, 0x0000000100000000)
  eden space 2048K, 100% used [0x00000000eab00000,0x00000000ead00000,0x00000000ead00000)
  from space 1024K, 98% used [0x00000000eaf00000,0x00000000eaffc010,0x00000000eb000000)
  to   space 2048K, 0% used [0x00000000ead00000,0x00000000ead00000,0x00000000eaf00000)
 ParOldGen       total 265728K, used 239775K [0x00000000c0000000, 0x00000000d0380000, 0x00000000eab00000)
  object space 265728K, 90% used [0x00000000c0000000,0x00000000cea27f08,0x00000000d0380000)
 Metaspace       used 94263K, committed 95424K, reserved 1138688K
  class space    used 9383K, committed 9920K, reserved 1048576K
}
Event: 13846.507 GC heap after
{Heap after GC invocations=15892 (full 389):
 PSYoungGen      total 4096K, used 832K [0x00000000eab00000, 0x00000000eb080000, 0x0000000100000000)
  eden space 2048K, 0% used [0x00000000eab00000,0x00000000eab00000,0x00000000ead00000)
  from space 2048K, 40% used [0x00000000ead00000,0x00000000eadd0000,0x00000000eaf00000)
  to   space 1536K, 0% used [0x00000000eaf00000,0x00000000eaf00000,0x00000000eb080000)
 ParOldGen       total 265728K, used 240673K [0x00000000c0000000, 0x00000000d0380000, 0x00000000eab00000)
  object space 265728K, 90% used [0x00000000c0000000,0x00000000ceb08470,0x00000000d0380000)
 Metaspace       used 94263K, committed 95424K, reserved 1138688K
  class space    used 9383K, committed 9920K, reserved 1048576K
}
Event: 13846.512 GC heap before
{Heap before GC invocations=15893 (full 389):
 PSYoungGen      total 4096K, used 2880K [0x00000000eab00000, 0x00000000eb080000, 0x0000000100000000)
  eden space 2048K, 100% used [0x00000000eab00000,0x00000000ead00000,0x00000000ead00000)
  from space 2048K, 40% used [0x00000000ead00000,0x00000000eadd0000,0x00000000eaf00000)
  to   space 1536K, 0% used [0x00000000eaf00000,0x00000000eaf00000,0x00000000eb080000)
 ParOldGen       total 265728K, used 240673K [0x00000000c0000000, 0x00000000d0380000, 0x00000000eab00000)
  object space 265728K, 90% used [0x00000000c0000000,0x00000000ceb08470,0x00000000d0380000)
 Metaspace       used 94263K, committed 95424K, reserved 1138688K
  class space    used 9383K, committed 9920K, reserved 1048576K
}
Event: 13846.514 GC heap after
{Heap after GC invocations=15893 (full 389):
 PSYoungGen      total 3584K, used 896K [0x00000000eab00000, 0x00000000eb000000, 0x0000000100000000)
  eden space 2560K, 0% used [0x00000000eab00000,0x00000000eab00000,0x00000000ead80000)
  from space 1024K, 87% used [0x00000000eaf00000,0x00000000eafe0000,0x00000000eb000000)
  to   space 1024K, 0% used [0x00000000eae00000,0x00000000eae00000,0x00000000eaf00000)
 ParOldGen       total 265728K, used 241414K [0x00000000c0000000, 0x00000000d0380000, 0x00000000eab00000)
  object space 265728K, 90% used [0x00000000c0000000,0x00000000cebc19e8,0x00000000d0380000)
 Metaspace       used 94263K, committed 95424K, reserved 1138688K
  class space    used 9383K, committed 9920K, reserved 1048576K
}
Event: 13846.550 GC heap before
{Heap before GC invocations=15894 (full 389):
 PSYoungGen      total 3584K, used 3456K [0x00000000eab00000, 0x00000000eb000000, 0x0000000100000000)
  eden space 2560K, 100% used [0x00000000eab00000,0x00000000ead80000,0x00000000ead80000)
  from space 1024K, 87% used [0x00000000eaf00000,0x00000000eafe0000,0x00000000eb000000)
  to   space 1024K, 0% used [0x00000000eae00000,0x00000000eae00000,0x00000000eaf00000)
 ParOldGen       total 265728K, used 241414K [0x00000000c0000000, 0x00000000d0380000, 0x00000000eab00000)
  object space 265728K, 90% used [0x00000000c0000000,0x00000000cebc19e8,0x00000000d0380000)
 Metaspace       used 94263K, committed 95424K, reserved 1138688K
  class space    used 9383K, committed 9920K, reserved 1048576K
}
Event: 13846.552 GC heap after
{Heap after GC invocations=15894 (full 389):
 PSYoungGen      total 3584K, used 1024K [0x00000000eab00000, 0x00000000eb080000, 0x0000000100000000)
  eden space 2560K, 0% used [0x00000000eab00000,0x00000000eab00000,0x00000000ead80000)
  from space 1024K, 100% used [0x00000000eae00000,0x00000000eaf00000,0x00000000eaf00000)
  to   space 1536K, 0% used [0x00000000eaf00000,0x00000000eaf00000,0x00000000eb080000)
 ParOldGen       total 265728K, used 242167K [0x00000000c0000000, 0x00000000d0380000, 0x00000000eab00000)
  object space 265728K, 91% used [0x00000000c0000000,0x00000000cec7df50,0x00000000d0380000)
 Metaspace       used 94263K, committed 95424K, reserved 1138688K
  class space    used 9383K, committed 9920K, reserved 1048576K
}
Event: 13846.559 GC heap before
{Heap before GC invocations=15895 (full 389):
 PSYoungGen      total 3584K, used 3584K [0x00000000eab00000, 0x00000000eb080000, 0x0000000100000000)
  eden space 2560K, 100% used [0x00000000eab00000,0x00000000ead80000,0x00000000ead80000)
  from space 1024K, 100% used [0x00000000eae00000,0x00000000eaf00000,0x00000000eaf00000)
  to   space 1536K, 0% used [0x00000000eaf00000,0x00000000eaf00000,0x00000000eb080000)
 ParOldGen       total 265728K, used 242167K [0x00000000c0000000, 0x00000000d0380000, 0x00000000eab00000)
  object space 265728K, 91% used [0x00000000c0000000,0x00000000cec7df50,0x00000000d0380000)
 Metaspace       used 94263K, committed 95424K, reserved 1138688K
  class space    used 9383K, committed 9920K, reserved 1048576K
}
Event: 13846.561 GC heap after
{Heap after GC invocations=15895 (full 389):
 PSYoungGen      total 4096K, used 1024K [0x00000000eab00000, 0x00000000eb080000, 0x0000000100000000)
  eden space 2560K, 0% used [0x00000000eab00000,0x00000000eab00000,0x00000000ead80000)
  from space 1536K, 66% used [0x00000000eaf00000,0x00000000eb000000,0x00000000eb080000)
  to   space 1536K, 0% used [0x00000000ead80000,0x00000000ead80000,0x00000000eaf00000)
 ParOldGen       total 265728K, used 243089K [0x00000000c0000000, 0x00000000d0380000, 0x00000000eab00000)
  object space 265728K, 91% used [0x00000000c0000000,0x00000000ced644b8,0x00000000d0380000)
 Metaspace       used 94263K, committed 95424K, reserved 1138688K
  class space    used 9383K, committed 9920K, reserved 1048576K
}
Event: 13846.568 GC heap before
{Heap before GC invocations=15896 (full 389):
 PSYoungGen      total 4096K, used 3584K [0x00000000eab00000, 0x00000000eb080000, 0x0000000100000000)
  eden space 2560K, 100% used [0x00000000eab00000,0x00000000ead80000,0x00000000ead80000)
  from space 1536K, 66% used [0x00000000eaf00000,0x00000000eb000000,0x00000000eb080000)
  to   space 1536K, 0% used [0x00000000ead80000,0x00000000ead80000,0x00000000eaf00000)
 ParOldGen       total 265728K, used 243089K [0x00000000c0000000, 0x00000000d0380000, 0x00000000eab00000)
  object space 265728K, 91% used [0x00000000c0000000,0x00000000ced644b8,0x00000000d0380000)
 Metaspace       used 94263K, committed 95424K, reserved 1138688K
  class space    used 9383K, committed 9920K, reserved 1048576K
}
Event: 13846.571 GC heap after
{Heap after GC invocations=15896 (full 389):
 PSYoungGen      total 4096K, used 1056K [0x00000000eab00000, 0x00000000eb100000, 0x0000000100000000)
  eden space 2560K, 0% used [0x00000000eab00000,0x00000000eab00000,0x00000000ead80000)
  from space 1536K, 68% used [0x00000000ead80000,0x00000000eae88000,0x00000000eaf00000)
  to   space 1536K, 0% used [0x00000000eaf80000,0x00000000eaf80000,0x00000000eb100000)
 ParOldGen       total 265728K, used 244003K [0x00000000c0000000, 0x00000000d0380000, 0x00000000eab00000)
  object space 265728K, 91% used [0x00000000c0000000,0x00000000cee48db8,0x00000000d0380000)
 Metaspace       used 94263K, committed 95424K, reserved 1138688K
  class space    used 9383K, committed 9920K, reserved 1048576K
}
Event: 13847.202 GC heap before
{Heap before GC invocations=15897 (full 389):
 PSYoungGen      total 4096K, used 3616K [0x00000000eab00000, 0x00000000eb100000, 0x0000000100000000)
  eden space 2560K, 100% used [0x00000000eab00000,0x00000000ead80000,0x00000000ead80000)
  from space 1536K, 68% used [0x00000000ead80000,0x00000000eae88000,0x00000000eaf00000)
  to   space 1536K, 0% used [0x00000000eaf80000,0x00000000eaf80000,0x00000000eb100000)
 ParOldGen       total 265728K, used 244003K [0x00000000c0000000, 0x00000000d0380000, 0x00000000eab00000)
  object space 265728K, 91% used [0x00000000c0000000,0x00000000cee48db8,0x00000000d0380000)
 Metaspace       used 94263K, committed 95424K, reserved 1138688K
  class space    used 9383K, committed 9920K, reserved 1048576K
}
Event: 13847.204 GC heap after
{Heap after GC invocations=15897 (full 389):
 PSYoungGen      total 4096K, used 1045K [0x00000000eab00000, 0x00000000eb100000, 0x0000000100000000)
  eden space 2560K, 0% used [0x00000000eab00000,0x00000000eab00000,0x00000000ead80000)
  from space 1536K, 68% used [0x00000000eaf80000,0x00000000eb085770,0x00000000eb100000)
  to   space 1536K, 0% used [0x00000000ead80000,0x00000000ead80000,0x00000000eaf00000)
 ParOldGen       total 265728K, used 244962K [0x00000000c0000000, 0x00000000d0380000, 0x00000000eab00000)
  object space 265728K, 92% used [0x00000000c0000000,0x00000000cef38a20,0x00000000d0380000)
 Metaspace       used 94263K, committed 95424K, reserved 1138688K
  class space    used 9383K, committed 9920K, reserved 1048576K
}
Event: 13847.210 GC heap before
{Heap before GC invocations=15898 (full 389):
 PSYoungGen      total 4096K, used 3605K [0x00000000eab00000, 0x00000000eb100000, 0x0000000100000000)
  eden space 2560K, 100% used [0x00000000eab00000,0x00000000ead80000,0x00000000ead80000)
  from space 1536K, 68% used [0x00000000eaf80000,0x00000000eb085770,0x00000000eb100000)
  to   space 1536K, 0% used [0x00000000ead80000,0x00000000ead80000,0x00000000eaf00000)
 ParOldGen       total 265728K, used 244962K [0x00000000c0000000, 0x00000000d0380000, 0x00000000eab00000)
  object space 265728K, 92% used [0x00000000c0000000,0x00000000cef38a20,0x00000000d0380000)
 Metaspace       used 94263K, committed 95424K, reserved 1138688K
  class space    used 9383K, committed 9920K, reserved 1048576K
}
Event: 13847.213 GC heap after
{Heap after GC invocations=15898 (full 389):
 PSYoungGen      total 4096K, used 1536K [0x00000000eab00000, 0x00000000eb580000, 0x0000000100000000)
  eden space 2560K, 0% used [0x00000000eab00000,0x00000000eab00000,0x00000000ead80000)
  from space 1536K, 100% used [0x00000000ead80000,0x00000000eaf00000,0x00000000eaf00000)
  to   space 4096K, 0% used [0x00000000eb180000,0x00000000eb180000,0x00000000eb580000)
 ParOldGen       total 265728K, used 246864K [0x00000000c0000000, 0x00000000d0380000, 0x00000000eab00000)
  object space 265728K, 92% used [0x00000000c0000000,0x00000000cf114190,0x00000000d0380000)
 Metaspace       used 94263K, committed 95424K, reserved 1138688K
  class space    used 9383K, committed 9920K, reserved 1048576K
}
Event: 13847.219 GC heap before
{Heap before GC invocations=15899 (full 389):
 PSYoungGen      total 4096K, used 4084K [0x00000000eab00000, 0x00000000eb580000, 0x0000000100000000)
  eden space 2560K, 99% used [0x00000000eab00000,0x00000000ead7d060,0x00000000ead80000)
  from space 1536K, 100% used [0x00000000ead80000,0x00000000eaf00000,0x00000000eaf00000)
  to   space 4096K, 0% used [0x00000000eb180000,0x00000000eb180000,0x00000000eb580000)
 ParOldGen       total 265728K, used 246864K [0x00000000c0000000, 0x00000000d0380000, 0x00000000eab00000)
  object space 265728K, 92% used [0x00000000c0000000,0x00000000cf114190,0x00000000d0380000)
 Metaspace       used 94263K, committed 95424K, reserved 1138688K
  class space    used 9383K, committed 9920K, reserved 1048576K
}
Event: 13847.223 GC heap after
{Heap after GC invocations=15899 (full 389):
 PSYoungGen      total 6144K, used 2624K [0x00000000eab00000, 0x00000000eb480000, 0x0000000100000000)
  eden space 3072K, 0% used [0x00000000eab00000,0x00000000eab00000,0x00000000eae00000)
  from space 3072K, 85% used [0x00000000eb180000,0x00000000eb410000,0x00000000eb480000)
  to   space 3072K, 0% used [0x00000000eae80000,0x00000000eae80000,0x00000000eb180000)
 ParOldGen       total 265728K, used 248440K [0x00000000c0000000, 0x00000000d0380000, 0x00000000eab00000)
  object space 265728K, 93% used [0x00000000c0000000,0x00000000cf29e190,0x00000000d0380000)
 Metaspace       used 94263K, committed 95424K, reserved 1138688K
  class space    used 9383K, committed 9920K, reserved 1048576K
}
Event: 13847.259 GC heap before
{Heap before GC invocations=15900 (full 389):
 PSYoungGen      total 6144K, used 5696K [0x00000000eab00000, 0x00000000eb480000, 0x0000000100000000)
  eden space 3072K, 100% used [0x00000000eab00000,0x00000000eae00000,0x00000000eae00000)
  from space 3072K, 85% used [0x00000000eb180000,0x00000000eb410000,0x00000000eb480000)
  to   space 3072K, 0% used [0x00000000eae80000,0x00000000eae80000,0x00000000eb180000)
 ParOldGen       total 265728K, used 248440K [0x00000000c0000000, 0x00000000d0380000, 0x00000000eab00000)
  object space 265728K, 93% used [0x00000000c0000000,0x00000000cf29e190,0x00000000d0380000)
 Metaspace       used 94263K, committed 95424K, reserved 1138688K
  class space    used 9383K, committed 9920K, reserved 1048576K
}

