# JRE version: OpenJDK Runtime Environment Temurin-17.0.7+7 (17.0.7+7) (build 17.0.7+7)
# Java VM: OpenJDK 64-Bit Server VM Temurin-17.0.7+7 (17.0.7+7, mixed mode, tiered, compressed oops, compressed class ptrs, parallel gc, windows-amd64)
GC Precious Log:
 CPUs: 8 total, 8 available
 Memory: 10116M
 Large Page Support: Disabled
 NUMA Support: Disabled
 Compressed Oops: Enabled (32-bit)
 Alignments: Space 512K, Generation 512K, Heap 2M
 Heap Min Capacity: 100M
 Heap Initial Capacity: 100M
 Heap Max Capacity: 1G
 Pre-touch: Disabled
 Parallel Workers: 8
Heap:
 PSYoungGen      total 10752K, used 10727K [0x00000000eab00000, 0x00000000ec080000, 0x0000000100000000)
  eden space 8704K, 100% used [0x00000000eab00000,0x00000000eb380000,0x00000000eb380000)
  from space 2048K, 98% used [0x00000000eb600000,0x00000000eb7f9c28,0x00000000eb800000)
  to   space 6656K, 0% used [0x00000000eba00000,0x00000000eba00000,0x00000000ec080000)
 ParOldGen       total 124928K, used 114277K [0x00000000c0000000, 0x00000000c7a00000, 0x00000000eab00000)
  object space 124928K, 91% used [0x00000000c0000000,0x00000000c6f994e0,0x00000000c7a00000)
 Metaspace       used 90611K, committed 91776K, reserved 1179648K
  class space    used 9160K, committed 9664K, reserved 1048576K
GC Heap History (20 events):
Event: 690.341 GC heap before
{Heap before GC invocations=4567 (full 176):
 PSYoungGen      total 16384K, used 11170K [0x00000000eab00000, 0x00000000ec200000, 0x0000000100000000)
  eden space 9728K, 99% used [0x00000000eab00000,0x00000000eb47fff0,0x00000000eb480000)
  from space 6656K, 21% used [0x00000000eb800000,0x00000000eb968a18,0x00000000ebe80000)
  to   space 3072K, 0% used [0x00000000ebf00000,0x00000000ebf00000,0x00000000ec200000)
 ParOldGen       total 124928K, used 102793K [0x00000000c0000000, 0x00000000c7a00000, 0x00000000eab00000)
  object space 124928K, 82% used [0x00000000c0000000,0x00000000c6462790,0x00000000c7a00000)
 Metaspace       used 90611K, committed 91776K, reserved 1179648K
  class space    used 9160K, committed 9664K, reserved 1048576K
}
Event: 690.343 GC heap after
{Heap after GC invocations=4567 (full 176):
 PSYoungGen      total 11264K, used 1466K [0x00000000eab00000, 0x00000000ec080000, 0x0000000100000000)
  eden space 9728K, 0% used [0x00000000eab00000,0x00000000eab00000,0x00000000eb480000)
  from space 1536K, 95% used [0x00000000ebf00000,0x00000000ec06ebe0,0x00000000ec080000)
  to   space 2048K, 0% used [0x00000000ebc80000,0x00000000ebc80000,0x00000000ebe80000)
 ParOldGen       total 124928K, used 102793K [0x00000000c0000000, 0x00000000c7a00000, 0x00000000eab00000)
  object space 124928K, 82% used [0x00000000c0000000,0x00000000c6462790,0x00000000c7a00000)
 Metaspace       used 90611K, committed 91776K, reserved 1179648K
  class space    used 9160K, committed 9664K, reserved 1048576K
}
Event: 690.371 GC heap before
{Heap before GC invocations=4568 (full 176):
 PSYoungGen      total 11264K, used 11194K [0x00000000eab00000, 0x00000000ec080000, 0x0000000100000000)
  eden space 9728K, 100% used [0x00000000eab00000,0x00000000eb480000,0x00000000eb480000)
  from space 1536K, 95% used [0x00000000ebf00000,0x00000000ec06ebe0,0x00000000ec080000)
  to   space 2048K, 0% used [0x00000000ebc80000,0x00000000ebc80000,0x00000000ebe80000)
 ParOldGen       total 124928K, used 102793K [0x00000000c0000000, 0x00000000c7a00000, 0x00000000eab00000)
  object space 124928K, 82% used [0x00000000c0000000,0x00000000c6462790,0x00000000c7a00000)
 Metaspace       used 90611K, committed 91776K, reserved 1179648K
  class space    used 9160K, committed 9664K, reserved 1048576K
}
Event: 690.373 GC heap after
{Heap after GC invocations=4568 (full 176):
 PSYoungGen      total 11776K, used 1850K [0x00000000eab00000, 0x00000000ebf80000, 0x0000000100000000)
  eden space 9728K, 0% used [0x00000000eab00000,0x00000000eab00000,0x00000000eb480000)
  from space 2048K, 90% used [0x00000000ebc80000,0x00000000ebe4eb40,0x00000000ebe80000)
  to   space 1024K, 0% used [0x00000000ebe80000,0x00000000ebe80000,0x00000000ebf80000)
 ParOldGen       total 124928K, used 102793K [0x00000000c0000000, 0x00000000c7a00000, 0x00000000eab00000)
  object space 124928K, 82% used [0x00000000c0000000,0x00000000c6462790,0x00000000c7a00000)
 Metaspace       used 90611K, committed 91776K, reserved 1179648K
  class space    used 9160K, committed 9664K, reserved 1048576K
}
Event: 690.403 GC heap before
{Heap before GC invocations=4569 (full 176):
 PSYoungGen      total 11776K, used 11578K [0x00000000eab00000, 0x00000000ebf80000, 0x0000000100000000)
  eden space 9728K, 100% used [0x00000000eab00000,0x00000000eb480000,0x00000000eb480000)
  from space 2048K, 90% used [0x00000000ebc80000,0x00000000ebe4eb40,0x00000000ebe80000)
  to   space 1024K, 0% used [0x00000000ebe80000,0x00000000ebe80000,0x00000000ebf80000)
 ParOldGen       total 124928K, used 102793K [0x00000000c0000000, 0x00000000c7a00000, 0x00000000eab00000)
  object space 124928K, 82% used [0x00000000c0000000,0x00000000c6462790,0x00000000c7a00000)
 Metaspace       used 90611K, committed 91776K, reserved 1179648K
  class space    used 9160K, committed 9664K, reserved 1048576K
}
Event: 690.404 GC heap after
{Heap after GC invocations=4569 (full 176):
 PSYoungGen      total 10752K, used 1002K [0x00000000eab00000, 0x00000000ebf80000, 0x0000000100000000)
  eden space 9728K, 0% used [0x00000000eab00000,0x00000000eab00000,0x00000000eb480000)
  from space 1024K, 97% used [0x00000000ebe80000,0x00000000ebf7abd0,0x00000000ebf80000)
  to   space 1536K, 0% used [0x00000000ebc80000,0x00000000ebc80000,0x00000000ebe00000)
 ParOldGen       total 124928K, used 102977K [0x00000000c0000000, 0x00000000c7a00000, 0x00000000eab00000)
  object space 124928K, 82% used [0x00000000c0000000,0x00000000c6490790,0x00000000c7a00000)
 Metaspace       used 90611K, committed 91776K, reserved 1179648K
  class space    used 9160K, committed 9664K, reserved 1048576K
}
Event: 690.440 GC heap before
{Heap before GC invocations=4570 (full 176):
 PSYoungGen      total 10752K, used 10730K [0x00000000eab00000, 0x00000000ebf80000, 0x0000000100000000)
  eden space 9728K, 100% used [0x00000000eab00000,0x00000000eb480000,0x00000000eb480000)
  from space 1024K, 97% used [0x00000000ebe80000,0x00000000ebf7abd0,0x00000000ebf80000)
  to   space 1536K, 0% used [0x00000000ebc80000,0x00000000ebc80000,0x00000000ebe00000)
 ParOldGen       total 124928K, used 102977K [0x00000000c0000000, 0x00000000c7a00000, 0x00000000eab00000)
  object space 124928K, 82% used [0x00000000c0000000,0x00000000c6490790,0x00000000c7a00000)
 Metaspace       used 90611K, committed 91776K, reserved 1179648K
  class space    used 9160K, committed 9664K, reserved 1048576K
}
Event: 690.441 GC heap after
{Heap after GC invocations=4570 (full 176):
 PSYoungGen      total 11264K, used 1527K [0x00000000eab00000, 0x00000000ebf00000, 0x0000000100000000)
  eden space 9728K, 0% used [0x00000000eab00000,0x00000000eab00000,0x00000000eb480000)
  from space 1536K, 99% used [0x00000000ebc80000,0x00000000ebdfdeb8,0x00000000ebe00000)
  to   space 1024K, 0% used [0x00000000ebe00000,0x00000000ebe00000,0x00000000ebf00000)
 ParOldGen       total 124928K, used 103332K [0x00000000c0000000, 0x00000000c7a00000, 0x00000000eab00000)
  object space 124928K, 82% used [0x00000000c0000000,0x00000000c64e9360,0x00000000c7a00000)
 Metaspace       used 90611K, committed 91776K, reserved 1179648K
  class space    used 9160K, committed 9664K, reserved 1048576K
}
Event: 690.466 GC heap before
{Heap before GC invocations=4571 (full 176):
 PSYoungGen      total 11264K, used 11255K [0x00000000eab00000, 0x00000000ebf00000, 0x0000000100000000)
  eden space 9728K, 99% used [0x00000000eab00000,0x00000000eb47ffb8,0x00000000eb480000)
  from space 1536K, 99% used [0x00000000ebc80000,0x00000000ebdfdeb8,0x00000000ebe00000)
  to   space 1024K, 0% used [0x00000000ebe00000,0x00000000ebe00000,0x00000000ebf00000)
 ParOldGen       total 124928K, used 103332K [0x00000000c0000000, 0x00000000c7a00000, 0x00000000eab00000)
  object space 124928K, 82% used [0x00000000c0000000,0x00000000c64e9360,0x00000000c7a00000)
 Metaspace       used 90611K, committed 91776K, reserved 1179648K
  class space    used 9160K, committed 9664K, reserved 1048576K
}
Event: 690.470 GC heap after
{Heap after GC invocations=4571 (full 176):
 PSYoungGen      total 10752K, used 1023K [0x00000000eab00000, 0x00000000ebf00000, 0x0000000100000000)
  eden space 9728K, 0% used [0x00000000eab00000,0x00000000eab00000,0x00000000eb480000)
  from space 1024K, 99% used [0x00000000ebe00000,0x00000000ebeffd40,0x00000000ebf00000)
  to   space 4608K, 0% used [0x00000000eb600000,0x00000000eb600000,0x00000000eba80000)
 ParOldGen       total 124928K, used 106241K [0x00000000c0000000, 0x00000000c7a00000, 0x00000000eab00000)
  object space 124928K, 85% used [0x00000000c0000000,0x00000000c67c0428,0x00000000c7a00000)
 Metaspace       used 90611K, committed 91776K, reserved 1179648K
  class space    used 9160K, committed 9664K, reserved 1048576K
}
Event: 690.507 GC heap before
{Heap before GC invocations=4572 (full 176):
 PSYoungGen      total 10752K, used 10751K [0x00000000eab00000, 0x00000000ebf00000, 0x0000000100000000)
  eden space 9728K, 100% used [0x00000000eab00000,0x00000000eb480000,0x00000000eb480000)
  from space 1024K, 99% used [0x00000000ebe00000,0x00000000ebeffd40,0x00000000ebf00000)
  to   space 4608K, 0% used [0x00000000eb600000,0x00000000eb600000,0x00000000eba80000)
 ParOldGen       total 124928K, used 106241K [0x00000000c0000000, 0x00000000c7a00000, 0x00000000eab00000)
  object space 124928K, 85% used [0x00000000c0000000,0x00000000c67c0428,0x00000000c7a00000)
 Metaspace       used 90611K, committed 91776K, reserved 1179648K
  class space    used 9160K, committed 9664K, reserved 1048576K
}
Event: 690.509 GC heap after
{Heap after GC invocations=4572 (full 176):
 PSYoungGen      total 14336K, used 2143K [0x00000000eab00000, 0x00000000ebe80000, 0x0000000100000000)
  eden space 9728K, 0% used [0x00000000eab00000,0x00000000eab00000,0x00000000eb480000)
  from space 4608K, 46% used [0x00000000eb600000,0x00000000eb817d40,0x00000000eba80000)
  to   space 3072K, 0% used [0x00000000ebb80000,0x00000000ebb80000,0x00000000ebe80000)
 ParOldGen       total 124928K, used 106265K [0x00000000c0000000, 0x00000000c7a00000, 0x00000000eab00000)
  object space 124928K, 85% used [0x00000000c0000000,0x00000000c67c6428,0x00000000c7a00000)
 Metaspace       used 90611K, committed 91776K, reserved 1179648K
  class space    used 9160K, committed 9664K, reserved 1048576K
}
Event: 690.783 GC heap before
{Heap before GC invocations=4573 (full 176):
 PSYoungGen      total 14336K, used 11871K [0x00000000eab00000, 0x00000000ebe80000, 0x0000000100000000)
  eden space 9728K, 100% used [0x00000000eab00000,0x00000000eb480000,0x00000000eb480000)
  from space 4608K, 46% used [0x00000000eb600000,0x00000000eb817d40,0x00000000eba80000)
  to   space 3072K, 0% used [0x00000000ebb80000,0x00000000ebb80000,0x00000000ebe80000)
 ParOldGen       total 124928K, used 106265K [0x00000000c0000000, 0x00000000c7a00000, 0x00000000eab00000)
  object space 124928K, 85% used [0x00000000c0000000,0x00000000c67c6428,0x00000000c7a00000)
 Metaspace       used 90611K, committed 91776K, reserved 1179648K
  class space    used 9160K, committed 9664K, reserved 1048576K
}
Event: 690.787 GC heap after
{Heap after GC invocations=4573 (full 176):
 PSYoungGen      total 11776K, used 3058K [0x00000000eab00000, 0x00000000ec480000, 0x0000000100000000)
  eden space 8704K, 0% used [0x00000000eab00000,0x00000000eab00000,0x00000000eb380000)
  from space 3072K, 99% used [0x00000000ebb80000,0x00000000ebe7ca90,0x00000000ebe80000)
  to   space 8192K, 0% used [0x00000000eb380000,0x00000000eb380000,0x00000000ebb80000)
 ParOldGen       total 124928K, used 110209K [0x00000000c0000000, 0x00000000c7a00000, 0x00000000eab00000)
  object space 124928K, 88% used [0x00000000c0000000,0x00000000c6ba0428,0x00000000c7a00000)
 Metaspace       used 90611K, committed 91776K, reserved 1179648K
  class space    used 9160K, committed 9664K, reserved 1048576K
}
Event: 690.810 GC heap before
{Heap before GC invocations=4574 (full 176):
 PSYoungGen      total 11776K, used 11762K [0x00000000eab00000, 0x00000000ec480000, 0x0000000100000000)
  eden space 8704K, 100% used [0x00000000eab00000,0x00000000eb380000,0x00000000eb380000)
  from space 3072K, 99% used [0x00000000ebb80000,0x00000000ebe7ca90,0x00000000ebe80000)
  to   space 8192K, 0% used [0x00000000eb380000,0x00000000eb380000,0x00000000ebb80000)
 ParOldGen       total 124928K, used 110209K [0x00000000c0000000, 0x00000000c7a00000, 0x00000000eab00000)
  object space 124928K, 88% used [0x00000000c0000000,0x00000000c6ba0428,0x00000000c7a00000)
 Metaspace       used 90611K, committed 91776K, reserved 1179648K
  class space    used 9160K, committed 9664K, reserved 1048576K
}
Event: 690.813 GC heap after
{Heap after GC invocations=4574 (full 176):
 PSYoungGen      total 10240K, used 1379K [0x00000000eab00000, 0x00000000ebc00000, 0x0000000100000000)
  eden space 8704K, 0% used [0x00000000eab00000,0x00000000eab00000,0x00000000eb380000)
  from space 1536K, 89% used [0x00000000eb380000,0x00000000eb4d8d20,0x00000000eb500000)
  to   space 3584K, 0% used [0x00000000eb880000,0x00000000eb880000,0x00000000ebc00000)
 ParOldGen       total 124928K, used 110837K [0x00000000c0000000, 0x00000000c7a00000, 0x00000000eab00000)
  object space 124928K, 88% used [0x00000000c0000000,0x00000000c6c3d4e0,0x00000000c7a00000)
 Metaspace       used 90611K, committed 91776K, reserved 1179648K
  class space    used 9160K, committed 9664K, reserved 1048576K
}
Event: 690.839 GC heap before
{Heap before GC invocations=4575 (full 176):
 PSYoungGen      total 10240K, used 10083K [0x00000000eab00000, 0x00000000ebc00000, 0x0000000100000000)
  eden space 8704K, 100% used [0x00000000eab00000,0x00000000eb380000,0x00000000eb380000)
  from space 1536K, 89% used [0x00000000eb380000,0x00000000eb4d8d20,0x00000000eb500000)
  to   space 3584K, 0% used [0x00000000eb880000,0x00000000eb880000,0x00000000ebc00000)
 ParOldGen       total 124928K, used 110837K [0x00000000c0000000, 0x00000000c7a00000, 0x00000000eab00000)
  object space 124928K, 88% used [0x00000000c0000000,0x00000000c6c3d4e0,0x00000000c7a00000)
 Metaspace       used 90611K, committed 91776K, reserved 1179648K
  class space    used 9160K, committed 9664K, reserved 1048576K
}
Event: 690.841 GC heap after
{Heap after GC invocations=4575 (full 176):
 PSYoungGen      total 10240K, used 1451K [0x00000000eab00000, 0x00000000eba00000, 0x0000000100000000)
  eden space 8704K, 0% used [0x00000000eab00000,0x00000000eab00000,0x00000000eb380000)
  from space 1536K, 94% used [0x00000000eb880000,0x00000000eb9eac88,0x00000000eba00000)
  to   space 2048K, 0% used [0x00000000eb600000,0x00000000eb600000,0x00000000eb800000)
 ParOldGen       total 124928K, used 110837K [0x00000000c0000000, 0x00000000c7a00000, 0x00000000eab00000)
  object space 124928K, 88% used [0x00000000c0000000,0x00000000c6c3d4e0,0x00000000c7a00000)
 Metaspace       used 90611K, committed 91776K, reserved 1179648K
  class space    used 9160K, committed 9664K, reserved 1048576K
}
Event: 690.852 GC heap before
{Heap before GC invocations=4576 (full 176):
 PSYoungGen      total 10240K, used 10155K [0x00000000eab00000, 0x00000000eba00000, 0x0000000100000000)
  eden space 8704K, 100% used [0x00000000eab00000,0x00000000eb380000,0x00000000eb380000)
  from space 1536K, 94% used [0x00000000eb880000,0x00000000eb9eac88,0x00000000eba00000)
  to   space 2048K, 0% used [0x00000000eb600000,0x00000000eb600000,0x00000000eb800000)
 ParOldGen       total 124928K, used 110837K [0x00000000c0000000, 0x00000000c7a00000, 0x00000000eab00000)
  object space 124928K, 88% used [0x00000000c0000000,0x00000000c6c3d4e0,0x00000000c7a00000)
 Metaspace       used 90611K, committed 91776K, reserved 1179648K
  class space    used 9160K, committed 9664K, reserved 1048576K
}
Event: 690.855 GC heap after
{Heap after GC invocations=4576 (full 176):
 PSYoungGen      total 10752K, used 2023K [0x00000000eab00000, 0x00000000ec080000, 0x0000000100000000)
  eden space 8704K, 0% used [0x00000000eab00000,0x00000000eab00000,0x00000000eb380000)
  from space 2048K, 98% used [0x00000000eb600000,0x00000000eb7f9c28,0x00000000eb800000)
  to   space 6656K, 0% used [0x00000000eba00000,0x00000000eba00000,0x00000000ec080000)
 ParOldGen       total 124928K, used 114277K [0x00000000c0000000, 0x00000000c7a00000, 0x00000000eab00000)
  object space 124928K, 91% used [0x00000000c0000000,0x00000000c6f994e0,0x00000000c7a00000)
 Metaspace       used 90611K, committed 91776K, reserved 1179648K
  class space    used 9160K, committed 9664K, reserved 1048576K
}

