# JRE version: OpenJDK Runtime Environment Temurin-17.0.7+7 (17.0.7+7) (build 17.0.7+7)
# Java VM: OpenJDK 64-Bit Server VM Temurin-17.0.7+7 (17.0.7+7, mixed mode, tiered, compressed oops, compressed class ptrs, parallel gc, windows-amd64)
GC Precious Log:
 CPUs: 8 total, 8 available
 Memory: 10116M
 Large Page Support: Disabled
 NUMA Support: Disabled
 Compressed Oops: Enabled (32-bit)
 Alignments: Space 512K, Generation 512K, Heap 2M
 Heap Min Capacity: 100M
 Heap Initial Capacity: 100M
 Heap Max Capacity: 1G
 Pre-touch: Disabled
 Parallel Workers: 8
Heap:
 PSYoungGen      total 22528K, used 15649K [0x00000000eab00000, 0x00000000ec980000, 0x0000000100000000)
  eden space 17920K, 64% used [0x00000000eab00000,0x00000000eb63e9f0,0x00000000ebc80000)
  from space 4608K, 89% used [0x00000000ec500000,0x00000000ec909cf8,0x00000000ec980000)
  to   space 5632K, 0% used [0x00000000ebe80000,0x00000000ebe80000,0x00000000ec400000)
 ParOldGen       total 68608K, used 60420K [0x00000000c0000000, 0x00000000c4300000, 0x00000000eab00000)
  object space 68608K, 88% used [0x00000000c0000000,0x00000000c3b013f8,0x00000000c4300000)
 Metaspace       used 65725K, committed 66688K, reserved 1114112K
  class space    used 6930K, committed 7296K, reserved 1048576K
GC Heap History (20 events):
Event: 11.161 GC heap before
{Heap before GC invocations=40 (full 3):
 PSYoungGen      total 20480K, used 20064K [0x00000000eab00000, 0x00000000ec080000, 0x0000000100000000)
  eden space 18944K, 100% used [0x00000000eab00000,0x00000000ebd80000,0x00000000ebd80000)
  from space 1536K, 72% used [0x00000000ebf00000,0x00000000ec018000,0x00000000ec080000)
  to   space 1536K, 0% used [0x00000000ebd80000,0x00000000ebd80000,0x00000000ebf00000)
 ParOldGen       total 68608K, used 36279K [0x00000000c0000000, 0x00000000c4300000, 0x00000000eab00000)
  object space 68608K, 52% used [0x00000000c0000000,0x00000000c236dc10,0x00000000c4300000)
 Metaspace       used 59711K, committed 60736K, reserved 1114112K
  class space    used 6434K, committed 6848K, reserved 1048576K
}
Event: 11.163 GC heap after
{Heap after GC invocations=40 (full 3):
 PSYoungGen      total 19456K, used 352K [0x00000000eab00000, 0x00000000ebf80000, 0x0000000100000000)
  eden space 18944K, 0% used [0x00000000eab00000,0x00000000eab00000,0x00000000ebd80000)
  from space 512K, 68% used [0x00000000ebd80000,0x00000000ebdd8000,0x00000000ebe00000)
  to   space 1024K, 0% used [0x00000000ebe80000,0x00000000ebe80000,0x00000000ebf80000)
 ParOldGen       total 68608K, used 37191K [0x00000000c0000000, 0x00000000c4300000, 0x00000000eab00000)
  object space 68608K, 54% used [0x00000000c0000000,0x00000000c2451c10,0x00000000c4300000)
 Metaspace       used 59711K, committed 60736K, reserved 1114112K
  class space    used 6434K, committed 6848K, reserved 1048576K
}
Event: 11.313 GC heap before
{Heap before GC invocations=41 (full 3):
 PSYoungGen      total 19456K, used 19295K [0x00000000eab00000, 0x00000000ebf80000, 0x0000000100000000)
  eden space 18944K, 99% used [0x00000000eab00000,0x00000000ebd7fff0,0x00000000ebd80000)
  from space 512K, 68% used [0x00000000ebd80000,0x00000000ebdd8000,0x00000000ebe00000)
  to   space 1024K, 0% used [0x00000000ebe80000,0x00000000ebe80000,0x00000000ebf80000)
 ParOldGen       total 68608K, used 37191K [0x00000000c0000000, 0x00000000c4300000, 0x00000000eab00000)
  object space 68608K, 54% used [0x00000000c0000000,0x00000000c2451c10,0x00000000c4300000)
 Metaspace       used 60169K, committed 61120K, reserved 1114112K
  class space    used 6469K, committed 6848K, reserved 1048576K
}
Event: 11.316 GC heap after
{Heap after GC invocations=41 (full 3):
 PSYoungGen      total 18944K, used 1024K [0x00000000eab00000, 0x00000000ec180000, 0x0000000100000000)
  eden space 17920K, 0% used [0x00000000eab00000,0x00000000eab00000,0x00000000ebc80000)
  from space 1024K, 100% used [0x00000000ebe80000,0x00000000ebf80000,0x00000000ebf80000)
  to   space 2048K, 0% used [0x00000000ebc80000,0x00000000ebc80000,0x00000000ebe80000)
 ParOldGen       total 68608K, used 37583K [0x00000000c0000000, 0x00000000c4300000, 0x00000000eab00000)
  object space 68608K, 54% used [0x00000000c0000000,0x00000000c24b3f18,0x00000000c4300000)
 Metaspace       used 60169K, committed 61120K, reserved 1114112K
  class space    used 6469K, committed 6848K, reserved 1048576K
}
Event: 11.385 GC heap before
{Heap before GC invocations=42 (full 3):
 PSYoungGen      total 18944K, used 18931K [0x00000000eab00000, 0x00000000ec180000, 0x0000000100000000)
  eden space 17920K, 99% used [0x00000000eab00000,0x00000000ebc7cec0,0x00000000ebc80000)
  from space 1024K, 100% used [0x00000000ebe80000,0x00000000ebf80000,0x00000000ebf80000)
  to   space 2048K, 0% used [0x00000000ebc80000,0x00000000ebc80000,0x00000000ebe80000)
 ParOldGen       total 68608K, used 37583K [0x00000000c0000000, 0x00000000c4300000, 0x00000000eab00000)
  object space 68608K, 54% used [0x00000000c0000000,0x00000000c24b3f18,0x00000000c4300000)
 Metaspace       used 60395K, committed 61376K, reserved 1114112K
  class space    used 6492K, committed 6912K, reserved 1048576K
}
Event: 11.389 GC heap after
{Heap after GC invocations=42 (full 3):
 PSYoungGen      total 19968K, used 2029K [0x00000000eab00000, 0x00000000ec380000, 0x0000000100000000)
  eden space 17920K, 0% used [0x00000000eab00000,0x00000000eab00000,0x00000000ebc80000)
  from space 2048K, 99% used [0x00000000ebc80000,0x00000000ebe7b460,0x00000000ebe80000)
  to   space 3584K, 0% used [0x00000000ec000000,0x00000000ec000000,0x00000000ec380000)
 ParOldGen       total 68608K, used 38667K [0x00000000c0000000, 0x00000000c4300000, 0x00000000eab00000)
  object space 68608K, 56% used [0x00000000c0000000,0x00000000c25c2d90,0x00000000c4300000)
 Metaspace       used 60395K, committed 61376K, reserved 1114112K
  class space    used 6492K, committed 6912K, reserved 1048576K
}
Event: 11.740 GC heap before
{Heap before GC invocations=43 (full 3):
 PSYoungGen      total 19968K, used 19949K [0x00000000eab00000, 0x00000000ec380000, 0x0000000100000000)
  eden space 17920K, 100% used [0x00000000eab00000,0x00000000ebc80000,0x00000000ebc80000)
  from space 2048K, 99% used [0x00000000ebc80000,0x00000000ebe7b460,0x00000000ebe80000)
  to   space 3584K, 0% used [0x00000000ec000000,0x00000000ec000000,0x00000000ec380000)
 ParOldGen       total 68608K, used 38667K [0x00000000c0000000, 0x00000000c4300000, 0x00000000eab00000)
  object space 68608K, 56% used [0x00000000c0000000,0x00000000c25c2d90,0x00000000c4300000)
 Metaspace       used 61271K, committed 62272K, reserved 1114112K
  class space    used 6572K, committed 6976K, reserved 1048576K
}
Event: 11.743 GC heap after
{Heap after GC invocations=43 (full 3):
 PSYoungGen      total 21504K, used 3187K [0x00000000eab00000, 0x00000000ec380000, 0x0000000100000000)
  eden space 17920K, 0% used [0x00000000eab00000,0x00000000eab00000,0x00000000ebc80000)
  from space 3584K, 88% used [0x00000000ec000000,0x00000000ec31cfe8,0x00000000ec380000)
  to   space 3584K, 0% used [0x00000000ebc80000,0x00000000ebc80000,0x00000000ec000000)
 ParOldGen       total 68608K, used 39814K [0x00000000c0000000, 0x00000000c4300000, 0x00000000eab00000)
  object space 68608K, 58% used [0x00000000c0000000,0x00000000c26e1ae8,0x00000000c4300000)
 Metaspace       used 61271K, committed 62272K, reserved 1114112K
  class space    used 6572K, committed 6976K, reserved 1048576K
}
Event: 11.889 GC heap before
{Heap before GC invocations=44 (full 3):
 PSYoungGen      total 21504K, used 21107K [0x00000000eab00000, 0x00000000ec380000, 0x0000000100000000)
  eden space 17920K, 100% used [0x00000000eab00000,0x00000000ebc80000,0x00000000ebc80000)
  from space 3584K, 88% used [0x00000000ec000000,0x00000000ec31cfe8,0x00000000ec380000)
  to   space 3584K, 0% used [0x00000000ebc80000,0x00000000ebc80000,0x00000000ec000000)
 ParOldGen       total 68608K, used 39814K [0x00000000c0000000, 0x00000000c4300000, 0x00000000eab00000)
  object space 68608K, 58% used [0x00000000c0000000,0x00000000c26e1ae8,0x00000000c4300000)
 Metaspace       used 61583K, committed 62528K, reserved 1114112K
  class space    used 6601K, committed 6976K, reserved 1048576K
}
Event: 11.893 GC heap after
{Heap after GC invocations=44 (full 3):
 PSYoungGen      total 21504K, used 3553K [0x00000000eab00000, 0x00000000eca80000, 0x0000000100000000)
  eden space 17920K, 0% used [0x00000000eab00000,0x00000000eab00000,0x00000000ebc80000)
  from space 3584K, 99% used [0x00000000ebc80000,0x00000000ebff8668,0x00000000ec000000)
  to   space 7168K, 0% used [0x00000000ec380000,0x00000000ec380000,0x00000000eca80000)
 ParOldGen       total 68608K, used 42820K [0x00000000c0000000, 0x00000000c4300000, 0x00000000eab00000)
  object space 68608K, 62% used [0x00000000c0000000,0x00000000c29d1010,0x00000000c4300000)
 Metaspace       used 61583K, committed 62528K, reserved 1114112K
  class space    used 6601K, committed 6976K, reserved 1048576K
}
Event: 12.051 GC heap before
{Heap before GC invocations=45 (full 3):
 PSYoungGen      total 21504K, used 21473K [0x00000000eab00000, 0x00000000eca80000, 0x0000000100000000)
  eden space 17920K, 100% used [0x00000000eab00000,0x00000000ebc80000,0x00000000ebc80000)
  from space 3584K, 99% used [0x00000000ebc80000,0x00000000ebff8668,0x00000000ec000000)
  to   space 7168K, 0% used [0x00000000ec380000,0x00000000ec380000,0x00000000eca80000)
 ParOldGen       total 68608K, used 42820K [0x00000000c0000000, 0x00000000c4300000, 0x00000000eab00000)
  object space 68608K, 62% used [0x00000000c0000000,0x00000000c29d1010,0x00000000c4300000)
 Metaspace       used 62045K, committed 62976K, reserved 1114112K
  class space    used 6637K, committed 7040K, reserved 1048576K
}
Event: 12.058 GC heap after
{Heap after GC invocations=45 (full 3):
 PSYoungGen      total 23040K, used 4834K [0x00000000eab00000, 0x00000000ec880000, 0x0000000100000000)
  eden space 17920K, 0% used [0x00000000eab00000,0x00000000eab00000,0x00000000ebc80000)
  from space 5120K, 94% used [0x00000000ec380000,0x00000000ec838998,0x00000000ec880000)
  to   space 5632K, 0% used [0x00000000ebd80000,0x00000000ebd80000,0x00000000ec300000)
 ParOldGen       total 68608K, used 46105K [0x00000000c0000000, 0x00000000c4300000, 0x00000000eab00000)
  object space 68608K, 67% used [0x00000000c0000000,0x00000000c2d06548,0x00000000c4300000)
 Metaspace       used 62045K, committed 62976K, reserved 1114112K
  class space    used 6637K, committed 7040K, reserved 1048576K
}
Event: 12.304 GC heap before
{Heap before GC invocations=46 (full 3):
 PSYoungGen      total 23040K, used 22754K [0x00000000eab00000, 0x00000000ec880000, 0x0000000100000000)
  eden space 17920K, 100% used [0x00000000eab00000,0x00000000ebc80000,0x00000000ebc80000)
  from space 5120K, 94% used [0x00000000ec380000,0x00000000ec838998,0x00000000ec880000)
  to   space 5632K, 0% used [0x00000000ebd80000,0x00000000ebd80000,0x00000000ec300000)
 ParOldGen       total 68608K, used 46105K [0x00000000c0000000, 0x00000000c4300000, 0x00000000eab00000)
  object space 68608K, 67% used [0x00000000c0000000,0x00000000c2d06548,0x00000000c4300000)
 Metaspace       used 63449K, committed 64384K, reserved 1114112K
  class space    used 6741K, committed 7104K, reserved 1048576K
}
Event: 12.311 GC heap after
{Heap after GC invocations=46 (full 3):
 PSYoungGen      total 20992K, used 3053K [0x00000000eab00000, 0x00000000ec480000, 0x0000000100000000)
  eden space 17920K, 0% used [0x00000000eab00000,0x00000000eab00000,0x00000000ebc80000)
  from space 3072K, 99% used [0x00000000ebd80000,0x00000000ec07b408,0x00000000ec080000)
  to   space 4096K, 0% used [0x00000000ec080000,0x00000000ec080000,0x00000000ec480000)
 ParOldGen       total 68608K, used 49992K [0x00000000c0000000, 0x00000000c4300000, 0x00000000eab00000)
  object space 68608K, 72% used [0x00000000c0000000,0x00000000c30d2020,0x00000000c4300000)
 Metaspace       used 63449K, committed 64384K, reserved 1114112K
  class space    used 6741K, committed 7104K, reserved 1048576K
}
Event: 12.648 GC heap before
{Heap before GC invocations=47 (full 3):
 PSYoungGen      total 20992K, used 20973K [0x00000000eab00000, 0x00000000ec480000, 0x0000000100000000)
  eden space 17920K, 100% used [0x00000000eab00000,0x00000000ebc80000,0x00000000ebc80000)
  from space 3072K, 99% used [0x00000000ebd80000,0x00000000ec07b408,0x00000000ec080000)
  to   space 4096K, 0% used [0x00000000ec080000,0x00000000ec080000,0x00000000ec480000)
 ParOldGen       total 68608K, used 49992K [0x00000000c0000000, 0x00000000c4300000, 0x00000000eab00000)
  object space 68608K, 72% used [0x00000000c0000000,0x00000000c30d2020,0x00000000c4300000)
 Metaspace       used 65076K, committed 66112K, reserved 1114112K
  class space    used 6897K, committed 7296K, reserved 1048576K
}
Event: 12.655 GC heap after
{Heap after GC invocations=47 (full 3):
 PSYoungGen      total 21504K, used 3253K [0x00000000eab00000, 0x00000000ec400000, 0x0000000100000000)
  eden space 17920K, 0% used [0x00000000eab00000,0x00000000eab00000,0x00000000ebc80000)
  from space 3584K, 90% used [0x00000000ec080000,0x00000000ec3ad420,0x00000000ec400000)
  to   space 3584K, 0% used [0x00000000ebd00000,0x00000000ebd00000,0x00000000ec080000)
 ParOldGen       total 68608K, used 52912K [0x00000000c0000000, 0x00000000c4300000, 0x00000000eab00000)
  object space 68608K, 77% used [0x00000000c0000000,0x00000000c33ac068,0x00000000c4300000)
 Metaspace       used 65076K, committed 66112K, reserved 1114112K
  class space    used 6897K, committed 7296K, reserved 1048576K
}
Event: 12.946 GC heap before
{Heap before GC invocations=48 (full 3):
 PSYoungGen      total 21504K, used 21173K [0x00000000eab00000, 0x00000000ec400000, 0x0000000100000000)
  eden space 17920K, 100% used [0x00000000eab00000,0x00000000ebc80000,0x00000000ebc80000)
  from space 3584K, 90% used [0x00000000ec080000,0x00000000ec3ad420,0x00000000ec400000)
  to   space 3584K, 0% used [0x00000000ebd00000,0x00000000ebd00000,0x00000000ec080000)
 ParOldGen       total 68608K, used 52912K [0x00000000c0000000, 0x00000000c4300000, 0x00000000eab00000)
  object space 68608K, 77% used [0x00000000c0000000,0x00000000c33ac068,0x00000000c4300000)
 Metaspace       used 65322K, committed 66368K, reserved 1114112K
  class space    used 6898K, committed 7296K, reserved 1048576K
}
Event: 12.953 GC heap after
{Heap after GC invocations=48 (full 3):
 PSYoungGen      total 21504K, used 3568K [0x00000000eab00000, 0x00000000ecd80000, 0x0000000100000000)
  eden space 17920K, 0% used [0x00000000eab00000,0x00000000eab00000,0x00000000ebc80000)
  from space 3584K, 99% used [0x00000000ebd00000,0x00000000ec07c010,0x00000000ec080000)
  to   space 8704K, 0% used [0x00000000ec500000,0x00000000ec500000,0x00000000ecd80000)
 ParOldGen       total 68608K, used 57046K [0x00000000c0000000, 0x00000000c4300000, 0x00000000eab00000)
  object space 68608K, 83% used [0x00000000c0000000,0x00000000c37b5888,0x00000000c4300000)
 Metaspace       used 65322K, committed 66368K, reserved 1114112K
  class space    used 6898K, committed 7296K, reserved 1048576K
}
Event: 13.246 GC heap before
{Heap before GC invocations=49 (full 3):
 PSYoungGen      total 21504K, used 21488K [0x00000000eab00000, 0x00000000ecd80000, 0x0000000100000000)
  eden space 17920K, 100% used [0x00000000eab00000,0x00000000ebc80000,0x00000000ebc80000)
  from space 3584K, 99% used [0x00000000ebd00000,0x00000000ec07c010,0x00000000ec080000)
  to   space 8704K, 0% used [0x00000000ec500000,0x00000000ec500000,0x00000000ecd80000)
 ParOldGen       total 68608K, used 57046K [0x00000000c0000000, 0x00000000c4300000, 0x00000000eab00000)
  object space 68608K, 83% used [0x00000000c0000000,0x00000000c37b5888,0x00000000c4300000)
 Metaspace       used 65550K, committed 66560K, reserved 1114112K
  class space    used 6911K, committed 7296K, reserved 1048576K
}
Event: 13.252 GC heap after
{Heap after GC invocations=49 (full 3):
 PSYoungGen      total 22528K, used 4135K [0x00000000eab00000, 0x00000000ec980000, 0x0000000100000000)
  eden space 17920K, 0% used [0x00000000eab00000,0x00000000eab00000,0x00000000ebc80000)
  from space 4608K, 89% used [0x00000000ec500000,0x00000000ec909cf8,0x00000000ec980000)
  to   space 5632K, 0% used [0x00000000ebe80000,0x00000000ebe80000,0x00000000ec400000)
 ParOldGen       total 68608K, used 60420K [0x00000000c0000000, 0x00000000c4300000, 0x00000000eab00000)
  object space 68608K, 88% used [0x00000000c0000000,0x00000000c3b013f8,0x00000000c4300000)
 Metaspace       used 65550K, committed 66560K, reserved 1114112K
  class space    used 6911K, committed 7296K, reserved 1048576K
}

