# JRE version: OpenJDK Runtime Environment Temurin-17.0.7+7 (17.0.7+7) (build 17.0.7+7)
# Java VM: OpenJDK 64-Bit Server VM Temurin-17.0.7+7 (17.0.7+7, mixed mode, tiered, compressed oops, compressed class ptrs, parallel gc, windows-amd64)
GC Precious Log:
 CPUs: 8 total, 8 available
 Memory: 10116M
 Large Page Support: Disabled
 NUMA Support: Disabled
 Compressed Oops: Enabled (32-bit)
 Alignments: Space 512K, Generation 512K, Heap 2M
 Heap Min Capacity: 100M
 Heap Initial Capacity: 100M
 Heap Max Capacity: 1G
 Pre-touch: Disabled
 Parallel Workers: 8
Heap:
 PSYoungGen      total 3584K, used 3583K [0x00000000eab00000, 0x00000000eb400000, 0x0000000100000000)
  eden space 2560K, 99% used [0x00000000eab00000,0x00000000ead7ffd8,0x00000000ead80000)
  from space 1024K, 100% used [0x00000000eb000000,0x00000000eb100000,0x00000000eb100000)
  to   space 2560K, 52% used [0x00000000ead80000,0x00000000eaed0250,0x00000000eb000000)
 ParOldGen       total 128000K, used 109248K [0x00000000c0000000, 0x00000000c7d00000, 0x00000000eab00000)
  object space 128000K, 85% used [0x00000000c0000000,0x00000000c6ab0308,0x00000000c7d00000)
 Metaspace       used 90278K, committed 91328K, reserved 1179648K
  class space    used 9032K, committed 9472K, reserved 1048576K
GC Heap History (20 events):
Event: 36218.984 GC heap after
{Heap after GC invocations=6890 (full 240):
 PSYoungGen      total 2048K, used 896K [0x00000000eab00000, 0x00000000eae00000, 0x0000000100000000)
  eden space 1024K, 0% used [0x00000000eab00000,0x00000000eab00000,0x00000000eac00000)
  from space 1024K, 87% used [0x00000000eac00000,0x00000000eace0000,0x00000000ead00000)
  to   space 1024K, 0% used [0x00000000ead00000,0x00000000ead00000,0x00000000eae00000)
 ParOldGen       total 128000K, used 102131K [0x00000000c0000000, 0x00000000c7d00000, 0x00000000eab00000)
  object space 128000K, 79% used [0x00000000c0000000,0x00000000c63bcf98,0x00000000c7d00000)
 Metaspace       used 90274K, committed 91328K, reserved 1179648K
  class space    used 9032K, committed 9472K, reserved 1048576K
}
Event: 36218.985 GC heap before
{Heap before GC invocations=6891 (full 240):
 PSYoungGen      total 2048K, used 1920K [0x00000000eab00000, 0x00000000eae00000, 0x0000000100000000)
  eden space 1024K, 100% used [0x00000000eab00000,0x00000000eac00000,0x00000000eac00000)
  from space 1024K, 87% used [0x00000000eac00000,0x00000000eace0000,0x00000000ead00000)
  to   space 1024K, 0% used [0x00000000ead00000,0x00000000ead00000,0x00000000eae00000)
 ParOldGen       total 128000K, used 102131K [0x00000000c0000000, 0x00000000c7d00000, 0x00000000eab00000)
  object space 128000K, 79% used [0x00000000c0000000,0x00000000c63bcf98,0x00000000c7d00000)
 Metaspace       used 90274K, committed 91328K, reserved 1179648K
  class space    used 9032K, committed 9472K, reserved 1048576K
}
Event: 36218.987 GC heap after
{Heap after GC invocations=6891 (full 240):
 PSYoungGen      total 2048K, used 832K [0x00000000eab00000, 0x00000000eae80000, 0x0000000100000000)
  eden space 1024K, 0% used [0x00000000eab00000,0x00000000eab00000,0x00000000eac00000)
  from space 1024K, 81% used [0x00000000ead00000,0x00000000eadd0000,0x00000000eae00000)
  to   space 1024K, 0% used [0x00000000eac00000,0x00000000eac00000,0x00000000ead00000)
 ParOldGen       total 128000K, used 102886K [0x00000000c0000000, 0x00000000c7d00000, 0x00000000eab00000)
  object space 128000K, 80% used [0x00000000c0000000,0x00000000c6479898,0x00000000c7d00000)
 Metaspace       used 90274K, committed 91328K, reserved 1179648K
  class space    used 9032K, committed 9472K, reserved 1048576K
}
Event: 36218.988 GC heap before
{Heap before GC invocations=6892 (full 240):
 PSYoungGen      total 2048K, used 1856K [0x00000000eab00000, 0x00000000eae80000, 0x0000000100000000)
  eden space 1024K, 100% used [0x00000000eab00000,0x00000000eac00000,0x00000000eac00000)
  from space 1024K, 81% used [0x00000000ead00000,0x00000000eadd0000,0x00000000eae00000)
  to   space 1024K, 0% used [0x00000000eac00000,0x00000000eac00000,0x00000000ead00000)
 ParOldGen       total 128000K, used 102886K [0x00000000c0000000, 0x00000000c7d00000, 0x00000000eab00000)
  object space 128000K, 80% used [0x00000000c0000000,0x00000000c6479898,0x00000000c7d00000)
 Metaspace       used 90274K, committed 91328K, reserved 1179648K
  class space    used 9032K, committed 9472K, reserved 1048576K
}
Event: 36218.990 GC heap after
{Heap after GC invocations=6892 (full 240):
 PSYoungGen      total 2048K, used 864K [0x00000000eab00000, 0x00000000eae80000, 0x0000000100000000)
  eden space 1024K, 0% used [0x00000000eab00000,0x00000000eab00000,0x00000000eac00000)
  from space 1024K, 84% used [0x00000000eac00000,0x00000000eacd8000,0x00000000ead00000)
  to   space 1024K, 0% used [0x00000000ead80000,0x00000000ead80000,0x00000000eae80000)
 ParOldGen       total 128000K, used 103630K [0x00000000c0000000, 0x00000000c7d00000, 0x00000000eab00000)
  object space 128000K, 80% used [0x00000000c0000000,0x00000000c6533898,0x00000000c7d00000)
 Metaspace       used 90274K, committed 91328K, reserved 1179648K
  class space    used 9032K, committed 9472K, reserved 1048576K
}
Event: 36218.991 GC heap before
{Heap before GC invocations=6893 (full 240):
 PSYoungGen      total 2048K, used 1888K [0x00000000eab00000, 0x00000000eae80000, 0x0000000100000000)
  eden space 1024K, 100% used [0x00000000eab00000,0x00000000eac00000,0x00000000eac00000)
  from space 1024K, 84% used [0x00000000eac00000,0x00000000eacd8000,0x00000000ead00000)
  to   space 1024K, 0% used [0x00000000ead80000,0x00000000ead80000,0x00000000eae80000)
 ParOldGen       total 128000K, used 103630K [0x00000000c0000000, 0x00000000c7d00000, 0x00000000eab00000)
  object space 128000K, 80% used [0x00000000c0000000,0x00000000c6533898,0x00000000c7d00000)
 Metaspace       used 90274K, committed 91328K, reserved 1179648K
  class space    used 9032K, committed 9472K, reserved 1048576K
}
Event: 36218.993 GC heap after
{Heap after GC invocations=6893 (full 240):
 PSYoungGen      total 2560K, used 768K [0x00000000eab00000, 0x00000000eae80000, 0x0000000100000000)
  eden space 1536K, 0% used [0x00000000eab00000,0x00000000eab00000,0x00000000eac80000)
  from space 1024K, 75% used [0x00000000ead80000,0x00000000eae40000,0x00000000eae80000)
  to   space 1024K, 0% used [0x00000000eac80000,0x00000000eac80000,0x00000000ead80000)
 ParOldGen       total 128000K, used 104390K [0x00000000c0000000, 0x00000000c7d00000, 0x00000000eab00000)
  object space 128000K, 81% used [0x00000000c0000000,0x00000000c65f1898,0x00000000c7d00000)
 Metaspace       used 90274K, committed 91328K, reserved 1179648K
  class space    used 9032K, committed 9472K, reserved 1048576K
}
Event: 36218.996 GC heap before
{Heap before GC invocations=6894 (full 240):
 PSYoungGen      total 2560K, used 2304K [0x00000000eab00000, 0x00000000eae80000, 0x0000000100000000)
  eden space 1536K, 100% used [0x00000000eab00000,0x00000000eac80000,0x00000000eac80000)
  from space 1024K, 75% used [0x00000000ead80000,0x00000000eae40000,0x00000000eae80000)
  to   space 1024K, 0% used [0x00000000eac80000,0x00000000eac80000,0x00000000ead80000)
 ParOldGen       total 128000K, used 104390K [0x00000000c0000000, 0x00000000c7d00000, 0x00000000eab00000)
  object space 128000K, 81% used [0x00000000c0000000,0x00000000c65f1898,0x00000000c7d00000)
 Metaspace       used 90274K, committed 91328K, reserved 1179648K
  class space    used 9032K, committed 9472K, reserved 1048576K
}
Event: 36218.997 GC heap after
{Heap after GC invocations=6894 (full 240):
 PSYoungGen      total 2560K, used 467K [0x00000000eab00000, 0x00000000eaf00000, 0x0000000100000000)
  eden space 1536K, 0% used [0x00000000eab00000,0x00000000eab00000,0x00000000eac80000)
  from space 1024K, 45% used [0x00000000eac80000,0x00000000eacf4c60,0x00000000ead80000)
  to   space 1024K, 0% used [0x00000000eae00000,0x00000000eae00000,0x00000000eaf00000)
 ParOldGen       total 128000K, used 105062K [0x00000000c0000000, 0x00000000c7d00000, 0x00000000eab00000)
  object space 128000K, 82% used [0x00000000c0000000,0x00000000c6699898,0x00000000c7d00000)
 Metaspace       used 90274K, committed 91328K, reserved 1179648K
  class space    used 9032K, committed 9472K, reserved 1048576K
}
Event: 36219.000 GC heap before
{Heap before GC invocations=6895 (full 240):
 PSYoungGen      total 2560K, used 2003K [0x00000000eab00000, 0x00000000eaf00000, 0x0000000100000000)
  eden space 1536K, 100% used [0x00000000eab00000,0x00000000eac80000,0x00000000eac80000)
  from space 1024K, 45% used [0x00000000eac80000,0x00000000eacf4c60,0x00000000ead80000)
  to   space 1024K, 0% used [0x00000000eae00000,0x00000000eae00000,0x00000000eaf00000)
 ParOldGen       total 128000K, used 105062K [0x00000000c0000000, 0x00000000c7d00000, 0x00000000eab00000)
  object space 128000K, 82% used [0x00000000c0000000,0x00000000c6699898,0x00000000c7d00000)
 Metaspace       used 90274K, committed 91328K, reserved 1179648K
  class space    used 9032K, committed 9472K, reserved 1048576K
}
Event: 36219.001 GC heap after
{Heap after GC invocations=6895 (full 240):
 PSYoungGen      total 2560K, used 448K [0x00000000eab00000, 0x00000000eae80000, 0x0000000100000000)
  eden space 2048K, 0% used [0x00000000eab00000,0x00000000eab00000,0x00000000ead00000)
  from space 512K, 87% used [0x00000000eae00000,0x00000000eae70030,0x00000000eae80000)
  to   space 512K, 0% used [0x00000000ead80000,0x00000000ead80000,0x00000000eae00000)
 ParOldGen       total 128000K, used 105403K [0x00000000c0000000, 0x00000000c7d00000, 0x00000000eab00000)
  object space 128000K, 82% used [0x00000000c0000000,0x00000000c66eedf8,0x00000000c7d00000)
 Metaspace       used 90274K, committed 91328K, reserved 1179648K
  class space    used 9032K, committed 9472K, reserved 1048576K
}
Event: 36219.008 GC heap before
{Heap before GC invocations=6896 (full 240):
 PSYoungGen      total 2560K, used 2496K [0x00000000eab00000, 0x00000000eae80000, 0x0000000100000000)
  eden space 2048K, 100% used [0x00000000eab00000,0x00000000ead00000,0x00000000ead00000)
  from space 512K, 87% used [0x00000000eae00000,0x00000000eae70030,0x00000000eae80000)
  to   space 512K, 0% used [0x00000000ead80000,0x00000000ead80000,0x00000000eae00000)
 ParOldGen       total 128000K, used 105403K [0x00000000c0000000, 0x00000000c7d00000, 0x00000000eab00000)
  object space 128000K, 82% used [0x00000000c0000000,0x00000000c66eedf8,0x00000000c7d00000)
 Metaspace       used 90275K, committed 91328K, reserved 1179648K
  class space    used 9032K, committed 9472K, reserved 1048576K
}
Event: 36219.009 GC heap after
{Heap after GC invocations=6896 (full 240):
 PSYoungGen      total 3072K, used 512K [0x00000000eab00000, 0x00000000eb080000, 0x0000000100000000)
  eden space 2560K, 0% used [0x00000000eab00000,0x00000000eab00000,0x00000000ead80000)
  from space 512K, 100% used [0x00000000ead80000,0x00000000eae00000,0x00000000eae00000)
  to   space 1536K, 0% used [0x00000000eaf00000,0x00000000eaf00000,0x00000000eb080000)
 ParOldGen       total 128000K, used 106171K [0x00000000c0000000, 0x00000000c7d00000, 0x00000000eab00000)
  object space 128000K, 82% used [0x00000000c0000000,0x00000000c67aee18,0x00000000c7d00000)
 Metaspace       used 90275K, committed 91328K, reserved 1179648K
  class space    used 9032K, committed 9472K, reserved 1048576K
}
Event: 36219.023 GC heap before
{Heap before GC invocations=6897 (full 240):
 PSYoungGen      total 3072K, used 3072K [0x00000000eab00000, 0x00000000eb080000, 0x0000000100000000)
  eden space 2560K, 100% used [0x00000000eab00000,0x00000000ead80000,0x00000000ead80000)
  from space 512K, 100% used [0x00000000ead80000,0x00000000eae00000,0x00000000eae00000)
  to   space 1536K, 0% used [0x00000000eaf00000,0x00000000eaf00000,0x00000000eb080000)
 ParOldGen       total 128000K, used 106171K [0x00000000c0000000, 0x00000000c7d00000, 0x00000000eab00000)
  object space 128000K, 82% used [0x00000000c0000000,0x00000000c67aee18,0x00000000c7d00000)
 Metaspace       used 90278K, committed 91328K, reserved 1179648K
  class space    used 9032K, committed 9472K, reserved 1048576K
}
Event: 36219.024 GC heap after
{Heap after GC invocations=6897 (full 240):
 PSYoungGen      total 4096K, used 800K [0x00000000eab00000, 0x00000000eb000000, 0x0000000100000000)
  eden space 3072K, 0% used [0x00000000eab00000,0x00000000eab00000,0x00000000eae00000)
  from space 1024K, 78% used [0x00000000eaf00000,0x00000000eafc8000,0x00000000eb000000)
  to   space 1024K, 0% used [0x00000000eae00000,0x00000000eae00000,0x00000000eaf00000)
 ParOldGen       total 128000K, used 106699K [0x00000000c0000000, 0x00000000c7d00000, 0x00000000eab00000)
  object space 128000K, 83% used [0x00000000c0000000,0x00000000c6832e18,0x00000000c7d00000)
 Metaspace       used 90278K, committed 91328K, reserved 1179648K
  class space    used 9032K, committed 9472K, reserved 1048576K
}
Event: 36219.031 GC heap before
{Heap before GC invocations=6898 (full 240):
 PSYoungGen      total 4096K, used 3872K [0x00000000eab00000, 0x00000000eb000000, 0x0000000100000000)
  eden space 3072K, 100% used [0x00000000eab00000,0x00000000eae00000,0x00000000eae00000)
  from space 1024K, 78% used [0x00000000eaf00000,0x00000000eafc8000,0x00000000eb000000)
  to   space 1024K, 0% used [0x00000000eae00000,0x00000000eae00000,0x00000000eaf00000)
 ParOldGen       total 128000K, used 106699K [0x00000000c0000000, 0x00000000c7d00000, 0x00000000eab00000)
  object space 128000K, 83% used [0x00000000c0000000,0x00000000c6832e18,0x00000000c7d00000)
 Metaspace       used 90278K, committed 91328K, reserved 1179648K
  class space    used 9032K, committed 9472K, reserved 1048576K
}
Event: 36219.033 GC heap after
{Heap after GC invocations=6898 (full 240):
 PSYoungGen      total 4096K, used 944K [0x00000000eab00000, 0x00000000eb100000, 0x0000000100000000)
  eden space 3072K, 0% used [0x00000000eab00000,0x00000000eab00000,0x00000000eae00000)
  from space 1024K, 92% used [0x00000000eae00000,0x00000000eaeec010,0x00000000eaf00000)
  to   space 1024K, 0% used [0x00000000eb000000,0x00000000eb000000,0x00000000eb100000)
 ParOldGen       total 128000K, used 107347K [0x00000000c0000000, 0x00000000c7d00000, 0x00000000eab00000)
  object space 128000K, 83% used [0x00000000c0000000,0x00000000c68d4e18,0x00000000c7d00000)
 Metaspace       used 90278K, committed 91328K, reserved 1179648K
  class space    used 9032K, committed 9472K, reserved 1048576K
}
Event: 36219.043 GC heap before
{Heap before GC invocations=6899 (full 240):
 PSYoungGen      total 4096K, used 4016K [0x00000000eab00000, 0x00000000eb100000, 0x0000000100000000)
  eden space 3072K, 100% used [0x00000000eab00000,0x00000000eae00000,0x00000000eae00000)
  from space 1024K, 92% used [0x00000000eae00000,0x00000000eaeec010,0x00000000eaf00000)
  to   space 1024K, 0% used [0x00000000eb000000,0x00000000eb000000,0x00000000eb100000)
 ParOldGen       total 128000K, used 107347K [0x00000000c0000000, 0x00000000c7d00000, 0x00000000eab00000)
  object space 128000K, 83% used [0x00000000c0000000,0x00000000c68d4e18,0x00000000c7d00000)
 Metaspace       used 90278K, committed 91328K, reserved 1179648K
  class space    used 9032K, committed 9472K, reserved 1048576K
}
Event: 36219.044 GC heap after
{Heap after GC invocations=6899 (full 240):
 PSYoungGen      total 3584K, used 1024K [0x00000000eab00000, 0x00000000eb400000, 0x0000000100000000)
  eden space 2560K, 0% used [0x00000000eab00000,0x00000000eab00000,0x00000000ead80000)
  from space 1024K, 100% used [0x00000000eb000000,0x00000000eb100000,0x00000000eb100000)
  to   space 2560K, 0% used [0x00000000ead80000,0x00000000ead80000,0x00000000eb000000)
 ParOldGen       total 128000K, used 108277K [0x00000000c0000000, 0x00000000c7d00000, 0x00000000eab00000)
  object space 128000K, 84% used [0x00000000c0000000,0x00000000c69bd758,0x00000000c7d00000)
 Metaspace       used 90278K, committed 91328K, reserved 1179648K
  class space    used 9032K, committed 9472K, reserved 1048576K
}
Event: 36219.049 GC heap before
{Heap before GC invocations=6900 (full 240):
 PSYoungGen      total 3584K, used 3583K [0x00000000eab00000, 0x00000000eb400000, 0x0000000100000000)
  eden space 2560K, 99% used [0x00000000eab00000,0x00000000ead7ffd8,0x00000000ead80000)
  from space 1024K, 100% used [0x00000000eb000000,0x00000000eb100000,0x00000000eb100000)
  to   space 2560K, 0% used [0x00000000ead80000,0x00000000ead80000,0x00000000eb000000)
 ParOldGen       total 128000K, used 108277K [0x00000000c0000000, 0x00000000c7d00000, 0x00000000eab00000)
  object space 128000K, 84% used [0x00000000c0000000,0x00000000c69bd758,0x00000000c7d00000)
 Metaspace       used 90278K, committed 91328K, reserved 1179648K
  class space    used 9032K, committed 9472K, reserved 1048576K
}

