# JRE version: OpenJDK Runtime Environment Temurin-17.0.6+10 (17.0.6+10) (build 17.0.6+10)
# Java VM: OpenJDK 64-Bit Server VM Temurin-17.0.6+10 (17.0.6+10, mixed mode, tiered, compressed oops, compressed class ptrs, parallel gc, windows-amd64)
GC Precious Log:
 CPUs: 8 total, 8 available
 Memory: 10116M
 Large Page Support: Disabled
 NUMA Support: Disabled
 Compressed Oops: Enabled (32-bit)
 Alignments: Space 512K, Generation 512K, Heap 2M
 Heap Min Capacity: 100M
 Heap Initial Capacity: 100M
 Heap Max Capacity: 1G
 Pre-touch: Disabled
 Parallel Workers: 8
Heap:
 PSYoungGen      total 5120K, used 4992K [0x00000000eab00000, 0x00000000eb200000, 0x0000000100000000)
  eden space 3584K, 100% used [0x00000000eab00000,0x00000000eae80000,0x00000000eae80000)
  from space 1536K, 91% used [0x00000000eae80000,0x00000000eafe0000,0x00000000eb000000)
  to   space 1536K, 68% used [0x00000000eb080000,0x00000000eb188000,0x00000000eb200000)
 ParOldGen       total 103936K, used 69641K [0x00000000c0000000, 0x00000000c6580000, 0x00000000eab00000)
  object space 103936K, 67% used [0x00000000c0000000,0x00000000c4402488,0x00000000c6580000)
 Metaspace       used 78851K, committed 79872K, reserved 1122304K
  class space    used 7802K, committed 8256K, reserved 1048576K
GC Heap History (20 events):
Event: 276.415 GC heap after
{Heap after GC invocations=3173 (full 106):
 PSYoungGen      total 2048K, used 590K [0x00000000eab00000, 0x00000000eaf00000, 0x0000000100000000)
  eden space 1024K, 0% used [0x00000000eab00000,0x00000000eab00000,0x00000000eac00000)
  from space 1024K, 57% used [0x00000000eae00000,0x00000000eae93978,0x00000000eaf00000)
  to   space 1024K, 0% used [0x00000000ead00000,0x00000000ead00000,0x00000000eae00000)
 ParOldGen       total 93184K, used 86727K [0x00000000c0000000, 0x00000000c5b00000, 0x00000000eab00000)
  object space 93184K, 93% used [0x00000000c0000000,0x00000000c54b1e88,0x00000000c5b00000)
 Metaspace       used 78848K, committed 79872K, reserved 1122304K
  class space    used 7802K, committed 8256K, reserved 1048576K
}
Event: 276.420 GC heap before
{Heap before GC invocations=3174 (full 106):
 PSYoungGen      total 2048K, used 1614K [0x00000000eab00000, 0x00000000eaf00000, 0x0000000100000000)
  eden space 1024K, 100% used [0x00000000eab00000,0x00000000eac00000,0x00000000eac00000)
  from space 1024K, 57% used [0x00000000eae00000,0x00000000eae93978,0x00000000eaf00000)
  to   space 1024K, 0% used [0x00000000ead00000,0x00000000ead00000,0x00000000eae00000)
 ParOldGen       total 93184K, used 86727K [0x00000000c0000000, 0x00000000c5b00000, 0x00000000eab00000)
  object space 93184K, 93% used [0x00000000c0000000,0x00000000c54b1e88,0x00000000c5b00000)
 Metaspace       used 78848K, committed 79872K, reserved 1122304K
  class space    used 7802K, committed 8256K, reserved 1048576K
}
Event: 276.421 GC heap after
{Heap after GC invocations=3174 (full 106):
 PSYoungGen      total 2560K, used 992K [0x00000000eab00000, 0x00000000eaf80000, 0x0000000100000000)
  eden space 1536K, 0% used [0x00000000eab00000,0x00000000eab00000,0x00000000eac80000)
  from space 1024K, 96% used [0x00000000ead00000,0x00000000eadf8000,0x00000000eae00000)
  to   space 1536K, 0% used [0x00000000eae00000,0x00000000eae00000,0x00000000eaf80000)
 ParOldGen       total 93184K, used 87222K [0x00000000c0000000, 0x00000000c5b00000, 0x00000000eab00000)
  object space 93184K, 93% used [0x00000000c0000000,0x00000000c552d800,0x00000000c5b00000)
 Metaspace       used 78848K, committed 79872K, reserved 1122304K
  class space    used 7802K, committed 8256K, reserved 1048576K
}
Event: 276.425 GC heap before
{Heap before GC invocations=3175 (full 106):
 PSYoungGen      total 2560K, used 2528K [0x00000000eab00000, 0x00000000eaf80000, 0x0000000100000000)
  eden space 1536K, 100% used [0x00000000eab00000,0x00000000eac80000,0x00000000eac80000)
  from space 1024K, 96% used [0x00000000ead00000,0x00000000eadf8000,0x00000000eae00000)
  to   space 1536K, 0% used [0x00000000eae00000,0x00000000eae00000,0x00000000eaf80000)
 ParOldGen       total 93184K, used 87222K [0x00000000c0000000, 0x00000000c5b00000, 0x00000000eab00000)
  object space 93184K, 93% used [0x00000000c0000000,0x00000000c552d800,0x00000000c5b00000)
 Metaspace       used 78848K, committed 79872K, reserved 1122304K
  class space    used 7802K, committed 8256K, reserved 1048576K
}
Event: 276.429 GC heap after
{Heap after GC invocations=3175 (full 106):
 PSYoungGen      total 3072K, used 1056K [0x00000000eab00000, 0x00000000eb000000, 0x0000000100000000)
  eden space 1536K, 0% used [0x00000000eab00000,0x00000000eab00000,0x00000000eac80000)
  from space 1536K, 68% used [0x00000000eae00000,0x00000000eaf08000,0x00000000eaf80000)
  to   space 1536K, 0% used [0x00000000eac80000,0x00000000eac80000,0x00000000eae00000)
 ParOldGen       total 93184K, used 88070K [0x00000000c0000000, 0x00000000c5b00000, 0x00000000eab00000)
  object space 93184K, 94% used [0x00000000c0000000,0x00000000c5601800,0x00000000c5b00000)
 Metaspace       used 78848K, committed 79872K, reserved 1122304K
  class space    used 7802K, committed 8256K, reserved 1048576K
}
Event: 276.433 GC heap before
{Heap before GC invocations=3176 (full 106):
 PSYoungGen      total 3072K, used 2592K [0x00000000eab00000, 0x00000000eb000000, 0x0000000100000000)
  eden space 1536K, 100% used [0x00000000eab00000,0x00000000eac80000,0x00000000eac80000)
  from space 1536K, 68% used [0x00000000eae00000,0x00000000eaf08000,0x00000000eaf80000)
  to   space 1536K, 0% used [0x00000000eac80000,0x00000000eac80000,0x00000000eae00000)
 ParOldGen       total 93184K, used 88070K [0x00000000c0000000, 0x00000000c5b00000, 0x00000000eab00000)
  object space 93184K, 94% used [0x00000000c0000000,0x00000000c5601800,0x00000000c5b00000)
 Metaspace       used 78848K, committed 79872K, reserved 1122304K
  class space    used 7802K, committed 8256K, reserved 1048576K
}
Event: 276.435 GC heap after
{Heap after GC invocations=3176 (full 106):
 PSYoungGen      total 3072K, used 1184K [0x00000000eab00000, 0x00000000eb000000, 0x0000000100000000)
  eden space 1536K, 0% used [0x00000000eab00000,0x00000000eab00000,0x00000000eac80000)
  from space 1536K, 77% used [0x00000000eac80000,0x00000000eada8000,0x00000000eae00000)
  to   space 1536K, 0% used [0x00000000eae80000,0x00000000eae80000,0x00000000eb000000)
 ParOldGen       total 93184K, used 88967K [0x00000000c0000000, 0x00000000c5b00000, 0x00000000eab00000)
  object space 93184K, 95% used [0x00000000c0000000,0x00000000c56e1e78,0x00000000c5b00000)
 Metaspace       used 78848K, committed 79872K, reserved 1122304K
  class space    used 7802K, committed 8256K, reserved 1048576K
}
Event: 276.439 GC heap before
{Heap before GC invocations=3177 (full 106):
 PSYoungGen      total 3072K, used 2720K [0x00000000eab00000, 0x00000000eb000000, 0x0000000100000000)
  eden space 1536K, 100% used [0x00000000eab00000,0x00000000eac80000,0x00000000eac80000)
  from space 1536K, 77% used [0x00000000eac80000,0x00000000eada8000,0x00000000eae00000)
  to   space 1536K, 0% used [0x00000000eae80000,0x00000000eae80000,0x00000000eb000000)
 ParOldGen       total 93184K, used 88967K [0x00000000c0000000, 0x00000000c5b00000, 0x00000000eab00000)
  object space 93184K, 95% used [0x00000000c0000000,0x00000000c56e1e78,0x00000000c5b00000)
 Metaspace       used 78848K, committed 79872K, reserved 1122304K
  class space    used 7802K, committed 8256K, reserved 1048576K
}
Event: 276.441 GC heap after
{Heap after GC invocations=3177 (full 106):
 PSYoungGen      total 3584K, used 1216K [0x00000000eab00000, 0x00000000eb000000, 0x0000000100000000)
  eden space 2048K, 0% used [0x00000000eab00000,0x00000000eab00000,0x00000000ead00000)
  from space 1536K, 79% used [0x00000000eae80000,0x00000000eafb0000,0x00000000eb000000)
  to   space 1536K, 0% used [0x00000000ead00000,0x00000000ead00000,0x00000000eae80000)
 ParOldGen       total 93184K, used 90039K [0x00000000c0000000, 0x00000000c5b00000, 0x00000000eab00000)
  object space 93184K, 96% used [0x00000000c0000000,0x00000000c57ede78,0x00000000c5b00000)
 Metaspace       used 78848K, committed 79872K, reserved 1122304K
  class space    used 7802K, committed 8256K, reserved 1048576K
}
Event: 276.448 GC heap before
{Heap before GC invocations=3178 (full 106):
 PSYoungGen      total 3584K, used 3264K [0x00000000eab00000, 0x00000000eb000000, 0x0000000100000000)
  eden space 2048K, 100% used [0x00000000eab00000,0x00000000ead00000,0x00000000ead00000)
  from space 1536K, 79% used [0x00000000eae80000,0x00000000eafb0000,0x00000000eb000000)
  to   space 1536K, 0% used [0x00000000ead00000,0x00000000ead00000,0x00000000eae80000)
 ParOldGen       total 93184K, used 90039K [0x00000000c0000000, 0x00000000c5b00000, 0x00000000eab00000)
  object space 93184K, 96% used [0x00000000c0000000,0x00000000c57ede78,0x00000000c5b00000)
 Metaspace       used 78848K, committed 79872K, reserved 1122304K
  class space    used 7802K, committed 8256K, reserved 1048576K
}
Event: 276.450 GC heap after
{Heap after GC invocations=3178 (full 106):
 PSYoungGen      total 3584K, used 1504K [0x00000000eab00000, 0x00000000eb180000, 0x0000000100000000)
  eden space 2048K, 0% used [0x00000000eab00000,0x00000000eab00000,0x00000000ead00000)
  from space 1536K, 97% used [0x00000000ead00000,0x00000000eae78000,0x00000000eae80000)
  to   space 2048K, 0% used [0x00000000eaf80000,0x00000000eaf80000,0x00000000eb180000)
 ParOldGen       total 93184K, used 91159K [0x00000000c0000000, 0x00000000c5b00000, 0x00000000eab00000)
  object space 93184K, 97% used [0x00000000c0000000,0x00000000c5905e78,0x00000000c5b00000)
 Metaspace       used 78848K, committed 79872K, reserved 1122304K
  class space    used 7802K, committed 8256K, reserved 1048576K
}
Event: 276.454 GC heap before
{Heap before GC invocations=3179 (full 106):
 PSYoungGen      total 3584K, used 3552K [0x00000000eab00000, 0x00000000eb180000, 0x0000000100000000)
  eden space 2048K, 100% used [0x00000000eab00000,0x00000000ead00000,0x00000000ead00000)
  from space 1536K, 97% used [0x00000000ead00000,0x00000000eae78000,0x00000000eae80000)
  to   space 2048K, 0% used [0x00000000eaf80000,0x00000000eaf80000,0x00000000eb180000)
 ParOldGen       total 93184K, used 91159K [0x00000000c0000000, 0x00000000c5b00000, 0x00000000eab00000)
  object space 93184K, 97% used [0x00000000c0000000,0x00000000c5905e78,0x00000000c5b00000)
 Metaspace       used 78848K, committed 79872K, reserved 1122304K
  class space    used 7802K, committed 8256K, reserved 1048576K
}
Event: 276.458 GC heap after
{Heap after GC invocations=3179 (full 106):
 PSYoungGen      total 4608K, used 1584K [0x00000000eab00000, 0x00000000eb180000, 0x0000000100000000)
  eden space 2560K, 0% used [0x00000000eab00000,0x00000000eab00000,0x00000000ead80000)
  from space 2048K, 77% used [0x00000000eaf80000,0x00000000eb10c010,0x00000000eb180000)
  to   space 2048K, 0% used [0x00000000ead80000,0x00000000ead80000,0x00000000eaf80000)
 ParOldGen       total 93184K, used 92477K [0x00000000c0000000, 0x00000000c5b00000, 0x00000000eab00000)
  object space 93184K, 99% used [0x00000000c0000000,0x00000000c5a4f6f8,0x00000000c5b00000)
 Metaspace       used 78848K, committed 79872K, reserved 1122304K
  class space    used 7802K, committed 8256K, reserved 1048576K
}
Event: 276.458 GC heap before
{Heap before GC invocations=3180 (full 107):
 PSYoungGen      total 4608K, used 1584K [0x00000000eab00000, 0x00000000eb180000, 0x0000000100000000)
  eden space 2560K, 0% used [0x00000000eab00000,0x00000000eab00000,0x00000000ead80000)
  from space 2048K, 77% used [0x00000000eaf80000,0x00000000eb10c010,0x00000000eb180000)
  to   space 2048K, 0% used [0x00000000ead80000,0x00000000ead80000,0x00000000eaf80000)
 ParOldGen       total 93184K, used 92477K [0x00000000c0000000, 0x00000000c5b00000, 0x00000000eab00000)
  object space 93184K, 99% used [0x00000000c0000000,0x00000000c5a4f6f8,0x00000000c5b00000)
 Metaspace       used 78848K, committed 79872K, reserved 1122304K
  class space    used 7802K, committed 8256K, reserved 1048576K
}
Event: 276.565 GC heap after
{Heap after GC invocations=3180 (full 107):
 PSYoungGen      total 4608K, used 0K [0x00000000eab00000, 0x00000000eb200000, 0x0000000100000000)
  eden space 2560K, 0% used [0x00000000eab00000,0x00000000eab00000,0x00000000ead80000)
  from space 2048K, 0% used [0x00000000ead80000,0x00000000ead80000,0x00000000eaf80000)
  to   space 2048K, 0% used [0x00000000eb000000,0x00000000eb000000,0x00000000eb200000)
 ParOldGen       total 103936K, used 67376K [0x00000000c0000000, 0x00000000c6580000, 0x00000000eab00000)
  object space 103936K, 64% used [0x00000000c0000000,0x00000000c41cc2c8,0x00000000c6580000)
 Metaspace       used 78848K, committed 79872K, reserved 1122304K
  class space    used 7802K, committed 8256K, reserved 1048576K
}
Event: 276.571 GC heap before
{Heap before GC invocations=3181 (full 107):
 PSYoungGen      total 4608K, used 2560K [0x00000000eab00000, 0x00000000eb200000, 0x0000000100000000)
  eden space 2560K, 100% used [0x00000000eab00000,0x00000000ead80000,0x00000000ead80000)
  from space 2048K, 0% used [0x00000000ead80000,0x00000000ead80000,0x00000000eaf80000)
  to   space 2048K, 0% used [0x00000000eb000000,0x00000000eb000000,0x00000000eb200000)
 ParOldGen       total 103936K, used 67376K [0x00000000c0000000, 0x00000000c6580000, 0x00000000eab00000)
  object space 103936K, 64% used [0x00000000c0000000,0x00000000c41cc2c8,0x00000000c6580000)
 Metaspace       used 78848K, committed 79872K, reserved 1122304K
  class space    used 7802K, committed 8256K, reserved 1048576K
}
Event: 276.572 GC heap after
{Heap after GC invocations=3181 (full 107):
 PSYoungGen      total 4608K, used 1120K [0x00000000eab00000, 0x00000000eb180000, 0x0000000100000000)
  eden space 3072K, 0% used [0x00000000eab00000,0x00000000eab00000,0x00000000eae00000)
  from space 1536K, 72% used [0x00000000eb000000,0x00000000eb118000,0x00000000eb180000)
  to   space 1536K, 0% used [0x00000000eae80000,0x00000000eae80000,0x00000000eb000000)
 ParOldGen       total 103936K, used 67376K [0x00000000c0000000, 0x00000000c6580000, 0x00000000eab00000)
  object space 103936K, 64% used [0x00000000c0000000,0x00000000c41cc2c8,0x00000000c6580000)
 Metaspace       used 78848K, committed 79872K, reserved 1122304K
  class space    used 7802K, committed 8256K, reserved 1048576K
}
Event: 276.578 GC heap before
{Heap before GC invocations=3182 (full 107):
 PSYoungGen      total 4608K, used 4191K [0x00000000eab00000, 0x00000000eb180000, 0x0000000100000000)
  eden space 3072K, 99% used [0x00000000eab00000,0x00000000eadffff0,0x00000000eae00000)
  from space 1536K, 72% used [0x00000000eb000000,0x00000000eb118000,0x00000000eb180000)
  to   space 1536K, 0% used [0x00000000eae80000,0x00000000eae80000,0x00000000eb000000)
 ParOldGen       total 103936K, used 67376K [0x00000000c0000000, 0x00000000c6580000, 0x00000000eab00000)
  object space 103936K, 64% used [0x00000000c0000000,0x00000000c41cc2c8,0x00000000c6580000)
 Metaspace       used 78848K, committed 79872K, reserved 1122304K
  class space    used 7802K, committed 8256K, reserved 1048576K
}
Event: 276.581 GC heap after
{Heap after GC invocations=3182 (full 107):
 PSYoungGen      total 5120K, used 1408K [0x00000000eab00000, 0x00000000eb200000, 0x0000000100000000)
  eden space 3584K, 0% used [0x00000000eab00000,0x00000000eab00000,0x00000000eae80000)
  from space 1536K, 91% used [0x00000000eae80000,0x00000000eafe0000,0x00000000eb000000)
  to   space 1536K, 0% used [0x00000000eb080000,0x00000000eb080000,0x00000000eb200000)
 ParOldGen       total 103936K, used 68396K [0x00000000c0000000, 0x00000000c6580000, 0x00000000eab00000)
  object space 103936K, 65% used [0x00000000c0000000,0x00000000c42cb240,0x00000000c6580000)
 Metaspace       used 78848K, committed 79872K, reserved 1122304K
  class space    used 7802K, committed 8256K, reserved 1048576K
}
Event: 276.590 GC heap before
{Heap before GC invocations=3183 (full 107):
 PSYoungGen      total 5120K, used 4992K [0x00000000eab00000, 0x00000000eb200000, 0x0000000100000000)
  eden space 3584K, 100% used [0x00000000eab00000,0x00000000eae80000,0x00000000eae80000)
  from space 1536K, 91% used [0x00000000eae80000,0x00000000eafe0000,0x00000000eb000000)
  to   space 1536K, 0% used [0x00000000eb080000,0x00000000eb080000,0x00000000eb200000)
 ParOldGen       total 103936K, used 68396K [0x00000000c0000000, 0x00000000c6580000, 0x00000000eab00000)
  object space 103936K, 65% used [0x00000000c0000000,0x00000000c42cb240,0x00000000c6580000)
 Metaspace       used 78851K, committed 79872K, reserved 1122304K
  class space    used 7802K, committed 8256K, reserved 1048576K
}

