# JRE version: OpenJDK Runtime Environment Temurin-17.0.7+7 (17.0.7+7) (build 17.0.7+7)
# Java VM: OpenJDK 64-Bit Server VM Temurin-17.0.7+7 (17.0.7+7, mixed mode, tiered, compressed oops, compressed class ptrs, parallel gc, windows-amd64)
GC Precious Log:
 CPUs: 8 total, 8 available
 Memory: 10116M
 Large Page Support: Disabled
 NUMA Support: Disabled
 Compressed Oops: Enabled (32-bit)
 Alignments: Space 512K, Generation 512K, Heap 2M
 Heap Min Capacity: 100M
 Heap Initial Capacity: 100M
 Heap Max Capacity: 1G
 Pre-touch: Disabled
 Parallel Workers: 8
Heap:
 PSYoungGen      total 16384K, used 6432K [0x00000000eab00000, 0x00000000ec300000, 0x0000000100000000)
  eden space 9728K, 0% used [0x00000000eab00000,0x00000000eab00000,0x00000000eb480000)
  from space 6656K, 96% used [0x00000000eb800000,0x00000000ebe48000,0x00000000ebe80000)
  to   space 4608K, 0% used [0x00000000ebe80000,0x00000000ebe80000,0x00000000ec300000)
 ParOldGen       total 83968K, used 80964K [0x00000000c0000000, 0x00000000c5200000, 0x00000000eab00000)
  object space 83968K, 96% used [0x00000000c0000000,0x00000000c4f113c0,0x00000000c5200000)
 Metaspace       used 62446K, committed 63488K, reserved 1114112K
  class space    used 6589K, committed 6976K, reserved 1048576K
GC Heap History (20 events):
Event: 13.973 GC heap after
{Heap after GC invocations=35 (full 3):
 PSYoungGen      total 16384K, used 2037K [0x00000000eab00000, 0x00000000ec480000, 0x0000000100000000)
  eden space 14336K, 0% used [0x00000000eab00000,0x00000000eab00000,0x00000000eb900000)
  from space 2048K, 99% used [0x00000000ebd80000,0x00000000ebf7d748,0x00000000ebf80000)
  to   space 4608K, 0% used [0x00000000eb900000,0x00000000eb900000,0x00000000ebd80000)
 ParOldGen       total 68608K, used 34902K [0x00000000c0000000, 0x00000000c4300000, 0x00000000eab00000)
  object space 68608K, 50% used [0x00000000c0000000,0x00000000c2215938,0x00000000c4300000)
 Metaspace       used 60466K, committed 61504K, reserved 1114112K
  class space    used 6470K, committed 6912K, reserved 1048576K
}
Event: 14.133 GC heap before
{Heap before GC invocations=36 (full 3):
 PSYoungGen      total 16384K, used 16356K [0x00000000eab00000, 0x00000000ec480000, 0x0000000100000000)
  eden space 14336K, 99% used [0x00000000eab00000,0x00000000eb8fbb70,0x00000000eb900000)
  from space 2048K, 99% used [0x00000000ebd80000,0x00000000ebf7d748,0x00000000ebf80000)
  to   space 4608K, 0% used [0x00000000eb900000,0x00000000eb900000,0x00000000ebd80000)
 ParOldGen       total 68608K, used 34902K [0x00000000c0000000, 0x00000000c4300000, 0x00000000eab00000)
  object space 68608K, 50% used [0x00000000c0000000,0x00000000c2215938,0x00000000c4300000)
 Metaspace       used 60748K, committed 61760K, reserved 1114112K
  class space    used 6490K, committed 6912K, reserved 1048576K
}
Event: 14.138 GC heap after
{Heap after GC invocations=36 (full 3):
 PSYoungGen      total 16384K, used 1780K [0x00000000eab00000, 0x00000000ebf00000, 0x0000000100000000)
  eden space 14336K, 0% used [0x00000000eab00000,0x00000000eab00000,0x00000000eb900000)
  from space 2048K, 86% used [0x00000000eb900000,0x00000000ebabd370,0x00000000ebb00000)
  to   space 3072K, 0% used [0x00000000ebc00000,0x00000000ebc00000,0x00000000ebf00000)
 ParOldGen       total 68608K, used 36913K [0x00000000c0000000, 0x00000000c4300000, 0x00000000eab00000)
  object space 68608K, 53% used [0x00000000c0000000,0x00000000c240c7e8,0x00000000c4300000)
 Metaspace       used 60748K, committed 61760K, reserved 1114112K
  class space    used 6490K, committed 6912K, reserved 1048576K
}
Event: 14.754 GC heap before
{Heap before GC invocations=37 (full 3):
 PSYoungGen      total 16384K, used 16103K [0x00000000eab00000, 0x00000000ebf00000, 0x0000000100000000)
  eden space 14336K, 99% used [0x00000000eab00000,0x00000000eb8fcbd8,0x00000000eb900000)
  from space 2048K, 86% used [0x00000000eb900000,0x00000000ebabd370,0x00000000ebb00000)
  to   space 3072K, 0% used [0x00000000ebc00000,0x00000000ebc00000,0x00000000ebf00000)
 ParOldGen       total 68608K, used 36913K [0x00000000c0000000, 0x00000000c4300000, 0x00000000eab00000)
  object space 68608K, 53% used [0x00000000c0000000,0x00000000c240c7e8,0x00000000c4300000)
 Metaspace       used 61543K, committed 62592K, reserved 1114112K
  class space    used 6528K, committed 6976K, reserved 1048576K
}
Event: 14.759 GC heap after
{Heap after GC invocations=37 (full 3):
 PSYoungGen      total 12800K, used 3052K [0x00000000eab00000, 0x00000000ec800000, 0x0000000100000000)
  eden space 9728K, 0% used [0x00000000eab00000,0x00000000eab00000,0x00000000eb480000)
  from space 3072K, 99% used [0x00000000ebc00000,0x00000000ebefb2c8,0x00000000ebf00000)
  to   space 7680K, 0% used [0x00000000eb480000,0x00000000eb480000,0x00000000ebc00000)
 ParOldGen       total 68608K, used 40378K [0x00000000c0000000, 0x00000000c4300000, 0x00000000eab00000)
  object space 68608K, 58% used [0x00000000c0000000,0x00000000c276e878,0x00000000c4300000)
 Metaspace       used 61543K, committed 62592K, reserved 1114112K
  class space    used 6528K, committed 6976K, reserved 1048576K
}
Event: 14.890 GC heap before
{Heap before GC invocations=38 (full 3):
 PSYoungGen      total 12800K, used 11306K [0x00000000eab00000, 0x00000000ec800000, 0x0000000100000000)
  eden space 9728K, 84% used [0x00000000eab00000,0x00000000eb30f768,0x00000000eb480000)
  from space 3072K, 99% used [0x00000000ebc00000,0x00000000ebefb2c8,0x00000000ebf00000)
  to   space 7680K, 0% used [0x00000000eb480000,0x00000000eb480000,0x00000000ebc00000)
 ParOldGen       total 68608K, used 40378K [0x00000000c0000000, 0x00000000c4300000, 0x00000000eab00000)
  object space 68608K, 58% used [0x00000000c0000000,0x00000000c276e878,0x00000000c4300000)
 Metaspace       used 61926K, committed 62912K, reserved 1114112K
  class space    used 6564K, committed 6976K, reserved 1048576K
}
Event: 14.895 GC heap after
{Heap after GC invocations=38 (full 3):
 PSYoungGen      total 13824K, used 3588K [0x00000000eab00000, 0x00000000ebe80000, 0x0000000100000000)
  eden space 9728K, 0% used [0x00000000eab00000,0x00000000eab00000,0x00000000eb480000)
  from space 4096K, 87% used [0x00000000eb480000,0x00000000eb801390,0x00000000eb880000)
  to   space 5120K, 0% used [0x00000000eb980000,0x00000000eb980000,0x00000000ebe80000)
 ParOldGen       total 68608K, used 43447K [0x00000000c0000000, 0x00000000c4300000, 0x00000000eab00000)
  object space 68608K, 63% used [0x00000000c0000000,0x00000000c2a6dee0,0x00000000c4300000)
 Metaspace       used 61926K, committed 62912K, reserved 1114112K
  class space    used 6564K, committed 6976K, reserved 1048576K
}
Event: 15.141 GC heap before
{Heap before GC invocations=39 (full 4):
 PSYoungGen      total 13824K, used 13316K [0x00000000eab00000, 0x00000000ebe80000, 0x0000000100000000)
  eden space 9728K, 100% used [0x00000000eab00000,0x00000000eb480000,0x00000000eb480000)
  from space 4096K, 87% used [0x00000000eb480000,0x00000000eb801390,0x00000000eb880000)
  to   space 5120K, 0% used [0x00000000eb980000,0x00000000eb980000,0x00000000ebe80000)
 ParOldGen       total 91136K, used 88446K [0x00000000c0000000, 0x00000000c5900000, 0x00000000eab00000)
  object space 91136K, 97% used [0x00000000c0000000,0x00000000c565fa40,0x00000000c5900000)
 Metaspace       used 62146K, committed 63104K, reserved 1114112K
  class space    used 6572K, committed 6976K, reserved 1048576K
}
Event: 15.219 GC heap after
{Heap after GC invocations=39 (full 4):
 PSYoungGen      total 14848K, used 0K [0x00000000eab00000, 0x00000000ebe80000, 0x0000000100000000)
  eden space 9728K, 0% used [0x00000000eab00000,0x00000000eab00000,0x00000000eb480000)
  from space 5120K, 0% used [0x00000000eb980000,0x00000000eb980000,0x00000000ebe80000)
  to   space 5120K, 0% used [0x00000000eb480000,0x00000000eb480000,0x00000000eb980000)
 ParOldGen       total 83968K, used 55523K [0x00000000c0000000, 0x00000000c5200000, 0x00000000eab00000)
  object space 83968K, 66% used [0x00000000c0000000,0x00000000c3638f30,0x00000000c5200000)
 Metaspace       used 62146K, committed 63104K, reserved 1114112K
  class space    used 6572K, committed 6976K, reserved 1048576K
}
Event: 15.301 GC heap before
{Heap before GC invocations=40 (full 4):
 PSYoungGen      total 14848K, used 9728K [0x00000000eab00000, 0x00000000ebe80000, 0x0000000100000000)
  eden space 9728K, 100% used [0x00000000eab00000,0x00000000eb480000,0x00000000eb480000)
  from space 5120K, 0% used [0x00000000eb980000,0x00000000eb980000,0x00000000ebe80000)
  to   space 5120K, 0% used [0x00000000eb480000,0x00000000eb480000,0x00000000eb980000)
 ParOldGen       total 83968K, used 55523K [0x00000000c0000000, 0x00000000c5200000, 0x00000000eab00000)
  object space 83968K, 66% used [0x00000000c0000000,0x00000000c3638f30,0x00000000c5200000)
 Metaspace       used 62191K, committed 63168K, reserved 1114112K
  class space    used 6578K, committed 6976K, reserved 1048576K
}
Event: 15.307 GC heap after
{Heap after GC invocations=40 (full 4):
 PSYoungGen      total 14848K, used 5120K [0x00000000eab00000, 0x00000000ec280000, 0x0000000100000000)
  eden space 9728K, 0% used [0x00000000eab00000,0x00000000eab00000,0x00000000eb480000)
  from space 5120K, 100% used [0x00000000eb480000,0x00000000eb980000,0x00000000eb980000)
  to   space 7168K, 0% used [0x00000000ebb80000,0x00000000ebb80000,0x00000000ec280000)
 ParOldGen       total 83968K, used 56939K [0x00000000c0000000, 0x00000000c5200000, 0x00000000eab00000)
  object space 83968K, 67% used [0x00000000c0000000,0x00000000c379af30,0x00000000c5200000)
 Metaspace       used 62191K, committed 63168K, reserved 1114112K
  class space    used 6578K, committed 6976K, reserved 1048576K
}
Event: 15.461 GC heap before
{Heap before GC invocations=41 (full 4):
 PSYoungGen      total 14848K, used 14848K [0x00000000eab00000, 0x00000000ec280000, 0x0000000100000000)
  eden space 9728K, 100% used [0x00000000eab00000,0x00000000eb480000,0x00000000eb480000)
  from space 5120K, 100% used [0x00000000eb480000,0x00000000eb980000,0x00000000eb980000)
  to   space 7168K, 0% used [0x00000000ebb80000,0x00000000ebb80000,0x00000000ec280000)
 ParOldGen       total 83968K, used 56939K [0x00000000c0000000, 0x00000000c5200000, 0x00000000eab00000)
  object space 83968K, 67% used [0x00000000c0000000,0x00000000c379af30,0x00000000c5200000)
 Metaspace       used 62257K, committed 63232K, reserved 1114112K
  class space    used 6582K, committed 6976K, reserved 1048576K
}
Event: 15.471 GC heap after
{Heap after GC invocations=41 (full 4):
 PSYoungGen      total 16384K, used 6515K [0x00000000eab00000, 0x00000000ec200000, 0x0000000100000000)
  eden space 9728K, 0% used [0x00000000eab00000,0x00000000eab00000,0x00000000eb480000)
  from space 6656K, 97% used [0x00000000ebb80000,0x00000000ec1dcc60,0x00000000ec200000)
  to   space 6656K, 0% used [0x00000000eb500000,0x00000000eb500000,0x00000000ebb80000)
 ParOldGen       total 83968K, used 61978K [0x00000000c0000000, 0x00000000c5200000, 0x00000000eab00000)
  object space 83968K, 73% used [0x00000000c0000000,0x00000000c3c86bb8,0x00000000c5200000)
 Metaspace       used 62257K, committed 63232K, reserved 1114112K
  class space    used 6582K, committed 6976K, reserved 1048576K
}
Event: 15.514 GC heap before
{Heap before GC invocations=42 (full 4):
 PSYoungGen      total 16384K, used 16243K [0x00000000eab00000, 0x00000000ec200000, 0x0000000100000000)
  eden space 9728K, 100% used [0x00000000eab00000,0x00000000eb480000,0x00000000eb480000)
  from space 6656K, 97% used [0x00000000ebb80000,0x00000000ec1dcc60,0x00000000ec200000)
  to   space 6656K, 0% used [0x00000000eb500000,0x00000000eb500000,0x00000000ebb80000)
 ParOldGen       total 83968K, used 61978K [0x00000000c0000000, 0x00000000c5200000, 0x00000000eab00000)
  object space 83968K, 73% used [0x00000000c0000000,0x00000000c3c86bb8,0x00000000c5200000)
 Metaspace       used 62298K, committed 63232K, reserved 1114112K
  class space    used 6587K, committed 6976K, reserved 1048576K
}
Event: 15.522 GC heap after
{Heap after GC invocations=42 (full 4):
 PSYoungGen      total 16384K, used 6643K [0x00000000eab00000, 0x00000000ed080000, 0x0000000100000000)
  eden space 9728K, 0% used [0x00000000eab00000,0x00000000eab00000,0x00000000eb480000)
  from space 6656K, 99% used [0x00000000eb500000,0x00000000ebb7cc90,0x00000000ebb80000)
  to   space 14336K, 0% used [0x00000000ec280000,0x00000000ec280000,0x00000000ed080000)
 ParOldGen       total 83968K, used 68106K [0x00000000c0000000, 0x00000000c5200000, 0x00000000eab00000)
  object space 83968K, 81% used [0x00000000c0000000,0x00000000c4282bb8,0x00000000c5200000)
 Metaspace       used 62298K, committed 63232K, reserved 1114112K
  class space    used 6587K, committed 6976K, reserved 1048576K
}
Event: 15.619 GC heap before
{Heap before GC invocations=43 (full 4):
 PSYoungGen      total 16384K, used 16371K [0x00000000eab00000, 0x00000000ed080000, 0x0000000100000000)
  eden space 9728K, 100% used [0x00000000eab00000,0x00000000eb480000,0x00000000eb480000)
  from space 6656K, 99% used [0x00000000eb500000,0x00000000ebb7cc90,0x00000000ebb80000)
  to   space 14336K, 0% used [0x00000000ec280000,0x00000000ec280000,0x00000000ed080000)
 ParOldGen       total 83968K, used 68106K [0x00000000c0000000, 0x00000000c5200000, 0x00000000eab00000)
  object space 83968K, 81% used [0x00000000c0000000,0x00000000c4282bb8,0x00000000c5200000)
 Metaspace       used 62349K, committed 63360K, reserved 1114112K
  class space    used 6588K, committed 6976K, reserved 1048576K
}
Event: 15.628 GC heap after
{Heap after GC invocations=43 (full 4):
 PSYoungGen      total 16384K, used 6336K [0x00000000eab00000, 0x00000000ec900000, 0x0000000100000000)
  eden space 9728K, 0% used [0x00000000eab00000,0x00000000eab00000,0x00000000eb480000)
  from space 6656K, 95% used [0x00000000ec280000,0x00000000ec8b0000,0x00000000ec900000)
  to   space 8704K, 0% used [0x00000000eb800000,0x00000000eb800000,0x00000000ec080000)
 ParOldGen       total 83968K, used 74708K [0x00000000c0000000, 0x00000000c5200000, 0x00000000eab00000)
  object space 83968K, 88% used [0x00000000c0000000,0x00000000c48f53c0,0x00000000c5200000)
 Metaspace       used 62349K, committed 63360K, reserved 1114112K
  class space    used 6588K, committed 6976K, reserved 1048576K
}
Event: 15.710 GC heap before
{Heap before GC invocations=44 (full 4):
 PSYoungGen      total 16384K, used 16064K [0x00000000eab00000, 0x00000000ec900000, 0x0000000100000000)
  eden space 9728K, 100% used [0x00000000eab00000,0x00000000eb480000,0x00000000eb480000)
  from space 6656K, 95% used [0x00000000ec280000,0x00000000ec8b0000,0x00000000ec900000)
  to   space 8704K, 0% used [0x00000000eb800000,0x00000000eb800000,0x00000000ec080000)
 ParOldGen       total 83968K, used 74708K [0x00000000c0000000, 0x00000000c5200000, 0x00000000eab00000)
  object space 83968K, 88% used [0x00000000c0000000,0x00000000c48f53c0,0x00000000c5200000)
 Metaspace       used 62446K, committed 63488K, reserved 1114112K
  class space    used 6589K, committed 6976K, reserved 1048576K
}
Event: 15.717 GC heap after
{Heap after GC invocations=44 (full 4):
 PSYoungGen      total 16384K, used 6432K [0x00000000eab00000, 0x00000000ec300000, 0x0000000100000000)
  eden space 9728K, 0% used [0x00000000eab00000,0x00000000eab00000,0x00000000eb480000)
  from space 6656K, 96% used [0x00000000eb800000,0x00000000ebe48000,0x00000000ebe80000)
  to   space 4608K, 0% used [0x00000000ebe80000,0x00000000ebe80000,0x00000000ec300000)
 ParOldGen       total 83968K, used 80964K [0x00000000c0000000, 0x00000000c5200000, 0x00000000eab00000)
  object space 83968K, 96% used [0x00000000c0000000,0x00000000c4f113c0,0x00000000c5200000)
 Metaspace       used 62446K, committed 63488K, reserved 1114112K
  class space    used 6589K, committed 6976K, reserved 1048576K
}
Event: 15.717 GC heap before
{Heap before GC invocations=45 (full 5):
 PSYoungGen      total 16384K, used 6432K [0x00000000eab00000, 0x00000000ec300000, 0x0000000100000000)
  eden space 9728K, 0% used [0x00000000eab00000,0x00000000eab00000,0x00000000eb480000)
  from space 6656K, 96% used [0x00000000eb800000,0x00000000ebe48000,0x00000000ebe80000)
  to   space 4608K, 0% used [0x00000000ebe80000,0x00000000ebe80000,0x00000000ec300000)
 ParOldGen       total 83968K, used 80964K [0x00000000c0000000, 0x00000000c5200000, 0x00000000eab00000)
  object space 83968K, 96% used [0x00000000c0000000,0x00000000c4f113c0,0x00000000c5200000)
 Metaspace       used 62446K, committed 63488K, reserved 1114112K
  class space    used 6589K, committed 6976K, reserved 1048576K
}

