# JRE version: OpenJDK Runtime Environment Temurin-17.0.7+7 (17.0.7+7) (build 17.0.7+7)
# Java VM: OpenJDK 64-Bit Server VM Temurin-17.0.7+7 (17.0.7+7, mixed mode, tiered, compressed oops, compressed class ptrs, parallel gc, windows-amd64)
GC Precious Log:
 CPUs: 8 total, 8 available
 Memory: 10116M
 Large Page Support: Disabled
 NUMA Support: Disabled
 Compressed Oops: Enabled (32-bit)
 Alignments: Space 512K, Generation 512K, Heap 2M
 Heap Min Capacity: 100M
 Heap Initial Capacity: 100M
 Heap Max Capacity: 1G
 Pre-touch: Disabled
 Parallel Workers: 8
Heap:
 PSYoungGen      total 7680K, used 4253K [0x00000000eab00000, 0x00000000eb780000, 0x0000000100000000)
  eden space 5120K, 39% used [0x00000000eab00000,0x00000000eacff458,0x00000000eb000000)
  from space 2560K, 86% used [0x00000000eb500000,0x00000000eb728000,0x00000000eb780000)
  to   space 3584K, 0% used [0x00000000eb080000,0x00000000eb080000,0x00000000eb400000)
 ParOldGen       total 79872K, used 51450K [0x00000000c0000000, 0x00000000c4e00000, 0x00000000eab00000)
  object space 79872K, 64% used [0x00000000c0000000,0x00000000c323e830,0x00000000c4e00000)
 Metaspace       used 76239K, committed 77312K, reserved 1179648K
  class space    used 7952K, committed 8448K, reserved 1048576K
GC Heap History (20 events):
Event: 78.150 GC heap before
{Heap before GC invocations=586 (full 25):
 PSYoungGen      total 2048K, used 1600K [0x00000000eab00000, 0x00000000eb000000, 0x0000000100000000)
  eden space 1024K, 100% used [0x00000000eab00000,0x00000000eac00000,0x00000000eac00000)
  from space 1024K, 56% used [0x00000000eaf00000,0x00000000eaf90000,0x00000000eb000000)
  to   space 1024K, 0% used [0x00000000eae00000,0x00000000eae00000,0x00000000eaf00000)
 ParOldGen       total 81408K, used 77002K [0x00000000c0000000, 0x00000000c4f80000, 0x00000000eab00000)
  object space 81408K, 94% used [0x00000000c0000000,0x00000000c4b32b48,0x00000000c4f80000)
 Metaspace       used 76227K, committed 77312K, reserved 1179648K
  class space    used 7949K, committed 8448K, reserved 1048576K
}
Event: 78.152 GC heap after
{Heap after GC invocations=586 (full 25):
 PSYoungGen      total 2560K, used 1024K [0x00000000eab00000, 0x00000000eb080000, 0x0000000100000000)
  eden space 1536K, 0% used [0x00000000eab00000,0x00000000eab00000,0x00000000eac80000)
  from space 1024K, 100% used [0x00000000eae00000,0x00000000eaf00000,0x00000000eaf00000)
  to   space 1536K, 0% used [0x00000000eaf00000,0x00000000eaf00000,0x00000000eb080000)
 ParOldGen       total 81408K, used 77506K [0x00000000c0000000, 0x00000000c4f80000, 0x00000000eab00000)
  object space 81408K, 95% used [0x00000000c0000000,0x00000000c4bb0b48,0x00000000c4f80000)
 Metaspace       used 76227K, committed 77312K, reserved 1179648K
  class space    used 7949K, committed 8448K, reserved 1048576K
}
Event: 78.160 GC heap before
{Heap before GC invocations=587 (full 25):
 PSYoungGen      total 2560K, used 2498K [0x00000000eab00000, 0x00000000eb080000, 0x0000000100000000)
  eden space 1536K, 95% used [0x00000000eab00000,0x00000000eac708a0,0x00000000eac80000)
  from space 1024K, 100% used [0x00000000eae00000,0x00000000eaf00000,0x00000000eaf00000)
  to   space 1536K, 0% used [0x00000000eaf00000,0x00000000eaf00000,0x00000000eb080000)
 ParOldGen       total 81408K, used 77506K [0x00000000c0000000, 0x00000000c4f80000, 0x00000000eab00000)
  object space 81408K, 95% used [0x00000000c0000000,0x00000000c4bb0b48,0x00000000c4f80000)
 Metaspace       used 76227K, committed 77312K, reserved 1179648K
  class space    used 7949K, committed 8448K, reserved 1048576K
}
Event: 78.162 GC heap after
{Heap after GC invocations=587 (full 25):
 PSYoungGen      total 3584K, used 1256K [0x00000000eab00000, 0x00000000eb080000, 0x0000000100000000)
  eden space 2048K, 0% used [0x00000000eab00000,0x00000000eab00000,0x00000000ead00000)
  from space 1536K, 81% used [0x00000000eaf00000,0x00000000eb03a000,0x00000000eb080000)
  to   space 1536K, 0% used [0x00000000ead80000,0x00000000ead80000,0x00000000eaf00000)
 ParOldGen       total 81408K, used 78482K [0x00000000c0000000, 0x00000000c4f80000, 0x00000000eab00000)
  object space 81408K, 96% used [0x00000000c0000000,0x00000000c4ca4b48,0x00000000c4f80000)
 Metaspace       used 76227K, committed 77312K, reserved 1179648K
  class space    used 7949K, committed 8448K, reserved 1048576K
}
Event: 78.204 GC heap before
{Heap before GC invocations=588 (full 25):
 PSYoungGen      total 3584K, used 3304K [0x00000000eab00000, 0x00000000eb080000, 0x0000000100000000)
  eden space 2048K, 100% used [0x00000000eab00000,0x00000000ead00000,0x00000000ead00000)
  from space 1536K, 81% used [0x00000000eaf00000,0x00000000eb03a000,0x00000000eb080000)
  to   space 1536K, 0% used [0x00000000ead80000,0x00000000ead80000,0x00000000eaf00000)
 ParOldGen       total 81408K, used 78482K [0x00000000c0000000, 0x00000000c4f80000, 0x00000000eab00000)
  object space 81408K, 96% used [0x00000000c0000000,0x00000000c4ca4b48,0x00000000c4f80000)
 Metaspace       used 76228K, committed 77312K, reserved 1179648K
  class space    used 7949K, committed 8448K, reserved 1048576K
}
Event: 78.207 GC heap after
{Heap after GC invocations=588 (full 25):
 PSYoungGen      total 4096K, used 1530K [0x00000000eab00000, 0x00000000eb480000, 0x0000000100000000)
  eden space 2560K, 0% used [0x00000000eab00000,0x00000000eab00000,0x00000000ead80000)
  from space 1536K, 99% used [0x00000000ead80000,0x00000000eaefea70,0x00000000eaf00000)
  to   space 3584K, 0% used [0x00000000eb100000,0x00000000eb100000,0x00000000eb480000)
 ParOldGen       total 81408K, used 79790K [0x00000000c0000000, 0x00000000c4f80000, 0x00000000eab00000)
  object space 81408K, 98% used [0x00000000c0000000,0x00000000c4debb48,0x00000000c4f80000)
 Metaspace       used 76228K, committed 77312K, reserved 1179648K
  class space    used 7949K, committed 8448K, reserved 1048576K
}
Event: 78.214 GC heap before
{Heap before GC invocations=589 (full 25):
 PSYoungGen      total 4096K, used 4077K [0x00000000eab00000, 0x00000000eb480000, 0x0000000100000000)
  eden space 2560K, 99% used [0x00000000eab00000,0x00000000ead7cba8,0x00000000ead80000)
  from space 1536K, 99% used [0x00000000ead80000,0x00000000eaefea70,0x00000000eaf00000)
  to   space 3584K, 0% used [0x00000000eb100000,0x00000000eb100000,0x00000000eb480000)
 ParOldGen       total 81408K, used 79790K [0x00000000c0000000, 0x00000000c4f80000, 0x00000000eab00000)
  object space 81408K, 98% used [0x00000000c0000000,0x00000000c4debb48,0x00000000c4f80000)
 Metaspace       used 76228K, committed 77312K, reserved 1179648K
  class space    used 7949K, committed 8448K, reserved 1048576K
}
Event: 78.217 GC heap after
{Heap after GC invocations=589 (full 25):
 PSYoungGen      total 6144K, used 2613K [0x00000000eab00000, 0x00000000eb400000, 0x0000000100000000)
  eden space 3072K, 0% used [0x00000000eab00000,0x00000000eab00000,0x00000000eae00000)
  from space 3072K, 85% used [0x00000000eb100000,0x00000000eb38d400,0x00000000eb400000)
  to   space 3072K, 0% used [0x00000000eae00000,0x00000000eae00000,0x00000000eb100000)
 ParOldGen       total 81920K, used 81720K [0x00000000c0000000, 0x00000000c5000000, 0x00000000eab00000)
  object space 81920K, 99% used [0x00000000c0000000,0x00000000c4fce028,0x00000000c5000000)
 Metaspace       used 76228K, committed 77312K, reserved 1179648K
  class space    used 7949K, committed 8448K, reserved 1048576K
}
Event: 78.217 GC heap before
{Heap before GC invocations=590 (full 26):
 PSYoungGen      total 6144K, used 2613K [0x00000000eab00000, 0x00000000eb400000, 0x0000000100000000)
  eden space 3072K, 0% used [0x00000000eab00000,0x00000000eab00000,0x00000000eae00000)
  from space 3072K, 85% used [0x00000000eb100000,0x00000000eb38d400,0x00000000eb400000)
  to   space 3072K, 0% used [0x00000000eae00000,0x00000000eae00000,0x00000000eb100000)
 ParOldGen       total 81920K, used 81720K [0x00000000c0000000, 0x00000000c5000000, 0x00000000eab00000)
  object space 81920K, 99% used [0x00000000c0000000,0x00000000c4fce028,0x00000000c5000000)
 Metaspace       used 76228K, committed 77312K, reserved 1179648K
  class space    used 7949K, committed 8448K, reserved 1048576K
}
Event: 78.288 GC heap after
{Heap after GC invocations=590 (full 26):
 PSYoungGen      total 6144K, used 0K [0x00000000eab00000, 0x00000000eb500000, 0x0000000100000000)
  eden space 3072K, 0% used [0x00000000eab00000,0x00000000eab00000,0x00000000eae00000)
  from space 3072K, 0% used [0x00000000eae00000,0x00000000eae00000,0x00000000eb100000)
  to   space 3072K, 0% used [0x00000000eb200000,0x00000000eb200000,0x00000000eb500000)
 ParOldGen       total 79872K, used 44792K [0x00000000c0000000, 0x00000000c4e00000, 0x00000000eab00000)
  object space 79872K, 56% used [0x00000000c0000000,0x00000000c2bbe140,0x00000000c4e00000)
 Metaspace       used 76228K, committed 77312K, reserved 1179648K
  class space    used 7949K, committed 8448K, reserved 1048576K
}
Event: 78.344 GC heap before
{Heap before GC invocations=591 (full 26):
 PSYoungGen      total 6144K, used 3072K [0x00000000eab00000, 0x00000000eb500000, 0x0000000100000000)
  eden space 3072K, 100% used [0x00000000eab00000,0x00000000eae00000,0x00000000eae00000)
  from space 3072K, 0% used [0x00000000eae00000,0x00000000eae00000,0x00000000eb100000)
  to   space 3072K, 0% used [0x00000000eb200000,0x00000000eb200000,0x00000000eb500000)
 ParOldGen       total 79872K, used 44792K [0x00000000c0000000, 0x00000000c4e00000, 0x00000000eab00000)
  object space 79872K, 56% used [0x00000000c0000000,0x00000000c2bbe140,0x00000000c4e00000)
 Metaspace       used 76238K, committed 77312K, reserved 1179648K
  class space    used 7952K, committed 8448K, reserved 1048576K
}
Event: 78.346 GC heap after
{Heap after GC invocations=591 (full 26):
 PSYoungGen      total 6656K, used 2278K [0x00000000eab00000, 0x00000000eb480000, 0x0000000100000000)
  eden space 4096K, 0% used [0x00000000eab00000,0x00000000eab00000,0x00000000eaf00000)
  from space 2560K, 89% used [0x00000000eb200000,0x00000000eb439a70,0x00000000eb480000)
  to   space 2560K, 0% used [0x00000000eaf80000,0x00000000eaf80000,0x00000000eb200000)
 ParOldGen       total 79872K, used 44792K [0x00000000c0000000, 0x00000000c4e00000, 0x00000000eab00000)
  object space 79872K, 56% used [0x00000000c0000000,0x00000000c2bbe140,0x00000000c4e00000)
 Metaspace       used 76238K, committed 77312K, reserved 1179648K
  class space    used 7952K, committed 8448K, reserved 1048576K
}
Event: 78.363 GC heap before
{Heap before GC invocations=592 (full 26):
 PSYoungGen      total 6656K, used 6374K [0x00000000eab00000, 0x00000000eb480000, 0x0000000100000000)
  eden space 4096K, 100% used [0x00000000eab00000,0x00000000eaf00000,0x00000000eaf00000)
  from space 2560K, 89% used [0x00000000eb200000,0x00000000eb439a70,0x00000000eb480000)
  to   space 2560K, 0% used [0x00000000eaf80000,0x00000000eaf80000,0x00000000eb200000)
 ParOldGen       total 79872K, used 44792K [0x00000000c0000000, 0x00000000c4e00000, 0x00000000eab00000)
  object space 79872K, 56% used [0x00000000c0000000,0x00000000c2bbe140,0x00000000c4e00000)
 Metaspace       used 76238K, committed 77312K, reserved 1179648K
  class space    used 7952K, committed 8448K, reserved 1048576K
}
Event: 78.366 GC heap after
{Heap after GC invocations=592 (full 26):
 PSYoungGen      total 5632K, used 1126K [0x00000000eab00000, 0x00000000eb300000, 0x0000000100000000)
  eden space 4096K, 0% used [0x00000000eab00000,0x00000000eab00000,0x00000000eaf00000)
  from space 1536K, 73% used [0x00000000eaf80000,0x00000000eb099a70,0x00000000eb100000)
  to   space 2048K, 0% used [0x00000000eb100000,0x00000000eb100000,0x00000000eb300000)
 ParOldGen       total 79872K, used 46093K [0x00000000c0000000, 0x00000000c4e00000, 0x00000000eab00000)
  object space 79872K, 57% used [0x00000000c0000000,0x00000000c2d03540,0x00000000c4e00000)
 Metaspace       used 76238K, committed 77312K, reserved 1179648K
  class space    used 7952K, committed 8448K, reserved 1048576K
}
Event: 78.380 GC heap before
{Heap before GC invocations=593 (full 26):
 PSYoungGen      total 5632K, used 5222K [0x00000000eab00000, 0x00000000eb300000, 0x0000000100000000)
  eden space 4096K, 100% used [0x00000000eab00000,0x00000000eaf00000,0x00000000eaf00000)
  from space 1536K, 73% used [0x00000000eaf80000,0x00000000eb099a70,0x00000000eb100000)
  to   space 2048K, 0% used [0x00000000eb100000,0x00000000eb100000,0x00000000eb300000)
 ParOldGen       total 79872K, used 46093K [0x00000000c0000000, 0x00000000c4e00000, 0x00000000eab00000)
  object space 79872K, 57% used [0x00000000c0000000,0x00000000c2d03540,0x00000000c4e00000)
 Metaspace       used 76238K, committed 77312K, reserved 1179648K
  class space    used 7952K, committed 8448K, reserved 1048576K
}
Event: 78.381 GC heap after
{Heap after GC invocations=593 (full 26):
 PSYoungGen      total 6144K, used 1547K [0x00000000eab00000, 0x00000000eb300000, 0x0000000100000000)
  eden space 4096K, 0% used [0x00000000eab00000,0x00000000eab00000,0x00000000eaf00000)
  from space 2048K, 75% used [0x00000000eb100000,0x00000000eb282c68,0x00000000eb300000)
  to   space 2048K, 0% used [0x00000000eaf00000,0x00000000eaf00000,0x00000000eb100000)
 ParOldGen       total 79872K, used 46157K [0x00000000c0000000, 0x00000000c4e00000, 0x00000000eab00000)
  object space 79872K, 57% used [0x00000000c0000000,0x00000000c2d13540,0x00000000c4e00000)
 Metaspace       used 76238K, committed 77312K, reserved 1179648K
  class space    used 7952K, committed 8448K, reserved 1048576K
}
Event: 78.391 GC heap before
{Heap before GC invocations=594 (full 26):
 PSYoungGen      total 6144K, used 5643K [0x00000000eab00000, 0x00000000eb300000, 0x0000000100000000)
  eden space 4096K, 100% used [0x00000000eab00000,0x00000000eaf00000,0x00000000eaf00000)
  from space 2048K, 75% used [0x00000000eb100000,0x00000000eb282c68,0x00000000eb300000)
  to   space 2048K, 0% used [0x00000000eaf00000,0x00000000eaf00000,0x00000000eb100000)
 ParOldGen       total 79872K, used 46157K [0x00000000c0000000, 0x00000000c4e00000, 0x00000000eab00000)
  object space 79872K, 57% used [0x00000000c0000000,0x00000000c2d13540,0x00000000c4e00000)
 Metaspace       used 76238K, committed 77312K, reserved 1179648K
  class space    used 7952K, committed 8448K, reserved 1048576K
}
Event: 78.394 GC heap after
{Heap after GC invocations=594 (full 26):
 PSYoungGen      total 6144K, used 2048K [0x00000000eab00000, 0x00000000ebb00000, 0x0000000100000000)
  eden space 4096K, 0% used [0x00000000eab00000,0x00000000eab00000,0x00000000eaf00000)
  from space 2048K, 100% used [0x00000000eaf00000,0x00000000eb100000,0x00000000eb100000)
  to   space 6144K, 0% used [0x00000000eb500000,0x00000000eb500000,0x00000000ebb00000)
 ParOldGen       total 79872K, used 49354K [0x00000000c0000000, 0x00000000c4e00000, 0x00000000eab00000)
  object space 79872K, 61% used [0x00000000c0000000,0x00000000c3032830,0x00000000c4e00000)
 Metaspace       used 76238K, committed 77312K, reserved 1179648K
  class space    used 7952K, committed 8448K, reserved 1048576K
}
Event: 78.408 GC heap before
{Heap before GC invocations=595 (full 26):
 PSYoungGen      total 6144K, used 6144K [0x00000000eab00000, 0x00000000ebb00000, 0x0000000100000000)
  eden space 4096K, 100% used [0x00000000eab00000,0x00000000eaf00000,0x00000000eaf00000)
  from space 2048K, 100% used [0x00000000eaf00000,0x00000000eb100000,0x00000000eb100000)
  to   space 6144K, 0% used [0x00000000eb500000,0x00000000eb500000,0x00000000ebb00000)
 ParOldGen       total 79872K, used 49354K [0x00000000c0000000, 0x00000000c4e00000, 0x00000000eab00000)
  object space 79872K, 61% used [0x00000000c0000000,0x00000000c3032830,0x00000000c4e00000)
 Metaspace       used 76238K, committed 77312K, reserved 1179648K
  class space    used 7952K, committed 8448K, reserved 1048576K
}
Event: 78.411 GC heap after
{Heap after GC invocations=595 (full 26):
 PSYoungGen      total 7680K, used 2208K [0x00000000eab00000, 0x00000000eb780000, 0x0000000100000000)
  eden space 5120K, 0% used [0x00000000eab00000,0x00000000eab00000,0x00000000eb000000)
  from space 2560K, 86% used [0x00000000eb500000,0x00000000eb728000,0x00000000eb780000)
  to   space 3584K, 0% used [0x00000000eb080000,0x00000000eb080000,0x00000000eb400000)
 ParOldGen       total 79872K, used 51450K [0x00000000c0000000, 0x00000000c4e00000, 0x00000000eab00000)
  object space 79872K, 64% used [0x00000000c0000000,0x00000000c323e830,0x00000000c4e00000)
 Metaspace       used 76238K, committed 77312K, reserved 1179648K
  class space    used 7952K, committed 8448K, reserved 1048576K
}

