# JRE version: OpenJDK Runtime Environment Temurin-17.0.7+7 (17.0.7+7) (build 17.0.7+7)
# Java VM: OpenJDK 64-Bit Server VM Temurin-17.0.7+7 (17.0.7+7, mixed mode, tiered, compressed oops, compressed class ptrs, parallel gc, windows-amd64)
GC Precious Log:
 CPUs: 8 total, 8 available
 Memory: 10116M
 Large Page Support: Disabled
 NUMA Support: Disabled
 Compressed Oops: Enabled (32-bit)
 Alignments: Space 512K, Generation 512K, Heap 2M
 Heap Min Capacity: 100M
 Heap Initial Capacity: 100M
 Heap Max Capacity: 1G
 Pre-touch: Disabled
 Parallel Workers: 8
Heap:
 PSYoungGen      total 3072K, used 2268K [0x00000000eab00000, 0x00000000eaf00000, 0x0000000100000000)
  eden space 2048K, 77% used [0x00000000eab00000,0x00000000eac8f120,0x00000000ead00000)
  from space 1024K, 65% used [0x00000000eae00000,0x00000000eaea8000,0x00000000eaf00000)
  to   space 1024K, 0% used [0x00000000ead00000,0x00000000ead00000,0x00000000eae00000)
 ParOldGen       total 128000K, used 108285K [0x00000000c0000000, 0x00000000c7d00000, 0x00000000eab00000)
  object space 128000K, 84% used [0x00000000c0000000,0x00000000c69bf420,0x00000000c7d00000)
 Metaspace       used 73067K, committed 74048K, reserved 1179648K
  class space    used 7672K, committed 8064K, reserved 1048576K
GC Heap History (20 events):
Event: 119.372 GC heap before
{Heap before GC invocations=249 (full 9):
 PSYoungGen      total 3072K, used 2815K [0x00000000eab00000, 0x00000000eaf80000, 0x0000000100000000)
  eden space 2048K, 99% used [0x00000000eab00000,0x00000000eacfffe0,0x00000000ead00000)
  from space 1024K, 75% used [0x00000000eae80000,0x00000000eaf40000,0x00000000eaf80000)
  to   space 1024K, 0% used [0x00000000ead00000,0x00000000ead00000,0x00000000eae00000)
 ParOldGen       total 128000K, used 101582K [0x00000000c0000000, 0x00000000c7d00000, 0x00000000eab00000)
  object space 128000K, 79% used [0x00000000c0000000,0x00000000c6333988,0x00000000c7d00000)
 Metaspace       used 72874K, committed 73856K, reserved 1179648K
  class space    used 7652K, committed 8064K, reserved 1048576K
}
Event: 119.374 GC heap after
{Heap after GC invocations=249 (full 9):
 PSYoungGen      total 3072K, used 544K [0x00000000eab00000, 0x00000000eaf00000, 0x0000000100000000)
  eden space 2048K, 0% used [0x00000000eab00000,0x00000000eab00000,0x00000000ead00000)
  from space 1024K, 53% used [0x00000000ead00000,0x00000000ead88000,0x00000000eae00000)
  to   space 1024K, 0% used [0x00000000eae00000,0x00000000eae00000,0x00000000eaf00000)
 ParOldGen       total 128000K, used 102262K [0x00000000c0000000, 0x00000000c7d00000, 0x00000000eab00000)
  object space 128000K, 79% used [0x00000000c0000000,0x00000000c63dda28,0x00000000c7d00000)
 Metaspace       used 72874K, committed 73856K, reserved 1179648K
  class space    used 7652K, committed 8064K, reserved 1048576K
}
Event: 119.395 GC heap before
{Heap before GC invocations=250 (full 9):
 PSYoungGen      total 3072K, used 2592K [0x00000000eab00000, 0x00000000eaf00000, 0x0000000100000000)
  eden space 2048K, 100% used [0x00000000eab00000,0x00000000ead00000,0x00000000ead00000)
  from space 1024K, 53% used [0x00000000ead00000,0x00000000ead88000,0x00000000eae00000)
  to   space 1024K, 0% used [0x00000000eae00000,0x00000000eae00000,0x00000000eaf00000)
 ParOldGen       total 128000K, used 102262K [0x00000000c0000000, 0x00000000c7d00000, 0x00000000eab00000)
  object space 128000K, 79% used [0x00000000c0000000,0x00000000c63dda28,0x00000000c7d00000)
 Metaspace       used 72877K, committed 73856K, reserved 1179648K
  class space    used 7652K, committed 8064K, reserved 1048576K
}
Event: 119.397 GC heap after
{Heap after GC invocations=250 (full 9):
 PSYoungGen      total 3072K, used 624K [0x00000000eab00000, 0x00000000eaf00000, 0x0000000100000000)
  eden space 2048K, 0% used [0x00000000eab00000,0x00000000eab00000,0x00000000ead00000)
  from space 1024K, 60% used [0x00000000eae00000,0x00000000eae9c010,0x00000000eaf00000)
  to   space 1024K, 0% used [0x00000000ead00000,0x00000000ead00000,0x00000000eae00000)
 ParOldGen       total 128000K, used 102690K [0x00000000c0000000, 0x00000000c7d00000, 0x00000000eab00000)
  object space 128000K, 80% used [0x00000000c0000000,0x00000000c6448a80,0x00000000c7d00000)
 Metaspace       used 72877K, committed 73856K, reserved 1179648K
  class space    used 7652K, committed 8064K, reserved 1048576K
}
Event: 119.417 GC heap before
{Heap before GC invocations=251 (full 9):
 PSYoungGen      total 3072K, used 2672K [0x00000000eab00000, 0x00000000eaf00000, 0x0000000100000000)
  eden space 2048K, 100% used [0x00000000eab00000,0x00000000ead00000,0x00000000ead00000)
  from space 1024K, 60% used [0x00000000eae00000,0x00000000eae9c010,0x00000000eaf00000)
  to   space 1024K, 0% used [0x00000000ead00000,0x00000000ead00000,0x00000000eae00000)
 ParOldGen       total 128000K, used 102690K [0x00000000c0000000, 0x00000000c7d00000, 0x00000000eab00000)
  object space 128000K, 80% used [0x00000000c0000000,0x00000000c6448a80,0x00000000c7d00000)
 Metaspace       used 72891K, committed 73856K, reserved 1179648K
  class space    used 7652K, committed 8064K, reserved 1048576K
}
Event: 119.419 GC heap after
{Heap after GC invocations=251 (full 9):
 PSYoungGen      total 3072K, used 864K [0x00000000eab00000, 0x00000000eaf00000, 0x0000000100000000)
  eden space 2048K, 0% used [0x00000000eab00000,0x00000000eab00000,0x00000000ead00000)
  from space 1024K, 84% used [0x00000000ead00000,0x00000000eadd8000,0x00000000eae00000)
  to   space 1024K, 0% used [0x00000000eae00000,0x00000000eae00000,0x00000000eaf00000)
 ParOldGen       total 128000K, used 103258K [0x00000000c0000000, 0x00000000c7d00000, 0x00000000eab00000)
  object space 128000K, 80% used [0x00000000c0000000,0x00000000c64d6b48,0x00000000c7d00000)
 Metaspace       used 72891K, committed 73856K, reserved 1179648K
  class space    used 7652K, committed 8064K, reserved 1048576K
}
Event: 119.438 GC heap before
{Heap before GC invocations=252 (full 9):
 PSYoungGen      total 3072K, used 2912K [0x00000000eab00000, 0x00000000eaf00000, 0x0000000100000000)
  eden space 2048K, 100% used [0x00000000eab00000,0x00000000ead00000,0x00000000ead00000)
  from space 1024K, 84% used [0x00000000ead00000,0x00000000eadd8000,0x00000000eae00000)
  to   space 1024K, 0% used [0x00000000eae00000,0x00000000eae00000,0x00000000eaf00000)
 ParOldGen       total 128000K, used 103258K [0x00000000c0000000, 0x00000000c7d00000, 0x00000000eab00000)
  object space 128000K, 80% used [0x00000000c0000000,0x00000000c64d6b48,0x00000000c7d00000)
 Metaspace       used 72903K, committed 73856K, reserved 1179648K
  class space    used 7652K, committed 8064K, reserved 1048576K
}
Event: 119.441 GC heap after
{Heap after GC invocations=252 (full 9):
 PSYoungGen      total 3072K, used 831K [0x00000000eab00000, 0x00000000eaf00000, 0x0000000100000000)
  eden space 2048K, 0% used [0x00000000eab00000,0x00000000eab00000,0x00000000ead00000)
  from space 1024K, 81% used [0x00000000eae00000,0x00000000eaecfc90,0x00000000eaf00000)
  to   space 1024K, 0% used [0x00000000ead00000,0x00000000ead00000,0x00000000eae00000)
 ParOldGen       total 128000K, used 104018K [0x00000000c0000000, 0x00000000c7d00000, 0x00000000eab00000)
  object space 128000K, 81% used [0x00000000c0000000,0x00000000c6594b68,0x00000000c7d00000)
 Metaspace       used 72903K, committed 73856K, reserved 1179648K
  class space    used 7652K, committed 8064K, reserved 1048576K
}
Event: 119.465 GC heap before
{Heap before GC invocations=253 (full 9):
 PSYoungGen      total 3072K, used 2879K [0x00000000eab00000, 0x00000000eaf00000, 0x0000000100000000)
  eden space 2048K, 100% used [0x00000000eab00000,0x00000000ead00000,0x00000000ead00000)
  from space 1024K, 81% used [0x00000000eae00000,0x00000000eaecfc90,0x00000000eaf00000)
  to   space 1024K, 0% used [0x00000000ead00000,0x00000000ead00000,0x00000000eae00000)
 ParOldGen       total 128000K, used 104018K [0x00000000c0000000, 0x00000000c7d00000, 0x00000000eab00000)
  object space 128000K, 81% used [0x00000000c0000000,0x00000000c6594b68,0x00000000c7d00000)
 Metaspace       used 72904K, committed 73856K, reserved 1179648K
  class space    used 7652K, committed 8064K, reserved 1048576K
}
Event: 119.468 GC heap after
{Heap after GC invocations=253 (full 9):
 PSYoungGen      total 3072K, used 832K [0x00000000eab00000, 0x00000000eaf00000, 0x0000000100000000)
  eden space 2048K, 0% used [0x00000000eab00000,0x00000000eab00000,0x00000000ead00000)
  from space 1024K, 81% used [0x00000000ead00000,0x00000000eadd0000,0x00000000eae00000)
  to   space 1024K, 0% used [0x00000000eae00000,0x00000000eae00000,0x00000000eaf00000)
 ParOldGen       total 128000K, used 104716K [0x00000000c0000000, 0x00000000c7d00000, 0x00000000eab00000)
  object space 128000K, 81% used [0x00000000c0000000,0x00000000c6643128,0x00000000c7d00000)
 Metaspace       used 72904K, committed 73856K, reserved 1179648K
  class space    used 7652K, committed 8064K, reserved 1048576K
}
Event: 119.506 GC heap before
{Heap before GC invocations=254 (full 9):
 PSYoungGen      total 3072K, used 2880K [0x00000000eab00000, 0x00000000eaf00000, 0x0000000100000000)
  eden space 2048K, 100% used [0x00000000eab00000,0x00000000ead00000,0x00000000ead00000)
  from space 1024K, 81% used [0x00000000ead00000,0x00000000eadd0000,0x00000000eae00000)
  to   space 1024K, 0% used [0x00000000eae00000,0x00000000eae00000,0x00000000eaf00000)
 ParOldGen       total 128000K, used 104716K [0x00000000c0000000, 0x00000000c7d00000, 0x00000000eab00000)
  object space 128000K, 81% used [0x00000000c0000000,0x00000000c6643128,0x00000000c7d00000)
 Metaspace       used 72904K, committed 73856K, reserved 1179648K
  class space    used 7652K, committed 8064K, reserved 1048576K
}
Event: 119.509 GC heap after
{Heap after GC invocations=254 (full 9):
 PSYoungGen      total 3072K, used 752K [0x00000000eab00000, 0x00000000eaf00000, 0x0000000100000000)
  eden space 2048K, 0% used [0x00000000eab00000,0x00000000eab00000,0x00000000ead00000)
  from space 1024K, 73% used [0x00000000eae00000,0x00000000eaebc010,0x00000000eaf00000)
  to   space 1024K, 0% used [0x00000000ead00000,0x00000000ead00000,0x00000000eae00000)
 ParOldGen       total 128000K, used 105492K [0x00000000c0000000, 0x00000000c7d00000, 0x00000000eab00000)
  object space 128000K, 82% used [0x00000000c0000000,0x00000000c6705128,0x00000000c7d00000)
 Metaspace       used 72904K, committed 73856K, reserved 1179648K
  class space    used 7652K, committed 8064K, reserved 1048576K
}
Event: 119.527 GC heap before
{Heap before GC invocations=255 (full 9):
 PSYoungGen      total 3072K, used 2800K [0x00000000eab00000, 0x00000000eaf00000, 0x0000000100000000)
  eden space 2048K, 100% used [0x00000000eab00000,0x00000000ead00000,0x00000000ead00000)
  from space 1024K, 73% used [0x00000000eae00000,0x00000000eaebc010,0x00000000eaf00000)
  to   space 1024K, 0% used [0x00000000ead00000,0x00000000ead00000,0x00000000eae00000)
 ParOldGen       total 128000K, used 105492K [0x00000000c0000000, 0x00000000c7d00000, 0x00000000eab00000)
  object space 128000K, 82% used [0x00000000c0000000,0x00000000c6705128,0x00000000c7d00000)
 Metaspace       used 72921K, committed 73856K, reserved 1179648K
  class space    used 7652K, committed 8064K, reserved 1048576K
}
Event: 119.530 GC heap after
{Heap after GC invocations=255 (full 9):
 PSYoungGen      total 3072K, used 832K [0x00000000eab00000, 0x00000000eaf00000, 0x0000000100000000)
  eden space 2048K, 0% used [0x00000000eab00000,0x00000000eab00000,0x00000000ead00000)
  from space 1024K, 81% used [0x00000000ead00000,0x00000000eadd0000,0x00000000eae00000)
  to   space 1024K, 0% used [0x00000000eae00000,0x00000000eae00000,0x00000000eaf00000)
 ParOldGen       total 128000K, used 106140K [0x00000000c0000000, 0x00000000c7d00000, 0x00000000eab00000)
  object space 128000K, 82% used [0x00000000c0000000,0x00000000c67a73a8,0x00000000c7d00000)
 Metaspace       used 72921K, committed 73856K, reserved 1179648K
  class space    used 7652K, committed 8064K, reserved 1048576K
}
Event: 119.546 GC heap before
{Heap before GC invocations=256 (full 9):
 PSYoungGen      total 3072K, used 2880K [0x00000000eab00000, 0x00000000eaf00000, 0x0000000100000000)
  eden space 2048K, 100% used [0x00000000eab00000,0x00000000ead00000,0x00000000ead00000)
  from space 1024K, 81% used [0x00000000ead00000,0x00000000eadd0000,0x00000000eae00000)
  to   space 1024K, 0% used [0x00000000eae00000,0x00000000eae00000,0x00000000eaf00000)
 ParOldGen       total 128000K, used 106140K [0x00000000c0000000, 0x00000000c7d00000, 0x00000000eab00000)
  object space 128000K, 82% used [0x00000000c0000000,0x00000000c67a73a8,0x00000000c7d00000)
 Metaspace       used 72923K, committed 73856K, reserved 1179648K
  class space    used 7652K, committed 8064K, reserved 1048576K
}
Event: 119.548 GC heap after
{Heap after GC invocations=256 (full 9):
 PSYoungGen      total 3072K, used 879K [0x00000000eab00000, 0x00000000eaf00000, 0x0000000100000000)
  eden space 2048K, 0% used [0x00000000eab00000,0x00000000eab00000,0x00000000ead00000)
  from space 1024K, 85% used [0x00000000eae00000,0x00000000eaedbca0,0x00000000eaf00000)
  to   space 1024K, 0% used [0x00000000ead00000,0x00000000ead00000,0x00000000eae00000)
 ParOldGen       total 128000K, used 106767K [0x00000000c0000000, 0x00000000c7d00000, 0x00000000eab00000)
  object space 128000K, 83% used [0x00000000c0000000,0x00000000c6843da8,0x00000000c7d00000)
 Metaspace       used 72923K, committed 73856K, reserved 1179648K
  class space    used 7652K, committed 8064K, reserved 1048576K
}
Event: 119.575 GC heap before
{Heap before GC invocations=257 (full 9):
 PSYoungGen      total 3072K, used 2927K [0x00000000eab00000, 0x00000000eaf00000, 0x0000000100000000)
  eden space 2048K, 100% used [0x00000000eab00000,0x00000000ead00000,0x00000000ead00000)
  from space 1024K, 85% used [0x00000000eae00000,0x00000000eaedbca0,0x00000000eaf00000)
  to   space 1024K, 0% used [0x00000000ead00000,0x00000000ead00000,0x00000000eae00000)
 ParOldGen       total 128000K, used 106767K [0x00000000c0000000, 0x00000000c7d00000, 0x00000000eab00000)
  object space 128000K, 83% used [0x00000000c0000000,0x00000000c6843da8,0x00000000c7d00000)
 Metaspace       used 72933K, committed 73856K, reserved 1179648K
  class space    used 7652K, committed 8064K, reserved 1048576K
}
Event: 119.578 GC heap after
{Heap after GC invocations=257 (full 9):
 PSYoungGen      total 3072K, used 864K [0x00000000eab00000, 0x00000000eaf00000, 0x0000000100000000)
  eden space 2048K, 0% used [0x00000000eab00000,0x00000000eab00000,0x00000000ead00000)
  from space 1024K, 84% used [0x00000000ead00000,0x00000000eadd8000,0x00000000eae00000)
  to   space 1024K, 0% used [0x00000000eae00000,0x00000000eae00000,0x00000000eaf00000)
 ParOldGen       total 128000K, used 107520K [0x00000000c0000000, 0x00000000c7d00000, 0x00000000eab00000)
  object space 128000K, 84% used [0x00000000c0000000,0x00000000c69001e8,0x00000000c7d00000)
 Metaspace       used 72933K, committed 73856K, reserved 1179648K
  class space    used 7652K, committed 8064K, reserved 1048576K
}
Event: 119.618 GC heap before
{Heap before GC invocations=258 (full 9):
 PSYoungGen      total 3072K, used 2904K [0x00000000eab00000, 0x00000000eaf00000, 0x0000000100000000)
  eden space 2048K, 99% used [0x00000000eab00000,0x00000000eacfe170,0x00000000ead00000)
  from space 1024K, 84% used [0x00000000ead00000,0x00000000eadd8000,0x00000000eae00000)
  to   space 1024K, 0% used [0x00000000eae00000,0x00000000eae00000,0x00000000eaf00000)
 ParOldGen       total 128000K, used 107520K [0x00000000c0000000, 0x00000000c7d00000, 0x00000000eab00000)
  object space 128000K, 84% used [0x00000000c0000000,0x00000000c69001e8,0x00000000c7d00000)
 Metaspace       used 72948K, committed 73920K, reserved 1179648K
  class space    used 7652K, committed 8064K, reserved 1048576K
}
Event: 119.621 GC heap after
{Heap after GC invocations=258 (full 9):
 PSYoungGen      total 3072K, used 672K [0x00000000eab00000, 0x00000000eaf00000, 0x0000000100000000)
  eden space 2048K, 0% used [0x00000000eab00000,0x00000000eab00000,0x00000000ead00000)
  from space 1024K, 65% used [0x00000000eae00000,0x00000000eaea8000,0x00000000eaf00000)
  to   space 1024K, 0% used [0x00000000ead00000,0x00000000ead00000,0x00000000eae00000)
 ParOldGen       total 128000K, used 108285K [0x00000000c0000000, 0x00000000c7d00000, 0x00000000eab00000)
  object space 128000K, 84% used [0x00000000c0000000,0x00000000c69bf420,0x00000000c7d00000)
 Metaspace       used 72948K, committed 73920K, reserved 1179648K
  class space    used 7652K, committed 8064K, reserved 1048576K
}

