# JRE version: OpenJDK Runtime Environment Temurin-17.0.6+10 (17.0.6+10) (build 17.0.6+10)
# Java VM: OpenJDK 64-Bit Server VM Temurin-17.0.6+10 (17.0.6+10, mixed mode, tiered, compressed oops, compressed class ptrs, parallel gc, windows-amd64)
GC Precious Log:
 CPUs: 8 total, 8 available
 Memory: 10116M
 Large Page Support: Disabled
 NUMA Support: Disabled
 Compressed Oops: Enabled (32-bit)
 Alignments: Space 512K, Generation 512K, Heap 2M
 Heap Min Capacity: 100M
 Heap Initial Capacity: 100M
 Heap Max Capacity: 1G
 Pre-touch: Disabled
 Parallel Workers: 8
Heap:
 PSYoungGen      total 5120K, used 5120K [0x00000000eab00000, 0x00000000eb500000, 0x0000000100000000)
  eden space 4096K, 100% used [0x00000000eab00000,0x00000000eaf00000,0x00000000eaf00000)
  from space 1024K, 100% used [0x00000000eaf00000,0x00000000eb000000,0x00000000eb000000)
  to   space 2560K, 45% used [0x00000000eb280000,0x00000000eb3a0000,0x00000000eb500000)
 ParOldGen       total 143872K, used 105486K [0x00000000c0000000, 0x00000000c8c80000, 0x00000000eab00000)
  object space 143872K, 73% used [0x00000000c0000000,0x00000000c67038f0,0x00000000c8c80000)
 Metaspace       used 93383K, committed 94528K, reserved 1138688K
  class space    used 9277K, committed 9792K, reserved 1048576K
GC Heap History (20 events):
Event: 9773.768 GC heap after
{Heap after GC invocations=20467 (full 509):
 PSYoungGen      total 2048K, used 0K [0x00000000eab00000, 0x00000000eaf00000, 0x0000000100000000)
  eden space 1024K, 0% used [0x00000000eab00000,0x00000000eab00000,0x00000000eac00000)
  from space 1024K, 0% used [0x00000000eae00000,0x00000000eae00000,0x00000000eaf00000)
  to   space 1536K, 0% used [0x00000000eac00000,0x00000000eac00000,0x00000000ead80000)
 ParOldGen       total 143872K, used 98465K [0x00000000c0000000, 0x00000000c8c80000, 0x00000000eab00000)
  object space 143872K, 68% used [0x00000000c0000000,0x00000000c60287c0,0x00000000c8c80000)
 Metaspace       used 93383K, committed 94528K, reserved 1138688K
  class space    used 9277K, committed 9792K, reserved 1048576K
}
Event: 9773.771 GC heap before
{Heap before GC invocations=20468 (full 509):
 PSYoungGen      total 2048K, used 1023K [0x00000000eab00000, 0x00000000eaf00000, 0x0000000100000000)
  eden space 1024K, 99% used [0x00000000eab00000,0x00000000eabffff0,0x00000000eac00000)
  from space 1024K, 0% used [0x00000000eae00000,0x00000000eae00000,0x00000000eaf00000)
  to   space 1536K, 0% used [0x00000000eac00000,0x00000000eac00000,0x00000000ead80000)
 ParOldGen       total 143872K, used 98465K [0x00000000c0000000, 0x00000000c8c80000, 0x00000000eab00000)
  object space 143872K, 68% used [0x00000000c0000000,0x00000000c60287c0,0x00000000c8c80000)
 Metaspace       used 93383K, committed 94528K, reserved 1138688K
  class space    used 9277K, committed 9792K, reserved 1048576K
}
Event: 9773.772 GC heap after
{Heap after GC invocations=20468 (full 509):
 PSYoungGen      total 2560K, used 864K [0x00000000eab00000, 0x00000000eae80000, 0x0000000100000000)
  eden space 1024K, 0% used [0x00000000eab00000,0x00000000eab00000,0x00000000eac00000)
  from space 1536K, 56% used [0x00000000eac00000,0x00000000eacd8000,0x00000000ead80000)
  to   space 1024K, 0% used [0x00000000ead80000,0x00000000ead80000,0x00000000eae80000)
 ParOldGen       total 143872K, used 98465K [0x00000000c0000000, 0x00000000c8c80000, 0x00000000eab00000)
  object space 143872K, 68% used [0x00000000c0000000,0x00000000c60287c0,0x00000000c8c80000)
 Metaspace       used 93383K, committed 94528K, reserved 1138688K
  class space    used 9277K, committed 9792K, reserved 1048576K
}
Event: 9773.773 GC heap before
{Heap before GC invocations=20469 (full 509):
 PSYoungGen      total 2560K, used 1888K [0x00000000eab00000, 0x00000000eae80000, 0x0000000100000000)
  eden space 1024K, 100% used [0x00000000eab00000,0x00000000eac00000,0x00000000eac00000)
  from space 1536K, 56% used [0x00000000eac00000,0x00000000eacd8000,0x00000000ead80000)
  to   space 1024K, 0% used [0x00000000ead80000,0x00000000ead80000,0x00000000eae80000)
 ParOldGen       total 143872K, used 98465K [0x00000000c0000000, 0x00000000c8c80000, 0x00000000eab00000)
  object space 143872K, 68% used [0x00000000c0000000,0x00000000c60287c0,0x00000000c8c80000)
 Metaspace       used 93383K, committed 94528K, reserved 1138688K
  class space    used 9277K, committed 9792K, reserved 1048576K
}
Event: 9773.775 GC heap after
{Heap after GC invocations=20469 (full 509):
 PSYoungGen      total 2560K, used 800K [0x00000000eab00000, 0x00000000eae80000, 0x0000000100000000)
  eden space 1536K, 0% used [0x00000000eab00000,0x00000000eab00000,0x00000000eac80000)
  from space 1024K, 78% used [0x00000000ead80000,0x00000000eae48000,0x00000000eae80000)
  to   space 1024K, 0% used [0x00000000eac80000,0x00000000eac80000,0x00000000ead80000)
 ParOldGen       total 143872K, used 99225K [0x00000000c0000000, 0x00000000c8c80000, 0x00000000eab00000)
  object space 143872K, 68% used [0x00000000c0000000,0x00000000c60e67c0,0x00000000c8c80000)
 Metaspace       used 93383K, committed 94528K, reserved 1138688K
  class space    used 9277K, committed 9792K, reserved 1048576K
}
Event: 9773.777 GC heap before
{Heap before GC invocations=20470 (full 509):
 PSYoungGen      total 2560K, used 2335K [0x00000000eab00000, 0x00000000eae80000, 0x0000000100000000)
  eden space 1536K, 99% used [0x00000000eab00000,0x00000000eac7ffe0,0x00000000eac80000)
  from space 1024K, 78% used [0x00000000ead80000,0x00000000eae48000,0x00000000eae80000)
  to   space 1024K, 0% used [0x00000000eac80000,0x00000000eac80000,0x00000000ead80000)
 ParOldGen       total 143872K, used 99225K [0x00000000c0000000, 0x00000000c8c80000, 0x00000000eab00000)
  object space 143872K, 68% used [0x00000000c0000000,0x00000000c60e67c0,0x00000000c8c80000)
 Metaspace       used 93383K, committed 94528K, reserved 1138688K
  class space    used 9277K, committed 9792K, reserved 1048576K
}
Event: 9773.779 GC heap after
{Heap after GC invocations=20470 (full 509):
 PSYoungGen      total 2560K, used 1024K [0x00000000eab00000, 0x00000000eb100000, 0x0000000100000000)
  eden space 1536K, 0% used [0x00000000eab00000,0x00000000eab00000,0x00000000eac80000)
  from space 1024K, 100% used [0x00000000eac80000,0x00000000ead80000,0x00000000ead80000)
  to   space 2048K, 0% used [0x00000000eaf00000,0x00000000eaf00000,0x00000000eb100000)
 ParOldGen       total 143872K, used 99810K [0x00000000c0000000, 0x00000000c8c80000, 0x00000000eab00000)
  object space 143872K, 69% used [0x00000000c0000000,0x00000000c6178888,0x00000000c8c80000)
 Metaspace       used 93383K, committed 94528K, reserved 1138688K
  class space    used 9277K, committed 9792K, reserved 1048576K
}
Event: 9773.783 GC heap before
{Heap before GC invocations=20471 (full 509):
 PSYoungGen      total 2560K, used 2560K [0x00000000eab00000, 0x00000000eb100000, 0x0000000100000000)
  eden space 1536K, 100% used [0x00000000eab00000,0x00000000eac80000,0x00000000eac80000)
  from space 1024K, 100% used [0x00000000eac80000,0x00000000ead80000,0x00000000ead80000)
  to   space 2048K, 0% used [0x00000000eaf00000,0x00000000eaf00000,0x00000000eb100000)
 ParOldGen       total 143872K, used 99810K [0x00000000c0000000, 0x00000000c8c80000, 0x00000000eab00000)
  object space 143872K, 69% used [0x00000000c0000000,0x00000000c6178888,0x00000000c8c80000)
 Metaspace       used 93383K, committed 94528K, reserved 1138688K
  class space    used 9277K, committed 9792K, reserved 1048576K
}
Event: 9773.785 GC heap after
{Heap after GC invocations=20471 (full 509):
 PSYoungGen      total 3072K, used 640K [0x00000000eab00000, 0x00000000eb000000, 0x0000000100000000)
  eden space 2048K, 0% used [0x00000000eab00000,0x00000000eab00000,0x00000000ead00000)
  from space 1024K, 62% used [0x00000000eaf00000,0x00000000eafa0000,0x00000000eb000000)
  to   space 1024K, 0% used [0x00000000eae00000,0x00000000eae00000,0x00000000eaf00000)
 ParOldGen       total 143872K, used 100850K [0x00000000c0000000, 0x00000000c8c80000, 0x00000000eab00000)
  object space 143872K, 70% used [0x00000000c0000000,0x00000000c627c8a8,0x00000000c8c80000)
 Metaspace       used 93383K, committed 94528K, reserved 1138688K
  class space    used 9277K, committed 9792K, reserved 1048576K
}
Event: 9773.788 GC heap before
{Heap before GC invocations=20472 (full 509):
 PSYoungGen      total 3072K, used 2688K [0x00000000eab00000, 0x00000000eb000000, 0x0000000100000000)
  eden space 2048K, 100% used [0x00000000eab00000,0x00000000ead00000,0x00000000ead00000)
  from space 1024K, 62% used [0x00000000eaf00000,0x00000000eafa0000,0x00000000eb000000)
  to   space 1024K, 0% used [0x00000000eae00000,0x00000000eae00000,0x00000000eaf00000)
 ParOldGen       total 143872K, used 100850K [0x00000000c0000000, 0x00000000c8c80000, 0x00000000eab00000)
  object space 143872K, 70% used [0x00000000c0000000,0x00000000c627c8a8,0x00000000c8c80000)
 Metaspace       used 93383K, committed 94528K, reserved 1138688K
  class space    used 9277K, committed 9792K, reserved 1048576K
}
Event: 9773.790 GC heap after
{Heap after GC invocations=20472 (full 509):
 PSYoungGen      total 3584K, used 1024K [0x00000000eab00000, 0x00000000eb180000, 0x0000000100000000)
  eden space 2560K, 0% used [0x00000000eab00000,0x00000000eab00000,0x00000000ead80000)
  from space 1024K, 100% used [0x00000000eae00000,0x00000000eaf00000,0x00000000eaf00000)
  to   space 2048K, 0% used [0x00000000eaf80000,0x00000000eaf80000,0x00000000eb180000)
 ParOldGen       total 143872K, used 101380K [0x00000000c0000000, 0x00000000c8c80000, 0x00000000eab00000)
  object space 143872K, 70% used [0x00000000c0000000,0x00000000c63011a8,0x00000000c8c80000)
 Metaspace       used 93383K, committed 94528K, reserved 1138688K
  class space    used 9277K, committed 9792K, reserved 1048576K
}
Event: 9773.794 GC heap before
{Heap before GC invocations=20473 (full 509):
 PSYoungGen      total 3584K, used 3584K [0x00000000eab00000, 0x00000000eb180000, 0x0000000100000000)
  eden space 2560K, 100% used [0x00000000eab00000,0x00000000ead80000,0x00000000ead80000)
  from space 1024K, 100% used [0x00000000eae00000,0x00000000eaf00000,0x00000000eaf00000)
  to   space 2048K, 0% used [0x00000000eaf80000,0x00000000eaf80000,0x00000000eb180000)
 ParOldGen       total 143872K, used 101380K [0x00000000c0000000, 0x00000000c8c80000, 0x00000000eab00000)
  object space 143872K, 70% used [0x00000000c0000000,0x00000000c63011a8,0x00000000c8c80000)
 Metaspace       used 93383K, committed 94528K, reserved 1138688K
  class space    used 9277K, committed 9792K, reserved 1048576K
}
Event: 9773.796 GC heap after
{Heap after GC invocations=20473 (full 509):
 PSYoungGen      total 4608K, used 1120K [0x00000000eab00000, 0x00000000eb100000, 0x0000000100000000)
  eden space 3072K, 0% used [0x00000000eab00000,0x00000000eab00000,0x00000000eae00000)
  from space 1536K, 72% used [0x00000000eaf80000,0x00000000eb098000,0x00000000eb100000)
  to   space 1536K, 0% used [0x00000000eae00000,0x00000000eae00000,0x00000000eaf80000)
 ParOldGen       total 143872K, used 102201K [0x00000000c0000000, 0x00000000c8c80000, 0x00000000eab00000)
  object space 143872K, 71% used [0x00000000c0000000,0x00000000c63ce498,0x00000000c8c80000)
 Metaspace       used 93383K, committed 94528K, reserved 1138688K
  class space    used 9277K, committed 9792K, reserved 1048576K
}
Event: 9773.803 GC heap before
{Heap before GC invocations=20474 (full 509):
 PSYoungGen      total 4608K, used 4192K [0x00000000eab00000, 0x00000000eb100000, 0x0000000100000000)
  eden space 3072K, 100% used [0x00000000eab00000,0x00000000eae00000,0x00000000eae00000)
  from space 1536K, 72% used [0x00000000eaf80000,0x00000000eb098000,0x00000000eb100000)
  to   space 1536K, 0% used [0x00000000eae00000,0x00000000eae00000,0x00000000eaf80000)
 ParOldGen       total 143872K, used 102201K [0x00000000c0000000, 0x00000000c8c80000, 0x00000000eab00000)
  object space 143872K, 71% used [0x00000000c0000000,0x00000000c63ce498,0x00000000c8c80000)
 Metaspace       used 93383K, committed 94528K, reserved 1138688K
  class space    used 9277K, committed 9792K, reserved 1048576K
}
Event: 9773.804 GC heap after
{Heap after GC invocations=20474 (full 509):
 PSYoungGen      total 4608K, used 416K [0x00000000eab00000, 0x00000000eb100000, 0x0000000100000000)
  eden space 3072K, 0% used [0x00000000eab00000,0x00000000eab00000,0x00000000eae00000)
  from space 1536K, 27% used [0x00000000eae00000,0x00000000eae68000,0x00000000eaf80000)
  to   space 1024K, 0% used [0x00000000eb000000,0x00000000eb000000,0x00000000eb100000)
 ParOldGen       total 143872K, used 103169K [0x00000000c0000000, 0x00000000c8c80000, 0x00000000eab00000)
  object space 143872K, 71% used [0x00000000c0000000,0x00000000c64c04b8,0x00000000c8c80000)
 Metaspace       used 93383K, committed 94528K, reserved 1138688K
  class space    used 9277K, committed 9792K, reserved 1048576K
}
Event: 9773.816 GC heap before
{Heap before GC invocations=20475 (full 509):
 PSYoungGen      total 4608K, used 3487K [0x00000000eab00000, 0x00000000eb100000, 0x0000000100000000)
  eden space 3072K, 99% used [0x00000000eab00000,0x00000000eadffff8,0x00000000eae00000)
  from space 1536K, 27% used [0x00000000eae00000,0x00000000eae68000,0x00000000eaf80000)
  to   space 1024K, 0% used [0x00000000eb000000,0x00000000eb000000,0x00000000eb100000)
 ParOldGen       total 143872K, used 103169K [0x00000000c0000000, 0x00000000c8c80000, 0x00000000eab00000)
  object space 143872K, 71% used [0x00000000c0000000,0x00000000c64c04b8,0x00000000c8c80000)
 Metaspace       used 93383K, committed 94528K, reserved 1138688K
  class space    used 9277K, committed 9792K, reserved 1048576K
}
Event: 9773.817 GC heap after
{Heap after GC invocations=20475 (full 509):
 PSYoungGen      total 5120K, used 592K [0x00000000eab00000, 0x00000000eb100000, 0x0000000100000000)
  eden space 4096K, 0% used [0x00000000eab00000,0x00000000eab00000,0x00000000eaf00000)
  from space 1024K, 57% used [0x00000000eb000000,0x00000000eb094010,0x00000000eb100000)
  to   space 1024K, 0% used [0x00000000eaf00000,0x00000000eaf00000,0x00000000eb000000)
 ParOldGen       total 143872K, used 103485K [0x00000000c0000000, 0x00000000c8c80000, 0x00000000eab00000)
  object space 143872K, 71% used [0x00000000c0000000,0x00000000c650f6e0,0x00000000c8c80000)
 Metaspace       used 93383K, committed 94528K, reserved 1138688K
  class space    used 9277K, committed 9792K, reserved 1048576K
}
Event: 9773.828 GC heap before
{Heap before GC invocations=20476 (full 509):
 PSYoungGen      total 5120K, used 4687K [0x00000000eab00000, 0x00000000eb100000, 0x0000000100000000)
  eden space 4096K, 99% used [0x00000000eab00000,0x00000000eaefffe8,0x00000000eaf00000)
  from space 1024K, 57% used [0x00000000eb000000,0x00000000eb094010,0x00000000eb100000)
  to   space 1024K, 0% used [0x00000000eaf00000,0x00000000eaf00000,0x00000000eb000000)
 ParOldGen       total 143872K, used 103485K [0x00000000c0000000, 0x00000000c8c80000, 0x00000000eab00000)
  object space 143872K, 71% used [0x00000000c0000000,0x00000000c650f6e0,0x00000000c8c80000)
 Metaspace       used 93383K, committed 94528K, reserved 1138688K
  class space    used 9277K, committed 9792K, reserved 1048576K
}
Event: 9773.831 GC heap after
{Heap after GC invocations=20476 (full 509):
 PSYoungGen      total 5120K, used 1024K [0x00000000eab00000, 0x00000000eb500000, 0x0000000100000000)
  eden space 4096K, 0% used [0x00000000eab00000,0x00000000eab00000,0x00000000eaf00000)
  from space 1024K, 100% used [0x00000000eaf00000,0x00000000eb000000,0x00000000eb000000)
  to   space 2560K, 0% used [0x00000000eb280000,0x00000000eb280000,0x00000000eb500000)
 ParOldGen       total 143872K, used 104421K [0x00000000c0000000, 0x00000000c8c80000, 0x00000000eab00000)
  object space 143872K, 72% used [0x00000000c0000000,0x00000000c65f97f8,0x00000000c8c80000)
 Metaspace       used 93383K, committed 94528K, reserved 1138688K
  class space    used 9277K, committed 9792K, reserved 1048576K
}
Event: 9774.145 GC heap before
{Heap before GC invocations=20477 (full 509):
 PSYoungGen      total 5120K, used 5120K [0x00000000eab00000, 0x00000000eb500000, 0x0000000100000000)
  eden space 4096K, 100% used [0x00000000eab00000,0x00000000eaf00000,0x00000000eaf00000)
  from space 1024K, 100% used [0x00000000eaf00000,0x00000000eb000000,0x00000000eb000000)
  to   space 2560K, 0% used [0x00000000eb280000,0x00000000eb280000,0x00000000eb500000)
 ParOldGen       total 143872K, used 104421K [0x00000000c0000000, 0x00000000c8c80000, 0x00000000eab00000)
  object space 143872K, 72% used [0x00000000c0000000,0x00000000c65f97f8,0x00000000c8c80000)
 Metaspace       used 93383K, committed 94528K, reserved 1138688K
  class space    used 9277K, committed 9792K, reserved 1048576K
}

