# JRE version: OpenJDK Runtime Environment Temurin-17.0.7+7 (17.0.7+7) (build 17.0.7+7)
# Java VM: OpenJDK 64-Bit Server VM Temurin-17.0.7+7 (17.0.7+7, mixed mode, tiered, compressed oops, compressed class ptrs, parallel gc, windows-amd64)
GC Precious Log:
 CPUs: 8 total, 8 available
 Memory: 10116M
 Large Page Support: Disabled
 NUMA Support: Disabled
 Compressed Oops: Enabled (32-bit)
 Alignments: Space 512K, Generation 512K, Heap 2M
 Heap Min Capacity: 100M
 Heap Initial Capacity: 100M
 Heap Max Capacity: 1G
 Pre-touch: Disabled
 Parallel Workers: 8
Heap:
 PSYoungGen      total 5120K, used 3871K [0x00000000eab00000, 0x00000000eb280000, 0x0000000100000000)
  eden space 3584K, 75% used [0x00000000eab00000,0x00000000eada0978,0x00000000eae80000)
  from space 1536K, 76% used [0x00000000eb100000,0x00000000eb227418,0x00000000eb280000)
  to   space 1536K, 0% used [0x00000000eaf80000,0x00000000eaf80000,0x00000000eb100000)
 ParOldGen       total 126976K, used 108813K [0x00000000c0000000, 0x00000000c7c00000, 0x00000000eab00000)
  object space 126976K, 85% used [0x00000000c0000000,0x00000000c6a434c0,0x00000000c7c00000)
 Metaspace       used 91561K, committed 92608K, reserved 1179648K
  class space    used 9292K, committed 9792K, reserved 1048576K
GC Heap History (20 events):
Event: 1895.063 GC heap before
{Heap before GC invocations=5818 (full 149):
 PSYoungGen      total 4608K, used 4253K [0x00000000eab00000, 0x00000000eb180000, 0x0000000100000000)
  eden space 3072K, 99% used [0x00000000eab00000,0x00000000eadff688,0x00000000eae00000)
  from space 1536K, 77% used [0x00000000eb000000,0x00000000eb128000,0x00000000eb180000)
  to   space 1536K, 0% used [0x00000000eae80000,0x00000000eae80000,0x00000000eb000000)
 ParOldGen       total 126976K, used 93089K [0x00000000c0000000, 0x00000000c7c00000, 0x00000000eab00000)
  object space 126976K, 73% used [0x00000000c0000000,0x00000000c5ae8758,0x00000000c7c00000)
 Metaspace       used 91561K, committed 92608K, reserved 1179648K
  class space    used 9292K, committed 9792K, reserved 1048576K
}
Event: 1895.068 GC heap after
{Heap after GC invocations=5818 (full 149):
 PSYoungGen      total 4608K, used 1510K [0x00000000eab00000, 0x00000000eb500000, 0x0000000100000000)
  eden space 3072K, 0% used [0x00000000eab00000,0x00000000eab00000,0x00000000eae00000)
  from space 1536K, 98% used [0x00000000eae80000,0x00000000eaff9a70,0x00000000eb000000)
  to   space 3584K, 0% used [0x00000000eb180000,0x00000000eb180000,0x00000000eb500000)
 ParOldGen       total 126976K, used 94397K [0x00000000c0000000, 0x00000000c7c00000, 0x00000000eab00000)
  object space 126976K, 74% used [0x00000000c0000000,0x00000000c5c2f5d8,0x00000000c7c00000)
 Metaspace       used 91561K, committed 92608K, reserved 1179648K
  class space    used 9292K, committed 9792K, reserved 1048576K
}
Event: 1895.091 GC heap before
{Heap before GC invocations=5819 (full 149):
 PSYoungGen      total 4608K, used 4582K [0x00000000eab00000, 0x00000000eb500000, 0x0000000100000000)
  eden space 3072K, 99% used [0x00000000eab00000,0x00000000eadfffe8,0x00000000eae00000)
  from space 1536K, 98% used [0x00000000eae80000,0x00000000eaff9a70,0x00000000eb000000)
  to   space 3584K, 0% used [0x00000000eb180000,0x00000000eb180000,0x00000000eb500000)
 ParOldGen       total 126976K, used 94397K [0x00000000c0000000, 0x00000000c7c00000, 0x00000000eab00000)
  object space 126976K, 74% used [0x00000000c0000000,0x00000000c5c2f5d8,0x00000000c7c00000)
 Metaspace       used 91561K, committed 92608K, reserved 1179648K
  class space    used 9292K, committed 9792K, reserved 1048576K
}
Event: 1895.095 GC heap after
{Heap after GC invocations=5819 (full 149):
 PSYoungGen      total 5120K, used 1696K [0x00000000eab00000, 0x00000000eb380000, 0x0000000100000000)
  eden space 3072K, 0% used [0x00000000eab00000,0x00000000eab00000,0x00000000eae00000)
  from space 2048K, 82% used [0x00000000eb180000,0x00000000eb328000,0x00000000eb380000)
  to   space 2560K, 0% used [0x00000000eae80000,0x00000000eae80000,0x00000000eb100000)
 ParOldGen       total 126976K, used 95921K [0x00000000c0000000, 0x00000000c7c00000, 0x00000000eab00000)
  object space 126976K, 75% used [0x00000000c0000000,0x00000000c5dac418,0x00000000c7c00000)
 Metaspace       used 91561K, committed 92608K, reserved 1179648K
  class space    used 9292K, committed 9792K, reserved 1048576K
}
Event: 1895.113 GC heap before
{Heap before GC invocations=5820 (full 149):
 PSYoungGen      total 5120K, used 4768K [0x00000000eab00000, 0x00000000eb380000, 0x0000000100000000)
  eden space 3072K, 100% used [0x00000000eab00000,0x00000000eae00000,0x00000000eae00000)
  from space 2048K, 82% used [0x00000000eb180000,0x00000000eb328000,0x00000000eb380000)
  to   space 2560K, 0% used [0x00000000eae80000,0x00000000eae80000,0x00000000eb100000)
 ParOldGen       total 126976K, used 95921K [0x00000000c0000000, 0x00000000c7c00000, 0x00000000eab00000)
  object space 126976K, 75% used [0x00000000c0000000,0x00000000c5dac418,0x00000000c7c00000)
 Metaspace       used 91561K, committed 92608K, reserved 1179648K
  class space    used 9292K, committed 9792K, reserved 1048576K
}
Event: 1895.118 GC heap after
{Heap after GC invocations=5820 (full 149):
 PSYoungGen      total 4608K, used 1399K [0x00000000eab00000, 0x00000000eb200000, 0x0000000100000000)
  eden space 3072K, 0% used [0x00000000eab00000,0x00000000eab00000,0x00000000eae00000)
  from space 1536K, 91% used [0x00000000eae80000,0x00000000eafddc40,0x00000000eb000000)
  to   space 2048K, 0% used [0x00000000eb000000,0x00000000eb000000,0x00000000eb200000)
 ParOldGen       total 126976K, used 97528K [0x00000000c0000000, 0x00000000c7c00000, 0x00000000eab00000)
  object space 126976K, 76% used [0x00000000c0000000,0x00000000c5f3e1d0,0x00000000c7c00000)
 Metaspace       used 91561K, committed 92608K, reserved 1179648K
  class space    used 9292K, committed 9792K, reserved 1048576K
}
Event: 1895.135 GC heap before
{Heap before GC invocations=5821 (full 149):
 PSYoungGen      total 4608K, used 4471K [0x00000000eab00000, 0x00000000eb200000, 0x0000000100000000)
  eden space 3072K, 100% used [0x00000000eab00000,0x00000000eae00000,0x00000000eae00000)
  from space 1536K, 91% used [0x00000000eae80000,0x00000000eafddc40,0x00000000eb000000)
  to   space 2048K, 0% used [0x00000000eb000000,0x00000000eb000000,0x00000000eb200000)
 ParOldGen       total 126976K, used 97528K [0x00000000c0000000, 0x00000000c7c00000, 0x00000000eab00000)
  object space 126976K, 76% used [0x00000000c0000000,0x00000000c5f3e1d0,0x00000000c7c00000)
 Metaspace       used 91561K, committed 92608K, reserved 1179648K
  class space    used 9292K, committed 9792K, reserved 1048576K
}
Event: 1895.139 GC heap after
{Heap after GC invocations=5821 (full 149):
 PSYoungGen      total 5120K, used 1620K [0x00000000eab00000, 0x00000000eb300000, 0x0000000100000000)
  eden space 3072K, 0% used [0x00000000eab00000,0x00000000eab00000,0x00000000eae00000)
  from space 2048K, 79% used [0x00000000eb000000,0x00000000eb195358,0x00000000eb200000)
  to   space 2048K, 0% used [0x00000000eae00000,0x00000000eae00000,0x00000000eb000000)
 ParOldGen       total 126976K, used 98891K [0x00000000c0000000, 0x00000000c7c00000, 0x00000000eab00000)
  object space 126976K, 77% used [0x00000000c0000000,0x00000000c6092c38,0x00000000c7c00000)
 Metaspace       used 91561K, committed 92608K, reserved 1179648K
  class space    used 9292K, committed 9792K, reserved 1048576K
}
Event: 1895.149 GC heap before
{Heap before GC invocations=5822 (full 149):
 PSYoungGen      total 5120K, used 4692K [0x00000000eab00000, 0x00000000eb300000, 0x0000000100000000)
  eden space 3072K, 99% used [0x00000000eab00000,0x00000000eadffff8,0x00000000eae00000)
  from space 2048K, 79% used [0x00000000eb000000,0x00000000eb195358,0x00000000eb200000)
  to   space 2048K, 0% used [0x00000000eae00000,0x00000000eae00000,0x00000000eb000000)
 ParOldGen       total 126976K, used 98891K [0x00000000c0000000, 0x00000000c7c00000, 0x00000000eab00000)
  object space 126976K, 77% used [0x00000000c0000000,0x00000000c6092c38,0x00000000c7c00000)
 Metaspace       used 91561K, committed 92608K, reserved 1179648K
  class space    used 9292K, committed 9792K, reserved 1048576K
}
Event: 1895.154 GC heap after
{Heap after GC invocations=5822 (full 149):
 PSYoungGen      total 5120K, used 1395K [0x00000000eab00000, 0x00000000eb200000, 0x0000000100000000)
  eden space 3072K, 0% used [0x00000000eab00000,0x00000000eab00000,0x00000000eae00000)
  from space 2048K, 68% used [0x00000000eae00000,0x00000000eaf5cfe0,0x00000000eb000000)
  to   space 1536K, 0% used [0x00000000eb080000,0x00000000eb080000,0x00000000eb200000)
 ParOldGen       total 126976K, used 100287K [0x00000000c0000000, 0x00000000c7c00000, 0x00000000eab00000)
  object space 126976K, 78% used [0x00000000c0000000,0x00000000c61efeb0,0x00000000c7c00000)
 Metaspace       used 91561K, committed 92608K, reserved 1179648K
  class space    used 9292K, committed 9792K, reserved 1048576K
}
Event: 1895.165 GC heap before
{Heap before GC invocations=5823 (full 149):
 PSYoungGen      total 5120K, used 4456K [0x00000000eab00000, 0x00000000eb200000, 0x0000000100000000)
  eden space 3072K, 99% used [0x00000000eab00000,0x00000000eadfd1d8,0x00000000eae00000)
  from space 2048K, 68% used [0x00000000eae00000,0x00000000eaf5cfe0,0x00000000eb000000)
  to   space 1536K, 0% used [0x00000000eb080000,0x00000000eb080000,0x00000000eb200000)
 ParOldGen       total 126976K, used 100287K [0x00000000c0000000, 0x00000000c7c00000, 0x00000000eab00000)
  object space 126976K, 78% used [0x00000000c0000000,0x00000000c61efeb0,0x00000000c7c00000)
 Metaspace       used 91561K, committed 92608K, reserved 1179648K
  class space    used 9292K, committed 9792K, reserved 1048576K
}
Event: 1895.169 GC heap after
{Heap after GC invocations=5823 (full 149):
 PSYoungGen      total 3584K, used 1529K [0x00000000eab00000, 0x00000000eb600000, 0x0000000100000000)
  eden space 2048K, 0% used [0x00000000eab00000,0x00000000eab00000,0x00000000ead00000)
  from space 1536K, 99% used [0x00000000eb080000,0x00000000eb1fe598,0x00000000eb200000)
  to   space 3584K, 0% used [0x00000000ead00000,0x00000000ead00000,0x00000000eb080000)
 ParOldGen       total 126976K, used 101725K [0x00000000c0000000, 0x00000000c7c00000, 0x00000000eab00000)
  object space 126976K, 80% used [0x00000000c0000000,0x00000000c6357748,0x00000000c7c00000)
 Metaspace       used 91561K, committed 92608K, reserved 1179648K
  class space    used 9292K, committed 9792K, reserved 1048576K
}
Event: 1895.178 GC heap before
{Heap before GC invocations=5824 (full 149):
 PSYoungGen      total 3584K, used 3577K [0x00000000eab00000, 0x00000000eb600000, 0x0000000100000000)
  eden space 2048K, 100% used [0x00000000eab00000,0x00000000ead00000,0x00000000ead00000)
  from space 1536K, 99% used [0x00000000eb080000,0x00000000eb1fe598,0x00000000eb200000)
  to   space 3584K, 0% used [0x00000000ead00000,0x00000000ead00000,0x00000000eb080000)
 ParOldGen       total 126976K, used 101725K [0x00000000c0000000, 0x00000000c7c00000, 0x00000000eab00000)
  object space 126976K, 80% used [0x00000000c0000000,0x00000000c6357748,0x00000000c7c00000)
 Metaspace       used 91561K, committed 92608K, reserved 1179648K
  class space    used 9292K, committed 9792K, reserved 1048576K
}
Event: 1895.182 GC heap after
{Heap after GC invocations=5824 (full 149):
 PSYoungGen      total 3072K, used 789K [0x00000000eab00000, 0x00000000eb180000, 0x0000000100000000)
  eden space 2048K, 0% used [0x00000000eab00000,0x00000000eab00000,0x00000000ead00000)
  from space 1024K, 77% used [0x00000000ead00000,0x00000000eadc54f8,0x00000000eae00000)
  to   space 2048K, 0% used [0x00000000eaf80000,0x00000000eaf80000,0x00000000eb180000)
 ParOldGen       total 126976K, used 103167K [0x00000000c0000000, 0x00000000c7c00000, 0x00000000eab00000)
  object space 126976K, 81% used [0x00000000c0000000,0x00000000c64bfff8,0x00000000c7c00000)
 Metaspace       used 91561K, committed 92608K, reserved 1179648K
  class space    used 9292K, committed 9792K, reserved 1048576K
}
Event: 1895.196 GC heap before
{Heap before GC invocations=5825 (full 149):
 PSYoungGen      total 3072K, used 2837K [0x00000000eab00000, 0x00000000eb180000, 0x0000000100000000)
  eden space 2048K, 100% used [0x00000000eab00000,0x00000000ead00000,0x00000000ead00000)
  from space 1024K, 77% used [0x00000000ead00000,0x00000000eadc54f8,0x00000000eae00000)
  to   space 2048K, 0% used [0x00000000eaf80000,0x00000000eaf80000,0x00000000eb180000)
 ParOldGen       total 126976K, used 103167K [0x00000000c0000000, 0x00000000c7c00000, 0x00000000eab00000)
  object space 126976K, 81% used [0x00000000c0000000,0x00000000c64bfff8,0x00000000c7c00000)
 Metaspace       used 91561K, committed 92608K, reserved 1179648K
  class space    used 9292K, committed 9792K, reserved 1048576K
}
Event: 1895.200 GC heap after
{Heap after GC invocations=5825 (full 149):
 PSYoungGen      total 3584K, used 704K [0x00000000eab00000, 0x00000000eb080000, 0x0000000100000000)
  eden space 2560K, 0% used [0x00000000eab00000,0x00000000eab00000,0x00000000ead80000)
  from space 1024K, 68% used [0x00000000eaf80000,0x00000000eb030000,0x00000000eb080000)
  to   space 1024K, 0% used [0x00000000eae80000,0x00000000eae80000,0x00000000eaf80000)
 ParOldGen       total 126976K, used 103858K [0x00000000c0000000, 0x00000000c7c00000, 0x00000000eab00000)
  object space 126976K, 81% used [0x00000000c0000000,0x00000000c656cae0,0x00000000c7c00000)
 Metaspace       used 91561K, committed 92608K, reserved 1179648K
  class space    used 9292K, committed 9792K, reserved 1048576K
}
Event: 1895.212 GC heap before
{Heap before GC invocations=5826 (full 149):
 PSYoungGen      total 3584K, used 3264K [0x00000000eab00000, 0x00000000eb080000, 0x0000000100000000)
  eden space 2560K, 100% used [0x00000000eab00000,0x00000000ead80000,0x00000000ead80000)
  from space 1024K, 68% used [0x00000000eaf80000,0x00000000eb030000,0x00000000eb080000)
  to   space 1024K, 0% used [0x00000000eae80000,0x00000000eae80000,0x00000000eaf80000)
 ParOldGen       total 126976K, used 103858K [0x00000000c0000000, 0x00000000c7c00000, 0x00000000eab00000)
  object space 126976K, 81% used [0x00000000c0000000,0x00000000c656cae0,0x00000000c7c00000)
 Metaspace       used 91561K, committed 92608K, reserved 1179648K
  class space    used 9292K, committed 9792K, reserved 1048576K
}
Event: 1895.215 GC heap after
{Heap after GC invocations=5826 (full 149):
 PSYoungGen      total 4096K, used 829K [0x00000000eab00000, 0x00000000eb000000, 0x0000000100000000)
  eden space 3072K, 0% used [0x00000000eab00000,0x00000000eab00000,0x00000000eae00000)
  from space 1024K, 80% used [0x00000000eae80000,0x00000000eaf4f490,0x00000000eaf80000)
  to   space 512K, 0% used [0x00000000eaf80000,0x00000000eaf80000,0x00000000eb000000)
 ParOldGen       total 126976K, used 104445K [0x00000000c0000000, 0x00000000c7c00000, 0x00000000eab00000)
  object space 126976K, 82% used [0x00000000c0000000,0x00000000c65ff498,0x00000000c7c00000)
 Metaspace       used 91561K, committed 92608K, reserved 1179648K
  class space    used 9292K, committed 9792K, reserved 1048576K
}
Event: 1895.234 GC heap before
{Heap before GC invocations=5827 (full 149):
 PSYoungGen      total 4096K, used 3901K [0x00000000eab00000, 0x00000000eb000000, 0x0000000100000000)
  eden space 3072K, 100% used [0x00000000eab00000,0x00000000eae00000,0x00000000eae00000)
  from space 1024K, 80% used [0x00000000eae80000,0x00000000eaf4f490,0x00000000eaf80000)
  to   space 512K, 0% used [0x00000000eaf80000,0x00000000eaf80000,0x00000000eb000000)
 ParOldGen       total 126976K, used 104445K [0x00000000c0000000, 0x00000000c7c00000, 0x00000000eab00000)
  object space 126976K, 82% used [0x00000000c0000000,0x00000000c65ff498,0x00000000c7c00000)
 Metaspace       used 91561K, committed 92608K, reserved 1179648K
  class space    used 9292K, committed 9792K, reserved 1048576K
}
Event: 1895.237 GC heap after
{Heap after GC invocations=5827 (full 149):
 PSYoungGen      total 3072K, used 509K [0x00000000eab00000, 0x00000000eb300000, 0x0000000100000000)
  eden space 2560K, 0% used [0x00000000eab00000,0x00000000eab00000,0x00000000ead80000)
  from space 512K, 99% used [0x00000000eaf80000,0x00000000eafff638,0x00000000eb000000)
  to   space 2048K, 0% used [0x00000000ead80000,0x00000000ead80000,0x00000000eaf80000)
 ParOldGen       total 126976K, used 105690K [0x00000000c0000000, 0x00000000c7c00000, 0x00000000eab00000)
  object space 126976K, 83% used [0x00000000c0000000,0x00000000c6736908,0x00000000c7c00000)
 Metaspace       used 91561K, committed 92608K, reserved 1179648K
  class space    used 9292K, committed 9792K, reserved 1048576K
}

