# JRE version: OpenJDK Runtime Environment Temurin-17.0.7+7 (17.0.7+7) (build 17.0.7+7)
# Java VM: OpenJDK 64-Bit Server VM Temurin-17.0.7+7 (17.0.7+7, mixed mode, tiered, compressed oops, compressed class ptrs, parallel gc, windows-amd64)
GC Precious Log:
 CPUs: 8 total, 8 available
 Memory: 10116M
 Large Page Support: Disabled
 NUMA Support: Disabled
 Compressed Oops: Enabled (32-bit)
 Alignments: Space 512K, Generation 512K, Heap 2M
 Heap Min Capacity: 100M
 Heap Initial Capacity: 100M
 Heap Max Capacity: 1G
 Pre-touch: Disabled
 Parallel Workers: 8
Heap:
 PSYoungGen      total 24064K, used 24053K [0x00000000eab00000, 0x00000000ec900000, 0x0000000100000000)
  eden space 19456K, 100% used [0x00000000eab00000,0x00000000ebe00000,0x00000000ebe00000)
  from space 4608K, 99% used [0x00000000ec480000,0x00000000ec8fd790,0x00000000ec900000)
  to   space 5120K, 87% used [0x00000000ebf00000,0x00000000ec362ad8,0x00000000ec400000)
 ParOldGen       total 68608K, used 43766K [0x00000000c0000000, 0x00000000c4300000, 0x00000000eab00000)
  object space 68608K, 63% used [0x00000000c0000000,0x00000000c2abdac0,0x00000000c4300000)
 Metaspace       used 63202K, committed 64256K, reserved 1114112K
  class space    used 6734K, committed 7168K, reserved 1048576K
GC Heap History (20 events):
Event: 15.096 GC heap after
{Heap after GC invocations=42 (full 2):
 PSYoungGen      total 22528K, used 1744K [0x00000000eab00000, 0x00000000ec300000, 0x0000000100000000)
  eden space 20480K, 0% used [0x00000000eab00000,0x00000000eab00000,0x00000000ebf00000)
  from space 2048K, 85% used [0x00000000ec100000,0x00000000ec2b4010,0x00000000ec300000)
  to   space 2048K, 0% used [0x00000000ebf00000,0x00000000ebf00000,0x00000000ec100000)
 ParOldGen       total 68608K, used 46720K [0x00000000c0000000, 0x00000000c4300000, 0x00000000eab00000)
  object space 68608K, 68% used [0x00000000c0000000,0x00000000c2da02c8,0x00000000c4300000)
 Metaspace       used 57211K, committed 58240K, reserved 1114112K
  class space    used 6157K, committed 6592K, reserved 1048576K
}
Event: 15.145 GC heap before
{Heap before GC invocations=43 (full 2):
 PSYoungGen      total 22528K, used 22224K [0x00000000eab00000, 0x00000000ec300000, 0x0000000100000000)
  eden space 20480K, 100% used [0x00000000eab00000,0x00000000ebf00000,0x00000000ebf00000)
  from space 2048K, 85% used [0x00000000ec100000,0x00000000ec2b4010,0x00000000ec300000)
  to   space 2048K, 0% used [0x00000000ebf00000,0x00000000ebf00000,0x00000000ec100000)
 ParOldGen       total 68608K, used 46720K [0x00000000c0000000, 0x00000000c4300000, 0x00000000eab00000)
  object space 68608K, 68% used [0x00000000c0000000,0x00000000c2da02c8,0x00000000c4300000)
 Metaspace       used 57253K, committed 58368K, reserved 1114112K
  class space    used 6163K, committed 6656K, reserved 1048576K
}
Event: 15.149 GC heap after
{Heap after GC invocations=43 (full 2):
 PSYoungGen      total 22528K, used 1632K [0x00000000eab00000, 0x00000000ec300000, 0x0000000100000000)
  eden space 20480K, 0% used [0x00000000eab00000,0x00000000eab00000,0x00000000ebf00000)
  from space 2048K, 79% used [0x00000000ebf00000,0x00000000ec098000,0x00000000ec100000)
  to   space 2048K, 0% used [0x00000000ec100000,0x00000000ec100000,0x00000000ec300000)
 ParOldGen       total 68608K, used 48304K [0x00000000c0000000, 0x00000000c4300000, 0x00000000eab00000)
  object space 68608K, 70% used [0x00000000c0000000,0x00000000c2f2c2e8,0x00000000c4300000)
 Metaspace       used 57253K, committed 58368K, reserved 1114112K
  class space    used 6163K, committed 6656K, reserved 1048576K
}
Event: 15.221 GC heap before
{Heap before GC invocations=44 (full 2):
 PSYoungGen      total 22528K, used 22112K [0x00000000eab00000, 0x00000000ec300000, 0x0000000100000000)
  eden space 20480K, 100% used [0x00000000eab00000,0x00000000ebf00000,0x00000000ebf00000)
  from space 2048K, 79% used [0x00000000ebf00000,0x00000000ec098000,0x00000000ec100000)
  to   space 2048K, 0% used [0x00000000ec100000,0x00000000ec100000,0x00000000ec300000)
 ParOldGen       total 68608K, used 48304K [0x00000000c0000000, 0x00000000c4300000, 0x00000000eab00000)
  object space 68608K, 70% used [0x00000000c0000000,0x00000000c2f2c2e8,0x00000000c4300000)
 Metaspace       used 57322K, committed 58432K, reserved 1114112K
  class space    used 6169K, committed 6656K, reserved 1048576K
}
Event: 15.225 GC heap after
{Heap after GC invocations=44 (full 2):
 PSYoungGen      total 22016K, used 1322K [0x00000000eab00000, 0x00000000ec280000, 0x0000000100000000)
  eden space 20480K, 0% used [0x00000000eab00000,0x00000000eab00000,0x00000000ebf00000)
  from space 1536K, 86% used [0x00000000ec100000,0x00000000ec24aa90,0x00000000ec280000)
  to   space 1536K, 0% used [0x00000000ebf80000,0x00000000ebf80000,0x00000000ec100000)
 ParOldGen       total 68608K, used 49624K [0x00000000c0000000, 0x00000000c4300000, 0x00000000eab00000)
  object space 68608K, 72% used [0x00000000c0000000,0x00000000c30762e8,0x00000000c4300000)
 Metaspace       used 57322K, committed 58432K, reserved 1114112K
  class space    used 6169K, committed 6656K, reserved 1048576K
}
Event: 15.280 GC heap before
{Heap before GC invocations=45 (full 2):
 PSYoungGen      total 22016K, used 21802K [0x00000000eab00000, 0x00000000ec280000, 0x0000000100000000)
  eden space 20480K, 100% used [0x00000000eab00000,0x00000000ebf00000,0x00000000ebf00000)
  from space 1536K, 86% used [0x00000000ec100000,0x00000000ec24aa90,0x00000000ec280000)
  to   space 1536K, 0% used [0x00000000ebf80000,0x00000000ebf80000,0x00000000ec100000)
 ParOldGen       total 68608K, used 49624K [0x00000000c0000000, 0x00000000c4300000, 0x00000000eab00000)
  object space 68608K, 72% used [0x00000000c0000000,0x00000000c30762e8,0x00000000c4300000)
 Metaspace       used 57365K, committed 58432K, reserved 1114112K
  class space    used 6171K, committed 6656K, reserved 1048576K
}
Event: 15.284 GC heap after
{Heap after GC invocations=45 (full 2):
 PSYoungGen      total 22016K, used 1512K [0x00000000eab00000, 0x00000000ec600000, 0x0000000100000000)
  eden space 20480K, 0% used [0x00000000eab00000,0x00000000eab00000,0x00000000ebf00000)
  from space 1536K, 98% used [0x00000000ebf80000,0x00000000ec0fa110,0x00000000ec100000)
  to   space 3584K, 0% used [0x00000000ec280000,0x00000000ec280000,0x00000000ec600000)
 ParOldGen       total 68608K, used 51050K [0x00000000c0000000, 0x00000000c4300000, 0x00000000eab00000)
  object space 68608K, 74% used [0x00000000c0000000,0x00000000c31dabc0,0x00000000c4300000)
 Metaspace       used 57365K, committed 58432K, reserved 1114112K
  class space    used 6171K, committed 6656K, reserved 1048576K
}
Event: 15.378 GC heap before
{Heap before GC invocations=46 (full 2):
 PSYoungGen      total 22016K, used 21992K [0x00000000eab00000, 0x00000000ec600000, 0x0000000100000000)
  eden space 20480K, 100% used [0x00000000eab00000,0x00000000ebf00000,0x00000000ebf00000)
  from space 1536K, 98% used [0x00000000ebf80000,0x00000000ec0fa110,0x00000000ec100000)
  to   space 3584K, 0% used [0x00000000ec280000,0x00000000ec280000,0x00000000ec600000)
 ParOldGen       total 68608K, used 51050K [0x00000000c0000000, 0x00000000c4300000, 0x00000000eab00000)
  object space 68608K, 74% used [0x00000000c0000000,0x00000000c31dabc0,0x00000000c4300000)
 Metaspace       used 57381K, committed 58432K, reserved 1114112K
  class space    used 6171K, committed 6656K, reserved 1048576K
}
Event: 15.382 GC heap after
{Heap after GC invocations=46 (full 2):
 PSYoungGen      total 22016K, used 1477K [0x00000000eab00000, 0x00000000ec400000, 0x0000000100000000)
  eden space 20480K, 0% used [0x00000000eab00000,0x00000000eab00000,0x00000000ebf00000)
  from space 1536K, 96% used [0x00000000ec280000,0x00000000ec3f1528,0x00000000ec400000)
  to   space 2048K, 0% used [0x00000000ec000000,0x00000000ec000000,0x00000000ec200000)
 ParOldGen       total 68608K, used 51839K [0x00000000c0000000, 0x00000000c4300000, 0x00000000eab00000)
  object space 68608K, 75% used [0x00000000c0000000,0x00000000c329fef8,0x00000000c4300000)
 Metaspace       used 57381K, committed 58432K, reserved 1114112K
  class space    used 6171K, committed 6656K, reserved 1048576K
}
Event: 15.780 GC heap before
{Heap before GC invocations=47 (full 2):
 PSYoungGen      total 22016K, used 18432K [0x00000000eab00000, 0x00000000ec400000, 0x0000000100000000)
  eden space 20480K, 82% used [0x00000000eab00000,0x00000000ebb8ec58,0x00000000ebf00000)
  from space 1536K, 96% used [0x00000000ec280000,0x00000000ec3f1528,0x00000000ec400000)
  to   space 2048K, 0% used [0x00000000ec000000,0x00000000ec000000,0x00000000ec200000)
 ParOldGen       total 68608K, used 51839K [0x00000000c0000000, 0x00000000c4300000, 0x00000000eab00000)
  object space 68608K, 75% used [0x00000000c0000000,0x00000000c329fef8,0x00000000c4300000)
 Metaspace       used 58778K, committed 59776K, reserved 1114112K
  class space    used 6331K, committed 6784K, reserved 1048576K
}
Event: 15.784 GC heap after
{Heap after GC invocations=47 (full 2):
 PSYoungGen      total 21504K, used 1007K [0x00000000eab00000, 0x00000000ec300000, 0x0000000100000000)
  eden space 20480K, 0% used [0x00000000eab00000,0x00000000eab00000,0x00000000ebf00000)
  from space 1024K, 98% used [0x00000000ec000000,0x00000000ec0fbc50,0x00000000ec100000)
  to   space 1536K, 0% used [0x00000000ec180000,0x00000000ec180000,0x00000000ec300000)
 ParOldGen       total 68608K, used 52761K [0x00000000c0000000, 0x00000000c4300000, 0x00000000eab00000)
  object space 68608K, 76% used [0x00000000c0000000,0x00000000c3386518,0x00000000c4300000)
 Metaspace       used 58778K, committed 59776K, reserved 1114112K
  class space    used 6331K, committed 6784K, reserved 1048576K
}
Event: 15.784 GC heap before
{Heap before GC invocations=48 (full 3):
 PSYoungGen      total 21504K, used 1007K [0x00000000eab00000, 0x00000000ec300000, 0x0000000100000000)
  eden space 20480K, 0% used [0x00000000eab00000,0x00000000eab00000,0x00000000ebf00000)
  from space 1024K, 98% used [0x00000000ec000000,0x00000000ec0fbc50,0x00000000ec100000)
  to   space 1536K, 0% used [0x00000000ec180000,0x00000000ec180000,0x00000000ec300000)
 ParOldGen       total 68608K, used 52761K [0x00000000c0000000, 0x00000000c4300000, 0x00000000eab00000)
  object space 68608K, 76% used [0x00000000c0000000,0x00000000c3386518,0x00000000c4300000)
 Metaspace       used 58778K, committed 59776K, reserved 1114112K
  class space    used 6331K, committed 6784K, reserved 1048576K
}
Event: 15.914 GC heap after
{Heap after GC invocations=48 (full 3):
 PSYoungGen      total 21504K, used 0K [0x00000000eab00000, 0x00000000ec300000, 0x0000000100000000)
  eden space 20480K, 0% used [0x00000000eab00000,0x00000000eab00000,0x00000000ebf00000)
  from space 1024K, 0% used [0x00000000ec000000,0x00000000ec000000,0x00000000ec100000)
  to   space 1536K, 0% used [0x00000000ec180000,0x00000000ec180000,0x00000000ec300000)
 ParOldGen       total 68608K, used 32456K [0x00000000c0000000, 0x00000000c4300000, 0x00000000eab00000)
  object space 68608K, 47% used [0x00000000c0000000,0x00000000c1fb2368,0x00000000c4300000)
 Metaspace       used 58778K, committed 59776K, reserved 1114112K
  class space    used 6331K, committed 6784K, reserved 1048576K
}
Event: 16.450 GC heap before
{Heap before GC invocations=49 (full 3):
 PSYoungGen      total 21504K, used 20480K [0x00000000eab00000, 0x00000000ec300000, 0x0000000100000000)
  eden space 20480K, 100% used [0x00000000eab00000,0x00000000ebf00000,0x00000000ebf00000)
  from space 1024K, 0% used [0x00000000ec000000,0x00000000ec000000,0x00000000ec100000)
  to   space 1536K, 0% used [0x00000000ec180000,0x00000000ec180000,0x00000000ec300000)
 ParOldGen       total 68608K, used 32456K [0x00000000c0000000, 0x00000000c4300000, 0x00000000eab00000)
  object space 68608K, 47% used [0x00000000c0000000,0x00000000c1fb2368,0x00000000c4300000)
 Metaspace       used 60106K, committed 61184K, reserved 1114112K
  class space    used 6497K, committed 6976K, reserved 1048576K
}
Event: 16.456 GC heap after
{Heap after GC invocations=49 (full 3):
 PSYoungGen      total 20992K, used 1522K [0x00000000eab00000, 0x00000000ec600000, 0x0000000100000000)
  eden space 19456K, 0% used [0x00000000eab00000,0x00000000eab00000,0x00000000ebe00000)
  from space 1536K, 99% used [0x00000000ec180000,0x00000000ec2fcbe8,0x00000000ec300000)
  to   space 3584K, 0% used [0x00000000ebe00000,0x00000000ebe00000,0x00000000ec180000)
 ParOldGen       total 68608K, used 33873K [0x00000000c0000000, 0x00000000c4300000, 0x00000000eab00000)
  object space 68608K, 49% used [0x00000000c0000000,0x00000000c2114418,0x00000000c4300000)
 Metaspace       used 60106K, committed 61184K, reserved 1114112K
  class space    used 6497K, committed 6976K, reserved 1048576K
}
Event: 16.818 GC heap before
{Heap before GC invocations=50 (full 3):
 PSYoungGen      total 20992K, used 20964K [0x00000000eab00000, 0x00000000ec600000, 0x0000000100000000)
  eden space 19456K, 99% used [0x00000000eab00000,0x00000000ebdfc7f8,0x00000000ebe00000)
  from space 1536K, 99% used [0x00000000ec180000,0x00000000ec2fcbe8,0x00000000ec300000)
  to   space 3584K, 0% used [0x00000000ebe00000,0x00000000ebe00000,0x00000000ec180000)
 ParOldGen       total 68608K, used 33873K [0x00000000c0000000, 0x00000000c4300000, 0x00000000eab00000)
  object space 68608K, 49% used [0x00000000c0000000,0x00000000c2114418,0x00000000c4300000)
 Metaspace       used 60730K, committed 61824K, reserved 1114112K
  class space    used 6543K, committed 7040K, reserved 1048576K
}
Event: 16.825 GC heap after
{Heap after GC invocations=50 (full 3):
 PSYoungGen      total 23040K, used 3558K [0x00000000eab00000, 0x00000000ecb00000, 0x0000000100000000)
  eden space 19456K, 0% used [0x00000000eab00000,0x00000000eab00000,0x00000000ebe00000)
  from space 3584K, 99% used [0x00000000ebe00000,0x00000000ec179be8,0x00000000ec180000)
  to   space 6656K, 0% used [0x00000000ec480000,0x00000000ec480000,0x00000000ecb00000)
 ParOldGen       total 68608K, used 35924K [0x00000000c0000000, 0x00000000c4300000, 0x00000000eab00000)
  object space 68608K, 52% used [0x00000000c0000000,0x00000000c23152c8,0x00000000c4300000)
 Metaspace       used 60730K, committed 61824K, reserved 1114112K
  class space    used 6543K, committed 7040K, reserved 1048576K
}
Event: 17.190 GC heap before
{Heap before GC invocations=51 (full 3):
 PSYoungGen      total 23040K, used 23014K [0x00000000eab00000, 0x00000000ecb00000, 0x0000000100000000)
  eden space 19456K, 100% used [0x00000000eab00000,0x00000000ebe00000,0x00000000ebe00000)
  from space 3584K, 99% used [0x00000000ebe00000,0x00000000ec179be8,0x00000000ec180000)
  to   space 6656K, 0% used [0x00000000ec480000,0x00000000ec480000,0x00000000ecb00000)
 ParOldGen       total 68608K, used 35924K [0x00000000c0000000, 0x00000000c4300000, 0x00000000eab00000)
  object space 68608K, 52% used [0x00000000c0000000,0x00000000c23152c8,0x00000000c4300000)
 Metaspace       used 61487K, committed 62528K, reserved 1114112K
  class space    used 6612K, committed 7040K, reserved 1048576K
}
Event: 17.200 GC heap after
{Heap after GC invocations=51 (full 3):
 PSYoungGen      total 24064K, used 4597K [0x00000000eab00000, 0x00000000ec900000, 0x0000000100000000)
  eden space 19456K, 0% used [0x00000000eab00000,0x00000000eab00000,0x00000000ebe00000)
  from space 4608K, 99% used [0x00000000ec480000,0x00000000ec8fd790,0x00000000ec900000)
  to   space 5120K, 0% used [0x00000000ebf00000,0x00000000ebf00000,0x00000000ec400000)
 ParOldGen       total 68608K, used 39316K [0x00000000c0000000, 0x00000000c4300000, 0x00000000eab00000)
  object space 68608K, 57% used [0x00000000c0000000,0x00000000c2665230,0x00000000c4300000)
 Metaspace       used 61487K, committed 62528K, reserved 1114112K
  class space    used 6612K, committed 7040K, reserved 1048576K
}
Event: 18.123 GC heap before
{Heap before GC invocations=52 (full 3):
 PSYoungGen      total 24064K, used 24053K [0x00000000eab00000, 0x00000000ec900000, 0x0000000100000000)
  eden space 19456K, 100% used [0x00000000eab00000,0x00000000ebe00000,0x00000000ebe00000)
  from space 4608K, 99% used [0x00000000ec480000,0x00000000ec8fd790,0x00000000ec900000)
  to   space 5120K, 0% used [0x00000000ebf00000,0x00000000ebf00000,0x00000000ec400000)
 ParOldGen       total 68608K, used 39316K [0x00000000c0000000, 0x00000000c4300000, 0x00000000eab00000)
  object space 68608K, 57% used [0x00000000c0000000,0x00000000c2665230,0x00000000c4300000)
 Metaspace       used 63202K, committed 64256K, reserved 1114112K
  class space    used 6734K, committed 7168K, reserved 1048576K
}

