# JRE version: OpenJDK Runtime Environment Temurin-17.0.7+7 (17.0.7+7) (build 17.0.7+7)
# Java VM: OpenJDK 64-Bit Server VM Temurin-17.0.7+7 (17.0.7+7, mixed mode, tiered, compressed oops, compressed class ptrs, parallel gc, windows-amd64)
GC Precious Log:
 CPUs: 8 total, 8 available
 Memory: 10116M
 Large Page Support: Disabled
 NUMA Support: Disabled
 Compressed Oops: Enabled (32-bit)
 Alignments: Space 512K, Generation 512K, Heap 2M
 Heap Min Capacity: 100M
 Heap Initial Capacity: 100M
 Heap Max Capacity: 1G
 Pre-touch: Disabled
 Parallel Workers: 8
Heap:
 PSYoungGen      total 6144K, used 6138K [0x00000000eab00000, 0x00000000eb780000, 0x0000000100000000)
  eden space 2560K, 99% used [0x00000000eab00000,0x00000000ead7ffd8,0x00000000ead80000)
  from space 3584K, 99% used [0x00000000eb200000,0x00000000eb57eb10,0x00000000eb580000)
  to   space 4608K, 72% used [0x00000000ead80000,0x00000000eb0c7788,0x00000000eb200000)
 ParOldGen       total 75776K, used 71910K [0x00000000c0000000, 0x00000000c4a00000, 0x00000000eab00000)
  object space 75776K, 94% used [0x00000000c0000000,0x00000000c4639bb8,0x00000000c4a00000)
 Metaspace       used 69145K, committed 70208K, reserved 1114112K
  class space    used 7222K, committed 7616K, reserved 1048576K
GC Heap History (20 events):
Event: 63.065 GC heap after
{Heap after GC invocations=104 (full 6):
 PSYoungGen      total 5120K, used 1529K [0x00000000eab00000, 0x00000000eb380000, 0x0000000100000000)
  eden space 3584K, 0% used [0x00000000eab00000,0x00000000eab00000,0x00000000eae80000)
  from space 1536K, 99% used [0x00000000eaf00000,0x00000000eb07e7f8,0x00000000eb080000)
  to   space 2560K, 0% used [0x00000000eb100000,0x00000000eb100000,0x00000000eb380000)
 ParOldGen       total 75776K, used 68674K [0x00000000c0000000, 0x00000000c4a00000, 0x00000000eab00000)
  object space 75776K, 90% used [0x00000000c0000000,0x00000000c4310b50,0x00000000c4a00000)
 Metaspace       used 68868K, committed 69824K, reserved 1114112K
  class space    used 7213K, committed 7616K, reserved 1048576K
}
Event: 63.182 GC heap before
{Heap before GC invocations=105 (full 6):
 PSYoungGen      total 5120K, used 5113K [0x00000000eab00000, 0x00000000eb380000, 0x0000000100000000)
  eden space 3584K, 99% used [0x00000000eab00000,0x00000000eae7fd88,0x00000000eae80000)
  from space 1536K, 99% used [0x00000000eaf00000,0x00000000eb07e7f8,0x00000000eb080000)
  to   space 2560K, 0% used [0x00000000eb100000,0x00000000eb100000,0x00000000eb380000)
 ParOldGen       total 75776K, used 68674K [0x00000000c0000000, 0x00000000c4a00000, 0x00000000eab00000)
  object space 75776K, 90% used [0x00000000c0000000,0x00000000c4310b50,0x00000000c4a00000)
 Metaspace       used 68877K, committed 69888K, reserved 1114112K
  class space    used 7213K, committed 7616K, reserved 1048576K
}
Event: 63.185 GC heap after
{Heap after GC invocations=105 (full 6):
 PSYoungGen      total 6144K, used 2202K [0x00000000eab00000, 0x00000000eb380000, 0x0000000100000000)
  eden space 3584K, 0% used [0x00000000eab00000,0x00000000eab00000,0x00000000eae80000)
  from space 2560K, 86% used [0x00000000eb100000,0x00000000eb326818,0x00000000eb380000)
  to   space 2560K, 0% used [0x00000000eae80000,0x00000000eae80000,0x00000000eb100000)
 ParOldGen       total 75776K, used 69211K [0x00000000c0000000, 0x00000000c4a00000, 0x00000000eab00000)
  object space 75776K, 91% used [0x00000000c0000000,0x00000000c4396d00,0x00000000c4a00000)
 Metaspace       used 68877K, committed 69888K, reserved 1114112K
  class space    used 7213K, committed 7616K, reserved 1048576K
}
Event: 63.473 GC heap before
{Heap before GC invocations=106 (full 6):
 PSYoungGen      total 6144K, used 5786K [0x00000000eab00000, 0x00000000eb380000, 0x0000000100000000)
  eden space 3584K, 100% used [0x00000000eab00000,0x00000000eae80000,0x00000000eae80000)
  from space 2560K, 86% used [0x00000000eb100000,0x00000000eb326818,0x00000000eb380000)
  to   space 2560K, 0% used [0x00000000eae80000,0x00000000eae80000,0x00000000eb100000)
 ParOldGen       total 75776K, used 69211K [0x00000000c0000000, 0x00000000c4a00000, 0x00000000eab00000)
  object space 75776K, 91% used [0x00000000c0000000,0x00000000c4396d00,0x00000000c4a00000)
 Metaspace       used 68944K, committed 69952K, reserved 1114112K
  class space    used 7222K, committed 7616K, reserved 1048576K
}
Event: 63.476 GC heap after
{Heap after GC invocations=106 (full 6):
 PSYoungGen      total 6144K, used 1958K [0x00000000eab00000, 0x00000000eb380000, 0x0000000100000000)
  eden space 3584K, 0% used [0x00000000eab00000,0x00000000eab00000,0x00000000eae80000)
  from space 2560K, 76% used [0x00000000eae80000,0x00000000eb069ba8,0x00000000eb100000)
  to   space 2560K, 0% used [0x00000000eb100000,0x00000000eb100000,0x00000000eb380000)
 ParOldGen       total 75776K, used 69211K [0x00000000c0000000, 0x00000000c4a00000, 0x00000000eab00000)
  object space 75776K, 91% used [0x00000000c0000000,0x00000000c4396d00,0x00000000c4a00000)
 Metaspace       used 68944K, committed 69952K, reserved 1114112K
  class space    used 7222K, committed 7616K, reserved 1048576K
}
Event: 63.692 GC heap before
{Heap before GC invocations=107 (full 6):
 PSYoungGen      total 6144K, used 5542K [0x00000000eab00000, 0x00000000eb380000, 0x0000000100000000)
  eden space 3584K, 100% used [0x00000000eab00000,0x00000000eae80000,0x00000000eae80000)
  from space 2560K, 76% used [0x00000000eae80000,0x00000000eb069ba8,0x00000000eb100000)
  to   space 2560K, 0% used [0x00000000eb100000,0x00000000eb100000,0x00000000eb380000)
 ParOldGen       total 75776K, used 69211K [0x00000000c0000000, 0x00000000c4a00000, 0x00000000eab00000)
  object space 75776K, 91% used [0x00000000c0000000,0x00000000c4396d00,0x00000000c4a00000)
 Metaspace       used 68953K, committed 69952K, reserved 1114112K
  class space    used 7222K, committed 7616K, reserved 1048576K
}
Event: 63.693 GC heap after
{Heap after GC invocations=107 (full 6):
 PSYoungGen      total 6144K, used 2230K [0x00000000eab00000, 0x00000000eb380000, 0x0000000100000000)
  eden space 3584K, 0% used [0x00000000eab00000,0x00000000eab00000,0x00000000eae80000)
  from space 2560K, 87% used [0x00000000eb100000,0x00000000eb32dbb8,0x00000000eb380000)
  to   space 2560K, 0% used [0x00000000eae80000,0x00000000eae80000,0x00000000eb100000)
 ParOldGen       total 75776K, used 69219K [0x00000000c0000000, 0x00000000c4a00000, 0x00000000eab00000)
  object space 75776K, 91% used [0x00000000c0000000,0x00000000c4398d00,0x00000000c4a00000)
 Metaspace       used 68953K, committed 69952K, reserved 1114112K
  class space    used 7222K, committed 7616K, reserved 1048576K
}
Event: 63.731 GC heap before
{Heap before GC invocations=108 (full 6):
 PSYoungGen      total 6144K, used 5814K [0x00000000eab00000, 0x00000000eb380000, 0x0000000100000000)
  eden space 3584K, 100% used [0x00000000eab00000,0x00000000eae80000,0x00000000eae80000)
  from space 2560K, 87% used [0x00000000eb100000,0x00000000eb32dbb8,0x00000000eb380000)
  to   space 2560K, 0% used [0x00000000eae80000,0x00000000eae80000,0x00000000eb100000)
 ParOldGen       total 75776K, used 69219K [0x00000000c0000000, 0x00000000c4a00000, 0x00000000eab00000)
  object space 75776K, 91% used [0x00000000c0000000,0x00000000c4398d00,0x00000000c4a00000)
 Metaspace       used 68970K, committed 69952K, reserved 1114112K
  class space    used 7222K, committed 7616K, reserved 1048576K
}
Event: 63.735 GC heap after
{Heap after GC invocations=108 (full 6):
 PSYoungGen      total 6144K, used 2535K [0x00000000eab00000, 0x00000000eb580000, 0x0000000100000000)
  eden space 3584K, 0% used [0x00000000eab00000,0x00000000eab00000,0x00000000eae80000)
  from space 2560K, 99% used [0x00000000eae80000,0x00000000eb0f9e98,0x00000000eb100000)
  to   space 3584K, 0% used [0x00000000eb200000,0x00000000eb200000,0x00000000eb580000)
 ParOldGen       total 75776K, used 69923K [0x00000000c0000000, 0x00000000c4a00000, 0x00000000eab00000)
  object space 75776K, 92% used [0x00000000c0000000,0x00000000c4448d40,0x00000000c4a00000)
 Metaspace       used 68970K, committed 69952K, reserved 1114112K
  class space    used 7222K, committed 7616K, reserved 1048576K
}
Event: 63.869 GC heap before
{Heap before GC invocations=109 (full 6):
 PSYoungGen      total 6144K, used 6119K [0x00000000eab00000, 0x00000000eb580000, 0x0000000100000000)
  eden space 3584K, 100% used [0x00000000eab00000,0x00000000eae80000,0x00000000eae80000)
  from space 2560K, 99% used [0x00000000eae80000,0x00000000eb0f9e98,0x00000000eb100000)
  to   space 3584K, 0% used [0x00000000eb200000,0x00000000eb200000,0x00000000eb580000)
 ParOldGen       total 75776K, used 69923K [0x00000000c0000000, 0x00000000c4a00000, 0x00000000eab00000)
  object space 75776K, 92% used [0x00000000c0000000,0x00000000c4448d40,0x00000000c4a00000)
 Metaspace       used 69068K, committed 70016K, reserved 1114112K
  class space    used 7222K, committed 7616K, reserved 1048576K
}
Event: 63.873 GC heap after
{Heap after GC invocations=109 (full 6):
 PSYoungGen      total 6656K, used 2907K [0x00000000eab00000, 0x00000000eb500000, 0x0000000100000000)
  eden space 3584K, 0% used [0x00000000eab00000,0x00000000eab00000,0x00000000eae80000)
  from space 3072K, 94% used [0x00000000eb200000,0x00000000eb4d6de8,0x00000000eb500000)
  to   space 3072K, 0% used [0x00000000eaf00000,0x00000000eaf00000,0x00000000eb200000)
 ParOldGen       total 75776K, used 70155K [0x00000000c0000000, 0x00000000c4a00000, 0x00000000eab00000)
  object space 75776K, 92% used [0x00000000c0000000,0x00000000c4482d40,0x00000000c4a00000)
 Metaspace       used 69068K, committed 70016K, reserved 1114112K
  class space    used 7222K, committed 7616K, reserved 1048576K
}
Event: 64.136 GC heap before
{Heap before GC invocations=110 (full 6):
 PSYoungGen      total 6656K, used 6491K [0x00000000eab00000, 0x00000000eb500000, 0x0000000100000000)
  eden space 3584K, 99% used [0x00000000eab00000,0x00000000eae7ffe0,0x00000000eae80000)
  from space 3072K, 94% used [0x00000000eb200000,0x00000000eb4d6de8,0x00000000eb500000)
  to   space 3072K, 0% used [0x00000000eaf00000,0x00000000eaf00000,0x00000000eb200000)
 ParOldGen       total 75776K, used 70155K [0x00000000c0000000, 0x00000000c4a00000, 0x00000000eab00000)
  object space 75776K, 92% used [0x00000000c0000000,0x00000000c4482d40,0x00000000c4a00000)
 Metaspace       used 69079K, committed 70080K, reserved 1114112K
  class space    used 7222K, committed 7616K, reserved 1048576K
}
Event: 64.139 GC heap after
{Heap after GC invocations=110 (full 6):
 PSYoungGen      total 6656K, used 2746K [0x00000000eab00000, 0x00000000eb480000, 0x0000000100000000)
  eden space 3584K, 0% used [0x00000000eab00000,0x00000000eab00000,0x00000000eae80000)
  from space 3072K, 89% used [0x00000000eaf00000,0x00000000eb1aeb00,0x00000000eb200000)
  to   space 2560K, 0% used [0x00000000eb200000,0x00000000eb200000,0x00000000eb480000)
 ParOldGen       total 75776K, used 70155K [0x00000000c0000000, 0x00000000c4a00000, 0x00000000eab00000)
  object space 75776K, 92% used [0x00000000c0000000,0x00000000c4482d40,0x00000000c4a00000)
 Metaspace       used 69079K, committed 70080K, reserved 1114112K
  class space    used 7222K, committed 7616K, reserved 1048576K
}
Event: 64.252 GC heap before
{Heap before GC invocations=111 (full 6):
 PSYoungGen      total 6656K, used 6330K [0x00000000eab00000, 0x00000000eb480000, 0x0000000100000000)
  eden space 3584K, 99% used [0x00000000eab00000,0x00000000eae7ffe8,0x00000000eae80000)
  from space 3072K, 89% used [0x00000000eaf00000,0x00000000eb1aeb00,0x00000000eb200000)
  to   space 2560K, 0% used [0x00000000eb200000,0x00000000eb200000,0x00000000eb480000)
 ParOldGen       total 75776K, used 70155K [0x00000000c0000000, 0x00000000c4a00000, 0x00000000eab00000)
  object space 75776K, 92% used [0x00000000c0000000,0x00000000c4482d40,0x00000000c4a00000)
 Metaspace       used 69094K, committed 70080K, reserved 1114112K
  class space    used 7222K, committed 7616K, reserved 1048576K
}
Event: 64.254 GC heap after
{Heap after GC invocations=111 (full 6):
 PSYoungGen      total 6144K, used 2554K [0x00000000eab00000, 0x00000000eb480000, 0x0000000100000000)
  eden space 3584K, 0% used [0x00000000eab00000,0x00000000eab00000,0x00000000eae80000)
  from space 2560K, 99% used [0x00000000eb200000,0x00000000eb47eb00,0x00000000eb480000)
  to   space 3072K, 0% used [0x00000000eae80000,0x00000000eae80000,0x00000000eb180000)
 ParOldGen       total 75776K, used 70363K [0x00000000c0000000, 0x00000000c4a00000, 0x00000000eab00000)
  object space 75776K, 92% used [0x00000000c0000000,0x00000000c44b6d40,0x00000000c4a00000)
 Metaspace       used 69094K, committed 70080K, reserved 1114112K
  class space    used 7222K, committed 7616K, reserved 1048576K
}
Event: 64.491 GC heap before
{Heap before GC invocations=112 (full 6):
 PSYoungGen      total 6144K, used 6138K [0x00000000eab00000, 0x00000000eb480000, 0x0000000100000000)
  eden space 3584K, 100% used [0x00000000eab00000,0x00000000eae80000,0x00000000eae80000)
  from space 2560K, 99% used [0x00000000eb200000,0x00000000eb47eb00,0x00000000eb480000)
  to   space 3072K, 0% used [0x00000000eae80000,0x00000000eae80000,0x00000000eb180000)
 ParOldGen       total 75776K, used 70363K [0x00000000c0000000, 0x00000000c4a00000, 0x00000000eab00000)
  object space 75776K, 92% used [0x00000000c0000000,0x00000000c44b6d40,0x00000000c4a00000)
 Metaspace       used 69109K, committed 70080K, reserved 1114112K
  class space    used 7222K, committed 7616K, reserved 1048576K
}
Event: 64.494 GC heap after
{Heap after GC invocations=112 (full 6):
 PSYoungGen      total 6656K, used 3055K [0x00000000eab00000, 0x00000000eb580000, 0x0000000100000000)
  eden space 3584K, 0% used [0x00000000eab00000,0x00000000eab00000,0x00000000eae80000)
  from space 3072K, 99% used [0x00000000eae80000,0x00000000eb17bd48,0x00000000eb180000)
  to   space 3584K, 0% used [0x00000000eb200000,0x00000000eb200000,0x00000000eb580000)
 ParOldGen       total 75776K, used 70515K [0x00000000c0000000, 0x00000000c4a00000, 0x00000000eab00000)
  object space 75776K, 93% used [0x00000000c0000000,0x00000000c44dcd60,0x00000000c4a00000)
 Metaspace       used 69109K, committed 70080K, reserved 1114112K
  class space    used 7222K, committed 7616K, reserved 1048576K
}
Event: 64.539 GC heap before
{Heap before GC invocations=113 (full 6):
 PSYoungGen      total 6656K, used 6639K [0x00000000eab00000, 0x00000000eb580000, 0x0000000100000000)
  eden space 3584K, 100% used [0x00000000eab00000,0x00000000eae80000,0x00000000eae80000)
  from space 3072K, 99% used [0x00000000eae80000,0x00000000eb17bd48,0x00000000eb180000)
  to   space 3584K, 0% used [0x00000000eb200000,0x00000000eb200000,0x00000000eb580000)
 ParOldGen       total 75776K, used 70515K [0x00000000c0000000, 0x00000000c4a00000, 0x00000000eab00000)
  object space 75776K, 93% used [0x00000000c0000000,0x00000000c44dcd60,0x00000000c4a00000)
 Metaspace       used 69118K, committed 70144K, reserved 1114112K
  class space    used 7222K, committed 7616K, reserved 1048576K
}
Event: 64.544 GC heap after
{Heap after GC invocations=113 (full 6):
 PSYoungGen      total 6144K, used 3578K [0x00000000eab00000, 0x00000000eb780000, 0x0000000100000000)
  eden space 2560K, 0% used [0x00000000eab00000,0x00000000eab00000,0x00000000ead80000)
  from space 3584K, 99% used [0x00000000eb200000,0x00000000eb57eb10,0x00000000eb580000)
  to   space 4608K, 0% used [0x00000000ead80000,0x00000000ead80000,0x00000000eb200000)
 ParOldGen       total 75776K, used 71294K [0x00000000c0000000, 0x00000000c4a00000, 0x00000000eab00000)
  object space 75776K, 94% used [0x00000000c0000000,0x00000000c459fbb8,0x00000000c4a00000)
 Metaspace       used 69118K, committed 70144K, reserved 1114112K
  class space    used 7222K, committed 7616K, reserved 1048576K
}
Event: 64.659 GC heap before
{Heap before GC invocations=114 (full 6):
 PSYoungGen      total 6144K, used 6138K [0x00000000eab00000, 0x00000000eb780000, 0x0000000100000000)
  eden space 2560K, 99% used [0x00000000eab00000,0x00000000ead7ffd8,0x00000000ead80000)
  from space 3584K, 99% used [0x00000000eb200000,0x00000000eb57eb10,0x00000000eb580000)
  to   space 4608K, 0% used [0x00000000ead80000,0x00000000ead80000,0x00000000eb200000)
 ParOldGen       total 75776K, used 71294K [0x00000000c0000000, 0x00000000c4a00000, 0x00000000eab00000)
  object space 75776K, 94% used [0x00000000c0000000,0x00000000c459fbb8,0x00000000c4a00000)
 Metaspace       used 69145K, committed 70208K, reserved 1114112K
  class space    used 7222K, committed 7616K, reserved 1048576K
}

