# JRE version: OpenJDK Runtime Environment Temurin-17.0.7+7 (17.0.7+7) (build 17.0.7+7)
# Java VM: OpenJDK 64-Bit Server VM Temurin-17.0.7+7 (17.0.7+7, mixed mode, tiered, compressed oops, compressed class ptrs, parallel gc, windows-amd64)
GC Precious Log:
 CPUs: 8 total, 8 available
 Memory: 10116M
 Large Page Support: Disabled
 NUMA Support: Disabled
 Compressed Oops: Enabled (32-bit)
 Alignments: Space 512K, Generation 512K, Heap 2M
 Heap Min Capacity: 100M
 Heap Initial Capacity: 100M
 Heap Max Capacity: 1G
 Pre-touch: Disabled
 Parallel Workers: 8
Heap:
 PSYoungGen      total 3584K, used 3552K [0x00000000eab00000, 0x00000000eb080000, 0x0000000100000000)
  eden space 2560K, 100% used [0x00000000eab00000,0x00000000ead80000,0x00000000ead80000)
  from space 1024K, 96% used [0x00000000eaf00000,0x00000000eaff8000,0x00000000eb000000)
  to   space 1536K, 75% used [0x00000000ead80000,0x00000000eaea0000,0x00000000eaf00000)
 ParOldGen       total 79872K, used 72637K [0x00000000c0000000, 0x00000000c4e00000, 0x00000000eab00000)
  object space 79872K, 90% used [0x00000000c0000000,0x00000000c46ef638,0x00000000c4e00000)
 Metaspace       used 77246K, committed 78272K, reserved 1179648K
  class space    used 8123K, committed 8576K, reserved 1048576K
GC Heap History (20 events):
Event: 98.358 GC heap after
{Heap after GC invocations=504 (full 13):
 PSYoungGen      total 3072K, used 672K [0x00000000eab00000, 0x00000000eaf80000, 0x0000000100000000)
  eden space 2048K, 0% used [0x00000000eab00000,0x00000000eab00000,0x00000000ead00000)
  from space 1024K, 65% used [0x00000000ead00000,0x00000000eada8040,0x00000000eae00000)
  to   space 1024K, 0% used [0x00000000eae80000,0x00000000eae80000,0x00000000eaf80000)
 ParOldGen       total 79872K, used 66329K [0x00000000c0000000, 0x00000000c4e00000, 0x00000000eab00000)
  object space 79872K, 83% used [0x00000000c0000000,0x00000000c40c64d8,0x00000000c4e00000)
 Metaspace       used 77162K, committed 78208K, reserved 1179648K
  class space    used 8123K, committed 8576K, reserved 1048576K
}
Event: 98.396 GC heap before
{Heap before GC invocations=505 (full 13):
 PSYoungGen      total 3072K, used 2720K [0x00000000eab00000, 0x00000000eaf80000, 0x0000000100000000)
  eden space 2048K, 100% used [0x00000000eab00000,0x00000000ead00000,0x00000000ead00000)
  from space 1024K, 65% used [0x00000000ead00000,0x00000000eada8040,0x00000000eae00000)
  to   space 1024K, 0% used [0x00000000eae80000,0x00000000eae80000,0x00000000eaf80000)
 ParOldGen       total 79872K, used 66329K [0x00000000c0000000, 0x00000000c4e00000, 0x00000000eab00000)
  object space 79872K, 83% used [0x00000000c0000000,0x00000000c40c64d8,0x00000000c4e00000)
 Metaspace       used 77166K, committed 78208K, reserved 1179648K
  class space    used 8123K, committed 8576K, reserved 1048576K
}
Event: 98.398 GC heap after
{Heap after GC invocations=505 (full 13):
 PSYoungGen      total 3072K, used 791K [0x00000000eab00000, 0x00000000eaf80000, 0x0000000100000000)
  eden space 2048K, 0% used [0x00000000eab00000,0x00000000eab00000,0x00000000ead00000)
  from space 1024K, 77% used [0x00000000eae80000,0x00000000eaf45c38,0x00000000eaf80000)
  to   space 1024K, 0% used [0x00000000ead00000,0x00000000ead00000,0x00000000eae00000)
 ParOldGen       total 79872K, used 66837K [0x00000000c0000000, 0x00000000c4e00000, 0x00000000eab00000)
  object space 79872K, 83% used [0x00000000c0000000,0x00000000c4145740,0x00000000c4e00000)
 Metaspace       used 77166K, committed 78208K, reserved 1179648K
  class space    used 8123K, committed 8576K, reserved 1048576K
}
Event: 98.431 GC heap before
{Heap before GC invocations=506 (full 13):
 PSYoungGen      total 3072K, used 2839K [0x00000000eab00000, 0x00000000eaf80000, 0x0000000100000000)
  eden space 2048K, 100% used [0x00000000eab00000,0x00000000ead00000,0x00000000ead00000)
  from space 1024K, 77% used [0x00000000eae80000,0x00000000eaf45c38,0x00000000eaf80000)
  to   space 1024K, 0% used [0x00000000ead00000,0x00000000ead00000,0x00000000eae00000)
 ParOldGen       total 79872K, used 66837K [0x00000000c0000000, 0x00000000c4e00000, 0x00000000eab00000)
  object space 79872K, 83% used [0x00000000c0000000,0x00000000c4145740,0x00000000c4e00000)
 Metaspace       used 77166K, committed 78208K, reserved 1179648K
  class space    used 8123K, committed 8576K, reserved 1048576K
}
Event: 98.435 GC heap after
{Heap after GC invocations=506 (full 13):
 PSYoungGen      total 3072K, used 768K [0x00000000eab00000, 0x00000000eaf00000, 0x0000000100000000)
  eden space 2048K, 0% used [0x00000000eab00000,0x00000000eab00000,0x00000000ead00000)
  from space 1024K, 75% used [0x00000000ead00000,0x00000000eadc0040,0x00000000eae00000)
  to   space 1024K, 0% used [0x00000000eae00000,0x00000000eae00000,0x00000000eaf00000)
 ParOldGen       total 79872K, used 67515K [0x00000000c0000000, 0x00000000c4e00000, 0x00000000eab00000)
  object space 79872K, 84% used [0x00000000c0000000,0x00000000c41eef08,0x00000000c4e00000)
 Metaspace       used 77166K, committed 78208K, reserved 1179648K
  class space    used 8123K, committed 8576K, reserved 1048576K
}
Event: 98.460 GC heap before
{Heap before GC invocations=507 (full 13):
 PSYoungGen      total 3072K, used 2811K [0x00000000eab00000, 0x00000000eaf00000, 0x0000000100000000)
  eden space 2048K, 99% used [0x00000000eab00000,0x00000000eacfedd8,0x00000000ead00000)
  from space 1024K, 75% used [0x00000000ead00000,0x00000000eadc0040,0x00000000eae00000)
  to   space 1024K, 0% used [0x00000000eae00000,0x00000000eae00000,0x00000000eaf00000)
 ParOldGen       total 79872K, used 67515K [0x00000000c0000000, 0x00000000c4e00000, 0x00000000eab00000)
  object space 79872K, 84% used [0x00000000c0000000,0x00000000c41eef08,0x00000000c4e00000)
 Metaspace       used 77209K, committed 78272K, reserved 1179648K
  class space    used 8123K, committed 8576K, reserved 1048576K
}
Event: 98.463 GC heap after
{Heap after GC invocations=507 (full 13):
 PSYoungGen      total 3072K, used 738K [0x00000000eab00000, 0x00000000eaf00000, 0x0000000100000000)
  eden space 2048K, 0% used [0x00000000eab00000,0x00000000eab00000,0x00000000ead00000)
  from space 1024K, 72% used [0x00000000eae00000,0x00000000eaeb8988,0x00000000eaf00000)
  to   space 1024K, 0% used [0x00000000ead00000,0x00000000ead00000,0x00000000eae00000)
 ParOldGen       total 79872K, used 68171K [0x00000000c0000000, 0x00000000c4e00000, 0x00000000eab00000)
  object space 79872K, 85% used [0x00000000c0000000,0x00000000c4292f48,0x00000000c4e00000)
 Metaspace       used 77209K, committed 78272K, reserved 1179648K
  class space    used 8123K, committed 8576K, reserved 1048576K
}
Event: 98.517 GC heap before
{Heap before GC invocations=508 (full 13):
 PSYoungGen      total 3072K, used 2786K [0x00000000eab00000, 0x00000000eaf00000, 0x0000000100000000)
  eden space 2048K, 99% used [0x00000000eab00000,0x00000000eacffff8,0x00000000ead00000)
  from space 1024K, 72% used [0x00000000eae00000,0x00000000eaeb8988,0x00000000eaf00000)
  to   space 1024K, 0% used [0x00000000ead00000,0x00000000ead00000,0x00000000eae00000)
 ParOldGen       total 79872K, used 68171K [0x00000000c0000000, 0x00000000c4e00000, 0x00000000eab00000)
  object space 79872K, 85% used [0x00000000c0000000,0x00000000c4292f48,0x00000000c4e00000)
 Metaspace       used 77218K, committed 78272K, reserved 1179648K
  class space    used 8123K, committed 8576K, reserved 1048576K
}
Event: 98.523 GC heap after
{Heap after GC invocations=508 (full 13):
 PSYoungGen      total 3072K, used 640K [0x00000000eab00000, 0x00000000eaf00000, 0x0000000100000000)
  eden space 2048K, 0% used [0x00000000eab00000,0x00000000eab00000,0x00000000ead00000)
  from space 1024K, 62% used [0x00000000ead00000,0x00000000eada0010,0x00000000eae00000)
  to   space 1024K, 0% used [0x00000000eae00000,0x00000000eae00000,0x00000000eaf00000)
 ParOldGen       total 79872K, used 68703K [0x00000000c0000000, 0x00000000c4e00000, 0x00000000eab00000)
  object space 79872K, 86% used [0x00000000c0000000,0x00000000c4317d48,0x00000000c4e00000)
 Metaspace       used 77218K, committed 78272K, reserved 1179648K
  class space    used 8123K, committed 8576K, reserved 1048576K
}
Event: 98.534 GC heap before
{Heap before GC invocations=509 (full 13):
 PSYoungGen      total 3072K, used 2688K [0x00000000eab00000, 0x00000000eaf00000, 0x0000000100000000)
  eden space 2048K, 99% used [0x00000000eab00000,0x00000000eacffff8,0x00000000ead00000)
  from space 1024K, 62% used [0x00000000ead00000,0x00000000eada0010,0x00000000eae00000)
  to   space 1024K, 0% used [0x00000000eae00000,0x00000000eae00000,0x00000000eaf00000)
 ParOldGen       total 79872K, used 68703K [0x00000000c0000000, 0x00000000c4e00000, 0x00000000eab00000)
  object space 79872K, 86% used [0x00000000c0000000,0x00000000c4317d48,0x00000000c4e00000)
 Metaspace       used 77218K, committed 78272K, reserved 1179648K
  class space    used 8123K, committed 8576K, reserved 1048576K
}
Event: 98.543 GC heap after
{Heap after GC invocations=509 (full 13):
 PSYoungGen      total 3072K, used 834K [0x00000000eab00000, 0x00000000eaf80000, 0x0000000100000000)
  eden space 2048K, 0% used [0x00000000eab00000,0x00000000eab00000,0x00000000ead00000)
  from space 1024K, 81% used [0x00000000eae00000,0x00000000eaed0978,0x00000000eaf00000)
  to   space 1024K, 0% used [0x00000000ead00000,0x00000000ead00000,0x00000000eae00000)
 ParOldGen       total 79872K, used 69165K [0x00000000c0000000, 0x00000000c4e00000, 0x00000000eab00000)
  object space 79872K, 86% used [0x00000000c0000000,0x00000000c438b518,0x00000000c4e00000)
 Metaspace       used 77218K, committed 78272K, reserved 1179648K
  class space    used 8123K, committed 8576K, reserved 1048576K
}
Event: 98.581 GC heap before
{Heap before GC invocations=510 (full 13):
 PSYoungGen      total 3072K, used 2882K [0x00000000eab00000, 0x00000000eaf80000, 0x0000000100000000)
  eden space 2048K, 100% used [0x00000000eab00000,0x00000000ead00000,0x00000000ead00000)
  from space 1024K, 81% used [0x00000000eae00000,0x00000000eaed0978,0x00000000eaf00000)
  to   space 1024K, 0% used [0x00000000ead00000,0x00000000ead00000,0x00000000eae00000)
 ParOldGen       total 79872K, used 69165K [0x00000000c0000000, 0x00000000c4e00000, 0x00000000eab00000)
  object space 79872K, 86% used [0x00000000c0000000,0x00000000c438b518,0x00000000c4e00000)
 Metaspace       used 77222K, committed 78272K, reserved 1179648K
  class space    used 8123K, committed 8576K, reserved 1048576K
}
Event: 98.586 GC heap after
{Heap after GC invocations=510 (full 13):
 PSYoungGen      total 3072K, used 946K [0x00000000eab00000, 0x00000000eaf80000, 0x0000000100000000)
  eden space 2048K, 0% used [0x00000000eab00000,0x00000000eab00000,0x00000000ead00000)
  from space 1024K, 92% used [0x00000000ead00000,0x00000000eadec968,0x00000000eae00000)
  to   space 1024K, 0% used [0x00000000eae80000,0x00000000eae80000,0x00000000eaf80000)
 ParOldGen       total 79872K, used 69845K [0x00000000c0000000, 0x00000000c4e00000, 0x00000000eab00000)
  object space 79872K, 87% used [0x00000000c0000000,0x00000000c4435530,0x00000000c4e00000)
 Metaspace       used 77222K, committed 78272K, reserved 1179648K
  class space    used 8123K, committed 8576K, reserved 1048576K
}
Event: 98.602 GC heap before
{Heap before GC invocations=511 (full 13):
 PSYoungGen      total 3072K, used 2994K [0x00000000eab00000, 0x00000000eaf80000, 0x0000000100000000)
  eden space 2048K, 100% used [0x00000000eab00000,0x00000000ead00000,0x00000000ead00000)
  from space 1024K, 92% used [0x00000000ead00000,0x00000000eadec968,0x00000000eae00000)
  to   space 1024K, 0% used [0x00000000eae80000,0x00000000eae80000,0x00000000eaf80000)
 ParOldGen       total 79872K, used 69845K [0x00000000c0000000, 0x00000000c4e00000, 0x00000000eab00000)
  object space 79872K, 87% used [0x00000000c0000000,0x00000000c4435530,0x00000000c4e00000)
 Metaspace       used 77223K, committed 78272K, reserved 1179648K
  class space    used 8123K, committed 8576K, reserved 1048576K
}
Event: 98.607 GC heap after
{Heap after GC invocations=511 (full 13):
 PSYoungGen      total 3584K, used 802K [0x00000000eab00000, 0x00000000eaf80000, 0x0000000100000000)
  eden space 2560K, 0% used [0x00000000eab00000,0x00000000eab00000,0x00000000ead80000)
  from space 1024K, 78% used [0x00000000eae80000,0x00000000eaf48978,0x00000000eaf80000)
  to   space 1024K, 0% used [0x00000000ead80000,0x00000000ead80000,0x00000000eae80000)
 ParOldGen       total 79872K, used 70654K [0x00000000c0000000, 0x00000000c4e00000, 0x00000000eab00000)
  object space 79872K, 88% used [0x00000000c0000000,0x00000000c44ff890,0x00000000c4e00000)
 Metaspace       used 77223K, committed 78272K, reserved 1179648K
  class space    used 8123K, committed 8576K, reserved 1048576K
}
Event: 98.657 GC heap before
{Heap before GC invocations=512 (full 13):
 PSYoungGen      total 3584K, used 3362K [0x00000000eab00000, 0x00000000eaf80000, 0x0000000100000000)
  eden space 2560K, 100% used [0x00000000eab00000,0x00000000ead80000,0x00000000ead80000)
  from space 1024K, 78% used [0x00000000eae80000,0x00000000eaf48978,0x00000000eaf80000)
  to   space 1024K, 0% used [0x00000000ead80000,0x00000000ead80000,0x00000000eae80000)
 ParOldGen       total 79872K, used 70654K [0x00000000c0000000, 0x00000000c4e00000, 0x00000000eab00000)
  object space 79872K, 88% used [0x00000000c0000000,0x00000000c44ff890,0x00000000c4e00000)
 Metaspace       used 77229K, committed 78272K, reserved 1179648K
  class space    used 8123K, committed 8576K, reserved 1048576K
}
Event: 98.663 GC heap after
{Heap after GC invocations=512 (full 13):
 PSYoungGen      total 3584K, used 658K [0x00000000eab00000, 0x00000000eb000000, 0x0000000100000000)
  eden space 2560K, 0% used [0x00000000eab00000,0x00000000eab00000,0x00000000ead80000)
  from space 1024K, 64% used [0x00000000ead80000,0x00000000eae24968,0x00000000eae80000)
  to   space 1024K, 0% used [0x00000000eaf00000,0x00000000eaf00000,0x00000000eb000000)
 ParOldGen       total 79872K, used 71250K [0x00000000c0000000, 0x00000000c4e00000, 0x00000000eab00000)
  object space 79872K, 89% used [0x00000000c0000000,0x00000000c45948b8,0x00000000c4e00000)
 Metaspace       used 77229K, committed 78272K, reserved 1179648K
  class space    used 8123K, committed 8576K, reserved 1048576K
}
Event: 98.691 GC heap before
{Heap before GC invocations=513 (full 13):
 PSYoungGen      total 3584K, used 3218K [0x00000000eab00000, 0x00000000eb000000, 0x0000000100000000)
  eden space 2560K, 100% used [0x00000000eab00000,0x00000000ead80000,0x00000000ead80000)
  from space 1024K, 64% used [0x00000000ead80000,0x00000000eae24968,0x00000000eae80000)
  to   space 1024K, 0% used [0x00000000eaf00000,0x00000000eaf00000,0x00000000eb000000)
 ParOldGen       total 79872K, used 71250K [0x00000000c0000000, 0x00000000c4e00000, 0x00000000eab00000)
  object space 79872K, 89% used [0x00000000c0000000,0x00000000c45948b8,0x00000000c4e00000)
 Metaspace       used 77230K, committed 78272K, reserved 1179648K
  class space    used 8123K, committed 8576K, reserved 1048576K
}
Event: 98.695 GC heap after
{Heap after GC invocations=513 (full 13):
 PSYoungGen      total 3584K, used 992K [0x00000000eab00000, 0x00000000eb080000, 0x0000000100000000)
  eden space 2560K, 0% used [0x00000000eab00000,0x00000000eab00000,0x00000000ead80000)
  from space 1024K, 96% used [0x00000000eaf00000,0x00000000eaff8000,0x00000000eb000000)
  to   space 1536K, 0% used [0x00000000ead80000,0x00000000ead80000,0x00000000eaf00000)
 ParOldGen       total 79872K, used 71768K [0x00000000c0000000, 0x00000000c4e00000, 0x00000000eab00000)
  object space 79872K, 89% used [0x00000000c0000000,0x00000000c46162f0,0x00000000c4e00000)
 Metaspace       used 77230K, committed 78272K, reserved 1179648K
  class space    used 8123K, committed 8576K, reserved 1048576K
}
Event: 98.729 GC heap before
{Heap before GC invocations=514 (full 13):
 PSYoungGen      total 3584K, used 3552K [0x00000000eab00000, 0x00000000eb080000, 0x0000000100000000)
  eden space 2560K, 100% used [0x00000000eab00000,0x00000000ead80000,0x00000000ead80000)
  from space 1024K, 96% used [0x00000000eaf00000,0x00000000eaff8000,0x00000000eb000000)
  to   space 1536K, 0% used [0x00000000ead80000,0x00000000ead80000,0x00000000eaf00000)
 ParOldGen       total 79872K, used 71768K [0x00000000c0000000, 0x00000000c4e00000, 0x00000000eab00000)
  object space 79872K, 89% used [0x00000000c0000000,0x00000000c46162f0,0x00000000c4e00000)
 Metaspace       used 77246K, committed 78272K, reserved 1179648K
  class space    used 8123K, committed 8576K, reserved 1048576K
}

