# JRE version: OpenJDK Runtime Environment Temurin-17.0.7+7 (17.0.7+7) (build 17.0.7+7)
# Java VM: OpenJDK 64-Bit Server VM Temurin-17.0.7+7 (17.0.7+7, mixed mode, tiered, compressed oops, compressed class ptrs, parallel gc, windows-amd64)
GC Precious Log:
 CPUs: 8 total, 8 available
 Memory: 10116M
 Large Page Support: Disabled
 NUMA Support: Disabled
 Compressed Oops: Enabled (32-bit)
 Alignments: Space 512K, Generation 512K, Heap 2M
 Heap Min Capacity: 100M
 Heap Initial Capacity: 100M
 Heap Max Capacity: 1G
 Pre-touch: Disabled
 Parallel Workers: 8
Heap:
 PSYoungGen      total 2048K, used 430K [0x00000000eab00000, 0x00000000eae80000, 0x0000000100000000)
  eden space 1536K, 15% used [0x00000000eab00000,0x00000000eab3bb68,0x00000000eac80000)
  from space 512K, 37% used [0x00000000eae00000,0x00000000eae30000,0x00000000eae80000)
  to   space 512K, 0% used [0x00000000ead00000,0x00000000ead00000,0x00000000ead80000)
 ParOldGen       total 87040K, used 73382K [0x00000000c0000000, 0x00000000c5500000, 0x00000000eab00000)
  object space 87040K, 84% used [0x00000000c0000000,0x00000000c47a9928,0x00000000c5500000)
 Metaspace       used 71470K, committed 72512K, reserved 1114112K
  class space    used 7411K, committed 7872K, reserved 1048576K
GC Heap History (20 events):
Event: 28.635 GC heap before
{Heap before GC invocations=270 (full 9):
 PSYoungGen      total 2560K, used 2453K [0x00000000eab00000, 0x00000000eae80000, 0x0000000100000000)
  eden space 1536K, 98% used [0x00000000eab00000,0x00000000eac79ec8,0x00000000eac80000)
  from space 1024K, 91% used [0x00000000ead80000,0x00000000eae6b6d8,0x00000000eae80000)
  to   space 1024K, 0% used [0x00000000eac80000,0x00000000eac80000,0x00000000ead80000)
 ParOldGen       total 87040K, used 68549K [0x00000000c0000000, 0x00000000c5500000, 0x00000000eab00000)
  object space 87040K, 78% used [0x00000000c0000000,0x00000000c42f1650,0x00000000c5500000)
 Metaspace       used 71208K, committed 72192K, reserved 1114112K
  class space    used 7405K, committed 7808K, reserved 1048576K
}
Event: 28.637 GC heap after
{Heap after GC invocations=270 (full 9):
 PSYoungGen      total 2560K, used 374K [0x00000000eab00000, 0x00000000eae80000, 0x0000000100000000)
  eden space 1536K, 0% used [0x00000000eab00000,0x00000000eab00000,0x00000000eac80000)
  from space 1024K, 36% used [0x00000000eac80000,0x00000000eacddad8,0x00000000ead80000)
  to   space 1024K, 0% used [0x00000000ead80000,0x00000000ead80000,0x00000000eae80000)
 ParOldGen       total 87040K, used 68939K [0x00000000c0000000, 0x00000000c5500000, 0x00000000eab00000)
  object space 87040K, 79% used [0x00000000c0000000,0x00000000c4352c50,0x00000000c5500000)
 Metaspace       used 71208K, committed 72192K, reserved 1114112K
  class space    used 7405K, committed 7808K, reserved 1048576K
}
Event: 28.685 GC heap before
{Heap before GC invocations=271 (full 9):
 PSYoungGen      total 2560K, used 1910K [0x00000000eab00000, 0x00000000eae80000, 0x0000000100000000)
  eden space 1536K, 100% used [0x00000000eab00000,0x00000000eac80000,0x00000000eac80000)
  from space 1024K, 36% used [0x00000000eac80000,0x00000000eacddad8,0x00000000ead80000)
  to   space 1024K, 0% used [0x00000000ead80000,0x00000000ead80000,0x00000000eae80000)
 ParOldGen       total 87040K, used 68939K [0x00000000c0000000, 0x00000000c5500000, 0x00000000eab00000)
  object space 87040K, 79% used [0x00000000c0000000,0x00000000c4352c50,0x00000000c5500000)
 Metaspace       used 71231K, committed 72320K, reserved 1114112K
  class space    used 7406K, committed 7872K, reserved 1048576K
}
Event: 28.687 GC heap after
{Heap after GC invocations=271 (full 9):
 PSYoungGen      total 2048K, used 445K [0x00000000eab00000, 0x00000000eae00000, 0x0000000100000000)
  eden space 1536K, 0% used [0x00000000eab00000,0x00000000eab00000,0x00000000eac80000)
  from space 512K, 86% used [0x00000000ead80000,0x00000000eadef520,0x00000000eae00000)
  to   space 512K, 0% used [0x00000000ead00000,0x00000000ead00000,0x00000000ead80000)
 ParOldGen       total 87040K, used 69169K [0x00000000c0000000, 0x00000000c5500000, 0x00000000eab00000)
  object space 87040K, 79% used [0x00000000c0000000,0x00000000c438c728,0x00000000c5500000)
 Metaspace       used 71231K, committed 72320K, reserved 1114112K
  class space    used 7406K, committed 7872K, reserved 1048576K
}
Event: 28.769 GC heap before
{Heap before GC invocations=272 (full 9):
 PSYoungGen      total 2048K, used 1981K [0x00000000eab00000, 0x00000000eae00000, 0x0000000100000000)
  eden space 1536K, 100% used [0x00000000eab00000,0x00000000eac80000,0x00000000eac80000)
  from space 512K, 86% used [0x00000000ead80000,0x00000000eadef520,0x00000000eae00000)
  to   space 512K, 0% used [0x00000000ead00000,0x00000000ead00000,0x00000000ead80000)
 ParOldGen       total 87040K, used 69169K [0x00000000c0000000, 0x00000000c5500000, 0x00000000eab00000)
  object space 87040K, 79% used [0x00000000c0000000,0x00000000c438c728,0x00000000c5500000)
 Metaspace       used 71301K, committed 72384K, reserved 1114112K
  class space    used 7406K, committed 7872K, reserved 1048576K
}
Event: 28.771 GC heap after
{Heap after GC invocations=272 (full 9):
 PSYoungGen      total 2048K, used 352K [0x00000000eab00000, 0x00000000eae00000, 0x0000000100000000)
  eden space 1536K, 0% used [0x00000000eab00000,0x00000000eab00000,0x00000000eac80000)
  from space 512K, 68% used [0x00000000ead00000,0x00000000ead58000,0x00000000ead80000)
  to   space 512K, 0% used [0x00000000ead80000,0x00000000ead80000,0x00000000eae00000)
 ParOldGen       total 87040K, used 69511K [0x00000000c0000000, 0x00000000c5500000, 0x00000000eab00000)
  object space 87040K, 79% used [0x00000000c0000000,0x00000000c43e1c48,0x00000000c5500000)
 Metaspace       used 71301K, committed 72384K, reserved 1114112K
  class space    used 7406K, committed 7872K, reserved 1048576K
}
Event: 28.793 GC heap before
{Heap before GC invocations=273 (full 9):
 PSYoungGen      total 2048K, used 1887K [0x00000000eab00000, 0x00000000eae00000, 0x0000000100000000)
  eden space 1536K, 99% used [0x00000000eab00000,0x00000000eac7ffe8,0x00000000eac80000)
  from space 512K, 68% used [0x00000000ead00000,0x00000000ead58000,0x00000000ead80000)
  to   space 512K, 0% used [0x00000000ead80000,0x00000000ead80000,0x00000000eae00000)
 ParOldGen       total 87040K, used 71013K [0x00000000c0000000, 0x00000000c5500000, 0x00000000eab00000)
  object space 87040K, 81% used [0x00000000c0000000,0x00000000c45595e8,0x00000000c5500000)
 Metaspace       used 71314K, committed 72384K, reserved 1114112K
  class space    used 7406K, committed 7872K, reserved 1048576K
}
Event: 28.795 GC heap after
{Heap after GC invocations=273 (full 9):
 PSYoungGen      total 2048K, used 256K [0x00000000eab00000, 0x00000000eae00000, 0x0000000100000000)
  eden space 1536K, 0% used [0x00000000eab00000,0x00000000eab00000,0x00000000eac80000)
  from space 512K, 50% used [0x00000000ead80000,0x00000000eadc0000,0x00000000eae00000)
  to   space 512K, 0% used [0x00000000ead00000,0x00000000ead00000,0x00000000ead80000)
 ParOldGen       total 87040K, used 71180K [0x00000000c0000000, 0x00000000c5500000, 0x00000000eab00000)
  object space 87040K, 81% used [0x00000000c0000000,0x00000000c4583170,0x00000000c5500000)
 Metaspace       used 71314K, committed 72384K, reserved 1114112K
  class space    used 7406K, committed 7872K, reserved 1048576K
}
Event: 28.830 GC heap before
{Heap before GC invocations=274 (full 9):
 PSYoungGen      total 2048K, used 1792K [0x00000000eab00000, 0x00000000eae00000, 0x0000000100000000)
  eden space 1536K, 100% used [0x00000000eab00000,0x00000000eac80000,0x00000000eac80000)
  from space 512K, 50% used [0x00000000ead80000,0x00000000eadc0000,0x00000000eae00000)
  to   space 512K, 0% used [0x00000000ead00000,0x00000000ead00000,0x00000000ead80000)
 ParOldGen       total 87040K, used 71180K [0x00000000c0000000, 0x00000000c5500000, 0x00000000eab00000)
  object space 87040K, 81% used [0x00000000c0000000,0x00000000c4583170,0x00000000c5500000)
 Metaspace       used 71325K, committed 72384K, reserved 1114112K
  class space    used 7411K, committed 7872K, reserved 1048576K
}
Event: 28.832 GC heap after
{Heap after GC invocations=274 (full 9):
 PSYoungGen      total 2048K, used 484K [0x00000000eab00000, 0x00000000eaf80000, 0x0000000100000000)
  eden space 1536K, 0% used [0x00000000eab00000,0x00000000eab00000,0x00000000eac80000)
  from space 512K, 94% used [0x00000000ead00000,0x00000000ead79168,0x00000000ead80000)
  to   space 1536K, 0% used [0x00000000eae00000,0x00000000eae00000,0x00000000eaf80000)
 ParOldGen       total 87040K, used 71696K [0x00000000c0000000, 0x00000000c5500000, 0x00000000eab00000)
  object space 87040K, 82% used [0x00000000c0000000,0x00000000c46042d8,0x00000000c5500000)
 Metaspace       used 71325K, committed 72384K, reserved 1114112K
  class space    used 7411K, committed 7872K, reserved 1048576K
}
Event: 28.855 GC heap before
{Heap before GC invocations=275 (full 9):
 PSYoungGen      total 2048K, used 2020K [0x00000000eab00000, 0x00000000eaf80000, 0x0000000100000000)
  eden space 1536K, 100% used [0x00000000eab00000,0x00000000eac80000,0x00000000eac80000)
  from space 512K, 94% used [0x00000000ead00000,0x00000000ead79168,0x00000000ead80000)
  to   space 1536K, 0% used [0x00000000eae00000,0x00000000eae00000,0x00000000eaf80000)
 ParOldGen       total 87040K, used 71696K [0x00000000c0000000, 0x00000000c5500000, 0x00000000eab00000)
  object space 87040K, 82% used [0x00000000c0000000,0x00000000c46042d8,0x00000000c5500000)
 Metaspace       used 71326K, committed 72384K, reserved 1114112K
  class space    used 7411K, committed 7872K, reserved 1048576K
}
Event: 28.858 GC heap after
{Heap after GC invocations=275 (full 9):
 PSYoungGen      total 2048K, used 224K [0x00000000eab00000, 0x00000000eae80000, 0x0000000100000000)
  eden space 1536K, 0% used [0x00000000eab00000,0x00000000eab00000,0x00000000eac80000)
  from space 512K, 43% used [0x00000000eae00000,0x00000000eae38000,0x00000000eae80000)
  to   space 512K, 0% used [0x00000000ead00000,0x00000000ead00000,0x00000000ead80000)
 ParOldGen       total 87040K, used 72829K [0x00000000c0000000, 0x00000000c5500000, 0x00000000eab00000)
  object space 87040K, 83% used [0x00000000c0000000,0x00000000c471f710,0x00000000c5500000)
 Metaspace       used 71326K, committed 72384K, reserved 1114112K
  class space    used 7411K, committed 7872K, reserved 1048576K
}
Event: 28.909 GC heap before
{Heap before GC invocations=276 (full 9):
 PSYoungGen      total 2048K, used 1760K [0x00000000eab00000, 0x00000000eae80000, 0x0000000100000000)
  eden space 1536K, 100% used [0x00000000eab00000,0x00000000eac80000,0x00000000eac80000)
  from space 512K, 43% used [0x00000000eae00000,0x00000000eae38000,0x00000000eae80000)
  to   space 512K, 0% used [0x00000000ead00000,0x00000000ead00000,0x00000000ead80000)
 ParOldGen       total 87040K, used 72829K [0x00000000c0000000, 0x00000000c5500000, 0x00000000eab00000)
  object space 87040K, 83% used [0x00000000c0000000,0x00000000c471f710,0x00000000c5500000)
 Metaspace       used 71442K, committed 72512K, reserved 1114112K
  class space    used 7411K, committed 7872K, reserved 1048576K
}
Event: 28.910 GC heap after
{Heap after GC invocations=276 (full 9):
 PSYoungGen      total 2048K, used 256K [0x00000000eab00000, 0x00000000eae80000, 0x0000000100000000)
  eden space 1536K, 0% used [0x00000000eab00000,0x00000000eab00000,0x00000000eac80000)
  from space 512K, 50% used [0x00000000ead00000,0x00000000ead40000,0x00000000ead80000)
  to   space 512K, 0% used [0x00000000eae00000,0x00000000eae00000,0x00000000eae80000)
 ParOldGen       total 87040K, used 72893K [0x00000000c0000000, 0x00000000c5500000, 0x00000000eab00000)
  object space 87040K, 83% used [0x00000000c0000000,0x00000000c472f710,0x00000000c5500000)
 Metaspace       used 71442K, committed 72512K, reserved 1114112K
  class space    used 7411K, committed 7872K, reserved 1048576K
}
Event: 28.926 GC heap before
{Heap before GC invocations=277 (full 9):
 PSYoungGen      total 2048K, used 1792K [0x00000000eab00000, 0x00000000eae80000, 0x0000000100000000)
  eden space 1536K, 100% used [0x00000000eab00000,0x00000000eac80000,0x00000000eac80000)
  from space 512K, 50% used [0x00000000ead00000,0x00000000ead40000,0x00000000ead80000)
  to   space 512K, 0% used [0x00000000eae00000,0x00000000eae00000,0x00000000eae80000)
 ParOldGen       total 87040K, used 72893K [0x00000000c0000000, 0x00000000c5500000, 0x00000000eab00000)
  object space 87040K, 83% used [0x00000000c0000000,0x00000000c472f710,0x00000000c5500000)
 Metaspace       used 71442K, committed 72512K, reserved 1114112K
  class space    used 7411K, committed 7872K, reserved 1048576K
}
Event: 28.932 GC heap after
{Heap after GC invocations=277 (full 9):
 PSYoungGen      total 2048K, used 386K [0x00000000eab00000, 0x00000000eae80000, 0x0000000100000000)
  eden space 1536K, 0% used [0x00000000eab00000,0x00000000eab00000,0x00000000eac80000)
  from space 512K, 75% used [0x00000000eae00000,0x00000000eae608e0,0x00000000eae80000)
  to   space 512K, 0% used [0x00000000ead00000,0x00000000ead00000,0x00000000ead80000)
 ParOldGen       total 87040K, used 73004K [0x00000000c0000000, 0x00000000c5500000, 0x00000000eab00000)
  object space 87040K, 83% used [0x00000000c0000000,0x00000000c474b038,0x00000000c5500000)
 Metaspace       used 71442K, committed 72512K, reserved 1114112K
  class space    used 7411K, committed 7872K, reserved 1048576K
}
Event: 28.949 GC heap before
{Heap before GC invocations=278 (full 9):
 PSYoungGen      total 2048K, used 1922K [0x00000000eab00000, 0x00000000eae80000, 0x0000000100000000)
  eden space 1536K, 100% used [0x00000000eab00000,0x00000000eac80000,0x00000000eac80000)
  from space 512K, 75% used [0x00000000eae00000,0x00000000eae608e0,0x00000000eae80000)
  to   space 512K, 0% used [0x00000000ead00000,0x00000000ead00000,0x00000000ead80000)
 ParOldGen       total 87040K, used 73004K [0x00000000c0000000, 0x00000000c5500000, 0x00000000eab00000)
  object space 87040K, 83% used [0x00000000c0000000,0x00000000c474b038,0x00000000c5500000)
 Metaspace       used 71450K, committed 72512K, reserved 1114112K
  class space    used 7411K, committed 7872K, reserved 1048576K
}
Event: 28.952 GC heap after
{Heap after GC invocations=278 (full 9):
 PSYoungGen      total 2048K, used 352K [0x00000000eab00000, 0x00000000eae80000, 0x0000000100000000)
  eden space 1536K, 0% used [0x00000000eab00000,0x00000000eab00000,0x00000000eac80000)
  from space 512K, 68% used [0x00000000ead00000,0x00000000ead58000,0x00000000ead80000)
  to   space 512K, 0% used [0x00000000eae00000,0x00000000eae00000,0x00000000eae80000)
 ParOldGen       total 87040K, used 73214K [0x00000000c0000000, 0x00000000c5500000, 0x00000000eab00000)
  object space 87040K, 84% used [0x00000000c0000000,0x00000000c477f928,0x00000000c5500000)
 Metaspace       used 71450K, committed 72512K, reserved 1114112K
  class space    used 7411K, committed 7872K, reserved 1048576K
}
Event: 28.976 GC heap before
{Heap before GC invocations=279 (full 9):
 PSYoungGen      total 2048K, used 1888K [0x00000000eab00000, 0x00000000eae80000, 0x0000000100000000)
  eden space 1536K, 100% used [0x00000000eab00000,0x00000000eac80000,0x00000000eac80000)
  from space 512K, 68% used [0x00000000ead00000,0x00000000ead58000,0x00000000ead80000)
  to   space 512K, 0% used [0x00000000eae00000,0x00000000eae00000,0x00000000eae80000)
 ParOldGen       total 87040K, used 73214K [0x00000000c0000000, 0x00000000c5500000, 0x00000000eab00000)
  object space 87040K, 84% used [0x00000000c0000000,0x00000000c477f928,0x00000000c5500000)
 Metaspace       used 71466K, committed 72512K, reserved 1114112K
  class space    used 7411K, committed 7872K, reserved 1048576K
}
Event: 28.978 GC heap after
{Heap after GC invocations=279 (full 9):
 PSYoungGen      total 2048K, used 192K [0x00000000eab00000, 0x00000000eae80000, 0x0000000100000000)
  eden space 1536K, 0% used [0x00000000eab00000,0x00000000eab00000,0x00000000eac80000)
  from space 512K, 37% used [0x00000000eae00000,0x00000000eae30000,0x00000000eae80000)
  to   space 512K, 0% used [0x00000000ead00000,0x00000000ead00000,0x00000000ead80000)
 ParOldGen       total 87040K, used 73382K [0x00000000c0000000, 0x00000000c5500000, 0x00000000eab00000)
  object space 87040K, 84% used [0x00000000c0000000,0x00000000c47a9928,0x00000000c5500000)
 Metaspace       used 71466K, committed 72512K, reserved 1114112K
  class space    used 7411K, committed 7872K, reserved 1048576K
}

