# JRE version: OpenJDK Runtime Environment Temurin-17.0.7+7 (17.0.7+7) (build 17.0.7+7)
# Java VM: OpenJDK 64-Bit Server VM Temurin-17.0.7+7 (17.0.7+7, mixed mode, tiered, compressed oops, compressed class ptrs, parallel gc, windows-amd64)
GC Precious Log:
 CPUs: 8 total, 8 available
 Memory: 10116M
 Large Page Support: Disabled
 NUMA Support: Disabled
 Compressed Oops: Enabled (32-bit)
 Alignments: Space 512K, Generation 512K, Heap 2M
 Heap Min Capacity: 100M
 Heap Initial Capacity: 100M
 Heap Max Capacity: 1G
 Pre-touch: Disabled
 Parallel Workers: 8
Heap:
 PSYoungGen      total 5632K, used 5631K [0x00000000eab00000, 0x00000000eb900000, 0x0000000100000000)
  eden space 3584K, 99% used [0x00000000eab00000,0x00000000eae7fff8,0x00000000eae80000)
  from space 2048K, 100% used [0x00000000eae80000,0x00000000eb080000,0x00000000eb080000)
  to   space 5120K, 48% used [0x00000000eb400000,0x00000000eb6732f0,0x00000000eb900000)
 ParOldGen       total 111104K, used 95124K [0x00000000c0000000, 0x00000000c6c80000, 0x00000000eab00000)
  object space 111104K, 85% used [0x00000000c0000000,0x00000000c5ce5128,0x00000000c6c80000)
 Metaspace       used 84797K, committed 85952K, reserved 1179648K
  class space    used 8638K, committed 9152K, reserved 1048576K
GC Heap History (20 events):
Event: 246.950 GC heap after
{Heap after GC invocations=2207 (full 60):
 PSYoungGen      total 4608K, used 192K [0x00000000eab00000, 0x00000000eb080000, 0x0000000100000000)
  eden space 4096K, 0% used [0x00000000eab00000,0x00000000eab00000,0x00000000eaf00000)
  from space 512K, 37% used [0x00000000eb000000,0x00000000eb030000,0x00000000eb080000)
  to   space 512K, 0% used [0x00000000eaf80000,0x00000000eaf80000,0x00000000eb000000)
 ParOldGen       total 111104K, used 77932K [0x00000000c0000000, 0x00000000c6c80000, 0x00000000eab00000)
  object space 111104K, 70% used [0x00000000c0000000,0x00000000c4c1b188,0x00000000c6c80000)
 Metaspace       used 84793K, committed 85952K, reserved 1179648K
  class space    used 8638K, committed 9152K, reserved 1048576K
}
Event: 246.962 GC heap before
{Heap before GC invocations=2208 (full 60):
 PSYoungGen      total 4608K, used 4264K [0x00000000eab00000, 0x00000000eb080000, 0x0000000100000000)
  eden space 4096K, 99% used [0x00000000eab00000,0x00000000eaefa2f0,0x00000000eaf00000)
  from space 512K, 37% used [0x00000000eb000000,0x00000000eb030000,0x00000000eb080000)
  to   space 512K, 0% used [0x00000000eaf80000,0x00000000eaf80000,0x00000000eb000000)
 ParOldGen       total 111104K, used 77932K [0x00000000c0000000, 0x00000000c6c80000, 0x00000000eab00000)
  object space 111104K, 70% used [0x00000000c0000000,0x00000000c4c1b188,0x00000000c6c80000)
 Metaspace       used 84794K, committed 85952K, reserved 1179648K
  class space    used 8638K, committed 9152K, reserved 1048576K
}
Event: 246.964 GC heap after
{Heap after GC invocations=2208 (full 60):
 PSYoungGen      total 5120K, used 499K [0x00000000eab00000, 0x00000000eb500000, 0x0000000100000000)
  eden space 4608K, 0% used [0x00000000eab00000,0x00000000eab00000,0x00000000eaf80000)
  from space 512K, 97% used [0x00000000eaf80000,0x00000000eaffcd38,0x00000000eb000000)
  to   space 2560K, 0% used [0x00000000eb280000,0x00000000eb280000,0x00000000eb500000)
 ParOldGen       total 111104K, used 79303K [0x00000000c0000000, 0x00000000c6c80000, 0x00000000eab00000)
  object space 111104K, 71% used [0x00000000c0000000,0x00000000c4d71ec0,0x00000000c6c80000)
 Metaspace       used 84794K, committed 85952K, reserved 1179648K
  class space    used 8638K, committed 9152K, reserved 1048576K
}
Event: 246.972 GC heap before
{Heap before GC invocations=2209 (full 60):
 PSYoungGen      total 5120K, used 5107K [0x00000000eab00000, 0x00000000eb500000, 0x0000000100000000)
  eden space 4608K, 100% used [0x00000000eab00000,0x00000000eaf80000,0x00000000eaf80000)
  from space 512K, 97% used [0x00000000eaf80000,0x00000000eaffcd38,0x00000000eb000000)
  to   space 2560K, 0% used [0x00000000eb280000,0x00000000eb280000,0x00000000eb500000)
 ParOldGen       total 111104K, used 79303K [0x00000000c0000000, 0x00000000c6c80000, 0x00000000eab00000)
  object space 111104K, 71% used [0x00000000c0000000,0x00000000c4d71ec0,0x00000000c6c80000)
 Metaspace       used 84796K, committed 85952K, reserved 1179648K
  class space    used 8638K, committed 9152K, reserved 1048576K
}
Event: 246.974 GC heap after
{Heap after GC invocations=2209 (full 60):
 PSYoungGen      total 6656K, used 2536K [0x00000000eab00000, 0x00000000eb780000, 0x0000000100000000)
  eden space 4096K, 0% used [0x00000000eab00000,0x00000000eab00000,0x00000000eaf00000)
  from space 2560K, 99% used [0x00000000eb280000,0x00000000eb4fa048,0x00000000eb500000)
  to   space 3584K, 0% used [0x00000000eaf00000,0x00000000eaf00000,0x00000000eb280000)
 ParOldGen       total 111104K, used 79623K [0x00000000c0000000, 0x00000000c6c80000, 0x00000000eab00000)
  object space 111104K, 71% used [0x00000000c0000000,0x00000000c4dc1ec0,0x00000000c6c80000)
 Metaspace       used 84796K, committed 85952K, reserved 1179648K
  class space    used 8638K, committed 9152K, reserved 1048576K
}
Event: 246.981 GC heap before
{Heap before GC invocations=2210 (full 60):
 PSYoungGen      total 6656K, used 6632K [0x00000000eab00000, 0x00000000eb780000, 0x0000000100000000)
  eden space 4096K, 100% used [0x00000000eab00000,0x00000000eaf00000,0x00000000eaf00000)
  from space 2560K, 99% used [0x00000000eb280000,0x00000000eb4fa048,0x00000000eb500000)
  to   space 3584K, 0% used [0x00000000eaf00000,0x00000000eaf00000,0x00000000eb280000)
 ParOldGen       total 111104K, used 79623K [0x00000000c0000000, 0x00000000c6c80000, 0x00000000eab00000)
  object space 111104K, 71% used [0x00000000c0000000,0x00000000c4dc1ec0,0x00000000c6c80000)
 Metaspace       used 84796K, committed 85952K, reserved 1179648K
  class space    used 8638K, committed 9152K, reserved 1048576K
}
Event: 246.983 GC heap after
{Heap after GC invocations=2210 (full 60):
 PSYoungGen      total 7680K, used 1720K [0x00000000eab00000, 0x00000000eb500000, 0x0000000100000000)
  eden space 4096K, 0% used [0x00000000eab00000,0x00000000eab00000,0x00000000eaf00000)
  from space 3584K, 47% used [0x00000000eaf00000,0x00000000eb0ae080,0x00000000eb280000)
  to   space 2560K, 0% used [0x00000000eb280000,0x00000000eb280000,0x00000000eb500000)
 ParOldGen       total 111104K, used 82169K [0x00000000c0000000, 0x00000000c6c80000, 0x00000000eab00000)
  object space 111104K, 73% used [0x00000000c0000000,0x00000000c503e478,0x00000000c6c80000)
 Metaspace       used 84796K, committed 85952K, reserved 1179648K
  class space    used 8638K, committed 9152K, reserved 1048576K
}
Event: 246.993 GC heap before
{Heap before GC invocations=2211 (full 60):
 PSYoungGen      total 7680K, used 5816K [0x00000000eab00000, 0x00000000eb500000, 0x0000000100000000)
  eden space 4096K, 100% used [0x00000000eab00000,0x00000000eaf00000,0x00000000eaf00000)
  from space 3584K, 47% used [0x00000000eaf00000,0x00000000eb0ae080,0x00000000eb280000)
  to   space 2560K, 0% used [0x00000000eb280000,0x00000000eb280000,0x00000000eb500000)
 ParOldGen       total 111104K, used 82169K [0x00000000c0000000, 0x00000000c6c80000, 0x00000000eab00000)
  object space 111104K, 73% used [0x00000000c0000000,0x00000000c503e478,0x00000000c6c80000)
 Metaspace       used 84796K, committed 85952K, reserved 1179648K
  class space    used 8638K, committed 9152K, reserved 1048576K
}
Event: 246.995 GC heap after
{Heap after GC invocations=2211 (full 60):
 PSYoungGen      total 7680K, used 2125K [0x00000000eab00000, 0x00000000eb500000, 0x0000000100000000)
  eden space 5120K, 0% used [0x00000000eab00000,0x00000000eab00000,0x00000000eb000000)
  from space 2560K, 83% used [0x00000000eb280000,0x00000000eb493410,0x00000000eb500000)
  to   space 2560K, 0% used [0x00000000eb000000,0x00000000eb000000,0x00000000eb280000)
 ParOldGen       total 111104K, used 83738K [0x00000000c0000000, 0x00000000c6c80000, 0x00000000eab00000)
  object space 111104K, 75% used [0x00000000c0000000,0x00000000c51c6bd8,0x00000000c6c80000)
 Metaspace       used 84796K, committed 85952K, reserved 1179648K
  class space    used 8638K, committed 9152K, reserved 1048576K
}
Event: 247.005 GC heap before
{Heap before GC invocations=2212 (full 60):
 PSYoungGen      total 7680K, used 7245K [0x00000000eab00000, 0x00000000eb500000, 0x0000000100000000)
  eden space 5120K, 100% used [0x00000000eab00000,0x00000000eb000000,0x00000000eb000000)
  from space 2560K, 83% used [0x00000000eb280000,0x00000000eb493410,0x00000000eb500000)
  to   space 2560K, 0% used [0x00000000eb000000,0x00000000eb000000,0x00000000eb280000)
 ParOldGen       total 111104K, used 83738K [0x00000000c0000000, 0x00000000c6c80000, 0x00000000eab00000)
  object space 111104K, 75% used [0x00000000c0000000,0x00000000c51c6bd8,0x00000000c6c80000)
 Metaspace       used 84796K, committed 85952K, reserved 1179648K
  class space    used 8638K, committed 9152K, reserved 1048576K
}
Event: 247.008 GC heap after
{Heap after GC invocations=2212 (full 60):
 PSYoungGen      total 7680K, used 1830K [0x00000000eab00000, 0x00000000eb500000, 0x0000000100000000)
  eden space 5120K, 0% used [0x00000000eab00000,0x00000000eab00000,0x00000000eb000000)
  from space 2560K, 71% used [0x00000000eb000000,0x00000000eb1c9a70,0x00000000eb280000)
  to   space 2048K, 0% used [0x00000000eb300000,0x00000000eb300000,0x00000000eb500000)
 ParOldGen       total 111104K, used 85702K [0x00000000c0000000, 0x00000000c6c80000, 0x00000000eab00000)
  object space 111104K, 77% used [0x00000000c0000000,0x00000000c53b1890,0x00000000c6c80000)
 Metaspace       used 84796K, committed 85952K, reserved 1179648K
  class space    used 8638K, committed 9152K, reserved 1048576K
}
Event: 247.017 GC heap before
{Heap before GC invocations=2213 (full 60):
 PSYoungGen      total 7680K, used 6950K [0x00000000eab00000, 0x00000000eb500000, 0x0000000100000000)
  eden space 5120K, 100% used [0x00000000eab00000,0x00000000eb000000,0x00000000eb000000)
  from space 2560K, 71% used [0x00000000eb000000,0x00000000eb1c9a70,0x00000000eb280000)
  to   space 2048K, 0% used [0x00000000eb300000,0x00000000eb300000,0x00000000eb500000)
 ParOldGen       total 111104K, used 85702K [0x00000000c0000000, 0x00000000c6c80000, 0x00000000eab00000)
  object space 111104K, 77% used [0x00000000c0000000,0x00000000c53b1890,0x00000000c6c80000)
 Metaspace       used 84796K, committed 85952K, reserved 1179648K
  class space    used 8638K, committed 9152K, reserved 1048576K
}
Event: 247.019 GC heap after
{Heap after GC invocations=2213 (full 60):
 PSYoungGen      total 4608K, used 2016K [0x00000000eab00000, 0x00000000ebc00000, 0x0000000100000000)
  eden space 2560K, 0% used [0x00000000eab00000,0x00000000eab00000,0x00000000ead80000)
  from space 2048K, 98% used [0x00000000eb300000,0x00000000eb4f8010,0x00000000eb500000)
  to   space 5632K, 0% used [0x00000000ead80000,0x00000000ead80000,0x00000000eb300000)
 ParOldGen       total 111104K, used 88499K [0x00000000c0000000, 0x00000000c6c80000, 0x00000000eab00000)
  object space 111104K, 79% used [0x00000000c0000000,0x00000000c566ce28,0x00000000c6c80000)
 Metaspace       used 84796K, committed 85952K, reserved 1179648K
  class space    used 8638K, committed 9152K, reserved 1048576K
}
Event: 247.035 GC heap before
{Heap before GC invocations=2214 (full 60):
 PSYoungGen      total 4608K, used 4576K [0x00000000eab00000, 0x00000000ebc00000, 0x0000000100000000)
  eden space 2560K, 100% used [0x00000000eab00000,0x00000000ead80000,0x00000000ead80000)
  from space 2048K, 98% used [0x00000000eb300000,0x00000000eb4f8010,0x00000000eb500000)
  to   space 5632K, 0% used [0x00000000ead80000,0x00000000ead80000,0x00000000eb300000)
 ParOldGen       total 111104K, used 88499K [0x00000000c0000000, 0x00000000c6c80000, 0x00000000eab00000)
  object space 111104K, 79% used [0x00000000c0000000,0x00000000c566ce28,0x00000000c6c80000)
 Metaspace       used 84796K, committed 85952K, reserved 1179648K
  class space    used 8638K, committed 9152K, reserved 1048576K
}
Event: 247.038 GC heap after
{Heap after GC invocations=2214 (full 60):
 PSYoungGen      total 3072K, used 480K [0x00000000eab00000, 0x00000000eb380000, 0x0000000100000000)
  eden space 2560K, 0% used [0x00000000eab00000,0x00000000eab00000,0x00000000ead80000)
  from space 512K, 93% used [0x00000000ead80000,0x00000000eadf8000,0x00000000eae00000)
  to   space 2560K, 0% used [0x00000000eb100000,0x00000000eb100000,0x00000000eb380000)
 ParOldGen       total 111104K, used 90523K [0x00000000c0000000, 0x00000000c6c80000, 0x00000000eab00000)
  object space 111104K, 81% used [0x00000000c0000000,0x00000000c5866e28,0x00000000c6c80000)
 Metaspace       used 84796K, committed 85952K, reserved 1179648K
  class space    used 8638K, committed 9152K, reserved 1048576K
}
Event: 247.052 GC heap before
{Heap before GC invocations=2215 (full 60):
 PSYoungGen      total 3072K, used 3039K [0x00000000eab00000, 0x00000000eb380000, 0x0000000100000000)
  eden space 2560K, 99% used [0x00000000eab00000,0x00000000ead7fff8,0x00000000ead80000)
  from space 512K, 93% used [0x00000000ead80000,0x00000000eadf8000,0x00000000eae00000)
  to   space 2560K, 0% used [0x00000000eb100000,0x00000000eb100000,0x00000000eb380000)
 ParOldGen       total 111104K, used 90523K [0x00000000c0000000, 0x00000000c6c80000, 0x00000000eab00000)
  object space 111104K, 81% used [0x00000000c0000000,0x00000000c5866e28,0x00000000c6c80000)
 Metaspace       used 84796K, committed 85952K, reserved 1179648K
  class space    used 8638K, committed 9152K, reserved 1048576K
}
Event: 247.054 GC heap after
{Heap after GC invocations=2215 (full 60):
 PSYoungGen      total 4608K, used 1515K [0x00000000eab00000, 0x00000000eb280000, 0x0000000100000000)
  eden space 3072K, 0% used [0x00000000eab00000,0x00000000eab00000,0x00000000eae00000)
  from space 1536K, 98% used [0x00000000eb100000,0x00000000eb27ac68,0x00000000eb280000)
  to   space 2048K, 0% used [0x00000000eae80000,0x00000000eae80000,0x00000000eb080000)
 ParOldGen       total 111104K, used 90943K [0x00000000c0000000, 0x00000000c6c80000, 0x00000000eab00000)
  object space 111104K, 81% used [0x00000000c0000000,0x00000000c58cfe38,0x00000000c6c80000)
 Metaspace       used 84796K, committed 85952K, reserved 1179648K
  class space    used 8638K, committed 9152K, reserved 1048576K
}
Event: 247.062 GC heap before
{Heap before GC invocations=2216 (full 60):
 PSYoungGen      total 4608K, used 4587K [0x00000000eab00000, 0x00000000eb280000, 0x0000000100000000)
  eden space 3072K, 100% used [0x00000000eab00000,0x00000000eae00000,0x00000000eae00000)
  from space 1536K, 98% used [0x00000000eb100000,0x00000000eb27ac68,0x00000000eb280000)
  to   space 2048K, 0% used [0x00000000eae80000,0x00000000eae80000,0x00000000eb080000)
 ParOldGen       total 111104K, used 90943K [0x00000000c0000000, 0x00000000c6c80000, 0x00000000eab00000)
  object space 111104K, 81% used [0x00000000c0000000,0x00000000c58cfe38,0x00000000c6c80000)
 Metaspace       used 84796K, committed 85952K, reserved 1179648K
  class space    used 8638K, committed 9152K, reserved 1048576K
}
Event: 247.064 GC heap after
{Heap after GC invocations=2216 (full 60):
 PSYoungGen      total 5632K, used 2048K [0x00000000eab00000, 0x00000000eb900000, 0x0000000100000000)
  eden space 3584K, 0% used [0x00000000eab00000,0x00000000eab00000,0x00000000eae80000)
  from space 2048K, 100% used [0x00000000eae80000,0x00000000eb080000,0x00000000eb080000)
  to   space 5120K, 0% used [0x00000000eb400000,0x00000000eb400000,0x00000000eb900000)
 ParOldGen       total 111104K, used 93028K [0x00000000c0000000, 0x00000000c6c80000, 0x00000000eab00000)
  object space 111104K, 83% used [0x00000000c0000000,0x00000000c5ad9128,0x00000000c6c80000)
 Metaspace       used 84796K, committed 85952K, reserved 1179648K
  class space    used 8638K, committed 9152K, reserved 1048576K
}
Event: 247.083 GC heap before
{Heap before GC invocations=2217 (full 60):
 PSYoungGen      total 5632K, used 5631K [0x00000000eab00000, 0x00000000eb900000, 0x0000000100000000)
  eden space 3584K, 99% used [0x00000000eab00000,0x00000000eae7fff8,0x00000000eae80000)
  from space 2048K, 100% used [0x00000000eae80000,0x00000000eb080000,0x00000000eb080000)
  to   space 5120K, 0% used [0x00000000eb400000,0x00000000eb400000,0x00000000eb900000)
 ParOldGen       total 111104K, used 93028K [0x00000000c0000000, 0x00000000c6c80000, 0x00000000eab00000)
  object space 111104K, 83% used [0x00000000c0000000,0x00000000c5ad9128,0x00000000c6c80000)
 Metaspace       used 84797K, committed 85952K, reserved 1179648K
  class space    used 8638K, committed 9152K, reserved 1048576K
}

