# JRE version: OpenJDK Runtime Environment Temurin-17.0.6+10 (17.0.6+10) (build 17.0.6+10)
# Java VM: OpenJDK 64-Bit Server VM Temurin-17.0.6+10 (17.0.6+10, mixed mode, tiered, compressed oops, compressed class ptrs, parallel gc, windows-amd64)
GC Precious Log:
 CPUs: 8 total, 8 available
 Memory: 10116M
 Large Page Support: Disabled
 NUMA Support: Disabled
 Compressed Oops: Enabled (32-bit)
 Alignments: Space 512K, Generation 512K, Heap 2M
 Heap Min Capacity: 100M
 Heap Initial Capacity: 100M
 Heap Max Capacity: 1G
 Pre-touch: Disabled
 Parallel Workers: 8
Heap:
 PSYoungGen      total 4608K, used 1680K [0x00000000eab00000, 0x00000000eb180000, 0x0000000100000000)
  eden space 2560K, 0% used [0x00000000eab00000,0x00000000eab00000,0x00000000ead80000)
  from space 2048K, 82% used [0x00000000ead80000,0x00000000eaf24000,0x00000000eaf80000)
  to   space 2048K, 0% used [0x00000000eaf80000,0x00000000eaf80000,0x00000000eb180000)
 ParOldGen       total 112128K, used 111653K [0x00000000c0000000, 0x00000000c6d80000, 0x00000000eab00000)
  object space 112128K, 99% used [0x00000000c0000000,0x00000000c6d09740,0x00000000c6d80000)
 Metaspace       used 90653K, committed 91840K, reserved 1138688K
  class space    used 9300K, committed 9856K, reserved 1048576K
GC Heap History (20 events):
Event: 867.991 GC heap after
{Heap after GC invocations=4099 (full 150):
 PSYoungGen      total 2048K, used 490K [0x00000000eab00000, 0x00000000eb300000, 0x0000000100000000)
  eden space 1536K, 0% used [0x00000000eab00000,0x00000000eab00000,0x00000000eac80000)
  from space 512K, 95% used [0x00000000eaf00000,0x00000000eaf7abb8,0x00000000eaf80000)
  to   space 2560K, 0% used [0x00000000eac80000,0x00000000eac80000,0x00000000eaf00000)
 ParOldGen       total 112128K, used 102497K [0x00000000c0000000, 0x00000000c6d80000, 0x00000000eab00000)
  object space 112128K, 91% used [0x00000000c0000000,0x00000000c6418588,0x00000000c6d80000)
 Metaspace       used 90653K, committed 91840K, reserved 1138688K
  class space    used 9300K, committed 9856K, reserved 1048576K
}
Event: 867.994 GC heap before
{Heap before GC invocations=4100 (full 150):
 PSYoungGen      total 2048K, used 2026K [0x00000000eab00000, 0x00000000eb300000, 0x0000000100000000)
  eden space 1536K, 99% used [0x00000000eab00000,0x00000000eac7ffa8,0x00000000eac80000)
  from space 512K, 95% used [0x00000000eaf00000,0x00000000eaf7abb8,0x00000000eaf80000)
  to   space 2560K, 0% used [0x00000000eac80000,0x00000000eac80000,0x00000000eaf00000)
 ParOldGen       total 112128K, used 102497K [0x00000000c0000000, 0x00000000c6d80000, 0x00000000eab00000)
  object space 112128K, 91% used [0x00000000c0000000,0x00000000c6418588,0x00000000c6d80000)
 Metaspace       used 90653K, committed 91840K, reserved 1138688K
  class space    used 9300K, committed 9856K, reserved 1048576K
}
Event: 867.996 GC heap after
{Heap after GC invocations=4100 (full 150):
 PSYoungGen      total 3072K, used 1248K [0x00000000eab00000, 0x00000000eb000000, 0x0000000100000000)
  eden space 1536K, 0% used [0x00000000eab00000,0x00000000eab00000,0x00000000eac80000)
  from space 1536K, 81% used [0x00000000eac80000,0x00000000eadb8000,0x00000000eae00000)
  to   space 1536K, 0% used [0x00000000eae80000,0x00000000eae80000,0x00000000eb000000)
 ParOldGen       total 112128K, used 102996K [0x00000000c0000000, 0x00000000c6d80000, 0x00000000eab00000)
  object space 112128K, 91% used [0x00000000c0000000,0x00000000c6495140,0x00000000c6d80000)
 Metaspace       used 90653K, committed 91840K, reserved 1138688K
  class space    used 9300K, committed 9856K, reserved 1048576K
}
Event: 867.999 GC heap before
{Heap before GC invocations=4101 (full 150):
 PSYoungGen      total 3072K, used 2784K [0x00000000eab00000, 0x00000000eb000000, 0x0000000100000000)
  eden space 1536K, 100% used [0x00000000eab00000,0x00000000eac80000,0x00000000eac80000)
  from space 1536K, 81% used [0x00000000eac80000,0x00000000eadb8000,0x00000000eae00000)
  to   space 1536K, 0% used [0x00000000eae80000,0x00000000eae80000,0x00000000eb000000)
 ParOldGen       total 112128K, used 102996K [0x00000000c0000000, 0x00000000c6d80000, 0x00000000eab00000)
  object space 112128K, 91% used [0x00000000c0000000,0x00000000c6495140,0x00000000c6d80000)
 Metaspace       used 90653K, committed 91840K, reserved 1138688K
  class space    used 9300K, committed 9856K, reserved 1048576K
}
Event: 868.003 GC heap after
{Heap after GC invocations=4101 (full 150):
 PSYoungGen      total 2048K, used 1536K [0x00000000eab00000, 0x00000000eb300000, 0x0000000100000000)
  eden space 512K, 0% used [0x00000000eab00000,0x00000000eab00000,0x00000000eab80000)
  from space 1536K, 100% used [0x00000000eae80000,0x00000000eb000000,0x00000000eb000000)
  to   space 3072K, 0% used [0x00000000eab80000,0x00000000eab80000,0x00000000eae80000)
 ParOldGen       total 112128K, used 104156K [0x00000000c0000000, 0x00000000c6d80000, 0x00000000eab00000)
  object space 112128K, 92% used [0x00000000c0000000,0x00000000c65b7140,0x00000000c6d80000)
 Metaspace       used 90653K, committed 91840K, reserved 1138688K
  class space    used 9300K, committed 9856K, reserved 1048576K
}
Event: 868.004 GC heap before
{Heap before GC invocations=4102 (full 150):
 PSYoungGen      total 2048K, used 2048K [0x00000000eab00000, 0x00000000eb300000, 0x0000000100000000)
  eden space 512K, 100% used [0x00000000eab00000,0x00000000eab80000,0x00000000eab80000)
  from space 1536K, 100% used [0x00000000eae80000,0x00000000eb000000,0x00000000eb000000)
  to   space 3072K, 0% used [0x00000000eab80000,0x00000000eab80000,0x00000000eae80000)
 ParOldGen       total 112128K, used 104156K [0x00000000c0000000, 0x00000000c6d80000, 0x00000000eab00000)
  object space 112128K, 92% used [0x00000000c0000000,0x00000000c65b7140,0x00000000c6d80000)
 Metaspace       used 90653K, committed 91840K, reserved 1138688K
  class space    used 9300K, committed 9856K, reserved 1048576K
}
Event: 868.006 GC heap after
{Heap after GC invocations=4102 (full 150):
 PSYoungGen      total 1536K, used 608K [0x00000000eab00000, 0x00000000eaf00000, 0x0000000100000000)
  eden space 512K, 0% used [0x00000000eab00000,0x00000000eab00000,0x00000000eab80000)
  from space 1024K, 59% used [0x00000000eab80000,0x00000000eac18000,0x00000000eac80000)
  to   space 1536K, 0% used [0x00000000ead80000,0x00000000ead80000,0x00000000eaf00000)
 ParOldGen       total 112128K, used 105668K [0x00000000c0000000, 0x00000000c6d80000, 0x00000000eab00000)
  object space 112128K, 94% used [0x00000000c0000000,0x00000000c6731140,0x00000000c6d80000)
 Metaspace       used 90653K, committed 91840K, reserved 1138688K
  class space    used 9300K, committed 9856K, reserved 1048576K
}
Event: 868.008 GC heap before
{Heap before GC invocations=4103 (full 150):
 PSYoungGen      total 1536K, used 1120K [0x00000000eab00000, 0x00000000eaf00000, 0x0000000100000000)
  eden space 512K, 100% used [0x00000000eab00000,0x00000000eab80000,0x00000000eab80000)
  from space 1024K, 59% used [0x00000000eab80000,0x00000000eac18000,0x00000000eac80000)
  to   space 1536K, 0% used [0x00000000ead80000,0x00000000ead80000,0x00000000eaf00000)
 ParOldGen       total 112128K, used 105668K [0x00000000c0000000, 0x00000000c6d80000, 0x00000000eab00000)
  object space 112128K, 94% used [0x00000000c0000000,0x00000000c6731140,0x00000000c6d80000)
 Metaspace       used 90653K, committed 91840K, reserved 1138688K
  class space    used 9300K, committed 9856K, reserved 1048576K
}
Event: 868.009 GC heap after
{Heap after GC invocations=4103 (full 150):
 PSYoungGen      total 2048K, used 608K [0x00000000eab00000, 0x00000000eae80000, 0x0000000100000000)
  eden space 1024K, 0% used [0x00000000eab00000,0x00000000eab00000,0x00000000eac00000)
  from space 1024K, 59% used [0x00000000ead80000,0x00000000eae18000,0x00000000eae80000)
  to   space 1024K, 0% used [0x00000000eac80000,0x00000000eac80000,0x00000000ead80000)
 ParOldGen       total 112128K, used 106172K [0x00000000c0000000, 0x00000000c6d80000, 0x00000000eab00000)
  object space 112128K, 94% used [0x00000000c0000000,0x00000000c67af140,0x00000000c6d80000)
 Metaspace       used 90653K, committed 91840K, reserved 1138688K
  class space    used 9300K, committed 9856K, reserved 1048576K
}
Event: 868.013 GC heap before
{Heap before GC invocations=4104 (full 150):
 PSYoungGen      total 2048K, used 1624K [0x00000000eab00000, 0x00000000eae80000, 0x0000000100000000)
  eden space 1024K, 99% used [0x00000000eab00000,0x00000000eabfe310,0x00000000eac00000)
  from space 1024K, 59% used [0x00000000ead80000,0x00000000eae18000,0x00000000eae80000)
  to   space 1024K, 0% used [0x00000000eac80000,0x00000000eac80000,0x00000000ead80000)
 ParOldGen       total 112128K, used 106172K [0x00000000c0000000, 0x00000000c6d80000, 0x00000000eab00000)
  object space 112128K, 94% used [0x00000000c0000000,0x00000000c67af140,0x00000000c6d80000)
 Metaspace       used 90653K, committed 91840K, reserved 1138688K
  class space    used 9300K, committed 9856K, reserved 1048576K
}
Event: 868.014 GC heap after
{Heap after GC invocations=4104 (full 150):
 PSYoungGen      total 2560K, used 984K [0x00000000eab00000, 0x00000000eaf80000, 0x0000000100000000)
  eden space 1536K, 0% used [0x00000000eab00000,0x00000000eab00000,0x00000000eac80000)
  from space 1024K, 96% used [0x00000000eac80000,0x00000000ead76000,0x00000000ead80000)
  to   space 1536K, 0% used [0x00000000eae00000,0x00000000eae00000,0x00000000eaf80000)
 ParOldGen       total 112128K, used 106684K [0x00000000c0000000, 0x00000000c6d80000, 0x00000000eab00000)
  object space 112128K, 95% used [0x00000000c0000000,0x00000000c682f140,0x00000000c6d80000)
 Metaspace       used 90653K, committed 91840K, reserved 1138688K
  class space    used 9300K, committed 9856K, reserved 1048576K
}
Event: 868.041 GC heap before
{Heap before GC invocations=4105 (full 150):
 PSYoungGen      total 2560K, used 2401K [0x00000000eab00000, 0x00000000eaf80000, 0x0000000100000000)
  eden space 1536K, 92% used [0x00000000eab00000,0x00000000eac625c8,0x00000000eac80000)
  from space 1024K, 96% used [0x00000000eac80000,0x00000000ead76000,0x00000000ead80000)
  to   space 1536K, 0% used [0x00000000eae00000,0x00000000eae00000,0x00000000eaf80000)
 ParOldGen       total 112128K, used 106684K [0x00000000c0000000, 0x00000000c6d80000, 0x00000000eab00000)
  object space 112128K, 95% used [0x00000000c0000000,0x00000000c682f140,0x00000000c6d80000)
 Metaspace       used 90653K, committed 91840K, reserved 1138688K
  class space    used 9300K, committed 9856K, reserved 1048576K
}
Event: 868.043 GC heap after
{Heap after GC invocations=4105 (full 150):
 PSYoungGen      total 3072K, used 1392K [0x00000000eab00000, 0x00000000eb000000, 0x0000000100000000)
  eden space 1536K, 0% used [0x00000000eab00000,0x00000000eab00000,0x00000000eac80000)
  from space 1536K, 90% used [0x00000000eae00000,0x00000000eaf5c000,0x00000000eaf80000)
  to   space 1536K, 0% used [0x00000000eac80000,0x00000000eac80000,0x00000000eae00000)
 ParOldGen       total 112128K, used 107284K [0x00000000c0000000, 0x00000000c6d80000, 0x00000000eab00000)
  object space 112128K, 95% used [0x00000000c0000000,0x00000000c68c5140,0x00000000c6d80000)
 Metaspace       used 90653K, committed 91840K, reserved 1138688K
  class space    used 9300K, committed 9856K, reserved 1048576K
}
Event: 868.046 GC heap before
{Heap before GC invocations=4106 (full 150):
 PSYoungGen      total 3072K, used 2928K [0x00000000eab00000, 0x00000000eb000000, 0x0000000100000000)
  eden space 1536K, 100% used [0x00000000eab00000,0x00000000eac80000,0x00000000eac80000)
  from space 1536K, 90% used [0x00000000eae00000,0x00000000eaf5c000,0x00000000eaf80000)
  to   space 1536K, 0% used [0x00000000eac80000,0x00000000eac80000,0x00000000eae00000)
 ParOldGen       total 112128K, used 107284K [0x00000000c0000000, 0x00000000c6d80000, 0x00000000eab00000)
  object space 112128K, 95% used [0x00000000c0000000,0x00000000c68c5140,0x00000000c6d80000)
 Metaspace       used 90653K, committed 91840K, reserved 1138688K
  class space    used 9300K, committed 9856K, reserved 1048576K
}
Event: 868.048 GC heap after
{Heap after GC invocations=4106 (full 150):
 PSYoungGen      total 3072K, used 1529K [0x00000000eab00000, 0x00000000eb400000, 0x0000000100000000)
  eden space 1536K, 0% used [0x00000000eab00000,0x00000000eab00000,0x00000000eac80000)
  from space 1536K, 99% used [0x00000000eac80000,0x00000000eadfe600,0x00000000eae00000)
  to   space 3584K, 0% used [0x00000000eb080000,0x00000000eb080000,0x00000000eb400000)
 ParOldGen       total 112128K, used 108604K [0x00000000c0000000, 0x00000000c6d80000, 0x00000000eab00000)
  object space 112128K, 96% used [0x00000000c0000000,0x00000000c6a0f140,0x00000000c6d80000)
 Metaspace       used 90653K, committed 91840K, reserved 1138688K
  class space    used 9300K, committed 9856K, reserved 1048576K
}
Event: 868.051 GC heap before
{Heap before GC invocations=4107 (full 150):
 PSYoungGen      total 3072K, used 3065K [0x00000000eab00000, 0x00000000eb400000, 0x0000000100000000)
  eden space 1536K, 100% used [0x00000000eab00000,0x00000000eac80000,0x00000000eac80000)
  from space 1536K, 99% used [0x00000000eac80000,0x00000000eadfe600,0x00000000eae00000)
  to   space 3584K, 0% used [0x00000000eb080000,0x00000000eb080000,0x00000000eb400000)
 ParOldGen       total 112128K, used 108604K [0x00000000c0000000, 0x00000000c6d80000, 0x00000000eab00000)
  object space 112128K, 96% used [0x00000000c0000000,0x00000000c6a0f140,0x00000000c6d80000)
 Metaspace       used 90653K, committed 91840K, reserved 1138688K
  class space    used 9300K, committed 9856K, reserved 1048576K
}
Event: 868.054 GC heap after
{Heap after GC invocations=4107 (full 150):
 PSYoungGen      total 4096K, used 1600K [0x00000000eab00000, 0x00000000eb280000, 0x0000000100000000)
  eden space 2048K, 0% used [0x00000000eab00000,0x00000000eab00000,0x00000000ead00000)
  from space 2048K, 78% used [0x00000000eb080000,0x00000000eb210000,0x00000000eb280000)
  to   space 2560K, 0% used [0x00000000ead80000,0x00000000ead80000,0x00000000eb000000)
 ParOldGen       total 112128K, used 110109K [0x00000000c0000000, 0x00000000c6d80000, 0x00000000eab00000)
  object space 112128K, 98% used [0x00000000c0000000,0x00000000c6b87740,0x00000000c6d80000)
 Metaspace       used 90653K, committed 91840K, reserved 1138688K
  class space    used 9300K, committed 9856K, reserved 1048576K
}
Event: 868.062 GC heap before
{Heap before GC invocations=4108 (full 150):
 PSYoungGen      total 4096K, used 3466K [0x00000000eab00000, 0x00000000eb280000, 0x0000000100000000)
  eden space 2048K, 91% used [0x00000000eab00000,0x00000000eacd2b88,0x00000000ead00000)
  from space 2048K, 78% used [0x00000000eb080000,0x00000000eb210000,0x00000000eb280000)
  to   space 2560K, 0% used [0x00000000ead80000,0x00000000ead80000,0x00000000eb000000)
 ParOldGen       total 112128K, used 110109K [0x00000000c0000000, 0x00000000c6d80000, 0x00000000eab00000)
  object space 112128K, 98% used [0x00000000c0000000,0x00000000c6b87740,0x00000000c6d80000)
 Metaspace       used 90653K, committed 91840K, reserved 1138688K
  class space    used 9300K, committed 9856K, reserved 1048576K
}
Event: 868.065 GC heap after
{Heap after GC invocations=4108 (full 150):
 PSYoungGen      total 4608K, used 1680K [0x00000000eab00000, 0x00000000eb180000, 0x0000000100000000)
  eden space 2560K, 0% used [0x00000000eab00000,0x00000000eab00000,0x00000000ead80000)
  from space 2048K, 82% used [0x00000000ead80000,0x00000000eaf24000,0x00000000eaf80000)
  to   space 2048K, 0% used [0x00000000eaf80000,0x00000000eaf80000,0x00000000eb180000)
 ParOldGen       total 112128K, used 111653K [0x00000000c0000000, 0x00000000c6d80000, 0x00000000eab00000)
  object space 112128K, 99% used [0x00000000c0000000,0x00000000c6d09740,0x00000000c6d80000)
 Metaspace       used 90653K, committed 91840K, reserved 1138688K
  class space    used 9300K, committed 9856K, reserved 1048576K
}
Event: 868.065 GC heap before
{Heap before GC invocations=4109 (full 151):
 PSYoungGen      total 4608K, used 1680K [0x00000000eab00000, 0x00000000eb180000, 0x0000000100000000)
  eden space 2560K, 0% used [0x00000000eab00000,0x00000000eab00000,0x00000000ead80000)
  from space 2048K, 82% used [0x00000000ead80000,0x00000000eaf24000,0x00000000eaf80000)
  to   space 2048K, 0% used [0x00000000eaf80000,0x00000000eaf80000,0x00000000eb180000)
 ParOldGen       total 112128K, used 111653K [0x00000000c0000000, 0x00000000c6d80000, 0x00000000eab00000)
  object space 112128K, 99% used [0x00000000c0000000,0x00000000c6d09740,0x00000000c6d80000)
 Metaspace       used 90653K, committed 91840K, reserved 1138688K
  class space    used 9300K, committed 9856K, reserved 1048576K
}

