# JRE version: OpenJDK Runtime Environment Temurin-17.0.7+7 (17.0.7+7) (build 17.0.7+7)
# Java VM: OpenJDK 64-Bit Server VM Temurin-17.0.7+7 (17.0.7+7, mixed mode, tiered, compressed oops, compressed class ptrs, parallel gc, windows-amd64)
GC Precious Log:
 CPUs: 8 total, 8 available
 Memory: 10116M
 Large Page Support: Disabled
 NUMA Support: Disabled
 Compressed Oops: Enabled (32-bit)
 Alignments: Space 512K, Generation 512K, Heap 2M
 Heap Min Capacity: 100M
 Heap Initial Capacity: 100M
 Heap Max Capacity: 1G
 Pre-touch: Disabled
 Parallel Workers: 8
Heap:
 PSYoungGen      total 11264K, used 3440K [0x00000000eab00000, 0x00000000eba80000, 0x0000000100000000)
  eden space 6144K, 0% used [0x00000000eab00000,0x00000000eab00000,0x00000000eb100000)
  from space 5120K, 67% used [0x00000000eb100000,0x00000000eb45c030,0x00000000eb600000)
  to   space 4096K, 0% used [0x00000000eb680000,0x00000000eb680000,0x00000000eba80000)
 ParOldGen       total 168960K, used 165183K [0x00000000c0000000, 0x00000000ca500000, 0x00000000eab00000)
  object space 168960K, 97% used [0x00000000c0000000,0x00000000ca14fed0,0x00000000ca500000)
 Metaspace       used 94875K, committed 96064K, reserved 1179648K
  class space    used 9477K, committed 9984K, reserved 1048576K
GC Heap History (20 events):
Event: 23665.987 GC heap after
{Heap after GC invocations=15587 (full 344):
 PSYoungGen      total 6144K, used 997K [0x00000000eab00000, 0x00000000eb400000, 0x0000000100000000)
  eden space 5120K, 0% used [0x00000000eab00000,0x00000000eab00000,0x00000000eb000000)
  from space 1024K, 97% used [0x00000000eb280000,0x00000000eb379438,0x00000000eb380000)
  to   space 2048K, 0% used [0x00000000eb000000,0x00000000eb000000,0x00000000eb200000)
 ParOldGen       total 168960K, used 147195K [0x00000000c0000000, 0x00000000ca500000, 0x00000000eab00000)
  object space 168960K, 87% used [0x00000000c0000000,0x00000000c8fbef28,0x00000000ca500000)
 Metaspace       used 94875K, committed 96064K, reserved 1179648K
  class space    used 9477K, committed 9984K, reserved 1048576K
}
Event: 23666.001 GC heap before
{Heap before GC invocations=15588 (full 344):
 PSYoungGen      total 6144K, used 6117K [0x00000000eab00000, 0x00000000eb400000, 0x0000000100000000)
  eden space 5120K, 100% used [0x00000000eab00000,0x00000000eb000000,0x00000000eb000000)
  from space 1024K, 97% used [0x00000000eb280000,0x00000000eb379438,0x00000000eb380000)
  to   space 2048K, 0% used [0x00000000eb000000,0x00000000eb000000,0x00000000eb200000)
 ParOldGen       total 168960K, used 147195K [0x00000000c0000000, 0x00000000ca500000, 0x00000000eab00000)
  object space 168960K, 87% used [0x00000000c0000000,0x00000000c8fbef28,0x00000000ca500000)
 Metaspace       used 94875K, committed 96064K, reserved 1179648K
  class space    used 9477K, committed 9984K, reserved 1048576K
}
Event: 23666.004 GC heap after
{Heap after GC invocations=15588 (full 344):
 PSYoungGen      total 7168K, used 1845K [0x00000000eab00000, 0x00000000eb400000, 0x0000000100000000)
  eden space 5120K, 0% used [0x00000000eab00000,0x00000000eab00000,0x00000000eb000000)
  from space 2048K, 90% used [0x00000000eb000000,0x00000000eb1cd438,0x00000000eb200000)
  to   space 2048K, 0% used [0x00000000eb200000,0x00000000eb200000,0x00000000eb400000)
 ParOldGen       total 168960K, used 148209K [0x00000000c0000000, 0x00000000ca500000, 0x00000000eab00000)
  object space 168960K, 87% used [0x00000000c0000000,0x00000000c90bc7d8,0x00000000ca500000)
 Metaspace       used 94875K, committed 96064K, reserved 1179648K
  class space    used 9477K, committed 9984K, reserved 1048576K
}
Event: 23666.019 GC heap before
{Heap before GC invocations=15589 (full 344):
 PSYoungGen      total 7168K, used 6965K [0x00000000eab00000, 0x00000000eb400000, 0x0000000100000000)
  eden space 5120K, 100% used [0x00000000eab00000,0x00000000eb000000,0x00000000eb000000)
  from space 2048K, 90% used [0x00000000eb000000,0x00000000eb1cd438,0x00000000eb200000)
  to   space 2048K, 0% used [0x00000000eb200000,0x00000000eb200000,0x00000000eb400000)
 ParOldGen       total 168960K, used 148209K [0x00000000c0000000, 0x00000000ca500000, 0x00000000eab00000)
  object space 168960K, 87% used [0x00000000c0000000,0x00000000c90bc7d8,0x00000000ca500000)
 Metaspace       used 94875K, committed 96064K, reserved 1179648K
  class space    used 9477K, committed 9984K, reserved 1048576K
}
Event: 23666.022 GC heap after
{Heap after GC invocations=15589 (full 344):
 PSYoungGen      total 7168K, used 1792K [0x00000000eab00000, 0x00000000eb400000, 0x0000000100000000)
  eden space 5120K, 0% used [0x00000000eab00000,0x00000000eab00000,0x00000000eb000000)
  from space 2048K, 87% used [0x00000000eb200000,0x00000000eb3c0010,0x00000000eb400000)
  to   space 2048K, 0% used [0x00000000eb000000,0x00000000eb000000,0x00000000eb200000)
 ParOldGen       total 168960K, used 149924K [0x00000000c0000000, 0x00000000ca500000, 0x00000000eab00000)
  object space 168960K, 88% used [0x00000000c0000000,0x00000000c92690a8,0x00000000ca500000)
 Metaspace       used 94875K, committed 96064K, reserved 1179648K
  class space    used 9477K, committed 9984K, reserved 1048576K
}
Event: 23666.034 GC heap before
{Heap before GC invocations=15590 (full 344):
 PSYoungGen      total 7168K, used 6912K [0x00000000eab00000, 0x00000000eb400000, 0x0000000100000000)
  eden space 5120K, 100% used [0x00000000eab00000,0x00000000eb000000,0x00000000eb000000)
  from space 2048K, 87% used [0x00000000eb200000,0x00000000eb3c0010,0x00000000eb400000)
  to   space 2048K, 0% used [0x00000000eb000000,0x00000000eb000000,0x00000000eb200000)
 ParOldGen       total 168960K, used 149924K [0x00000000c0000000, 0x00000000ca500000, 0x00000000eab00000)
  object space 168960K, 88% used [0x00000000c0000000,0x00000000c92690a8,0x00000000ca500000)
 Metaspace       used 94875K, committed 96064K, reserved 1179648K
  class space    used 9477K, committed 9984K, reserved 1048576K
}
Event: 23666.037 GC heap after
{Heap after GC invocations=15590 (full 344):
 PSYoungGen      total 7168K, used 1824K [0x00000000eab00000, 0x00000000eb500000, 0x0000000100000000)
  eden space 5120K, 0% used [0x00000000eab00000,0x00000000eab00000,0x00000000eb000000)
  from space 2048K, 89% used [0x00000000eb000000,0x00000000eb1c8020,0x00000000eb200000)
  to   space 2048K, 0% used [0x00000000eb300000,0x00000000eb300000,0x00000000eb500000)
 ParOldGen       total 168960K, used 151610K [0x00000000c0000000, 0x00000000ca500000, 0x00000000eab00000)
  object space 168960K, 89% used [0x00000000c0000000,0x00000000c940ea40,0x00000000ca500000)
 Metaspace       used 94875K, committed 96064K, reserved 1179648K
  class space    used 9477K, committed 9984K, reserved 1048576K
}
Event: 23666.054 GC heap before
{Heap before GC invocations=15591 (full 344):
 PSYoungGen      total 7168K, used 6944K [0x00000000eab00000, 0x00000000eb500000, 0x0000000100000000)
  eden space 5120K, 100% used [0x00000000eab00000,0x00000000eb000000,0x00000000eb000000)
  from space 2048K, 89% used [0x00000000eb000000,0x00000000eb1c8020,0x00000000eb200000)
  to   space 2048K, 0% used [0x00000000eb300000,0x00000000eb300000,0x00000000eb500000)
 ParOldGen       total 168960K, used 151610K [0x00000000c0000000, 0x00000000ca500000, 0x00000000eab00000)
  object space 168960K, 89% used [0x00000000c0000000,0x00000000c940ea40,0x00000000ca500000)
 Metaspace       used 94875K, committed 96064K, reserved 1179648K
  class space    used 9477K, committed 9984K, reserved 1048576K
}
Event: 23666.056 GC heap after
{Heap after GC invocations=15591 (full 344):
 PSYoungGen      total 5632K, used 320K [0x00000000eab00000, 0x00000000eb380000, 0x0000000100000000)
  eden space 5120K, 0% used [0x00000000eab00000,0x00000000eab00000,0x00000000eb000000)
  from space 512K, 62% used [0x00000000eb300000,0x00000000eb350000,0x00000000eb380000)
  to   space 1024K, 0% used [0x00000000eb180000,0x00000000eb180000,0x00000000eb280000)
 ParOldGen       total 168960K, used 153345K [0x00000000c0000000, 0x00000000ca500000, 0x00000000eab00000)
  object space 168960K, 90% used [0x00000000c0000000,0x00000000c95c06a8,0x00000000ca500000)
 Metaspace       used 94875K, committed 96064K, reserved 1179648K
  class space    used 9477K, committed 9984K, reserved 1048576K
}
Event: 23666.235 GC heap before
{Heap before GC invocations=15592 (full 344):
 PSYoungGen      total 5632K, used 5440K [0x00000000eab00000, 0x00000000eb380000, 0x0000000100000000)
  eden space 5120K, 100% used [0x00000000eab00000,0x00000000eb000000,0x00000000eb000000)
  from space 512K, 62% used [0x00000000eb300000,0x00000000eb350000,0x00000000eb380000)
  to   space 1024K, 0% used [0x00000000eb180000,0x00000000eb180000,0x00000000eb280000)
 ParOldGen       total 168960K, used 153345K [0x00000000c0000000, 0x00000000ca500000, 0x00000000eab00000)
  object space 168960K, 90% used [0x00000000c0000000,0x00000000c95c06a8,0x00000000ca500000)
 Metaspace       used 94875K, committed 96064K, reserved 1179648K
  class space    used 9477K, committed 9984K, reserved 1048576K
}
Event: 23666.240 GC heap after
{Heap after GC invocations=15592 (full 344):
 PSYoungGen      total 6144K, used 1001K [0x00000000eab00000, 0x00000000eb400000, 0x0000000100000000)
  eden space 5120K, 0% used [0x00000000eab00000,0x00000000eab00000,0x00000000eb000000)
  from space 1024K, 97% used [0x00000000eb180000,0x00000000eb27a440,0x00000000eb280000)
  to   space 1536K, 0% used [0x00000000eb280000,0x00000000eb280000,0x00000000eb400000)
 ParOldGen       total 168960K, used 154082K [0x00000000c0000000, 0x00000000ca500000, 0x00000000eab00000)
  object space 168960K, 91% used [0x00000000c0000000,0x00000000c9678988,0x00000000ca500000)
 Metaspace       used 94875K, committed 96064K, reserved 1179648K
  class space    used 9477K, committed 9984K, reserved 1048576K
}
Event: 23666.290 GC heap before
{Heap before GC invocations=15593 (full 344):
 PSYoungGen      total 6144K, used 6121K [0x00000000eab00000, 0x00000000eb400000, 0x0000000100000000)
  eden space 5120K, 100% used [0x00000000eab00000,0x00000000eb000000,0x00000000eb000000)
  from space 1024K, 97% used [0x00000000eb180000,0x00000000eb27a440,0x00000000eb280000)
  to   space 1536K, 0% used [0x00000000eb280000,0x00000000eb280000,0x00000000eb400000)
 ParOldGen       total 168960K, used 154082K [0x00000000c0000000, 0x00000000ca500000, 0x00000000eab00000)
  object space 168960K, 91% used [0x00000000c0000000,0x00000000c9678988,0x00000000ca500000)
 Metaspace       used 94875K, committed 96064K, reserved 1179648K
  class space    used 9477K, committed 9984K, reserved 1048576K
}
Event: 23666.292 GC heap after
{Heap after GC invocations=15593 (full 344):
 PSYoungGen      total 6656K, used 1312K [0x00000000eab00000, 0x00000000eb400000, 0x0000000100000000)
  eden space 5120K, 0% used [0x00000000eab00000,0x00000000eab00000,0x00000000eb000000)
  from space 1536K, 85% used [0x00000000eb280000,0x00000000eb3c8000,0x00000000eb400000)
  to   space 1536K, 0% used [0x00000000eb100000,0x00000000eb100000,0x00000000eb280000)
 ParOldGen       total 168960K, used 155076K [0x00000000c0000000, 0x00000000ca500000, 0x00000000eab00000)
  object space 168960K, 91% used [0x00000000c0000000,0x00000000c9771230,0x00000000ca500000)
 Metaspace       used 94875K, committed 96064K, reserved 1179648K
  class space    used 9477K, committed 9984K, reserved 1048576K
}
Event: 23666.303 GC heap before
{Heap before GC invocations=15594 (full 344):
 PSYoungGen      total 6656K, used 6324K [0x00000000eab00000, 0x00000000eb400000, 0x0000000100000000)
  eden space 5120K, 97% used [0x00000000eab00000,0x00000000eafe5330,0x00000000eb000000)
  from space 1536K, 85% used [0x00000000eb280000,0x00000000eb3c8000,0x00000000eb400000)
  to   space 1536K, 0% used [0x00000000eb100000,0x00000000eb100000,0x00000000eb280000)
 ParOldGen       total 168960K, used 155076K [0x00000000c0000000, 0x00000000ca500000, 0x00000000eab00000)
  object space 168960K, 91% used [0x00000000c0000000,0x00000000c9771230,0x00000000ca500000)
 Metaspace       used 94875K, committed 96064K, reserved 1179648K
  class space    used 9477K, committed 9984K, reserved 1048576K
}
Event: 23666.306 GC heap after
{Heap after GC invocations=15594 (full 344):
 PSYoungGen      total 6656K, used 1510K [0x00000000eab00000, 0x00000000ebd00000, 0x0000000100000000)
  eden space 5120K, 0% used [0x00000000eab00000,0x00000000eab00000,0x00000000eb000000)
  from space 1536K, 98% used [0x00000000eb100000,0x00000000eb279a70,0x00000000eb280000)
  to   space 6656K, 0% used [0x00000000eb680000,0x00000000eb680000,0x00000000ebd00000)
 ParOldGen       total 168960K, used 159182K [0x00000000c0000000, 0x00000000ca500000, 0x00000000eab00000)
  object space 168960K, 94% used [0x00000000c0000000,0x00000000c9b73b60,0x00000000ca500000)
 Metaspace       used 94875K, committed 96064K, reserved 1179648K
  class space    used 9477K, committed 9984K, reserved 1048576K
}
Event: 23666.315 GC heap before
{Heap before GC invocations=15595 (full 344):
 PSYoungGen      total 6656K, used 6630K [0x00000000eab00000, 0x00000000ebd00000, 0x0000000100000000)
  eden space 5120K, 100% used [0x00000000eab00000,0x00000000eb000000,0x00000000eb000000)
  from space 1536K, 98% used [0x00000000eb100000,0x00000000eb279a70,0x00000000eb280000)
  to   space 6656K, 0% used [0x00000000eb680000,0x00000000eb680000,0x00000000ebd00000)
 ParOldGen       total 168960K, used 159182K [0x00000000c0000000, 0x00000000ca500000, 0x00000000eab00000)
  object space 168960K, 94% used [0x00000000c0000000,0x00000000c9b73b60,0x00000000ca500000)
 Metaspace       used 94875K, committed 96064K, reserved 1179648K
  class space    used 9477K, committed 9984K, reserved 1048576K
}
Event: 23666.319 GC heap after
{Heap after GC invocations=15595 (full 344):
 PSYoungGen      total 10752K, used 4540K [0x00000000eab00000, 0x00000000ebb00000, 0x0000000100000000)
  eden space 6144K, 0% used [0x00000000eab00000,0x00000000eab00000,0x00000000eb100000)
  from space 4608K, 98% used [0x00000000eb680000,0x00000000ebaef2f0,0x00000000ebb00000)
  to   space 5120K, 0% used [0x00000000eb100000,0x00000000eb100000,0x00000000eb600000)
 ParOldGen       total 168960K, used 160714K [0x00000000c0000000, 0x00000000ca500000, 0x00000000eab00000)
  object space 168960K, 95% used [0x00000000c0000000,0x00000000c9cf2be0,0x00000000ca500000)
 Metaspace       used 94875K, committed 96064K, reserved 1179648K
  class space    used 9477K, committed 9984K, reserved 1048576K
}
Event: 23666.336 GC heap before
{Heap before GC invocations=15596 (full 344):
 PSYoungGen      total 10752K, used 10684K [0x00000000eab00000, 0x00000000ebb00000, 0x0000000100000000)
  eden space 6144K, 100% used [0x00000000eab00000,0x00000000eb100000,0x00000000eb100000)
  from space 4608K, 98% used [0x00000000eb680000,0x00000000ebaef2f0,0x00000000ebb00000)
  to   space 5120K, 0% used [0x00000000eb100000,0x00000000eb100000,0x00000000eb600000)
 ParOldGen       total 168960K, used 160714K [0x00000000c0000000, 0x00000000ca500000, 0x00000000eab00000)
  object space 168960K, 95% used [0x00000000c0000000,0x00000000c9cf2be0,0x00000000ca500000)
 Metaspace       used 94875K, committed 96064K, reserved 1179648K
  class space    used 9477K, committed 9984K, reserved 1048576K
}
Event: 23666.340 GC heap after
{Heap after GC invocations=15596 (full 344):
 PSYoungGen      total 11264K, used 3440K [0x00000000eab00000, 0x00000000eba80000, 0x0000000100000000)
  eden space 6144K, 0% used [0x00000000eab00000,0x00000000eab00000,0x00000000eb100000)
  from space 5120K, 67% used [0x00000000eb100000,0x00000000eb45c030,0x00000000eb600000)
  to   space 4096K, 0% used [0x00000000eb680000,0x00000000eb680000,0x00000000eba80000)
 ParOldGen       total 168960K, used 165183K [0x00000000c0000000, 0x00000000ca500000, 0x00000000eab00000)
  object space 168960K, 97% used [0x00000000c0000000,0x00000000ca14fed0,0x00000000ca500000)
 Metaspace       used 94875K, committed 96064K, reserved 1179648K
  class space    used 9477K, committed 9984K, reserved 1048576K
}
Event: 23666.340 GC heap before
{Heap before GC invocations=15597 (full 345):
 PSYoungGen      total 11264K, used 3440K [0x00000000eab00000, 0x00000000eba80000, 0x0000000100000000)
  eden space 6144K, 0% used [0x00000000eab00000,0x00000000eab00000,0x00000000eb100000)
  from space 5120K, 67% used [0x00000000eb100000,0x00000000eb45c030,0x00000000eb600000)
  to   space 4096K, 0% used [0x00000000eb680000,0x00000000eb680000,0x00000000eba80000)
 ParOldGen       total 168960K, used 165183K [0x00000000c0000000, 0x00000000ca500000, 0x00000000eab00000)
  object space 168960K, 97% used [0x00000000c0000000,0x00000000ca14fed0,0x00000000ca500000)
 Metaspace       used 94875K, committed 96064K, reserved 1179648K
  class space    used 9477K, committed 9984K, reserved 1048576K
}

