# JRE version: OpenJDK Runtime Environment Temurin-17.0.7+7 (17.0.7+7) (build 17.0.7+7)
# Java VM: OpenJDK 64-Bit Server VM Temurin-17.0.7+7 (17.0.7+7, mixed mode, tiered, compressed oops, compressed class ptrs, parallel gc, windows-amd64)
GC Precious Log:
 CPUs: 8 total, 8 available
 Memory: 10116M
 Large Page Support: Disabled
 NUMA Support: Disabled
 Compressed Oops: Enabled (32-bit)
 Alignments: Space 512K, Generation 512K, Heap 2M
 Heap Min Capacity: 100M
 Heap Initial Capacity: 100M
 Heap Max Capacity: 1G
 Pre-touch: Disabled
 Parallel Workers: 8
Heap:
 PSYoungGen      total 6144K, used 5968K [0x00000000eab00000, 0x00000000eb400000, 0x0000000100000000)
  eden space 4096K, 98% used [0x00000000eab00000,0x00000000eaef3e48,0x00000000eaf00000)
  from space 2048K, 93% used [0x00000000eb100000,0x00000000eb2e05b0,0x00000000eb300000)
  to   space 2048K, 100% used [0x00000000eaf00000,0x00000000eb100000,0x00000000eb100000)
 ParOldGen       total 161280K, used 136695K [0x00000000c0000000, 0x00000000c9d80000, 0x00000000eab00000)
  object space 161280K, 84% used [0x00000000c0000000,0x00000000c857dfb8,0x00000000c9d80000)
 Metaspace       used 91940K, committed 93056K, reserved 1179648K
  class space    used 9300K, committed 9792K, reserved 1048576K
GC Heap History (20 events):
Event: 1154.161 GC heap after
{Heap after GC invocations=6501 (full 150):
 PSYoungGen      total 8192K, used 0K [0x00000000eab00000, 0x00000000eba80000, 0x0000000100000000)
  eden space 512K, 0% used [0x00000000eab00000,0x00000000eab00000,0x00000000eab80000)
  from space 7680K, 0% used [0x00000000eab80000,0x00000000eab80000,0x00000000eb300000)
  to   space 7680K, 0% used [0x00000000eb300000,0x00000000eb300000,0x00000000eba80000)
 ParOldGen       total 161280K, used 127139K [0x00000000c0000000, 0x00000000c9d80000, 0x00000000eab00000)
  object space 161280K, 78% used [0x00000000c0000000,0x00000000c7c28e18,0x00000000c9d80000)
 Metaspace       used 91940K, committed 93056K, reserved 1179648K
  class space    used 9300K, committed 9792K, reserved 1048576K
}
Event: 1154.162 GC heap before
{Heap before GC invocations=6502 (full 150):
 PSYoungGen      total 8192K, used 512K [0x00000000eab00000, 0x00000000eba80000, 0x0000000100000000)
  eden space 512K, 100% used [0x00000000eab00000,0x00000000eab80000,0x00000000eab80000)
  from space 7680K, 0% used [0x00000000eab80000,0x00000000eab80000,0x00000000eb300000)
  to   space 7680K, 0% used [0x00000000eb300000,0x00000000eb300000,0x00000000eba80000)
 ParOldGen       total 161280K, used 127139K [0x00000000c0000000, 0x00000000c9d80000, 0x00000000eab00000)
  object space 161280K, 78% used [0x00000000c0000000,0x00000000c7c28e18,0x00000000c9d80000)
 Metaspace       used 91940K, committed 93056K, reserved 1179648K
  class space    used 9300K, committed 9792K, reserved 1048576K
}
Event: 1154.163 GC heap after
{Heap after GC invocations=6502 (full 150):
 PSYoungGen      total 1536K, used 544K [0x00000000eab00000, 0x00000000eb400000, 0x0000000100000000)
  eden space 512K, 0% used [0x00000000eab00000,0x00000000eab00000,0x00000000eab80000)
  from space 1024K, 53% used [0x00000000eb300000,0x00000000eb388000,0x00000000eb400000)
  to   space 3072K, 0% used [0x00000000eae00000,0x00000000eae00000,0x00000000eb100000)
 ParOldGen       total 161280K, used 127139K [0x00000000c0000000, 0x00000000c9d80000, 0x00000000eab00000)
  object space 161280K, 78% used [0x00000000c0000000,0x00000000c7c28e18,0x00000000c9d80000)
 Metaspace       used 91940K, committed 93056K, reserved 1179648K
  class space    used 9300K, committed 9792K, reserved 1048576K
}
Event: 1154.164 GC heap before
{Heap before GC invocations=6503 (full 150):
 PSYoungGen      total 1536K, used 1056K [0x00000000eab00000, 0x00000000eb400000, 0x0000000100000000)
  eden space 512K, 100% used [0x00000000eab00000,0x00000000eab80000,0x00000000eab80000)
  from space 1024K, 53% used [0x00000000eb300000,0x00000000eb388000,0x00000000eb400000)
  to   space 3072K, 0% used [0x00000000eae00000,0x00000000eae00000,0x00000000eb100000)
 ParOldGen       total 161280K, used 127139K [0x00000000c0000000, 0x00000000c9d80000, 0x00000000eab00000)
  object space 161280K, 78% used [0x00000000c0000000,0x00000000c7c28e18,0x00000000c9d80000)
 Metaspace       used 91940K, committed 93056K, reserved 1179648K
  class space    used 9300K, committed 9792K, reserved 1048576K
}
Event: 1154.165 GC heap after
{Heap after GC invocations=6503 (full 150):
 PSYoungGen      total 4096K, used 352K [0x00000000eab00000, 0x00000000eb380000, 0x0000000100000000)
  eden space 1024K, 0% used [0x00000000eab00000,0x00000000eab00000,0x00000000eac00000)
  from space 3072K, 11% used [0x00000000eae00000,0x00000000eae58000,0x00000000eb100000)
  to   space 1024K, 0% used [0x00000000eb280000,0x00000000eb280000,0x00000000eb380000)
 ParOldGen       total 161280K, used 127555K [0x00000000c0000000, 0x00000000c9d80000, 0x00000000eab00000)
  object space 161280K, 79% used [0x00000000c0000000,0x00000000c7c90e18,0x00000000c9d80000)
 Metaspace       used 91940K, committed 93056K, reserved 1179648K
  class space    used 9300K, committed 9792K, reserved 1048576K
}
Event: 1154.169 GC heap before
{Heap before GC invocations=6504 (full 150):
 PSYoungGen      total 4096K, used 1376K [0x00000000eab00000, 0x00000000eb380000, 0x0000000100000000)
  eden space 1024K, 100% used [0x00000000eab00000,0x00000000eac00000,0x00000000eac00000)
  from space 3072K, 11% used [0x00000000eae00000,0x00000000eae58000,0x00000000eb100000)
  to   space 1024K, 0% used [0x00000000eb280000,0x00000000eb280000,0x00000000eb380000)
 ParOldGen       total 161280K, used 127555K [0x00000000c0000000, 0x00000000c9d80000, 0x00000000eab00000)
  object space 161280K, 79% used [0x00000000c0000000,0x00000000c7c90e18,0x00000000c9d80000)
 Metaspace       used 91940K, committed 93056K, reserved 1179648K
  class space    used 9300K, committed 9792K, reserved 1048576K
}
Event: 1154.171 GC heap after
{Heap after GC invocations=6504 (full 150):
 PSYoungGen      total 2560K, used 1024K [0x00000000eab00000, 0x00000000eb380000, 0x0000000100000000)
  eden space 1536K, 0% used [0x00000000eab00000,0x00000000eab00000,0x00000000eac80000)
  from space 1024K, 100% used [0x00000000eb280000,0x00000000eb380000,0x00000000eb380000)
  to   space 1536K, 0% used [0x00000000eb080000,0x00000000eb080000,0x00000000eb200000)
 ParOldGen       total 161280K, used 127851K [0x00000000c0000000, 0x00000000c9d80000, 0x00000000eab00000)
  object space 161280K, 79% used [0x00000000c0000000,0x00000000c7cdae18,0x00000000c9d80000)
 Metaspace       used 91940K, committed 93056K, reserved 1179648K
  class space    used 9300K, committed 9792K, reserved 1048576K
}
Event: 1154.178 GC heap before
{Heap before GC invocations=6505 (full 150):
 PSYoungGen      total 2560K, used 2560K [0x00000000eab00000, 0x00000000eb380000, 0x0000000100000000)
  eden space 1536K, 100% used [0x00000000eab00000,0x00000000eac80000,0x00000000eac80000)
  from space 1024K, 100% used [0x00000000eb280000,0x00000000eb380000,0x00000000eb380000)
  to   space 1536K, 0% used [0x00000000eb080000,0x00000000eb080000,0x00000000eb200000)
 ParOldGen       total 161280K, used 127851K [0x00000000c0000000, 0x00000000c9d80000, 0x00000000eab00000)
  object space 161280K, 79% used [0x00000000c0000000,0x00000000c7cdae18,0x00000000c9d80000)
 Metaspace       used 91940K, committed 93056K, reserved 1179648K
  class space    used 9300K, committed 9792K, reserved 1048576K
}
Event: 1154.181 GC heap after
{Heap after GC invocations=6505 (full 150):
 PSYoungGen      total 3584K, used 1536K [0x00000000eab00000, 0x00000000eb300000, 0x0000000100000000)
  eden space 2048K, 0% used [0x00000000eab00000,0x00000000eab00000,0x00000000ead00000)
  from space 1536K, 100% used [0x00000000eb080000,0x00000000eb200000,0x00000000eb200000)
  to   space 1024K, 0% used [0x00000000eb200000,0x00000000eb200000,0x00000000eb300000)
 ParOldGen       total 161280K, used 128843K [0x00000000c0000000, 0x00000000c9d80000, 0x00000000eab00000)
  object space 161280K, 79% used [0x00000000c0000000,0x00000000c7dd2e18,0x00000000c9d80000)
 Metaspace       used 91940K, committed 93056K, reserved 1179648K
  class space    used 9300K, committed 9792K, reserved 1048576K
}
Event: 1154.187 GC heap before
{Heap before GC invocations=6506 (full 150):
 PSYoungGen      total 3584K, used 3583K [0x00000000eab00000, 0x00000000eb300000, 0x0000000100000000)
  eden space 2048K, 99% used [0x00000000eab00000,0x00000000eacffff0,0x00000000ead00000)
  from space 1536K, 100% used [0x00000000eb080000,0x00000000eb200000,0x00000000eb200000)
  to   space 1024K, 0% used [0x00000000eb200000,0x00000000eb200000,0x00000000eb300000)
 ParOldGen       total 161280K, used 128843K [0x00000000c0000000, 0x00000000c9d80000, 0x00000000eab00000)
  object space 161280K, 79% used [0x00000000c0000000,0x00000000c7dd2e18,0x00000000c9d80000)
 Metaspace       used 91940K, committed 93056K, reserved 1179648K
  class space    used 9300K, committed 9792K, reserved 1048576K
}
Event: 1154.192 GC heap after
{Heap after GC invocations=6506 (full 150):
 PSYoungGen      total 3584K, used 1024K [0x00000000eab00000, 0x00000000eb580000, 0x0000000100000000)
  eden space 2560K, 0% used [0x00000000eab00000,0x00000000eab00000,0x00000000ead80000)
  from space 1024K, 100% used [0x00000000eb200000,0x00000000eb300000,0x00000000eb300000)
  to   space 4096K, 0% used [0x00000000ead80000,0x00000000ead80000,0x00000000eb180000)
 ParOldGen       total 161280K, used 131355K [0x00000000c0000000, 0x00000000c9d80000, 0x00000000eab00000)
  object space 161280K, 81% used [0x00000000c0000000,0x00000000c8046e18,0x00000000c9d80000)
 Metaspace       used 91940K, committed 93056K, reserved 1179648K
  class space    used 9300K, committed 9792K, reserved 1048576K
}
Event: 1154.202 GC heap before
{Heap before GC invocations=6507 (full 150):
 PSYoungGen      total 3584K, used 3584K [0x00000000eab00000, 0x00000000eb580000, 0x0000000100000000)
  eden space 2560K, 100% used [0x00000000eab00000,0x00000000ead80000,0x00000000ead80000)
  from space 1024K, 100% used [0x00000000eb200000,0x00000000eb300000,0x00000000eb300000)
  to   space 4096K, 0% used [0x00000000ead80000,0x00000000ead80000,0x00000000eb180000)
 ParOldGen       total 161280K, used 131355K [0x00000000c0000000, 0x00000000c9d80000, 0x00000000eab00000)
  object space 161280K, 81% used [0x00000000c0000000,0x00000000c8046e18,0x00000000c9d80000)
 Metaspace       used 91940K, committed 93056K, reserved 1179648K
  class space    used 9300K, committed 9792K, reserved 1048576K
}
Event: 1154.205 GC heap after
{Heap after GC invocations=6507 (full 150):
 PSYoungGen      total 4096K, used 1414K [0x00000000eab00000, 0x00000000eb300000, 0x0000000100000000)
  eden space 2560K, 0% used [0x00000000eab00000,0x00000000eab00000,0x00000000ead80000)
  from space 1536K, 92% used [0x00000000ead80000,0x00000000eaee1a70,0x00000000eaf00000)
  to   space 2560K, 0% used [0x00000000eb080000,0x00000000eb080000,0x00000000eb300000)
 ParOldGen       total 161280K, used 132427K [0x00000000c0000000, 0x00000000c9d80000, 0x00000000eab00000)
  object space 161280K, 82% used [0x00000000c0000000,0x00000000c8152e18,0x00000000c9d80000)
 Metaspace       used 91940K, committed 93056K, reserved 1179648K
  class space    used 9300K, committed 9792K, reserved 1048576K
}
Event: 1154.214 GC heap before
{Heap before GC invocations=6508 (full 150):
 PSYoungGen      total 4096K, used 3974K [0x00000000eab00000, 0x00000000eb300000, 0x0000000100000000)
  eden space 2560K, 100% used [0x00000000eab00000,0x00000000ead80000,0x00000000ead80000)
  from space 1536K, 92% used [0x00000000ead80000,0x00000000eaee1a70,0x00000000eaf00000)
  to   space 2560K, 0% used [0x00000000eb080000,0x00000000eb080000,0x00000000eb300000)
 ParOldGen       total 161280K, used 132427K [0x00000000c0000000, 0x00000000c9d80000, 0x00000000eab00000)
  object space 161280K, 82% used [0x00000000c0000000,0x00000000c8152e18,0x00000000c9d80000)
 Metaspace       used 91940K, committed 93056K, reserved 1179648K
  class space    used 9300K, committed 9792K, reserved 1048576K
}
Event: 1154.216 GC heap after
{Heap after GC invocations=6508 (full 150):
 PSYoungGen      total 4096K, used 576K [0x00000000eab00000, 0x00000000eb180000, 0x0000000100000000)
  eden space 3072K, 0% used [0x00000000eab00000,0x00000000eab00000,0x00000000eae00000)
  from space 1024K, 56% used [0x00000000eb080000,0x00000000eb110000,0x00000000eb180000)
  to   space 1024K, 0% used [0x00000000eaf80000,0x00000000eaf80000,0x00000000eb080000)
 ParOldGen       total 161280K, used 133477K [0x00000000c0000000, 0x00000000c9d80000, 0x00000000eab00000)
  object space 161280K, 82% used [0x00000000c0000000,0x00000000c8259718,0x00000000c9d80000)
 Metaspace       used 91940K, committed 93056K, reserved 1179648K
  class space    used 9300K, committed 9792K, reserved 1048576K
}
Event: 1154.232 GC heap before
{Heap before GC invocations=6509 (full 150):
 PSYoungGen      total 4096K, used 3648K [0x00000000eab00000, 0x00000000eb180000, 0x0000000100000000)
  eden space 3072K, 100% used [0x00000000eab00000,0x00000000eae00000,0x00000000eae00000)
  from space 1024K, 56% used [0x00000000eb080000,0x00000000eb110000,0x00000000eb180000)
  to   space 1024K, 0% used [0x00000000eaf80000,0x00000000eaf80000,0x00000000eb080000)
 ParOldGen       total 161280K, used 133477K [0x00000000c0000000, 0x00000000c9d80000, 0x00000000eab00000)
  object space 161280K, 82% used [0x00000000c0000000,0x00000000c8259718,0x00000000c9d80000)
 Metaspace       used 91940K, committed 93056K, reserved 1179648K
  class space    used 9300K, committed 9792K, reserved 1048576K
}
Event: 1154.233 GC heap after
{Heap after GC invocations=6509 (full 150):
 PSYoungGen      total 5120K, used 1000K [0x00000000eab00000, 0x00000000eb300000, 0x0000000100000000)
  eden space 4096K, 0% used [0x00000000eab00000,0x00000000eab00000,0x00000000eaf00000)
  from space 1024K, 97% used [0x00000000eaf80000,0x00000000eb07a170,0x00000000eb080000)
  to   space 2048K, 0% used [0x00000000eb100000,0x00000000eb100000,0x00000000eb300000)
 ParOldGen       total 161280K, used 133969K [0x00000000c0000000, 0x00000000c9d80000, 0x00000000eab00000)
  object space 161280K, 83% used [0x00000000c0000000,0x00000000c82d47d8,0x00000000c9d80000)
 Metaspace       used 91940K, committed 93056K, reserved 1179648K
  class space    used 9300K, committed 9792K, reserved 1048576K
}
Event: 1154.242 GC heap before
{Heap before GC invocations=6510 (full 150):
 PSYoungGen      total 5120K, used 5096K [0x00000000eab00000, 0x00000000eb300000, 0x0000000100000000)
  eden space 4096K, 99% used [0x00000000eab00000,0x00000000eaefffe8,0x00000000eaf00000)
  from space 1024K, 97% used [0x00000000eaf80000,0x00000000eb07a170,0x00000000eb080000)
  to   space 2048K, 0% used [0x00000000eb100000,0x00000000eb100000,0x00000000eb300000)
 ParOldGen       total 161280K, used 133969K [0x00000000c0000000, 0x00000000c9d80000, 0x00000000eab00000)
  object space 161280K, 83% used [0x00000000c0000000,0x00000000c82d47d8,0x00000000c9d80000)
 Metaspace       used 91940K, committed 93056K, reserved 1179648K
  class space    used 9300K, committed 9792K, reserved 1048576K
}
Event: 1154.244 GC heap after
{Heap after GC invocations=6510 (full 150):
 PSYoungGen      total 6144K, used 1921K [0x00000000eab00000, 0x00000000eb400000, 0x0000000100000000)
  eden space 4096K, 0% used [0x00000000eab00000,0x00000000eab00000,0x00000000eaf00000)
  from space 2048K, 93% used [0x00000000eb100000,0x00000000eb2e05b0,0x00000000eb300000)
  to   space 2048K, 0% used [0x00000000eaf00000,0x00000000eaf00000,0x00000000eb100000)
 ParOldGen       total 161280K, used 134930K [0x00000000c0000000, 0x00000000c9d80000, 0x00000000eab00000)
  object space 161280K, 83% used [0x00000000c0000000,0x00000000c83c4ab8,0x00000000c9d80000)
 Metaspace       used 91940K, committed 93056K, reserved 1179648K
  class space    used 9300K, committed 9792K, reserved 1048576K
}
Event: 1154.249 GC heap before
{Heap before GC invocations=6511 (full 150):
 PSYoungGen      total 6144K, used 5968K [0x00000000eab00000, 0x00000000eb400000, 0x0000000100000000)
  eden space 4096K, 98% used [0x00000000eab00000,0x00000000eaef3e48,0x00000000eaf00000)
  from space 2048K, 93% used [0x00000000eb100000,0x00000000eb2e05b0,0x00000000eb300000)
  to   space 2048K, 0% used [0x00000000eaf00000,0x00000000eaf00000,0x00000000eb100000)
 ParOldGen       total 161280K, used 134930K [0x00000000c0000000, 0x00000000c9d80000, 0x00000000eab00000)
  object space 161280K, 83% used [0x00000000c0000000,0x00000000c83c4ab8,0x00000000c9d80000)
 Metaspace       used 91940K, committed 93056K, reserved 1179648K
  class space    used 9300K, committed 9792K, reserved 1048576K
}

