# JRE version: OpenJDK Runtime Environment Temurin-17.0.7+7 (17.0.7+7) (build 17.0.7+7)
# Java VM: OpenJDK 64-Bit Server VM Temurin-17.0.7+7 (17.0.7+7, mixed mode, tiered, compressed oops, compressed class ptrs, parallel gc, windows-amd64)
GC Precious Log:
 CPUs: 8 total, 8 available
 Memory: 10116M
 Large Page Support: Disabled
 NUMA Support: Disabled
 Compressed Oops: Enabled (32-bit)
 Alignments: Space 512K, Generation 512K, Heap 2M
 Heap Min Capacity: 100M
 Heap Initial Capacity: 100M
 Heap Max Capacity: 1G
 Pre-touch: Disabled
 Parallel Workers: 8
Heap:
 PSYoungGen      total 5632K, used 4675K [0x00000000eab00000, 0x00000000eb400000, 0x0000000100000000)
  eden space 3072K, 69% used [0x00000000eab00000,0x00000000ead16f00,0x00000000eae00000)
  from space 2560K, 99% used [0x00000000eae80000,0x00000000eb0f9f40,0x00000000eb100000)
  to   space 3072K, 0% used [0x00000000eb100000,0x00000000eb100000,0x00000000eb400000)
 ParOldGen       total 84992K, used 73660K [0x00000000c0000000, 0x00000000c5300000, 0x00000000eab00000)
  object space 84992K, 86% used [0x00000000c0000000,0x00000000c47ef078,0x00000000c5300000)
 Metaspace       used 77869K, committed 78912K, reserved 1179648K
  class space    used 8061K, committed 8576K, reserved 1048576K
GC Heap History (20 events):
Event: 388.588 GC heap before
{Heap before GC invocations=530 (full 19):
 PSYoungGen      total 7168K, used 6962K [0x00000000eab00000, 0x00000000eb500000, 0x0000000100000000)
  eden space 5120K, 100% used [0x00000000eab00000,0x00000000eb000000,0x00000000eb000000)
  from space 2048K, 89% used [0x00000000eb300000,0x00000000eb4cc808,0x00000000eb500000)
  to   space 2560K, 0% used [0x00000000eb000000,0x00000000eb000000,0x00000000eb280000)
 ParOldGen       total 84992K, used 66917K [0x00000000c0000000, 0x00000000c5300000, 0x00000000eab00000)
  object space 84992K, 78% used [0x00000000c0000000,0x00000000c41595e0,0x00000000c5300000)
 Metaspace       used 77633K, committed 78656K, reserved 1179648K
  class space    used 8060K, committed 8576K, reserved 1048576K
}
Event: 388.593 GC heap after
{Heap after GC invocations=530 (full 19):
 PSYoungGen      total 6656K, used 1377K [0x00000000eab00000, 0x00000000eb400000, 0x0000000100000000)
  eden space 5120K, 0% used [0x00000000eab00000,0x00000000eab00000,0x00000000eb000000)
  from space 1536K, 89% used [0x00000000eb000000,0x00000000eb1587f8,0x00000000eb180000)
  to   space 2048K, 0% used [0x00000000eb200000,0x00000000eb200000,0x00000000eb400000)
 ParOldGen       total 84992K, used 68668K [0x00000000c0000000, 0x00000000c5300000, 0x00000000eab00000)
  object space 84992K, 80% used [0x00000000c0000000,0x00000000c430f1b0,0x00000000c5300000)
 Metaspace       used 77633K, committed 78656K, reserved 1179648K
  class space    used 8060K, committed 8576K, reserved 1048576K
}
Event: 428.257 GC heap before
{Heap before GC invocations=531 (full 19):
 PSYoungGen      total 6656K, used 6497K [0x00000000eab00000, 0x00000000eb400000, 0x0000000100000000)
  eden space 5120K, 100% used [0x00000000eab00000,0x00000000eb000000,0x00000000eb000000)
  from space 1536K, 89% used [0x00000000eb000000,0x00000000eb1587f8,0x00000000eb180000)
  to   space 2048K, 0% used [0x00000000eb200000,0x00000000eb200000,0x00000000eb400000)
 ParOldGen       total 84992K, used 68668K [0x00000000c0000000, 0x00000000c5300000, 0x00000000eab00000)
  object space 84992K, 80% used [0x00000000c0000000,0x00000000c430f1b0,0x00000000c5300000)
 Metaspace       used 77637K, committed 78656K, reserved 1179648K
  class space    used 8060K, committed 8576K, reserved 1048576K
}
Event: 428.259 GC heap after
{Heap after GC invocations=531 (full 19):
 PSYoungGen      total 6656K, used 1301K [0x00000000eab00000, 0x00000000eb380000, 0x0000000100000000)
  eden space 5120K, 0% used [0x00000000eab00000,0x00000000eab00000,0x00000000eb000000)
  from space 1536K, 84% used [0x00000000eb200000,0x00000000eb3457b8,0x00000000eb380000)
  to   space 1536K, 0% used [0x00000000eb000000,0x00000000eb000000,0x00000000eb180000)
 ParOldGen       total 84992K, used 69804K [0x00000000c0000000, 0x00000000c5300000, 0x00000000eab00000)
  object space 84992K, 82% used [0x00000000c0000000,0x00000000c442b1c0,0x00000000c5300000)
 Metaspace       used 77637K, committed 78656K, reserved 1179648K
  class space    used 8060K, committed 8576K, reserved 1048576K
}
Event: 428.308 GC heap before
{Heap before GC invocations=532 (full 19):
 PSYoungGen      total 6656K, used 6421K [0x00000000eab00000, 0x00000000eb380000, 0x0000000100000000)
  eden space 5120K, 100% used [0x00000000eab00000,0x00000000eb000000,0x00000000eb000000)
  from space 1536K, 84% used [0x00000000eb200000,0x00000000eb3457b8,0x00000000eb380000)
  to   space 1536K, 0% used [0x00000000eb000000,0x00000000eb000000,0x00000000eb180000)
 ParOldGen       total 84992K, used 69804K [0x00000000c0000000, 0x00000000c5300000, 0x00000000eab00000)
  object space 84992K, 82% used [0x00000000c0000000,0x00000000c442b1c0,0x00000000c5300000)
 Metaspace       used 77693K, committed 78720K, reserved 1179648K
  class space    used 8061K, committed 8576K, reserved 1048576K
}
Event: 428.310 GC heap after
{Heap after GC invocations=532 (full 19):
 PSYoungGen      total 6656K, used 352K [0x00000000eab00000, 0x00000000eb280000, 0x0000000100000000)
  eden space 5120K, 0% used [0x00000000eab00000,0x00000000eab00000,0x00000000eb000000)
  from space 1536K, 22% used [0x00000000eb000000,0x00000000eb058000,0x00000000eb180000)
  to   space 1024K, 0% used [0x00000000eb180000,0x00000000eb180000,0x00000000eb280000)
 ParOldGen       total 84992K, used 69804K [0x00000000c0000000, 0x00000000c5300000, 0x00000000eab00000)
  object space 84992K, 82% used [0x00000000c0000000,0x00000000c442b1c0,0x00000000c5300000)
 Metaspace       used 77693K, committed 78720K, reserved 1179648K
  class space    used 8061K, committed 8576K, reserved 1048576K
}
Event: 428.936 GC heap before
{Heap before GC invocations=533 (full 19):
 PSYoungGen      total 6656K, used 5472K [0x00000000eab00000, 0x00000000eb280000, 0x0000000100000000)
  eden space 5120K, 100% used [0x00000000eab00000,0x00000000eb000000,0x00000000eb000000)
  from space 1536K, 22% used [0x00000000eb000000,0x00000000eb058000,0x00000000eb180000)
  to   space 1024K, 0% used [0x00000000eb180000,0x00000000eb180000,0x00000000eb280000)
 ParOldGen       total 84992K, used 69804K [0x00000000c0000000, 0x00000000c5300000, 0x00000000eab00000)
  object space 84992K, 82% used [0x00000000c0000000,0x00000000c442b1c0,0x00000000c5300000)
 Metaspace       used 77702K, committed 78720K, reserved 1179648K
  class space    used 8061K, committed 8576K, reserved 1048576K
}
Event: 428.938 GC heap after
{Heap after GC invocations=533 (full 19):
 PSYoungGen      total 5632K, used 1009K [0x00000000eab00000, 0x00000000eb400000, 0x0000000100000000)
  eden space 4608K, 0% used [0x00000000eab00000,0x00000000eab00000,0x00000000eaf80000)
  from space 1024K, 98% used [0x00000000eb180000,0x00000000eb27c7c0,0x00000000eb280000)
  to   space 2048K, 0% used [0x00000000eaf80000,0x00000000eaf80000,0x00000000eb180000)
 ParOldGen       total 84992K, used 70228K [0x00000000c0000000, 0x00000000c5300000, 0x00000000eab00000)
  object space 84992K, 82% used [0x00000000c0000000,0x00000000c44953b0,0x00000000c5300000)
 Metaspace       used 77702K, committed 78720K, reserved 1179648K
  class space    used 8061K, committed 8576K, reserved 1048576K
}
Event: 429.302 GC heap before
{Heap before GC invocations=534 (full 19):
 PSYoungGen      total 5632K, used 5617K [0x00000000eab00000, 0x00000000eb400000, 0x0000000100000000)
  eden space 4608K, 100% used [0x00000000eab00000,0x00000000eaf80000,0x00000000eaf80000)
  from space 1024K, 98% used [0x00000000eb180000,0x00000000eb27c7c0,0x00000000eb280000)
  to   space 2048K, 0% used [0x00000000eaf80000,0x00000000eaf80000,0x00000000eb180000)
 ParOldGen       total 84992K, used 70228K [0x00000000c0000000, 0x00000000c5300000, 0x00000000eab00000)
  object space 84992K, 82% used [0x00000000c0000000,0x00000000c44953b0,0x00000000c5300000)
 Metaspace       used 77718K, committed 78720K, reserved 1179648K
  class space    used 8061K, committed 8576K, reserved 1048576K
}
Event: 429.304 GC heap after
{Heap after GC invocations=534 (full 19):
 PSYoungGen      total 6144K, used 1219K [0x00000000eab00000, 0x00000000eb280000, 0x0000000100000000)
  eden space 4608K, 0% used [0x00000000eab00000,0x00000000eab00000,0x00000000eaf80000)
  from space 1536K, 79% used [0x00000000eaf80000,0x00000000eb0b0f80,0x00000000eb100000)
  to   space 1536K, 0% used [0x00000000eb100000,0x00000000eb100000,0x00000000eb280000)
 ParOldGen       total 84992K, used 70244K [0x00000000c0000000, 0x00000000c5300000, 0x00000000eab00000)
  object space 84992K, 82% used [0x00000000c0000000,0x00000000c44993b0,0x00000000c5300000)
 Metaspace       used 77718K, committed 78720K, reserved 1179648K
  class space    used 8061K, committed 8576K, reserved 1048576K
}
Event: 429.541 GC heap before
{Heap before GC invocations=535 (full 19):
 PSYoungGen      total 6144K, used 5827K [0x00000000eab00000, 0x00000000eb280000, 0x0000000100000000)
  eden space 4608K, 100% used [0x00000000eab00000,0x00000000eaf80000,0x00000000eaf80000)
  from space 1536K, 79% used [0x00000000eaf80000,0x00000000eb0b0f80,0x00000000eb100000)
  to   space 1536K, 0% used [0x00000000eb100000,0x00000000eb100000,0x00000000eb280000)
 ParOldGen       total 84992K, used 70244K [0x00000000c0000000, 0x00000000c5300000, 0x00000000eab00000)
  object space 84992K, 82% used [0x00000000c0000000,0x00000000c44993b0,0x00000000c5300000)
 Metaspace       used 77720K, committed 78720K, reserved 1179648K
  class space    used 8061K, committed 8576K, reserved 1048576K
}
Event: 429.546 GC heap after
{Heap after GC invocations=535 (full 19):
 PSYoungGen      total 4608K, used 1525K [0x00000000eab00000, 0x00000000eb580000, 0x0000000100000000)
  eden space 3072K, 0% used [0x00000000eab00000,0x00000000eab00000,0x00000000eae00000)
  from space 1536K, 99% used [0x00000000eb100000,0x00000000eb27d740,0x00000000eb280000)
  to   space 3072K, 0% used [0x00000000eae00000,0x00000000eae00000,0x00000000eb100000)
 ParOldGen       total 84992K, used 71484K [0x00000000c0000000, 0x00000000c5300000, 0x00000000eab00000)
  object space 84992K, 84% used [0x00000000c0000000,0x00000000c45cf3f0,0x00000000c5300000)
 Metaspace       used 77720K, committed 78720K, reserved 1179648K
  class space    used 8061K, committed 8576K, reserved 1048576K
}
Event: 429.727 GC heap before
{Heap before GC invocations=536 (full 19):
 PSYoungGen      total 4608K, used 4597K [0x00000000eab00000, 0x00000000eb580000, 0x0000000100000000)
  eden space 3072K, 100% used [0x00000000eab00000,0x00000000eae00000,0x00000000eae00000)
  from space 1536K, 99% used [0x00000000eb100000,0x00000000eb27d740,0x00000000eb280000)
  to   space 3072K, 0% used [0x00000000eae00000,0x00000000eae00000,0x00000000eb100000)
 ParOldGen       total 84992K, used 71484K [0x00000000c0000000, 0x00000000c5300000, 0x00000000eab00000)
  object space 84992K, 84% used [0x00000000c0000000,0x00000000c45cf3f0,0x00000000c5300000)
 Metaspace       used 77732K, committed 78720K, reserved 1179648K
  class space    used 8061K, committed 8576K, reserved 1048576K
}
Event: 429.733 GC heap after
{Heap after GC invocations=536 (full 19):
 PSYoungGen      total 4608K, used 1219K [0x00000000eab00000, 0x00000000eb200000, 0x0000000100000000)
  eden space 3072K, 0% used [0x00000000eab00000,0x00000000eab00000,0x00000000eae00000)
  from space 1536K, 79% used [0x00000000eae00000,0x00000000eaf30fa8,0x00000000eaf80000)
  to   space 2048K, 0% used [0x00000000eb000000,0x00000000eb000000,0x00000000eb200000)
 ParOldGen       total 84992K, used 72619K [0x00000000c0000000, 0x00000000c5300000, 0x00000000eab00000)
  object space 84992K, 85% used [0x00000000c0000000,0x00000000c46eac70,0x00000000c5300000)
 Metaspace       used 77732K, committed 78720K, reserved 1179648K
  class space    used 8061K, committed 8576K, reserved 1048576K
}
Event: 429.869 GC heap before
{Heap before GC invocations=537 (full 19):
 PSYoungGen      total 4608K, used 4264K [0x00000000eab00000, 0x00000000eb200000, 0x0000000100000000)
  eden space 3072K, 99% used [0x00000000eab00000,0x00000000eadf90b0,0x00000000eae00000)
  from space 1536K, 79% used [0x00000000eae00000,0x00000000eaf30fa8,0x00000000eaf80000)
  to   space 2048K, 0% used [0x00000000eb000000,0x00000000eb000000,0x00000000eb200000)
 ParOldGen       total 84992K, used 72619K [0x00000000c0000000, 0x00000000c5300000, 0x00000000eab00000)
  object space 84992K, 85% used [0x00000000c0000000,0x00000000c46eac70,0x00000000c5300000)
 Metaspace       used 77743K, committed 78784K, reserved 1179648K
  class space    used 8061K, committed 8576K, reserved 1048576K
}
Event: 429.871 GC heap after
{Heap after GC invocations=537 (full 19):
 PSYoungGen      total 5120K, used 1495K [0x00000000eab00000, 0x00000000eb200000, 0x0000000100000000)
  eden space 3072K, 0% used [0x00000000eab00000,0x00000000eab00000,0x00000000eae00000)
  from space 2048K, 73% used [0x00000000eb000000,0x00000000eb175f38,0x00000000eb200000)
  to   space 2048K, 0% used [0x00000000eae00000,0x00000000eae00000,0x00000000eb000000)
 ParOldGen       total 84992K, used 72619K [0x00000000c0000000, 0x00000000c5300000, 0x00000000eab00000)
  object space 84992K, 85% used [0x00000000c0000000,0x00000000c46eac70,0x00000000c5300000)
 Metaspace       used 77743K, committed 78784K, reserved 1179648K
  class space    used 8061K, committed 8576K, reserved 1048576K
}
Event: 429.941 GC heap before
{Heap before GC invocations=538 (full 19):
 PSYoungGen      total 5120K, used 4567K [0x00000000eab00000, 0x00000000eb200000, 0x0000000100000000)
  eden space 3072K, 100% used [0x00000000eab00000,0x00000000eae00000,0x00000000eae00000)
  from space 2048K, 73% used [0x00000000eb000000,0x00000000eb175f38,0x00000000eb200000)
  to   space 2048K, 0% used [0x00000000eae00000,0x00000000eae00000,0x00000000eb000000)
 ParOldGen       total 84992K, used 72619K [0x00000000c0000000, 0x00000000c5300000, 0x00000000eab00000)
  object space 84992K, 85% used [0x00000000c0000000,0x00000000c46eac70,0x00000000c5300000)
 Metaspace       used 77743K, committed 78784K, reserved 1179648K
  class space    used 8061K, committed 8576K, reserved 1048576K
}
Event: 429.946 GC heap after
{Heap after GC invocations=538 (full 19):
 PSYoungGen      total 5120K, used 2037K [0x00000000eab00000, 0x00000000eb400000, 0x0000000100000000)
  eden space 3072K, 0% used [0x00000000eab00000,0x00000000eab00000,0x00000000eae00000)
  from space 2048K, 99% used [0x00000000eae00000,0x00000000eaffd750,0x00000000eb000000)
  to   space 3072K, 0% used [0x00000000eb100000,0x00000000eb100000,0x00000000eb400000)
 ParOldGen       total 84992K, used 72979K [0x00000000c0000000, 0x00000000c5300000, 0x00000000eab00000)
  object space 84992K, 85% used [0x00000000c0000000,0x00000000c4744c90,0x00000000c5300000)
 Metaspace       used 77743K, committed 78784K, reserved 1179648K
  class space    used 8061K, committed 8576K, reserved 1048576K
}
Event: 430.056 GC heap before
{Heap before GC invocations=539 (full 19):
 PSYoungGen      total 5120K, used 5109K [0x00000000eab00000, 0x00000000eb400000, 0x0000000100000000)
  eden space 3072K, 100% used [0x00000000eab00000,0x00000000eae00000,0x00000000eae00000)
  from space 2048K, 99% used [0x00000000eae00000,0x00000000eaffd750,0x00000000eb000000)
  to   space 3072K, 0% used [0x00000000eb100000,0x00000000eb100000,0x00000000eb400000)
 ParOldGen       total 84992K, used 72979K [0x00000000c0000000, 0x00000000c5300000, 0x00000000eab00000)
  object space 84992K, 85% used [0x00000000c0000000,0x00000000c4744c90,0x00000000c5300000)
 Metaspace       used 77745K, committed 78784K, reserved 1179648K
  class space    used 8061K, committed 8576K, reserved 1048576K
}
Event: 430.063 GC heap after
{Heap after GC invocations=539 (full 19):
 PSYoungGen      total 5632K, used 2478K [0x00000000eab00000, 0x00000000eb380000, 0x0000000100000000)
  eden space 3072K, 0% used [0x00000000eab00000,0x00000000eab00000,0x00000000eae00000)
  from space 2560K, 96% used [0x00000000eb100000,0x00000000eb36bb68,0x00000000eb380000)
  to   space 2560K, 0% used [0x00000000eae80000,0x00000000eae80000,0x00000000eb100000)
 ParOldGen       total 84992K, used 73580K [0x00000000c0000000, 0x00000000c5300000, 0x00000000eab00000)
  object space 84992K, 86% used [0x00000000c0000000,0x00000000c47db078,0x00000000c5300000)
 Metaspace       used 77745K, committed 78784K, reserved 1179648K
  class space    used 8061K, committed 8576K, reserved 1048576K
}

