# JRE version: OpenJDK Runtime Environment Temurin-17.0.7+7 (17.0.7+7) (build 17.0.7+7)
# Java VM: OpenJDK 64-Bit Server VM Temurin-17.0.7+7 (17.0.7+7, mixed mode, tiered, compressed oops, compressed class ptrs, parallel gc, windows-amd64)
GC Precious Log:
 CPUs: 8 total, 8 available
 Memory: 10116M
 Large Page Support: Disabled
 NUMA Support: Disabled
 Compressed Oops: Enabled (32-bit)
 Alignments: Space 512K, Generation 512K, Heap 2M
 Heap Min Capacity: 100M
 Heap Initial Capacity: 100M
 Heap Max Capacity: 1G
 Pre-touch: Disabled
 Parallel Workers: 8
Heap:
 PSYoungGen      total 20480K, used 3312K [0x00000000eab00000, 0x00000000ec080000, 0x0000000100000000)
  eden space 18944K, 11% used [0x00000000eab00000,0x00000000ead29f40,0x00000000ebd80000)
  from space 1536K, 71% used [0x00000000ebf00000,0x00000000ec0121b8,0x00000000ec080000)
  to   space 1536K, 0% used [0x00000000ebd80000,0x00000000ebd80000,0x00000000ebf00000)
 ParOldGen       total 68608K, used 32315K [0x00000000c0000000, 0x00000000c4300000, 0x00000000eab00000)
  object space 68608K, 47% used [0x00000000c0000000,0x00000000c1f8ee68,0x00000000c4300000)
 Metaspace       used 59897K, committed 60928K, reserved 1114112K
  class space    used 6395K, committed 6848K, reserved 1048576K
GC Heap History (20 events):
Event: 8.792 GC heap before
{Heap before GC invocations=24 (full 2):
 PSYoungGen      total 19968K, used 19944K [0x00000000eab00000, 0x00000000ec200000, 0x0000000100000000)
  eden space 18944K, 100% used [0x00000000eab00000,0x00000000ebd80000,0x00000000ebd80000)
  from space 1024K, 97% used [0x00000000ebd80000,0x00000000ebe7a1b8,0x00000000ebe80000)
  to   space 2048K, 0% used [0x00000000ec000000,0x00000000ec000000,0x00000000ec200000)
 ParOldGen       total 68608K, used 30148K [0x00000000c0000000, 0x00000000c4300000, 0x00000000eab00000)
  object space 68608K, 43% used [0x00000000c0000000,0x00000000c1d713c8,0x00000000c4300000)
 Metaspace       used 53077K, committed 54016K, reserved 1114112K
  class space    used 5701K, committed 6144K, reserved 1048576K
}
Event: 8.795 GC heap after
{Heap after GC invocations=24 (full 2):
 PSYoungGen      total 19968K, used 871K [0x00000000eab00000, 0x00000000ec100000, 0x0000000100000000)
  eden space 18944K, 0% used [0x00000000eab00000,0x00000000eab00000,0x00000000ebd80000)
  from space 1024K, 85% used [0x00000000ec000000,0x00000000ec0d9cb8,0x00000000ec100000)
  to   space 1536K, 0% used [0x00000000ebe00000,0x00000000ebe00000,0x00000000ebf80000)
 ParOldGen       total 68608K, used 30268K [0x00000000c0000000, 0x00000000c4300000, 0x00000000eab00000)
  object space 68608K, 44% used [0x00000000c0000000,0x00000000c1d8f3c8,0x00000000c4300000)
 Metaspace       used 53077K, committed 54016K, reserved 1114112K
  class space    used 5701K, committed 6144K, reserved 1048576K
}
Event: 9.219 GC heap before
{Heap before GC invocations=25 (full 2):
 PSYoungGen      total 19968K, used 19812K [0x00000000eab00000, 0x00000000ec100000, 0x0000000100000000)
  eden space 18944K, 99% used [0x00000000eab00000,0x00000000ebd7f3c0,0x00000000ebd80000)
  from space 1024K, 85% used [0x00000000ec000000,0x00000000ec0d9cb8,0x00000000ec100000)
  to   space 1536K, 0% used [0x00000000ebe00000,0x00000000ebe00000,0x00000000ebf80000)
 ParOldGen       total 68608K, used 30268K [0x00000000c0000000, 0x00000000c4300000, 0x00000000eab00000)
  object space 68608K, 44% used [0x00000000c0000000,0x00000000c1d8f3c8,0x00000000c4300000)
 Metaspace       used 54959K, committed 55808K, reserved 1114112K
  class space    used 5893K, committed 6272K, reserved 1048576K
}
Event: 9.224 GC heap after
{Heap after GC invocations=25 (full 2):
 PSYoungGen      total 20480K, used 1513K [0x00000000eab00000, 0x00000000ec380000, 0x0000000100000000)
  eden space 18944K, 0% used [0x00000000eab00000,0x00000000eab00000,0x00000000ebd80000)
  from space 1536K, 98% used [0x00000000ebe00000,0x00000000ebf7a7c8,0x00000000ebf80000)
  to   space 3072K, 0% used [0x00000000ec080000,0x00000000ec080000,0x00000000ec380000)
 ParOldGen       total 68608K, used 31173K [0x00000000c0000000, 0x00000000c4300000, 0x00000000eab00000)
  object space 68608K, 45% used [0x00000000c0000000,0x00000000c1e71758,0x00000000c4300000)
 Metaspace       used 54959K, committed 55808K, reserved 1114112K
  class space    used 5893K, committed 6272K, reserved 1048576K
}
Event: 9.714 GC heap before
{Heap before GC invocations=26 (full 2):
 PSYoungGen      total 20480K, used 20457K [0x00000000eab00000, 0x00000000ec380000, 0x0000000100000000)
  eden space 18944K, 100% used [0x00000000eab00000,0x00000000ebd80000,0x00000000ebd80000)
  from space 1536K, 98% used [0x00000000ebe00000,0x00000000ebf7a7c8,0x00000000ebf80000)
  to   space 3072K, 0% used [0x00000000ec080000,0x00000000ec080000,0x00000000ec380000)
 ParOldGen       total 68608K, used 31173K [0x00000000c0000000, 0x00000000c4300000, 0x00000000eab00000)
  object space 68608K, 45% used [0x00000000c0000000,0x00000000c1e71758,0x00000000c4300000)
 Metaspace       used 56404K, committed 57344K, reserved 1114112K
  class space    used 6039K, committed 6464K, reserved 1048576K
}
Event: 9.718 GC heap after
{Heap after GC invocations=26 (full 2):
 PSYoungGen      total 22016K, used 2486K [0x00000000eab00000, 0x00000000ec380000, 0x0000000100000000)
  eden space 18944K, 0% used [0x00000000eab00000,0x00000000eab00000,0x00000000ebd80000)
  from space 3072K, 80% used [0x00000000ec080000,0x00000000ec2ed918,0x00000000ec380000)
  to   space 3072K, 0% used [0x00000000ebd80000,0x00000000ebd80000,0x00000000ec080000)
 ParOldGen       total 68608K, used 32605K [0x00000000c0000000, 0x00000000c4300000, 0x00000000eab00000)
  object space 68608K, 47% used [0x00000000c0000000,0x00000000c1fd7540,0x00000000c4300000)
 Metaspace       used 56404K, committed 57344K, reserved 1114112K
  class space    used 6039K, committed 6464K, reserved 1048576K
}
Event: 9.917 GC heap before
{Heap before GC invocations=27 (full 2):
 PSYoungGen      total 22016K, used 21430K [0x00000000eab00000, 0x00000000ec380000, 0x0000000100000000)
  eden space 18944K, 100% used [0x00000000eab00000,0x00000000ebd80000,0x00000000ebd80000)
  from space 3072K, 80% used [0x00000000ec080000,0x00000000ec2ed918,0x00000000ec380000)
  to   space 3072K, 0% used [0x00000000ebd80000,0x00000000ebd80000,0x00000000ec080000)
 ParOldGen       total 68608K, used 32605K [0x00000000c0000000, 0x00000000c4300000, 0x00000000eab00000)
  object space 68608K, 47% used [0x00000000c0000000,0x00000000c1fd7540,0x00000000c4300000)
 Metaspace       used 57110K, committed 57984K, reserved 1114112K
  class space    used 6122K, committed 6528K, reserved 1048576K
}
Event: 9.922 GC heap after
{Heap after GC invocations=27 (full 2):
 PSYoungGen      total 20992K, used 1952K [0x00000000eab00000, 0x00000000ec280000, 0x0000000100000000)
  eden space 18944K, 0% used [0x00000000eab00000,0x00000000eab00000,0x00000000ebd80000)
  from space 2048K, 95% used [0x00000000ebd80000,0x00000000ebf68000,0x00000000ebf80000)
  to   space 2560K, 0% used [0x00000000ec000000,0x00000000ec000000,0x00000000ec280000)
 ParOldGen       total 68608K, used 34971K [0x00000000c0000000, 0x00000000c4300000, 0x00000000eab00000)
  object space 68608K, 50% used [0x00000000c0000000,0x00000000c2226f50,0x00000000c4300000)
 Metaspace       used 57110K, committed 57984K, reserved 1114112K
  class space    used 6122K, committed 6528K, reserved 1048576K
}
Event: 11.298 GC heap before
{Heap before GC invocations=28 (full 2):
 PSYoungGen      total 20992K, used 20896K [0x00000000eab00000, 0x00000000ec280000, 0x0000000100000000)
  eden space 18944K, 100% used [0x00000000eab00000,0x00000000ebd80000,0x00000000ebd80000)
  from space 2048K, 95% used [0x00000000ebd80000,0x00000000ebf68000,0x00000000ebf80000)
  to   space 2560K, 0% used [0x00000000ec000000,0x00000000ec000000,0x00000000ec280000)
 ParOldGen       total 68608K, used 34971K [0x00000000c0000000, 0x00000000c4300000, 0x00000000eab00000)
  object space 68608K, 50% used [0x00000000c0000000,0x00000000c2226f50,0x00000000c4300000)
 Metaspace       used 57436K, committed 58304K, reserved 1114112K
  class space    used 6140K, committed 6528K, reserved 1048576K
}
Event: 11.301 GC heap after
{Heap after GC invocations=28 (full 2):
 PSYoungGen      total 20480K, used 1536K [0x00000000eab00000, 0x00000000ec180000, 0x0000000100000000)
  eden space 18944K, 0% used [0x00000000eab00000,0x00000000eab00000,0x00000000ebd80000)
  from space 1536K, 100% used [0x00000000ec000000,0x00000000ec180000,0x00000000ec180000)
  to   space 2048K, 0% used [0x00000000ebd80000,0x00000000ebd80000,0x00000000ebf80000)
 ParOldGen       total 68608K, used 36779K [0x00000000c0000000, 0x00000000c4300000, 0x00000000eab00000)
  object space 68608K, 53% used [0x00000000c0000000,0x00000000c23eaf50,0x00000000c4300000)
 Metaspace       used 57436K, committed 58304K, reserved 1114112K
  class space    used 6140K, committed 6528K, reserved 1048576K
}
Event: 11.861 GC heap before
{Heap before GC invocations=29 (full 2):
 PSYoungGen      total 20480K, used 14094K [0x00000000eab00000, 0x00000000ec180000, 0x0000000100000000)
  eden space 18944K, 66% used [0x00000000eab00000,0x00000000eb743b80,0x00000000ebd80000)
  from space 1536K, 100% used [0x00000000ec000000,0x00000000ec180000,0x00000000ec180000)
  to   space 2048K, 0% used [0x00000000ebd80000,0x00000000ebd80000,0x00000000ebf80000)
 ParOldGen       total 68608K, used 36779K [0x00000000c0000000, 0x00000000c4300000, 0x00000000eab00000)
  object space 68608K, 53% used [0x00000000c0000000,0x00000000c23eaf50,0x00000000c4300000)
 Metaspace       used 58795K, committed 59840K, reserved 1114112K
  class space    used 6283K, committed 6784K, reserved 1048576K
}
Event: 11.865 GC heap after
{Heap after GC invocations=29 (full 2):
 PSYoungGen      total 20480K, used 1160K [0x00000000eab00000, 0x00000000ec080000, 0x0000000100000000)
  eden space 18944K, 0% used [0x00000000eab00000,0x00000000eab00000,0x00000000ebd80000)
  from space 1536K, 75% used [0x00000000ebd80000,0x00000000ebea2358,0x00000000ebf00000)
  to   space 1536K, 0% used [0x00000000ebf00000,0x00000000ebf00000,0x00000000ec080000)
 ParOldGen       total 68608K, used 38209K [0x00000000c0000000, 0x00000000c4300000, 0x00000000eab00000)
  object space 68608K, 55% used [0x00000000c0000000,0x00000000c25507d0,0x00000000c4300000)
 Metaspace       used 58795K, committed 59840K, reserved 1114112K
  class space    used 6283K, committed 6784K, reserved 1048576K
}
Event: 11.956 GC heap before
{Heap before GC invocations=30 (full 2):
 PSYoungGen      total 20480K, used 19560K [0x00000000eab00000, 0x00000000ec080000, 0x0000000100000000)
  eden space 18944K, 97% used [0x00000000eab00000,0x00000000ebcf7d58,0x00000000ebd80000)
  from space 1536K, 75% used [0x00000000ebd80000,0x00000000ebea2358,0x00000000ebf00000)
  to   space 1536K, 0% used [0x00000000ebf00000,0x00000000ebf00000,0x00000000ec080000)
 ParOldGen       total 68608K, used 38209K [0x00000000c0000000, 0x00000000c4300000, 0x00000000eab00000)
  object space 68608K, 55% used [0x00000000c0000000,0x00000000c25507d0,0x00000000c4300000)
 Metaspace       used 59142K, committed 60096K, reserved 1114112K
  class space    used 6344K, committed 6784K, reserved 1048576K
}
Event: 11.960 GC heap after
{Heap after GC invocations=30 (full 2):
 PSYoungGen      total 20480K, used 1246K [0x00000000eab00000, 0x00000000ec080000, 0x0000000100000000)
  eden space 18944K, 0% used [0x00000000eab00000,0x00000000eab00000,0x00000000ebd80000)
  from space 1536K, 81% used [0x00000000ebf00000,0x00000000ec037bd8,0x00000000ec080000)
  to   space 1536K, 0% used [0x00000000ebd80000,0x00000000ebd80000,0x00000000ebf00000)
 ParOldGen       total 68608K, used 39221K [0x00000000c0000000, 0x00000000c4300000, 0x00000000eab00000)
  object space 68608K, 57% used [0x00000000c0000000,0x00000000c264d400,0x00000000c4300000)
 Metaspace       used 59142K, committed 60096K, reserved 1114112K
  class space    used 6344K, committed 6784K, reserved 1048576K
}
Event: 11.960 GC heap before
{Heap before GC invocations=31 (full 3):
 PSYoungGen      total 20480K, used 1246K [0x00000000eab00000, 0x00000000ec080000, 0x0000000100000000)
  eden space 18944K, 0% used [0x00000000eab00000,0x00000000eab00000,0x00000000ebd80000)
  from space 1536K, 81% used [0x00000000ebf00000,0x00000000ec037bd8,0x00000000ec080000)
  to   space 1536K, 0% used [0x00000000ebd80000,0x00000000ebd80000,0x00000000ebf00000)
 ParOldGen       total 68608K, used 39221K [0x00000000c0000000, 0x00000000c4300000, 0x00000000eab00000)
  object space 68608K, 57% used [0x00000000c0000000,0x00000000c264d400,0x00000000c4300000)
 Metaspace       used 59142K, committed 60096K, reserved 1114112K
  class space    used 6344K, committed 6784K, reserved 1048576K
}
Event: 12.054 GC heap after
{Heap after GC invocations=31 (full 3):
 PSYoungGen      total 20480K, used 0K [0x00000000eab00000, 0x00000000ec080000, 0x0000000100000000)
  eden space 18944K, 0% used [0x00000000eab00000,0x00000000eab00000,0x00000000ebd80000)
  from space 1536K, 0% used [0x00000000ebf00000,0x00000000ebf00000,0x00000000ec080000)
  to   space 1536K, 0% used [0x00000000ebd80000,0x00000000ebd80000,0x00000000ebf00000)
 ParOldGen       total 68608K, used 31355K [0x00000000c0000000, 0x00000000c4300000, 0x00000000eab00000)
  object space 68608K, 45% used [0x00000000c0000000,0x00000000c1e9ee68,0x00000000c4300000)
 Metaspace       used 59140K, committed 60096K, reserved 1114112K
  class space    used 6344K, committed 6784K, reserved 1048576K
}
Event: 12.102 GC heap before
{Heap before GC invocations=32 (full 3):
 PSYoungGen      total 20480K, used 18944K [0x00000000eab00000, 0x00000000ec080000, 0x0000000100000000)
  eden space 18944K, 100% used [0x00000000eab00000,0x00000000ebd80000,0x00000000ebd80000)
  from space 1536K, 0% used [0x00000000ebf00000,0x00000000ebf00000,0x00000000ec080000)
  to   space 1536K, 0% used [0x00000000ebd80000,0x00000000ebd80000,0x00000000ebf00000)
 ParOldGen       total 68608K, used 31355K [0x00000000c0000000, 0x00000000c4300000, 0x00000000eab00000)
  object space 68608K, 45% used [0x00000000c0000000,0x00000000c1e9ee68,0x00000000c4300000)
 Metaspace       used 59159K, committed 60160K, reserved 1114112K
  class space    used 6344K, committed 6784K, reserved 1048576K
}
Event: 12.104 GC heap after
{Heap after GC invocations=32 (full 3):
 PSYoungGen      total 20480K, used 1184K [0x00000000eab00000, 0x00000000ec080000, 0x0000000100000000)
  eden space 18944K, 0% used [0x00000000eab00000,0x00000000eab00000,0x00000000ebd80000)
  from space 1536K, 77% used [0x00000000ebd80000,0x00000000ebea8000,0x00000000ebf00000)
  to   space 1536K, 0% used [0x00000000ebf00000,0x00000000ebf00000,0x00000000ec080000)
 ParOldGen       total 68608K, used 31363K [0x00000000c0000000, 0x00000000c4300000, 0x00000000eab00000)
  object space 68608K, 45% used [0x00000000c0000000,0x00000000c1ea0e68,0x00000000c4300000)
 Metaspace       used 59159K, committed 60160K, reserved 1114112K
  class space    used 6344K, committed 6784K, reserved 1048576K
}
Event: 12.189 GC heap before
{Heap before GC invocations=33 (full 3):
 PSYoungGen      total 20480K, used 20126K [0x00000000eab00000, 0x00000000ec080000, 0x0000000100000000)
  eden space 18944K, 99% used [0x00000000eab00000,0x00000000ebd7fb18,0x00000000ebd80000)
  from space 1536K, 77% used [0x00000000ebd80000,0x00000000ebea8000,0x00000000ebf00000)
  to   space 1536K, 0% used [0x00000000ebf00000,0x00000000ebf00000,0x00000000ec080000)
 ParOldGen       total 68608K, used 31363K [0x00000000c0000000, 0x00000000c4300000, 0x00000000eab00000)
  object space 68608K, 45% used [0x00000000c0000000,0x00000000c1ea0e68,0x00000000c4300000)
 Metaspace       used 59665K, committed 60672K, reserved 1114112K
  class space    used 6382K, committed 6848K, reserved 1048576K
}
Event: 12.191 GC heap after
{Heap after GC invocations=33 (full 3):
 PSYoungGen      total 20480K, used 1096K [0x00000000eab00000, 0x00000000ec080000, 0x0000000100000000)
  eden space 18944K, 0% used [0x00000000eab00000,0x00000000eab00000,0x00000000ebd80000)
  from space 1536K, 71% used [0x00000000ebf00000,0x00000000ec0121b8,0x00000000ec080000)
  to   space 1536K, 0% used [0x00000000ebd80000,0x00000000ebd80000,0x00000000ebf00000)
 ParOldGen       total 68608K, used 32315K [0x00000000c0000000, 0x00000000c4300000, 0x00000000eab00000)
  object space 68608K, 47% used [0x00000000c0000000,0x00000000c1f8ee68,0x00000000c4300000)
 Metaspace       used 59665K, committed 60672K, reserved 1114112K
  class space    used 6382K, committed 6848K, reserved 1048576K
}

