# JRE version: OpenJDK Runtime Environment Temurin-17.0.7+7 (17.0.7+7) (build 17.0.7+7)
# Java VM: OpenJDK 64-Bit Server VM Temurin-17.0.7+7 (17.0.7+7, mixed mode, tiered, compressed oops, compressed class ptrs, parallel gc, windows-amd64)
GC Precious Log:
 CPUs: 8 total, 8 available
 Memory: 10116M
 Large Page Support: Disabled
 NUMA Support: Disabled
 Compressed Oops: Enabled (32-bit)
 Alignments: Space 512K, Generation 512K, Heap 2M
 Heap Min Capacity: 100M
 Heap Initial Capacity: 100M
 Heap Max Capacity: 1G
 Pre-touch: Disabled
 Parallel Workers: 8
Heap:
 PSYoungGen      total 4096K, used 3860K [0x00000000eab00000, 0x00000000eb300000, 0x0000000100000000)
  eden space 2560K, 99% used [0x00000000eab00000,0x00000000ead7ecb0,0x00000000ead80000)
  from space 1536K, 85% used [0x00000000eb180000,0x00000000eb2c66b0,0x00000000eb300000)
  to   space 2560K, 82% used [0x00000000eae00000,0x00000000eb0130c8,0x00000000eb080000)
 ParOldGen       total 188928K, used 180045K [0x00000000c0000000, 0x00000000cb880000, 0x00000000eab00000)
  object space 188928K, 95% used [0x00000000c0000000,0x00000000cafd36f8,0x00000000cb880000)
 Metaspace       used 91203K, committed 92416K, reserved 1179648K
  class space    used 8946K, committed 9536K, reserved 1048576K
GC Heap History (20 events):
Event: 63136.463 GC heap after
{Heap after GC invocations=14752 (full 379):
 PSYoungGen      total 5120K, used 1000K [0x00000000eab00000, 0x00000000eb400000, 0x0000000100000000)
  eden space 4096K, 0% used [0x00000000eab00000,0x00000000eab00000,0x00000000eaf00000)
  from space 1024K, 97% used [0x00000000eaf00000,0x00000000eaffa150,0x00000000eb000000)
  to   space 2560K, 0% used [0x00000000eb180000,0x00000000eb180000,0x00000000eb400000)
 ParOldGen       total 188928K, used 165660K [0x00000000c0000000, 0x00000000cb880000, 0x00000000eab00000)
  object space 188928K, 87% used [0x00000000c0000000,0x00000000ca1c73e8,0x00000000cb880000)
 Metaspace       used 91203K, committed 92416K, reserved 1179648K
  class space    used 8946K, committed 9536K, reserved 1048576K
}
Event: 63136.478 GC heap before
{Heap before GC invocations=14753 (full 379):
 PSYoungGen      total 5120K, used 5096K [0x00000000eab00000, 0x00000000eb400000, 0x0000000100000000)
  eden space 4096K, 100% used [0x00000000eab00000,0x00000000eaf00000,0x00000000eaf00000)
  from space 1024K, 97% used [0x00000000eaf00000,0x00000000eaffa150,0x00000000eb000000)
  to   space 2560K, 0% used [0x00000000eb180000,0x00000000eb180000,0x00000000eb400000)
 ParOldGen       total 188928K, used 165660K [0x00000000c0000000, 0x00000000cb880000, 0x00000000eab00000)
  object space 188928K, 87% used [0x00000000c0000000,0x00000000ca1c73e8,0x00000000cb880000)
 Metaspace       used 91203K, committed 92416K, reserved 1179648K
  class space    used 8946K, committed 9536K, reserved 1048576K
}
Event: 63136.481 GC heap after
{Heap after GC invocations=14753 (full 379):
 PSYoungGen      total 3072K, used 2560K [0x00000000eab00000, 0x00000000ebc00000, 0x0000000100000000)
  eden space 512K, 0% used [0x00000000eab00000,0x00000000eab00000,0x00000000eab80000)
  from space 2560K, 100% used [0x00000000eb180000,0x00000000eb400000,0x00000000eb400000)
  to   space 6144K, 0% used [0x00000000eab80000,0x00000000eab80000,0x00000000eb180000)
 ParOldGen       total 188928K, used 168181K [0x00000000c0000000, 0x00000000cb880000, 0x00000000eab00000)
  object space 188928K, 89% used [0x00000000c0000000,0x00000000ca43d538,0x00000000cb880000)
 Metaspace       used 91203K, committed 92416K, reserved 1179648K
  class space    used 8946K, committed 9536K, reserved 1048576K
}
Event: 63136.484 GC heap before
{Heap before GC invocations=14754 (full 379):
 PSYoungGen      total 3072K, used 3071K [0x00000000eab00000, 0x00000000ebc00000, 0x0000000100000000)
  eden space 512K, 99% used [0x00000000eab00000,0x00000000eab7fd98,0x00000000eab80000)
  from space 2560K, 100% used [0x00000000eb180000,0x00000000eb400000,0x00000000eb400000)
  to   space 6144K, 0% used [0x00000000eab80000,0x00000000eab80000,0x00000000eb180000)
 ParOldGen       total 188928K, used 168181K [0x00000000c0000000, 0x00000000cb880000, 0x00000000eab00000)
  object space 188928K, 89% used [0x00000000c0000000,0x00000000ca43d538,0x00000000cb880000)
 Metaspace       used 91203K, committed 92416K, reserved 1179648K
  class space    used 8946K, committed 9536K, reserved 1048576K
}
Event: 63136.487 GC heap after
{Heap after GC invocations=14754 (full 379):
 PSYoungGen      total 1536K, used 531K [0x00000000eab00000, 0x00000000eb200000, 0x0000000100000000)
  eden space 512K, 0% used [0x00000000eab00000,0x00000000eab00000,0x00000000eab80000)
  from space 1024K, 51% used [0x00000000eab80000,0x00000000eac04d00,0x00000000eac80000)
  to   space 2560K, 0% used [0x00000000eaf80000,0x00000000eaf80000,0x00000000eb200000)
 ParOldGen       total 188928K, used 170773K [0x00000000c0000000, 0x00000000cb880000, 0x00000000eab00000)
  object space 188928K, 90% used [0x00000000c0000000,0x00000000ca6c5538,0x00000000cb880000)
 Metaspace       used 91203K, committed 92416K, reserved 1179648K
  class space    used 8946K, committed 9536K, reserved 1048576K
}
Event: 63136.490 GC heap before
{Heap before GC invocations=14755 (full 379):
 PSYoungGen      total 1536K, used 985K [0x00000000eab00000, 0x00000000eb200000, 0x0000000100000000)
  eden space 512K, 88% used [0x00000000eab00000,0x00000000eab71878,0x00000000eab80000)
  from space 1024K, 51% used [0x00000000eab80000,0x00000000eac04d00,0x00000000eac80000)
  to   space 2560K, 0% used [0x00000000eaf80000,0x00000000eaf80000,0x00000000eb200000)
 ParOldGen       total 188928K, used 170773K [0x00000000c0000000, 0x00000000cb880000, 0x00000000eab00000)
  object space 188928K, 90% used [0x00000000c0000000,0x00000000ca6c5538,0x00000000cb880000)
 Metaspace       used 91203K, committed 92416K, reserved 1179648K
  class space    used 8946K, committed 9536K, reserved 1048576K
}
Event: 63136.491 GC heap after
{Heap after GC invocations=14755 (full 379):
 PSYoungGen      total 1536K, used 442K [0x00000000eab00000, 0x00000000eb000000, 0x0000000100000000)
  eden space 1024K, 0% used [0x00000000eab00000,0x00000000eab00000,0x00000000eac00000)
  from space 512K, 86% used [0x00000000eaf80000,0x00000000eafee800,0x00000000eb000000)
  to   space 1024K, 0% used [0x00000000eae00000,0x00000000eae00000,0x00000000eaf00000)
 ParOldGen       total 188928K, used 171189K [0x00000000c0000000, 0x00000000cb880000, 0x00000000eab00000)
  object space 188928K, 90% used [0x00000000c0000000,0x00000000ca72d538,0x00000000cb880000)
 Metaspace       used 91203K, committed 92416K, reserved 1179648K
  class space    used 8946K, committed 9536K, reserved 1048576K
}
Event: 63136.499 GC heap before
{Heap before GC invocations=14756 (full 379):
 PSYoungGen      total 1536K, used 1338K [0x00000000eab00000, 0x00000000eb000000, 0x0000000100000000)
  eden space 1024K, 87% used [0x00000000eab00000,0x00000000eabe0168,0x00000000eac00000)
  from space 512K, 86% used [0x00000000eaf80000,0x00000000eafee800,0x00000000eb000000)
  to   space 1024K, 0% used [0x00000000eae00000,0x00000000eae00000,0x00000000eaf00000)
 ParOldGen       total 188928K, used 171189K [0x00000000c0000000, 0x00000000cb880000, 0x00000000eab00000)
  object space 188928K, 90% used [0x00000000c0000000,0x00000000ca72d538,0x00000000cb880000)
 Metaspace       used 91203K, committed 92416K, reserved 1179648K
  class space    used 8946K, committed 9536K, reserved 1048576K
}
Event: 63136.501 GC heap after
{Heap after GC invocations=14756 (full 379):
 PSYoungGen      total 2560K, used 968K [0x00000000eab00000, 0x00000000eb000000, 0x0000000100000000)
  eden space 1536K, 0% used [0x00000000eab00000,0x00000000eab00000,0x00000000eac80000)
  from space 1024K, 94% used [0x00000000eae00000,0x00000000eaef2000,0x00000000eaf00000)
  to   space 1024K, 0% used [0x00000000eaf00000,0x00000000eaf00000,0x00000000eb000000)
 ParOldGen       total 188928K, used 171413K [0x00000000c0000000, 0x00000000cb880000, 0x00000000eab00000)
  object space 188928K, 90% used [0x00000000c0000000,0x00000000ca765538,0x00000000cb880000)
 Metaspace       used 91203K, committed 92416K, reserved 1179648K
  class space    used 8946K, committed 9536K, reserved 1048576K
}
Event: 63136.541 GC heap before
{Heap before GC invocations=14757 (full 379):
 PSYoungGen      total 2560K, used 2504K [0x00000000eab00000, 0x00000000eb000000, 0x0000000100000000)
  eden space 1536K, 100% used [0x00000000eab00000,0x00000000eac80000,0x00000000eac80000)
  from space 1024K, 94% used [0x00000000eae00000,0x00000000eaef2000,0x00000000eaf00000)
  to   space 1024K, 0% used [0x00000000eaf00000,0x00000000eaf00000,0x00000000eb000000)
 ParOldGen       total 188928K, used 171413K [0x00000000c0000000, 0x00000000cb880000, 0x00000000eab00000)
  object space 188928K, 90% used [0x00000000c0000000,0x00000000ca765538,0x00000000cb880000)
 Metaspace       used 91203K, committed 92416K, reserved 1179648K
  class space    used 8946K, committed 9536K, reserved 1048576K
}
Event: 63136.543 GC heap after
{Heap after GC invocations=14757 (full 379):
 PSYoungGen      total 2560K, used 1018K [0x00000000eab00000, 0x00000000eb200000, 0x0000000100000000)
  eden space 1536K, 0% used [0x00000000eab00000,0x00000000eab00000,0x00000000eac80000)
  from space 1024K, 99% used [0x00000000eaf00000,0x00000000eaffea70,0x00000000eb000000)
  to   space 2560K, 0% used [0x00000000eac80000,0x00000000eac80000,0x00000000eaf00000)
 ParOldGen       total 188928K, used 172521K [0x00000000c0000000, 0x00000000cb880000, 0x00000000eab00000)
  object space 188928K, 91% used [0x00000000c0000000,0x00000000ca87a538,0x00000000cb880000)
 Metaspace       used 91203K, committed 92416K, reserved 1179648K
  class space    used 8946K, committed 9536K, reserved 1048576K
}
Event: 63136.548 GC heap before
{Heap before GC invocations=14758 (full 379):
 PSYoungGen      total 2560K, used 2554K [0x00000000eab00000, 0x00000000eb200000, 0x0000000100000000)
  eden space 1536K, 100% used [0x00000000eab00000,0x00000000eac80000,0x00000000eac80000)
  from space 1024K, 99% used [0x00000000eaf00000,0x00000000eaffea70,0x00000000eb000000)
  to   space 2560K, 0% used [0x00000000eac80000,0x00000000eac80000,0x00000000eaf00000)
 ParOldGen       total 188928K, used 172521K [0x00000000c0000000, 0x00000000cb880000, 0x00000000eab00000)
  object space 188928K, 91% used [0x00000000c0000000,0x00000000ca87a538,0x00000000cb880000)
 Metaspace       used 91203K, committed 92416K, reserved 1179648K
  class space    used 8946K, committed 9536K, reserved 1048576K
}
Event: 63136.551 GC heap after
{Heap after GC invocations=14758 (full 379):
 PSYoungGen      total 4096K, used 1600K [0x00000000eab00000, 0x00000000eb100000, 0x0000000100000000)
  eden space 1536K, 0% used [0x00000000eab00000,0x00000000eab00000,0x00000000eac80000)
  from space 2560K, 62% used [0x00000000eac80000,0x00000000eae10000,0x00000000eaf00000)
  to   space 2048K, 0% used [0x00000000eaf00000,0x00000000eaf00000,0x00000000eb100000)
 ParOldGen       total 188928K, used 173571K [0x00000000c0000000, 0x00000000cb880000, 0x00000000eab00000)
  object space 188928K, 91% used [0x00000000c0000000,0x00000000ca980fa8,0x00000000cb880000)
 Metaspace       used 91203K, committed 92416K, reserved 1179648K
  class space    used 8946K, committed 9536K, reserved 1048576K
}
Event: 63136.555 GC heap before
{Heap before GC invocations=14759 (full 379):
 PSYoungGen      total 4096K, used 3135K [0x00000000eab00000, 0x00000000eb100000, 0x0000000100000000)
  eden space 1536K, 99% used [0x00000000eab00000,0x00000000eac7fff8,0x00000000eac80000)
  from space 2560K, 62% used [0x00000000eac80000,0x00000000eae10000,0x00000000eaf00000)
  to   space 2048K, 0% used [0x00000000eaf00000,0x00000000eaf00000,0x00000000eb100000)
 ParOldGen       total 188928K, used 173571K [0x00000000c0000000, 0x00000000cb880000, 0x00000000eab00000)
  object space 188928K, 91% used [0x00000000c0000000,0x00000000ca980fa8,0x00000000cb880000)
 Metaspace       used 91203K, committed 92416K, reserved 1179648K
  class space    used 8946K, committed 9536K, reserved 1048576K
}
Event: 63136.558 GC heap after
{Heap after GC invocations=14759 (full 379):
 PSYoungGen      total 4096K, used 1600K [0x00000000eab00000, 0x00000000eb100000, 0x0000000100000000)
  eden space 2048K, 0% used [0x00000000eab00000,0x00000000eab00000,0x00000000ead00000)
  from space 2048K, 78% used [0x00000000eaf00000,0x00000000eb090000,0x00000000eb100000)
  to   space 2048K, 0% used [0x00000000ead00000,0x00000000ead00000,0x00000000eaf00000)
 ParOldGen       total 188928K, used 175123K [0x00000000c0000000, 0x00000000cb880000, 0x00000000eab00000)
  object space 188928K, 92% used [0x00000000c0000000,0x00000000cab04fa8,0x00000000cb880000)
 Metaspace       used 91203K, committed 92416K, reserved 1179648K
  class space    used 8946K, committed 9536K, reserved 1048576K
}
Event: 63136.581 GC heap before
{Heap before GC invocations=14760 (full 379):
 PSYoungGen      total 4096K, used 3647K [0x00000000eab00000, 0x00000000eb100000, 0x0000000100000000)
  eden space 2048K, 99% used [0x00000000eab00000,0x00000000eacfffe8,0x00000000ead00000)
  from space 2048K, 78% used [0x00000000eaf00000,0x00000000eb090000,0x00000000eb100000)
  to   space 2048K, 0% used [0x00000000ead00000,0x00000000ead00000,0x00000000eaf00000)
 ParOldGen       total 188928K, used 175123K [0x00000000c0000000, 0x00000000cb880000, 0x00000000eab00000)
  object space 188928K, 92% used [0x00000000c0000000,0x00000000cab04fa8,0x00000000cb880000)
 Metaspace       used 91203K, committed 92416K, reserved 1179648K
  class space    used 8946K, committed 9536K, reserved 1048576K
}
Event: 63136.584 GC heap after
{Heap after GC invocations=14760 (full 379):
 PSYoungGen      total 4096K, used 2032K [0x00000000eab00000, 0x00000000eb580000, 0x0000000100000000)
  eden space 2048K, 0% used [0x00000000eab00000,0x00000000eab00000,0x00000000ead00000)
  from space 2048K, 99% used [0x00000000ead00000,0x00000000eaefc010,0x00000000eaf00000)
  to   space 4096K, 0% used [0x00000000eb180000,0x00000000eb180000,0x00000000eb580000)
 ParOldGen       total 188928K, used 176595K [0x00000000c0000000, 0x00000000cb880000, 0x00000000eab00000)
  object space 188928K, 93% used [0x00000000c0000000,0x00000000cac74fa8,0x00000000cb880000)
 Metaspace       used 91203K, committed 92416K, reserved 1179648K
  class space    used 8946K, committed 9536K, reserved 1048576K
}
Event: 63136.595 GC heap before
{Heap before GC invocations=14761 (full 379):
 PSYoungGen      total 4096K, used 4079K [0x00000000eab00000, 0x00000000eb580000, 0x0000000100000000)
  eden space 2048K, 99% used [0x00000000eab00000,0x00000000eacfff98,0x00000000ead00000)
  from space 2048K, 99% used [0x00000000ead00000,0x00000000eaefc010,0x00000000eaf00000)
  to   space 4096K, 0% used [0x00000000eb180000,0x00000000eb180000,0x00000000eb580000)
 ParOldGen       total 188928K, used 176595K [0x00000000c0000000, 0x00000000cb880000, 0x00000000eab00000)
  object space 188928K, 93% used [0x00000000c0000000,0x00000000cac74fa8,0x00000000cb880000)
 Metaspace       used 91203K, committed 92416K, reserved 1179648K
  class space    used 8946K, committed 9536K, reserved 1048576K
}
Event: 63136.598 GC heap after
{Heap after GC invocations=14761 (full 379):
 PSYoungGen      total 4096K, used 1305K [0x00000000eab00000, 0x00000000eb300000, 0x0000000100000000)
  eden space 2560K, 0% used [0x00000000eab00000,0x00000000eab00000,0x00000000ead80000)
  from space 1536K, 85% used [0x00000000eb180000,0x00000000eb2c66b0,0x00000000eb300000)
  to   space 2560K, 0% used [0x00000000eae00000,0x00000000eae00000,0x00000000eb080000)
 ParOldGen       total 188928K, used 177899K [0x00000000c0000000, 0x00000000cb880000, 0x00000000eab00000)
  object space 188928K, 94% used [0x00000000c0000000,0x00000000cadbafc8,0x00000000cb880000)
 Metaspace       used 91203K, committed 92416K, reserved 1179648K
  class space    used 8946K, committed 9536K, reserved 1048576K
}
Event: 63136.702 GC heap before
{Heap before GC invocations=14762 (full 379):
 PSYoungGen      total 4096K, used 3860K [0x00000000eab00000, 0x00000000eb300000, 0x0000000100000000)
  eden space 2560K, 99% used [0x00000000eab00000,0x00000000ead7ecb0,0x00000000ead80000)
  from space 1536K, 85% used [0x00000000eb180000,0x00000000eb2c66b0,0x00000000eb300000)
  to   space 2560K, 0% used [0x00000000eae00000,0x00000000eae00000,0x00000000eb080000)
 ParOldGen       total 188928K, used 179402K [0x00000000c0000000, 0x00000000cb880000, 0x00000000eab00000)
  object space 188928K, 94% used [0x00000000c0000000,0x00000000caf32968,0x00000000cb880000)
 Metaspace       used 91203K, committed 92416K, reserved 1179648K
  class space    used 8946K, committed 9536K, reserved 1048576K
}

