# JRE version: OpenJDK Runtime Environment Temurin-17.0.7+7 (17.0.7+7) (build 17.0.7+7)
# Java VM: OpenJDK 64-Bit Server VM Temurin-17.0.7+7 (17.0.7+7, mixed mode, tiered, compressed oops, compressed class ptrs, parallel gc, windows-amd64)
GC Precious Log:
 CPUs: 8 total, 8 available
 Memory: 10116M
 Large Page Support: Disabled
 NUMA Support: Disabled
 Compressed Oops: Enabled (32-bit)
 Alignments: Space 512K, Generation 512K, Heap 2M
 Heap Min Capacity: 100M
 Heap Initial Capacity: 100M
 Heap Max Capacity: 1G
 Pre-touch: Disabled
 Parallel Workers: 8
Heap:
 PSYoungGen      total 9216K, used 7657K [0x00000000eab00000, 0x00000000eb680000, 0x0000000100000000)
  eden space 7168K, 82% used [0x00000000eab00000,0x00000000eb0ca778,0x00000000eb200000)
  from space 2048K, 84% used [0x00000000eb480000,0x00000000eb630000,0x00000000eb680000)
  to   space 2048K, 34% used [0x00000000eb280000,0x00000000eb331568,0x00000000eb480000)
 ParOldGen       total 285184K, used 245128K [0x00000000c0000000, 0x00000000d1680000, 0x00000000eab00000)
  object space 285184K, 85% used [0x00000000c0000000,0x00000000cef62368,0x00000000d1680000)
 Metaspace       used 94942K, committed 96000K, reserved 1179648K
  class space    used 9457K, committed 9984K, reserved 1048576K
GC Heap History (20 events):
Event: 5244.800 GC heap after
{Heap after GC invocations=11798 (full 258):
 PSYoungGen      total 3072K, used 576K [0x00000000eab00000, 0x00000000eb000000, 0x0000000100000000)
  eden space 2048K, 0% used [0x00000000eab00000,0x00000000eab00000,0x00000000ead00000)
  from space 1024K, 56% used [0x00000000eae00000,0x00000000eae90030,0x00000000eaf00000)
  to   space 1024K, 0% used [0x00000000eaf00000,0x00000000eaf00000,0x00000000eb000000)
 ParOldGen       total 285184K, used 231632K [0x00000000c0000000, 0x00000000d1680000, 0x00000000eab00000)
  object space 285184K, 81% used [0x00000000c0000000,0x00000000ce2340b8,0x00000000d1680000)
 Metaspace       used 94942K, committed 96000K, reserved 1179648K
  class space    used 9457K, committed 9984K, reserved 1048576K
}
Event: 5244.806 GC heap before
{Heap before GC invocations=11799 (full 258):
 PSYoungGen      total 3072K, used 2624K [0x00000000eab00000, 0x00000000eb000000, 0x0000000100000000)
  eden space 2048K, 100% used [0x00000000eab00000,0x00000000ead00000,0x00000000ead00000)
  from space 1024K, 56% used [0x00000000eae00000,0x00000000eae90030,0x00000000eaf00000)
  to   space 1024K, 0% used [0x00000000eaf00000,0x00000000eaf00000,0x00000000eb000000)
 ParOldGen       total 285184K, used 231632K [0x00000000c0000000, 0x00000000d1680000, 0x00000000eab00000)
  object space 285184K, 81% used [0x00000000c0000000,0x00000000ce2340b8,0x00000000d1680000)
 Metaspace       used 94942K, committed 96000K, reserved 1179648K
  class space    used 9457K, committed 9984K, reserved 1048576K
}
Event: 5244.808 GC heap after
{Heap after GC invocations=11799 (full 258):
 PSYoungGen      total 3584K, used 960K [0x00000000eab00000, 0x00000000eb080000, 0x0000000100000000)
  eden space 2560K, 0% used [0x00000000eab00000,0x00000000eab00000,0x00000000ead80000)
  from space 1024K, 93% used [0x00000000eaf00000,0x00000000eaff0000,0x00000000eb000000)
  to   space 1536K, 0% used [0x00000000ead80000,0x00000000ead80000,0x00000000eaf00000)
 ParOldGen       total 285184K, used 232112K [0x00000000c0000000, 0x00000000d1680000, 0x00000000eab00000)
  object space 285184K, 81% used [0x00000000c0000000,0x00000000ce2ac0d8,0x00000000d1680000)
 Metaspace       used 94942K, committed 96000K, reserved 1179648K
  class space    used 9457K, committed 9984K, reserved 1048576K
}
Event: 5244.815 GC heap before
{Heap before GC invocations=11800 (full 258):
 PSYoungGen      total 3584K, used 3520K [0x00000000eab00000, 0x00000000eb080000, 0x0000000100000000)
  eden space 2560K, 100% used [0x00000000eab00000,0x00000000ead80000,0x00000000ead80000)
  from space 1024K, 93% used [0x00000000eaf00000,0x00000000eaff0000,0x00000000eb000000)
  to   space 1536K, 0% used [0x00000000ead80000,0x00000000ead80000,0x00000000eaf00000)
 ParOldGen       total 285184K, used 232112K [0x00000000c0000000, 0x00000000d1680000, 0x00000000eab00000)
  object space 285184K, 81% used [0x00000000c0000000,0x00000000ce2ac0d8,0x00000000d1680000)
 Metaspace       used 94942K, committed 96000K, reserved 1179648K
  class space    used 9457K, committed 9984K, reserved 1048576K
}
Event: 5244.817 GC heap after
{Heap after GC invocations=11800 (full 258):
 PSYoungGen      total 4096K, used 768K [0x00000000eab00000, 0x00000000eb000000, 0x0000000100000000)
  eden space 2560K, 0% used [0x00000000eab00000,0x00000000eab00000,0x00000000ead80000)
  from space 1536K, 50% used [0x00000000ead80000,0x00000000eae40000,0x00000000eaf00000)
  to   space 1024K, 0% used [0x00000000eaf00000,0x00000000eaf00000,0x00000000eb000000)
 ParOldGen       total 285184K, used 232976K [0x00000000c0000000, 0x00000000d1680000, 0x00000000eab00000)
  object space 285184K, 81% used [0x00000000c0000000,0x00000000ce3840d8,0x00000000d1680000)
 Metaspace       used 94942K, committed 96000K, reserved 1179648K
  class space    used 9457K, committed 9984K, reserved 1048576K
}
Event: 5244.825 GC heap before
{Heap before GC invocations=11801 (full 258):
 PSYoungGen      total 4096K, used 3328K [0x00000000eab00000, 0x00000000eb000000, 0x0000000100000000)
  eden space 2560K, 100% used [0x00000000eab00000,0x00000000ead80000,0x00000000ead80000)
  from space 1536K, 50% used [0x00000000ead80000,0x00000000eae40000,0x00000000eaf00000)
  to   space 1024K, 0% used [0x00000000eaf00000,0x00000000eaf00000,0x00000000eb000000)
 ParOldGen       total 285184K, used 232976K [0x00000000c0000000, 0x00000000d1680000, 0x00000000eab00000)
  object space 285184K, 81% used [0x00000000c0000000,0x00000000ce3840d8,0x00000000d1680000)
 Metaspace       used 94942K, committed 96000K, reserved 1179648K
  class space    used 9457K, committed 9984K, reserved 1048576K
}
Event: 5244.827 GC heap after
{Heap after GC invocations=11801 (full 258):
 PSYoungGen      total 4096K, used 707K [0x00000000eab00000, 0x00000000eb000000, 0x0000000100000000)
  eden space 3072K, 0% used [0x00000000eab00000,0x00000000eab00000,0x00000000eae00000)
  from space 1024K, 69% used [0x00000000eaf00000,0x00000000eafb0c98,0x00000000eb000000)
  to   space 1024K, 0% used [0x00000000eae00000,0x00000000eae00000,0x00000000eaf00000)
 ParOldGen       total 285184K, used 233648K [0x00000000c0000000, 0x00000000d1680000, 0x00000000eab00000)
  object space 285184K, 81% used [0x00000000c0000000,0x00000000ce42c0d8,0x00000000d1680000)
 Metaspace       used 94942K, committed 96000K, reserved 1179648K
  class space    used 9457K, committed 9984K, reserved 1048576K
}
Event: 5244.830 GC heap before
{Heap before GC invocations=11802 (full 258):
 PSYoungGen      total 4096K, used 3779K [0x00000000eab00000, 0x00000000eb000000, 0x0000000100000000)
  eden space 3072K, 100% used [0x00000000eab00000,0x00000000eae00000,0x00000000eae00000)
  from space 1024K, 69% used [0x00000000eaf00000,0x00000000eafb0c98,0x00000000eb000000)
  to   space 1024K, 0% used [0x00000000eae00000,0x00000000eae00000,0x00000000eaf00000)
 ParOldGen       total 285184K, used 233648K [0x00000000c0000000, 0x00000000d1680000, 0x00000000eab00000)
  object space 285184K, 81% used [0x00000000c0000000,0x00000000ce42c0d8,0x00000000d1680000)
 Metaspace       used 94942K, committed 96000K, reserved 1179648K
  class space    used 9457K, committed 9984K, reserved 1048576K
}
Event: 5244.832 GC heap after
{Heap after GC invocations=11802 (full 258):
 PSYoungGen      total 4096K, used 1008K [0x00000000eab00000, 0x00000000eb300000, 0x0000000100000000)
  eden space 3072K, 0% used [0x00000000eab00000,0x00000000eab00000,0x00000000eae00000)
  from space 1024K, 98% used [0x00000000eae00000,0x00000000eaefc300,0x00000000eaf00000)
  to   space 2048K, 0% used [0x00000000eb100000,0x00000000eb100000,0x00000000eb300000)
 ParOldGen       total 285184K, used 234481K [0x00000000c0000000, 0x00000000d1680000, 0x00000000eab00000)
  object space 285184K, 82% used [0x00000000c0000000,0x00000000ce4fc450,0x00000000d1680000)
 Metaspace       used 94942K, committed 96000K, reserved 1179648K
  class space    used 9457K, committed 9984K, reserved 1048576K
}
Event: 5244.837 GC heap before
{Heap before GC invocations=11803 (full 258):
 PSYoungGen      total 4096K, used 4080K [0x00000000eab00000, 0x00000000eb300000, 0x0000000100000000)
  eden space 3072K, 100% used [0x00000000eab00000,0x00000000eae00000,0x00000000eae00000)
  from space 1024K, 98% used [0x00000000eae00000,0x00000000eaefc300,0x00000000eaf00000)
  to   space 2048K, 0% used [0x00000000eb100000,0x00000000eb100000,0x00000000eb300000)
 ParOldGen       total 285184K, used 234481K [0x00000000c0000000, 0x00000000d1680000, 0x00000000eab00000)
  object space 285184K, 82% used [0x00000000c0000000,0x00000000ce4fc450,0x00000000d1680000)
 Metaspace       used 94942K, committed 96000K, reserved 1179648K
  class space    used 9457K, committed 9984K, reserved 1048576K
}
Event: 5244.840 GC heap after
{Heap after GC invocations=11803 (full 258):
 PSYoungGen      total 5632K, used 1184K [0x00000000eab00000, 0x00000000eb280000, 0x0000000100000000)
  eden space 4096K, 0% used [0x00000000eab00000,0x00000000eab00000,0x00000000eaf00000)
  from space 1536K, 77% used [0x00000000eb100000,0x00000000eb228000,0x00000000eb280000)
  to   space 1536K, 0% used [0x00000000eaf80000,0x00000000eaf80000,0x00000000eb100000)
 ParOldGen       total 285184K, used 235511K [0x00000000c0000000, 0x00000000d1680000, 0x00000000eab00000)
  object space 285184K, 82% used [0x00000000c0000000,0x00000000ce5fdc80,0x00000000d1680000)
 Metaspace       used 94942K, committed 96000K, reserved 1179648K
  class space    used 9457K, committed 9984K, reserved 1048576K
}
Event: 5244.845 GC heap before
{Heap before GC invocations=11804 (full 258):
 PSYoungGen      total 5632K, used 5280K [0x00000000eab00000, 0x00000000eb280000, 0x0000000100000000)
  eden space 4096K, 100% used [0x00000000eab00000,0x00000000eaf00000,0x00000000eaf00000)
  from space 1536K, 77% used [0x00000000eb100000,0x00000000eb228000,0x00000000eb280000)
  to   space 1536K, 0% used [0x00000000eaf80000,0x00000000eaf80000,0x00000000eb100000)
 ParOldGen       total 285184K, used 235511K [0x00000000c0000000, 0x00000000d1680000, 0x00000000eab00000)
  object space 285184K, 82% used [0x00000000c0000000,0x00000000ce5fdc80,0x00000000d1680000)
 Metaspace       used 94942K, committed 96000K, reserved 1179648K
  class space    used 9457K, committed 9984K, reserved 1048576K
}
Event: 5244.848 GC heap after
{Heap after GC invocations=11804 (full 258):
 PSYoungGen      total 6144K, used 1511K [0x00000000eab00000, 0x00000000eb800000, 0x0000000100000000)
  eden space 4608K, 0% used [0x00000000eab00000,0x00000000eab00000,0x00000000eaf80000)
  from space 1536K, 98% used [0x00000000eaf80000,0x00000000eb0f9cb0,0x00000000eb100000)
  to   space 4096K, 0% used [0x00000000eb400000,0x00000000eb400000,0x00000000eb800000)
 ParOldGen       total 285184K, used 237288K [0x00000000c0000000, 0x00000000d1680000, 0x00000000eab00000)
  object space 285184K, 83% used [0x00000000c0000000,0x00000000ce7ba370,0x00000000d1680000)
 Metaspace       used 94942K, committed 96000K, reserved 1179648K
  class space    used 9457K, committed 9984K, reserved 1048576K
}
Event: 5244.859 GC heap before
{Heap before GC invocations=11805 (full 258):
 PSYoungGen      total 6144K, used 6119K [0x00000000eab00000, 0x00000000eb800000, 0x0000000100000000)
  eden space 4608K, 100% used [0x00000000eab00000,0x00000000eaf80000,0x00000000eaf80000)
  from space 1536K, 98% used [0x00000000eaf80000,0x00000000eb0f9cb0,0x00000000eb100000)
  to   space 4096K, 0% used [0x00000000eb400000,0x00000000eb400000,0x00000000eb800000)
 ParOldGen       total 285184K, used 237288K [0x00000000c0000000, 0x00000000d1680000, 0x00000000eab00000)
  object space 285184K, 83% used [0x00000000c0000000,0x00000000ce7ba370,0x00000000d1680000)
 Metaspace       used 94942K, committed 96000K, reserved 1179648K
  class space    used 9457K, committed 9984K, reserved 1048576K
}
Event: 5244.862 GC heap after
{Heap after GC invocations=11805 (full 258):
 PSYoungGen      total 9216K, used 3072K [0x00000000eab00000, 0x00000000eb780000, 0x0000000100000000)
  eden space 5632K, 0% used [0x00000000eab00000,0x00000000eab00000,0x00000000eb080000)
  from space 3584K, 85% used [0x00000000eb400000,0x00000000eb7002f0,0x00000000eb780000)
  to   space 3584K, 0% used [0x00000000eb080000,0x00000000eb080000,0x00000000eb400000)
 ParOldGen       total 285184K, used 238774K [0x00000000c0000000, 0x00000000d1680000, 0x00000000eab00000)
  object space 285184K, 83% used [0x00000000c0000000,0x00000000ce92dab8,0x00000000d1680000)
 Metaspace       used 94942K, committed 96000K, reserved 1179648K
  class space    used 9457K, committed 9984K, reserved 1048576K
}
Event: 5244.877 GC heap before
{Heap before GC invocations=11806 (full 258):
 PSYoungGen      total 9216K, used 8704K [0x00000000eab00000, 0x00000000eb780000, 0x0000000100000000)
  eden space 5632K, 100% used [0x00000000eab00000,0x00000000eb080000,0x00000000eb080000)
  from space 3584K, 85% used [0x00000000eb400000,0x00000000eb7002f0,0x00000000eb780000)
  to   space 3584K, 0% used [0x00000000eb080000,0x00000000eb080000,0x00000000eb400000)
 ParOldGen       total 285184K, used 238774K [0x00000000c0000000, 0x00000000d1680000, 0x00000000eab00000)
  object space 285184K, 83% used [0x00000000c0000000,0x00000000ce92dab8,0x00000000d1680000)
 Metaspace       used 94942K, committed 96000K, reserved 1179648K
  class space    used 9457K, committed 9984K, reserved 1048576K
}
Event: 5244.881 GC heap after
{Heap after GC invocations=11806 (full 258):
 PSYoungGen      total 9216K, used 1952K [0x00000000eab00000, 0x00000000eb700000, 0x0000000100000000)
  eden space 5632K, 0% used [0x00000000eab00000,0x00000000eab00000,0x00000000eb080000)
  from space 3584K, 54% used [0x00000000eb080000,0x00000000eb268020,0x00000000eb400000)
  to   space 2560K, 0% used [0x00000000eb480000,0x00000000eb480000,0x00000000eb700000)
 ParOldGen       total 285184K, used 241692K [0x00000000c0000000, 0x00000000d1680000, 0x00000000eab00000)
  object space 285184K, 84% used [0x00000000c0000000,0x00000000cec073c8,0x00000000d1680000)
 Metaspace       used 94942K, committed 96000K, reserved 1179648K
  class space    used 9457K, committed 9984K, reserved 1048576K
}
Event: 5244.895 GC heap before
{Heap before GC invocations=11807 (full 258):
 PSYoungGen      total 9216K, used 7584K [0x00000000eab00000, 0x00000000eb700000, 0x0000000100000000)
  eden space 5632K, 100% used [0x00000000eab00000,0x00000000eb080000,0x00000000eb080000)
  from space 3584K, 54% used [0x00000000eb080000,0x00000000eb268020,0x00000000eb400000)
  to   space 2560K, 0% used [0x00000000eb480000,0x00000000eb480000,0x00000000eb700000)
 ParOldGen       total 285184K, used 241692K [0x00000000c0000000, 0x00000000d1680000, 0x00000000eab00000)
  object space 285184K, 84% used [0x00000000c0000000,0x00000000cec073c8,0x00000000d1680000)
 Metaspace       used 94942K, committed 96000K, reserved 1179648K
  class space    used 9457K, committed 9984K, reserved 1048576K
}
Event: 5244.898 GC heap after
{Heap after GC invocations=11807 (full 258):
 PSYoungGen      total 9216K, used 1728K [0x00000000eab00000, 0x00000000eb680000, 0x0000000100000000)
  eden space 7168K, 0% used [0x00000000eab00000,0x00000000eab00000,0x00000000eb200000)
  from space 2048K, 84% used [0x00000000eb480000,0x00000000eb630000,0x00000000eb680000)
  to   space 2048K, 0% used [0x00000000eb280000,0x00000000eb280000,0x00000000eb480000)
 ParOldGen       total 285184K, used 243533K [0x00000000c0000000, 0x00000000d1680000, 0x00000000eab00000)
  object space 285184K, 85% used [0x00000000c0000000,0x00000000cedd3408,0x00000000d1680000)
 Metaspace       used 94942K, committed 96000K, reserved 1179648K
  class space    used 9457K, committed 9984K, reserved 1048576K
}
Event: 5245.430 GC heap before
{Heap before GC invocations=11808 (full 258):
 PSYoungGen      total 9216K, used 7657K [0x00000000eab00000, 0x00000000eb680000, 0x0000000100000000)
  eden space 7168K, 82% used [0x00000000eab00000,0x00000000eb0ca778,0x00000000eb200000)
  from space 2048K, 84% used [0x00000000eb480000,0x00000000eb630000,0x00000000eb680000)
  to   space 2048K, 0% used [0x00000000eb280000,0x00000000eb280000,0x00000000eb480000)
 ParOldGen       total 285184K, used 243533K [0x00000000c0000000, 0x00000000d1680000, 0x00000000eab00000)
  object space 285184K, 85% used [0x00000000c0000000,0x00000000cedd3408,0x00000000d1680000)
 Metaspace       used 94942K, committed 96000K, reserved 1179648K
  class space    used 9457K, committed 9984K, reserved 1048576K
}

