# JRE version: OpenJDK Runtime Environment Temurin-17.0.7+7 (17.0.7+7) (build 17.0.7+7)
# Java VM: OpenJDK 64-Bit Server VM Temurin-17.0.7+7 (17.0.7+7, mixed mode, tiered, compressed oops, compressed class ptrs, parallel gc, windows-amd64)
GC Precious Log:
 CPUs: 8 total, 8 available
 Memory: 10116M
 Large Page Support: Disabled
 NUMA Support: Disabled
 Compressed Oops: Enabled (32-bit)
 Alignments: Space 512K, Generation 512K, Heap 2M
 Heap Min Capacity: 100M
 Heap Initial Capacity: 100M
 Heap Max Capacity: 1G
 Pre-touch: Disabled
 Parallel Workers: 8
Heap:
 PSYoungGen      total 8704K, used 8402K [0x00000000eab00000, 0x00000000eb680000, 0x0000000100000000)
  eden space 6656K, 100% used [0x00000000eab00000,0x00000000eb180000,0x00000000eb180000)
  from space 2048K, 85% used [0x00000000eb180000,0x00000000eb334bd8,0x00000000eb380000)
  to   space 2560K, 96% used [0x00000000eb400000,0x00000000eb667fd0,0x00000000eb680000)
 ParOldGen       total 141824K, used 117816K [0x00000000c0000000, 0x00000000c8a80000, 0x00000000eab00000)
  object space 141824K, 83% used [0x00000000c0000000,0x00000000c730e0a8,0x00000000c8a80000)
 Metaspace       used 92281K, committed 93504K, reserved 1179648K
  class space    used 9331K, committed 9856K, reserved 1048576K
GC Heap History (20 events):
Event: 1236.285 GC heap after
{Heap after GC invocations=7193 (full 154):
 PSYoungGen      total 8192K, used 768K [0x00000000eab00000, 0x00000000eb700000, 0x0000000100000000)
  eden space 7168K, 0% used [0x00000000eab00000,0x00000000eab00000,0x00000000eb200000)
  from space 1024K, 75% used [0x00000000eb600000,0x00000000eb6c0000,0x00000000eb700000)
  to   space 1024K, 0% used [0x00000000eb500000,0x00000000eb500000,0x00000000eb600000)
 ParOldGen       total 141824K, used 102338K [0x00000000c0000000, 0x00000000c8a80000, 0x00000000eab00000)
  object space 141824K, 72% used [0x00000000c0000000,0x00000000c63f0bd8,0x00000000c8a80000)
 Metaspace       used 92261K, committed 93440K, reserved 1179648K
  class space    used 9328K, committed 9856K, reserved 1048576K
}
Event: 1236.316 GC heap before
{Heap before GC invocations=7194 (full 154):
 PSYoungGen      total 8192K, used 7936K [0x00000000eab00000, 0x00000000eb700000, 0x0000000100000000)
  eden space 7168K, 100% used [0x00000000eab00000,0x00000000eb200000,0x00000000eb200000)
  from space 1024K, 75% used [0x00000000eb600000,0x00000000eb6c0000,0x00000000eb700000)
  to   space 1024K, 0% used [0x00000000eb500000,0x00000000eb500000,0x00000000eb600000)
 ParOldGen       total 141824K, used 102338K [0x00000000c0000000, 0x00000000c8a80000, 0x00000000eab00000)
  object space 141824K, 72% used [0x00000000c0000000,0x00000000c63f0bd8,0x00000000c8a80000)
 Metaspace       used 92261K, committed 93440K, reserved 1179648K
  class space    used 9328K, committed 9856K, reserved 1048576K
}
Event: 1236.319 GC heap after
{Heap after GC invocations=7194 (full 154):
 PSYoungGen      total 8192K, used 1024K [0x00000000eab00000, 0x00000000eba00000, 0x0000000100000000)
  eden space 7168K, 0% used [0x00000000eab00000,0x00000000eab00000,0x00000000eb200000)
  from space 1024K, 100% used [0x00000000eb500000,0x00000000eb600000,0x00000000eb600000)
  to   space 4096K, 0% used [0x00000000eb600000,0x00000000eb600000,0x00000000eba00000)
 ParOldGen       total 141824K, used 104500K [0x00000000c0000000, 0x00000000c8a80000, 0x00000000eab00000)
  object space 141824K, 73% used [0x00000000c0000000,0x00000000c660d060,0x00000000c8a80000)
 Metaspace       used 92261K, committed 93440K, reserved 1179648K
  class space    used 9328K, committed 9856K, reserved 1048576K
}
Event: 1236.344 GC heap before
{Heap before GC invocations=7195 (full 154):
 PSYoungGen      total 8192K, used 7923K [0x00000000eab00000, 0x00000000eba00000, 0x0000000100000000)
  eden space 7168K, 96% used [0x00000000eab00000,0x00000000eb1bcce8,0x00000000eb200000)
  from space 1024K, 100% used [0x00000000eb500000,0x00000000eb600000,0x00000000eb600000)
  to   space 4096K, 0% used [0x00000000eb600000,0x00000000eb600000,0x00000000eba00000)
 ParOldGen       total 141824K, used 104500K [0x00000000c0000000, 0x00000000c8a80000, 0x00000000eab00000)
  object space 141824K, 73% used [0x00000000c0000000,0x00000000c660d060,0x00000000c8a80000)
 Metaspace       used 92261K, committed 93440K, reserved 1179648K
  class space    used 9328K, committed 9856K, reserved 1048576K
}
Event: 1236.346 GC heap after
{Heap after GC invocations=7195 (full 154):
 PSYoungGen      total 9728K, used 2178K [0x00000000eab00000, 0x00000000eb880000, 0x0000000100000000)
  eden space 7168K, 0% used [0x00000000eab00000,0x00000000eab00000,0x00000000eb200000)
  from space 2560K, 85% used [0x00000000eb600000,0x00000000eb820bb8,0x00000000eb880000)
  to   space 2560K, 0% used [0x00000000eb380000,0x00000000eb380000,0x00000000eb600000)
 ParOldGen       total 141824K, used 105536K [0x00000000c0000000, 0x00000000c8a80000, 0x00000000eab00000)
  object space 141824K, 74% used [0x00000000c0000000,0x00000000c6710070,0x00000000c8a80000)
 Metaspace       used 92261K, committed 93440K, reserved 1179648K
  class space    used 9328K, committed 9856K, reserved 1048576K
}
Event: 1236.372 GC heap before
{Heap before GC invocations=7196 (full 154):
 PSYoungGen      total 9728K, used 9346K [0x00000000eab00000, 0x00000000eb880000, 0x0000000100000000)
  eden space 7168K, 100% used [0x00000000eab00000,0x00000000eb200000,0x00000000eb200000)
  from space 2560K, 85% used [0x00000000eb600000,0x00000000eb820bb8,0x00000000eb880000)
  to   space 2560K, 0% used [0x00000000eb380000,0x00000000eb380000,0x00000000eb600000)
 ParOldGen       total 141824K, used 105536K [0x00000000c0000000, 0x00000000c8a80000, 0x00000000eab00000)
  object space 141824K, 74% used [0x00000000c0000000,0x00000000c6710070,0x00000000c8a80000)
 Metaspace       used 92262K, committed 93504K, reserved 1179648K
  class space    used 9328K, committed 9856K, reserved 1048576K
}
Event: 1236.375 GC heap after
{Heap after GC invocations=7196 (full 154):
 PSYoungGen      total 9728K, used 2559K [0x00000000eab00000, 0x00000000ebc00000, 0x0000000100000000)
  eden space 7168K, 0% used [0x00000000eab00000,0x00000000eab00000,0x00000000eb200000)
  from space 2560K, 99% used [0x00000000eb380000,0x00000000eb5ffe10,0x00000000eb600000)
  to   space 5120K, 0% used [0x00000000eb700000,0x00000000eb700000,0x00000000ebc00000)
 ParOldGen       total 141824K, used 107384K [0x00000000c0000000, 0x00000000c8a80000, 0x00000000eab00000)
  object space 141824K, 75% used [0x00000000c0000000,0x00000000c68de0f0,0x00000000c8a80000)
 Metaspace       used 92262K, committed 93504K, reserved 1179648K
  class space    used 9328K, committed 9856K, reserved 1048576K
}
Event: 1236.394 GC heap before
{Heap before GC invocations=7197 (full 154):
 PSYoungGen      total 9728K, used 9727K [0x00000000eab00000, 0x00000000ebc00000, 0x0000000100000000)
  eden space 7168K, 100% used [0x00000000eab00000,0x00000000eb200000,0x00000000eb200000)
  from space 2560K, 99% used [0x00000000eb380000,0x00000000eb5ffe10,0x00000000eb600000)
  to   space 5120K, 0% used [0x00000000eb700000,0x00000000eb700000,0x00000000ebc00000)
 ParOldGen       total 141824K, used 107384K [0x00000000c0000000, 0x00000000c8a80000, 0x00000000eab00000)
  object space 141824K, 75% used [0x00000000c0000000,0x00000000c68de0f0,0x00000000c8a80000)
 Metaspace       used 92262K, committed 93504K, reserved 1179648K
  class space    used 9328K, committed 9856K, reserved 1048576K
}
Event: 1236.397 GC heap after
{Heap after GC invocations=7197 (full 154):
 PSYoungGen      total 9216K, used 1688K [0x00000000eab00000, 0x00000000eb900000, 0x0000000100000000)
  eden space 7168K, 0% used [0x00000000eab00000,0x00000000eab00000,0x00000000eb200000)
  from space 2048K, 82% used [0x00000000eb700000,0x00000000eb8a6388,0x00000000eb900000)
  to   space 3072K, 0% used [0x00000000eb300000,0x00000000eb300000,0x00000000eb600000)
 ParOldGen       total 141824K, used 109941K [0x00000000c0000000, 0x00000000c8a80000, 0x00000000eab00000)
  object space 141824K, 77% used [0x00000000c0000000,0x00000000c6b5d788,0x00000000c8a80000)
 Metaspace       used 92262K, committed 93504K, reserved 1179648K
  class space    used 9328K, committed 9856K, reserved 1048576K
}
Event: 1236.425 GC heap before
{Heap before GC invocations=7198 (full 154):
 PSYoungGen      total 9216K, used 8856K [0x00000000eab00000, 0x00000000eb900000, 0x0000000100000000)
  eden space 7168K, 100% used [0x00000000eab00000,0x00000000eb200000,0x00000000eb200000)
  from space 2048K, 82% used [0x00000000eb700000,0x00000000eb8a6388,0x00000000eb900000)
  to   space 3072K, 0% used [0x00000000eb300000,0x00000000eb300000,0x00000000eb600000)
 ParOldGen       total 141824K, used 109941K [0x00000000c0000000, 0x00000000c8a80000, 0x00000000eab00000)
  object space 141824K, 77% used [0x00000000c0000000,0x00000000c6b5d788,0x00000000c8a80000)
 Metaspace       used 92265K, committed 93504K, reserved 1179648K
  class space    used 9328K, committed 9856K, reserved 1048576K
}
Event: 1236.429 GC heap after
{Heap after GC invocations=7198 (full 154):
 PSYoungGen      total 9216K, used 1669K [0x00000000eab00000, 0x00000000eb780000, 0x0000000100000000)
  eden space 7168K, 0% used [0x00000000eab00000,0x00000000eab00000,0x00000000eb200000)
  from space 2048K, 81% used [0x00000000eb300000,0x00000000eb4a1760,0x00000000eb500000)
  to   space 2048K, 0% used [0x00000000eb580000,0x00000000eb580000,0x00000000eb780000)
 ParOldGen       total 141824K, used 111549K [0x00000000c0000000, 0x00000000c8a80000, 0x00000000eab00000)
  object space 141824K, 78% used [0x00000000c0000000,0x00000000c6cef420,0x00000000c8a80000)
 Metaspace       used 92265K, committed 93504K, reserved 1179648K
  class space    used 9328K, committed 9856K, reserved 1048576K
}
Event: 1236.482 GC heap before
{Heap before GC invocations=7199 (full 154):
 PSYoungGen      total 9216K, used 8837K [0x00000000eab00000, 0x00000000eb780000, 0x0000000100000000)
  eden space 7168K, 100% used [0x00000000eab00000,0x00000000eb200000,0x00000000eb200000)
  from space 2048K, 81% used [0x00000000eb300000,0x00000000eb4a1760,0x00000000eb500000)
  to   space 2048K, 0% used [0x00000000eb580000,0x00000000eb580000,0x00000000eb780000)
 ParOldGen       total 141824K, used 111549K [0x00000000c0000000, 0x00000000c8a80000, 0x00000000eab00000)
  object space 141824K, 78% used [0x00000000c0000000,0x00000000c6cef420,0x00000000c8a80000)
 Metaspace       used 92268K, committed 93504K, reserved 1179648K
  class space    used 9329K, committed 9856K, reserved 1048576K
}
Event: 1236.486 GC heap after
{Heap after GC invocations=7199 (full 154):
 PSYoungGen      total 9216K, used 1983K [0x00000000eab00000, 0x00000000eb780000, 0x0000000100000000)
  eden space 7168K, 0% used [0x00000000eab00000,0x00000000eab00000,0x00000000eb200000)
  from space 2048K, 96% used [0x00000000eb580000,0x00000000eb76ffd0,0x00000000eb780000)
  to   space 2048K, 0% used [0x00000000eb300000,0x00000000eb300000,0x00000000eb500000)
 ParOldGen       total 141824K, used 112904K [0x00000000c0000000, 0x00000000c8a80000, 0x00000000eab00000)
  object space 141824K, 79% used [0x00000000c0000000,0x00000000c6e42330,0x00000000c8a80000)
 Metaspace       used 92268K, committed 93504K, reserved 1179648K
  class space    used 9329K, committed 9856K, reserved 1048576K
}
Event: 1236.658 GC heap before
{Heap before GC invocations=7200 (full 154):
 PSYoungGen      total 9216K, used 9151K [0x00000000eab00000, 0x00000000eb780000, 0x0000000100000000)
  eden space 7168K, 100% used [0x00000000eab00000,0x00000000eb200000,0x00000000eb200000)
  from space 2048K, 96% used [0x00000000eb580000,0x00000000eb76ffd0,0x00000000eb780000)
  to   space 2048K, 0% used [0x00000000eb300000,0x00000000eb300000,0x00000000eb500000)
 ParOldGen       total 141824K, used 112904K [0x00000000c0000000, 0x00000000c8a80000, 0x00000000eab00000)
  object space 141824K, 79% used [0x00000000c0000000,0x00000000c6e42330,0x00000000c8a80000)
 Metaspace       used 92280K, committed 93504K, reserved 1179648K
  class space    used 9331K, committed 9856K, reserved 1048576K
}
Event: 1236.662 GC heap after
{Heap after GC invocations=7200 (full 154):
 PSYoungGen      total 9216K, used 1893K [0x00000000eab00000, 0x00000000eb600000, 0x0000000100000000)
  eden space 7168K, 0% used [0x00000000eab00000,0x00000000eab00000,0x00000000eb200000)
  from space 2048K, 92% used [0x00000000eb300000,0x00000000eb4d9760,0x00000000eb500000)
  to   space 1024K, 0% used [0x00000000eb500000,0x00000000eb500000,0x00000000eb600000)
 ParOldGen       total 141824K, used 114811K [0x00000000c0000000, 0x00000000c8a80000, 0x00000000eab00000)
  object space 141824K, 80% used [0x00000000c0000000,0x00000000c701ec30,0x00000000c8a80000)
 Metaspace       used 92280K, committed 93504K, reserved 1179648K
  class space    used 9331K, committed 9856K, reserved 1048576K
}
Event: 1236.863 GC heap before
{Heap before GC invocations=7201 (full 154):
 PSYoungGen      total 9216K, used 9061K [0x00000000eab00000, 0x00000000eb600000, 0x0000000100000000)
  eden space 7168K, 99% used [0x00000000eab00000,0x00000000eb1fffc8,0x00000000eb200000)
  from space 2048K, 92% used [0x00000000eb300000,0x00000000eb4d9760,0x00000000eb500000)
  to   space 1024K, 0% used [0x00000000eb500000,0x00000000eb500000,0x00000000eb600000)
 ParOldGen       total 141824K, used 114811K [0x00000000c0000000, 0x00000000c8a80000, 0x00000000eab00000)
  object space 141824K, 80% used [0x00000000c0000000,0x00000000c701ec30,0x00000000c8a80000)
 Metaspace       used 92281K, committed 93504K, reserved 1179648K
  class space    used 9331K, committed 9856K, reserved 1048576K
}
Event: 1236.865 GC heap after
{Heap after GC invocations=7201 (full 154):
 PSYoungGen      total 7680K, used 1010K [0x00000000eab00000, 0x00000000eb900000, 0x0000000100000000)
  eden space 6656K, 0% used [0x00000000eab00000,0x00000000eab00000,0x00000000eb180000)
  from space 1024K, 98% used [0x00000000eb500000,0x00000000eb5fcbd8,0x00000000eb600000)
  to   space 3584K, 0% used [0x00000000eb180000,0x00000000eb180000,0x00000000eb500000)
 ParOldGen       total 141824K, used 116776K [0x00000000c0000000, 0x00000000c8a80000, 0x00000000eab00000)
  object space 141824K, 82% used [0x00000000c0000000,0x00000000c720a028,0x00000000c8a80000)
 Metaspace       used 92281K, committed 93504K, reserved 1179648K
  class space    used 9331K, committed 9856K, reserved 1048576K
}
Event: 1236.897 GC heap before
{Heap before GC invocations=7202 (full 154):
 PSYoungGen      total 7680K, used 7666K [0x00000000eab00000, 0x00000000eb900000, 0x0000000100000000)
  eden space 6656K, 100% used [0x00000000eab00000,0x00000000eb180000,0x00000000eb180000)
  from space 1024K, 98% used [0x00000000eb500000,0x00000000eb5fcbd8,0x00000000eb600000)
  to   space 3584K, 0% used [0x00000000eb180000,0x00000000eb180000,0x00000000eb500000)
 ParOldGen       total 141824K, used 116776K [0x00000000c0000000, 0x00000000c8a80000, 0x00000000eab00000)
  object space 141824K, 82% used [0x00000000c0000000,0x00000000c720a028,0x00000000c8a80000)
 Metaspace       used 92281K, committed 93504K, reserved 1179648K
  class space    used 9331K, committed 9856K, reserved 1048576K
}
Event: 1236.899 GC heap after
{Heap after GC invocations=7202 (full 154):
 PSYoungGen      total 8704K, used 1746K [0x00000000eab00000, 0x00000000eb680000, 0x0000000100000000)
  eden space 6656K, 0% used [0x00000000eab00000,0x00000000eab00000,0x00000000eb180000)
  from space 2048K, 85% used [0x00000000eb180000,0x00000000eb334bd8,0x00000000eb380000)
  to   space 2560K, 0% used [0x00000000eb400000,0x00000000eb400000,0x00000000eb680000)
 ParOldGen       total 141824K, used 117816K [0x00000000c0000000, 0x00000000c8a80000, 0x00000000eab00000)
  object space 141824K, 83% used [0x00000000c0000000,0x00000000c730e0a8,0x00000000c8a80000)
 Metaspace       used 92281K, committed 93504K, reserved 1179648K
  class space    used 9331K, committed 9856K, reserved 1048576K
}
Event: 1236.940 GC heap before
{Heap before GC invocations=7203 (full 154):
 PSYoungGen      total 8704K, used 8402K [0x00000000eab00000, 0x00000000eb680000, 0x0000000100000000)
  eden space 6656K, 100% used [0x00000000eab00000,0x00000000eb180000,0x00000000eb180000)
  from space 2048K, 85% used [0x00000000eb180000,0x00000000eb334bd8,0x00000000eb380000)
  to   space 2560K, 0% used [0x00000000eb400000,0x00000000eb400000,0x00000000eb680000)
 ParOldGen       total 141824K, used 117816K [0x00000000c0000000, 0x00000000c8a80000, 0x00000000eab00000)
  object space 141824K, 83% used [0x00000000c0000000,0x00000000c730e0a8,0x00000000c8a80000)
 Metaspace       used 92281K, committed 93504K, reserved 1179648K
  class space    used 9331K, committed 9856K, reserved 1048576K
}

