# JRE version: OpenJDK Runtime Environment Temurin-17.0.6+10 (17.0.6+10) (build 17.0.6+10)
# Java VM: OpenJDK 64-Bit Server VM Temurin-17.0.6+10 (17.0.6+10, mixed mode, sharing, tiered, compressed oops, compressed class ptrs, g1 gc, windows-amd64)
GC Precious Log:
 CPUs: 8 total, 8 available
 Memory: 10116M
 Large Page Support: Disabled
 NUMA Support: Disabled
 Compressed Oops: Enabled (Zero based)
 Heap Region Size: 2M
 Heap Min Capacity: 8M
 Heap Initial Capacity: 160M
 Heap Max Capacity: 2530M
 Pre-touch: Disabled
 Parallel Workers: 8
 Concurrent Workers: 2
 Concurrent Refinement Workers: 8
 Periodic GC: Disabled
Heap:
 garbage-first heap   total 96256K, used 31822K [0x0000000761e00000, 0x0000000800000000)
  region size 2048K, 7 young (14336K), 3 survivors (6144K)
 Metaspace       used 25688K, committed 25984K, reserved 1073152K
  class space    used 3622K, committed 3776K, reserved 1048576K
GC Heap History (6 events):
Event: 2.240 GC heap before
{Heap before GC invocations=0 (full 0):
 garbage-first heap   total 163840K, used 22528K [0x0000000761e00000, 0x0000000800000000)
  region size 2048K, 11 young (22528K), 0 survivors (0K)
 Metaspace       used 5108K, committed 5248K, reserved 1056768K
  class space    used 672K, committed 768K, reserved 1048576K
}
Event: 2.247 GC heap after
{Heap after GC invocations=1 (full 0):
 garbage-first heap   total 163840K, used 2901K [0x0000000761e00000, 0x0000000800000000)
  region size 2048K, 2 young (4096K), 2 survivors (4096K)
 Metaspace       used 5108K, committed 5248K, reserved 1056768K
  class space    used 672K, committed 768K, reserved 1048576K
}
Event: 4.842 GC heap before
{Heap before GC invocations=1 (full 0):
 garbage-first heap   total 163840K, used 35669K [0x0000000761e00000, 0x0000000800000000)
  region size 2048K, 19 young (38912K), 2 survivors (4096K)
 Metaspace       used 10623K, committed 10880K, reserved 1064960K
  class space    used 1794K, committed 1920K, reserved 1048576K
}
Event: 4.858 GC heap after
{Heap after GC invocations=2 (full 0):
 garbage-first heap   total 163840K, used 17752K [0x0000000761e00000, 0x0000000800000000)
  region size 2048K, 3 young (6144K), 3 survivors (6144K)
 Metaspace       used 10623K, committed 10880K, reserved 1064960K
  class space    used 1794K, committed 1920K, reserved 1048576K
}
Event: 202.208 GC heap before
{Heap before GC invocations=2 (full 0):
 garbage-first heap   total 163840K, used 50520K [0x0000000761e00000, 0x0000000800000000)
  region size 2048K, 20 young (40960K), 3 survivors (6144K)
 Metaspace       used 21267K, committed 21504K, reserved 1073152K
  class space    used 3053K, committed 3200K, reserved 1048576K
}
Event: 202.221 GC heap after
{Heap after GC invocations=3 (full 0):
 garbage-first heap   total 163840K, used 25678K [0x0000000761e00000, 0x0000000800000000)
  region size 2048K, 3 young (6144K), 3 survivors (6144K)
 Metaspace       used 21267K, committed 21504K, reserved 1073152K
  class space    used 3053K, committed 3200K, reserved 1048576K
}

