# JRE version: OpenJDK Runtime Environment Temurin-17.0.7+7 (17.0.7+7) (build 17.0.7+7)
# Java VM: OpenJDK 64-Bit Server VM Temurin-17.0.7+7 (17.0.7+7, mixed mode, tiered, compressed oops, compressed class ptrs, parallel gc, windows-amd64)
GC Precious Log:
 CPUs: 8 total, 8 available
 Memory: 10116M
 Large Page Support: Disabled
 NUMA Support: Disabled
 Compressed Oops: Enabled (32-bit)
 Alignments: Space 512K, Generation 512K, Heap 2M
 Heap Min Capacity: 100M
 Heap Initial Capacity: 100M
 Heap Max Capacity: 1G
 Pre-touch: Disabled
 Parallel Workers: 8
Heap:
 PSYoungGen      total 7168K, used 7168K [0x00000000eab00000, 0x00000000eb780000, 0x0000000100000000)
  eden space 5632K, 100% used [0x00000000eab00000,0x00000000eb080000,0x00000000eb080000)
  from space 1536K, 100% used [0x00000000eb080000,0x00000000eb200000,0x00000000eb200000)
  to   space 3072K, 7% used [0x00000000eb480000,0x00000000eb4b8000,0x00000000eb780000)
 ParOldGen       total 124928K, used 105774K [0x00000000c0000000, 0x00000000c7a00000, 0x00000000eab00000)
  object space 124928K, 84% used [0x00000000c0000000,0x00000000c674b8d0,0x00000000c7a00000)
 Metaspace       used 94457K, committed 95744K, reserved 1179648K
  class space    used 9501K, committed 10112K, reserved 1048576K
GC Heap History (20 events):
Event: 1860.784 GC heap after
{Heap after GC invocations=11217 (full 281):
 PSYoungGen      total 4096K, used 1392K [0x00000000eab00000, 0x00000000eb180000, 0x0000000100000000)
  eden space 2560K, 0% used [0x00000000eab00000,0x00000000eab00000,0x00000000ead80000)
  from space 1536K, 90% used [0x00000000eb000000,0x00000000eb15c000,0x00000000eb180000)
  to   space 2048K, 0% used [0x00000000ead80000,0x00000000ead80000,0x00000000eaf80000)
 ParOldGen       total 124928K, used 92990K [0x00000000c0000000, 0x00000000c7a00000, 0x00000000eab00000)
  object space 124928K, 74% used [0x00000000c0000000,0x00000000c5acfa58,0x00000000c7a00000)
 Metaspace       used 94457K, committed 95744K, reserved 1179648K
  class space    used 9501K, committed 10112K, reserved 1048576K
}
Event: 1860.798 GC heap before
{Heap before GC invocations=11218 (full 281):
 PSYoungGen      total 4096K, used 3952K [0x00000000eab00000, 0x00000000eb180000, 0x0000000100000000)
  eden space 2560K, 100% used [0x00000000eab00000,0x00000000ead80000,0x00000000ead80000)
  from space 1536K, 90% used [0x00000000eb000000,0x00000000eb15c000,0x00000000eb180000)
  to   space 2048K, 0% used [0x00000000ead80000,0x00000000ead80000,0x00000000eaf80000)
 ParOldGen       total 124928K, used 92990K [0x00000000c0000000, 0x00000000c7a00000, 0x00000000eab00000)
  object space 124928K, 74% used [0x00000000c0000000,0x00000000c5acfa58,0x00000000c7a00000)
 Metaspace       used 94457K, committed 95744K, reserved 1179648K
  class space    used 9501K, committed 10112K, reserved 1048576K
}
Event: 1860.801 GC heap after
{Heap after GC invocations=11218 (full 281):
 PSYoungGen      total 4608K, used 1536K [0x00000000eab00000, 0x00000000eb200000, 0x0000000100000000)
  eden space 2560K, 0% used [0x00000000eab00000,0x00000000eab00000,0x00000000ead80000)
  from space 2048K, 75% used [0x00000000ead80000,0x00000000eaf00000,0x00000000eaf80000)
  to   space 2048K, 0% used [0x00000000eb000000,0x00000000eb000000,0x00000000eb200000)
 ParOldGen       total 124928K, used 93926K [0x00000000c0000000, 0x00000000c7a00000, 0x00000000eab00000)
  object space 124928K, 75% used [0x00000000c0000000,0x00000000c5bb9a58,0x00000000c7a00000)
 Metaspace       used 94457K, committed 95744K, reserved 1179648K
  class space    used 9501K, committed 10112K, reserved 1048576K
}
Event: 1860.835 GC heap before
{Heap before GC invocations=11219 (full 281):
 PSYoungGen      total 4608K, used 4075K [0x00000000eab00000, 0x00000000eb200000, 0x0000000100000000)
  eden space 2560K, 99% used [0x00000000eab00000,0x00000000ead7afb8,0x00000000ead80000)
  from space 2048K, 75% used [0x00000000ead80000,0x00000000eaf00000,0x00000000eaf80000)
  to   space 2048K, 0% used [0x00000000eb000000,0x00000000eb000000,0x00000000eb200000)
 ParOldGen       total 124928K, used 93926K [0x00000000c0000000, 0x00000000c7a00000, 0x00000000eab00000)
  object space 124928K, 75% used [0x00000000c0000000,0x00000000c5bb9a58,0x00000000c7a00000)
 Metaspace       used 94457K, committed 95744K, reserved 1179648K
  class space    used 9501K, committed 10112K, reserved 1048576K
}
Event: 1860.837 GC heap after
{Heap after GC invocations=11219 (full 281):
 PSYoungGen      total 4096K, used 736K [0x00000000eab00000, 0x00000000eb100000, 0x0000000100000000)
  eden space 3072K, 0% used [0x00000000eab00000,0x00000000eab00000,0x00000000eae00000)
  from space 1024K, 71% used [0x00000000eb000000,0x00000000eb0b8000,0x00000000eb100000)
  to   space 1536K, 0% used [0x00000000eae00000,0x00000000eae00000,0x00000000eaf80000)
 ParOldGen       total 124928K, used 95326K [0x00000000c0000000, 0x00000000c7a00000, 0x00000000eab00000)
  object space 124928K, 76% used [0x00000000c0000000,0x00000000c5d17a80,0x00000000c7a00000)
 Metaspace       used 94457K, committed 95744K, reserved 1179648K
  class space    used 9501K, committed 10112K, reserved 1048576K
}
Event: 1860.846 GC heap before
{Heap before GC invocations=11220 (full 281):
 PSYoungGen      total 4096K, used 3808K [0x00000000eab00000, 0x00000000eb100000, 0x0000000100000000)
  eden space 3072K, 100% used [0x00000000eab00000,0x00000000eae00000,0x00000000eae00000)
  from space 1024K, 71% used [0x00000000eb000000,0x00000000eb0b8000,0x00000000eb100000)
  to   space 1536K, 0% used [0x00000000eae00000,0x00000000eae00000,0x00000000eaf80000)
 ParOldGen       total 124928K, used 95326K [0x00000000c0000000, 0x00000000c7a00000, 0x00000000eab00000)
  object space 124928K, 76% used [0x00000000c0000000,0x00000000c5d17a80,0x00000000c7a00000)
 Metaspace       used 94457K, committed 95744K, reserved 1179648K
  class space    used 9501K, committed 10112K, reserved 1048576K
}
Event: 1860.849 GC heap after
{Heap after GC invocations=11220 (full 281):
 PSYoungGen      total 4608K, used 1510K [0x00000000eab00000, 0x00000000eb800000, 0x0000000100000000)
  eden space 3072K, 0% used [0x00000000eab00000,0x00000000eab00000,0x00000000eae00000)
  from space 1536K, 98% used [0x00000000eae00000,0x00000000eaf79a70,0x00000000eaf80000)
  to   space 4608K, 0% used [0x00000000eb380000,0x00000000eb380000,0x00000000eb800000)
 ParOldGen       total 124928K, used 97485K [0x00000000c0000000, 0x00000000c7a00000, 0x00000000eab00000)
  object space 124928K, 78% used [0x00000000c0000000,0x00000000c5f33420,0x00000000c7a00000)
 Metaspace       used 94457K, committed 95744K, reserved 1179648K
  class space    used 9501K, committed 10112K, reserved 1048576K
}
Event: 1860.873 GC heap before
{Heap before GC invocations=11221 (full 281):
 PSYoungGen      total 4608K, used 4582K [0x00000000eab00000, 0x00000000eb800000, 0x0000000100000000)
  eden space 3072K, 100% used [0x00000000eab00000,0x00000000eae00000,0x00000000eae00000)
  from space 1536K, 98% used [0x00000000eae00000,0x00000000eaf79a70,0x00000000eaf80000)
  to   space 4608K, 0% used [0x00000000eb380000,0x00000000eb380000,0x00000000eb800000)
 ParOldGen       total 124928K, used 97485K [0x00000000c0000000, 0x00000000c7a00000, 0x00000000eab00000)
  object space 124928K, 78% used [0x00000000c0000000,0x00000000c5f33420,0x00000000c7a00000)
 Metaspace       used 94457K, committed 95744K, reserved 1179648K
  class space    used 9501K, committed 10112K, reserved 1048576K
}
Event: 1860.875 GC heap after
{Heap after GC invocations=11221 (full 281):
 PSYoungGen      total 7168K, used 2854K [0x00000000eab00000, 0x00000000eb680000, 0x0000000100000000)
  eden space 4096K, 0% used [0x00000000eab00000,0x00000000eab00000,0x00000000eaf00000)
  from space 3072K, 92% used [0x00000000eb380000,0x00000000eb649a70,0x00000000eb680000)
  to   space 3584K, 0% used [0x00000000eaf80000,0x00000000eaf80000,0x00000000eb300000)
 ParOldGen       total 124928K, used 99043K [0x00000000c0000000, 0x00000000c7a00000, 0x00000000eab00000)
  object space 124928K, 79% used [0x00000000c0000000,0x00000000c60b8e90,0x00000000c7a00000)
 Metaspace       used 94457K, committed 95744K, reserved 1179648K
  class space    used 9501K, committed 10112K, reserved 1048576K
}
Event: 1860.893 GC heap before
{Heap before GC invocations=11222 (full 281):
 PSYoungGen      total 7168K, used 6950K [0x00000000eab00000, 0x00000000eb680000, 0x0000000100000000)
  eden space 4096K, 100% used [0x00000000eab00000,0x00000000eaf00000,0x00000000eaf00000)
  from space 3072K, 92% used [0x00000000eb380000,0x00000000eb649a70,0x00000000eb680000)
  to   space 3584K, 0% used [0x00000000eaf80000,0x00000000eaf80000,0x00000000eb300000)
 ParOldGen       total 124928K, used 99043K [0x00000000c0000000, 0x00000000c7a00000, 0x00000000eab00000)
  object space 124928K, 79% used [0x00000000c0000000,0x00000000c60b8e90,0x00000000c7a00000)
 Metaspace       used 94457K, committed 95744K, reserved 1179648K
  class space    used 9501K, committed 10112K, reserved 1048576K
}
Event: 1860.896 GC heap after
{Heap after GC invocations=11222 (full 281):
 PSYoungGen      total 5632K, used 690K [0x00000000eab00000, 0x00000000eb400000, 0x0000000100000000)
  eden space 4608K, 0% used [0x00000000eab00000,0x00000000eab00000,0x00000000eaf80000)
  from space 1024K, 67% used [0x00000000eaf80000,0x00000000eb02c8c0,0x00000000eb080000)
  to   space 1536K, 0% used [0x00000000eb280000,0x00000000eb280000,0x00000000eb400000)
 ParOldGen       total 124928K, used 99841K [0x00000000c0000000, 0x00000000c7a00000, 0x00000000eab00000)
  object space 124928K, 79% used [0x00000000c0000000,0x00000000c6180598,0x00000000c7a00000)
 Metaspace       used 94457K, committed 95744K, reserved 1179648K
  class space    used 9501K, committed 10112K, reserved 1048576K
}
Event: 1860.920 GC heap before
{Heap before GC invocations=11223 (full 281):
 PSYoungGen      total 5632K, used 5298K [0x00000000eab00000, 0x00000000eb400000, 0x0000000100000000)
  eden space 4608K, 100% used [0x00000000eab00000,0x00000000eaf80000,0x00000000eaf80000)
  from space 1024K, 67% used [0x00000000eaf80000,0x00000000eb02c8c0,0x00000000eb080000)
  to   space 1536K, 0% used [0x00000000eb280000,0x00000000eb280000,0x00000000eb400000)
 ParOldGen       total 124928K, used 99841K [0x00000000c0000000, 0x00000000c7a00000, 0x00000000eab00000)
  object space 124928K, 79% used [0x00000000c0000000,0x00000000c6180598,0x00000000c7a00000)
 Metaspace       used 94457K, committed 95744K, reserved 1179648K
  class space    used 9501K, committed 10112K, reserved 1048576K
}
Event: 1860.924 GC heap after
{Heap after GC invocations=11223 (full 281):
 PSYoungGen      total 6656K, used 1536K [0x00000000eab00000, 0x00000000eb580000, 0x0000000100000000)
  eden space 5120K, 0% used [0x00000000eab00000,0x00000000eab00000,0x00000000eb000000)
  from space 1536K, 100% used [0x00000000eb280000,0x00000000eb400000,0x00000000eb400000)
  to   space 2560K, 0% used [0x00000000eb000000,0x00000000eb000000,0x00000000eb280000)
 ParOldGen       total 124928K, used 100491K [0x00000000c0000000, 0x00000000c7a00000, 0x00000000eab00000)
  object space 124928K, 80% used [0x00000000c0000000,0x00000000c6222eb8,0x00000000c7a00000)
 Metaspace       used 94457K, committed 95744K, reserved 1179648K
  class space    used 9501K, committed 10112K, reserved 1048576K
}
Event: 1860.977 GC heap before
{Heap before GC invocations=11224 (full 281):
 PSYoungGen      total 6656K, used 6656K [0x00000000eab00000, 0x00000000eb580000, 0x0000000100000000)
  eden space 5120K, 100% used [0x00000000eab00000,0x00000000eb000000,0x00000000eb000000)
  from space 1536K, 100% used [0x00000000eb280000,0x00000000eb400000,0x00000000eb400000)
  to   space 2560K, 0% used [0x00000000eb000000,0x00000000eb000000,0x00000000eb280000)
 ParOldGen       total 124928K, used 100491K [0x00000000c0000000, 0x00000000c7a00000, 0x00000000eab00000)
  object space 124928K, 80% used [0x00000000c0000000,0x00000000c6222eb8,0x00000000c7a00000)
 Metaspace       used 94457K, committed 95744K, reserved 1179648K
  class space    used 9501K, committed 10112K, reserved 1048576K
}
Event: 1860.980 GC heap after
{Heap after GC invocations=11224 (full 281):
 PSYoungGen      total 6656K, used 1520K [0x00000000eab00000, 0x00000000eb400000, 0x0000000100000000)
  eden space 5120K, 0% used [0x00000000eab00000,0x00000000eab00000,0x00000000eb000000)
  from space 1536K, 98% used [0x00000000eb000000,0x00000000eb17c010,0x00000000eb180000)
  to   space 2048K, 0% used [0x00000000eb200000,0x00000000eb200000,0x00000000eb400000)
 ParOldGen       total 124928K, used 101855K [0x00000000c0000000, 0x00000000c7a00000, 0x00000000eab00000)
  object space 124928K, 81% used [0x00000000c0000000,0x00000000c6377ec8,0x00000000c7a00000)
 Metaspace       used 94457K, committed 95744K, reserved 1179648K
  class space    used 9501K, committed 10112K, reserved 1048576K
}
Event: 1860.991 GC heap before
{Heap before GC invocations=11225 (full 281):
 PSYoungGen      total 6656K, used 6640K [0x00000000eab00000, 0x00000000eb400000, 0x0000000100000000)
  eden space 5120K, 99% used [0x00000000eab00000,0x00000000eafffff0,0x00000000eb000000)
  from space 1536K, 98% used [0x00000000eb000000,0x00000000eb17c010,0x00000000eb180000)
  to   space 2048K, 0% used [0x00000000eb200000,0x00000000eb200000,0x00000000eb400000)
 ParOldGen       total 124928K, used 101855K [0x00000000c0000000, 0x00000000c7a00000, 0x00000000eab00000)
  object space 124928K, 81% used [0x00000000c0000000,0x00000000c6377ec8,0x00000000c7a00000)
 Metaspace       used 94457K, committed 95744K, reserved 1179648K
  class space    used 9501K, committed 10112K, reserved 1048576K
}
Event: 1860.995 GC heap after
{Heap after GC invocations=11225 (full 281):
 PSYoungGen      total 7680K, used 1122K [0x00000000eab00000, 0x00000000eb400000, 0x0000000100000000)
  eden space 5632K, 0% used [0x00000000eab00000,0x00000000eab00000,0x00000000eb080000)
  from space 2048K, 54% used [0x00000000eb200000,0x00000000eb3188c0,0x00000000eb400000)
  to   space 1536K, 0% used [0x00000000eb080000,0x00000000eb080000,0x00000000eb200000)
 ParOldGen       total 124928K, used 103133K [0x00000000c0000000, 0x00000000c7a00000, 0x00000000eab00000)
  object space 124928K, 82% used [0x00000000c0000000,0x00000000c64b7680,0x00000000c7a00000)
 Metaspace       used 94457K, committed 95744K, reserved 1179648K
  class space    used 9501K, committed 10112K, reserved 1048576K
}
Event: 1861.016 GC heap before
{Heap before GC invocations=11226 (full 281):
 PSYoungGen      total 7680K, used 6754K [0x00000000eab00000, 0x00000000eb400000, 0x0000000100000000)
  eden space 5632K, 100% used [0x00000000eab00000,0x00000000eb080000,0x00000000eb080000)
  from space 2048K, 54% used [0x00000000eb200000,0x00000000eb3188c0,0x00000000eb400000)
  to   space 1536K, 0% used [0x00000000eb080000,0x00000000eb080000,0x00000000eb200000)
 ParOldGen       total 124928K, used 103133K [0x00000000c0000000, 0x00000000c7a00000, 0x00000000eab00000)
  object space 124928K, 82% used [0x00000000c0000000,0x00000000c64b7680,0x00000000c7a00000)
 Metaspace       used 94457K, committed 95744K, reserved 1179648K
  class space    used 9501K, committed 10112K, reserved 1048576K
}
Event: 1861.020 GC heap after
{Heap after GC invocations=11226 (full 281):
 PSYoungGen      total 7168K, used 1536K [0x00000000eab00000, 0x00000000eb780000, 0x0000000100000000)
  eden space 5632K, 0% used [0x00000000eab00000,0x00000000eab00000,0x00000000eb080000)
  from space 1536K, 100% used [0x00000000eb080000,0x00000000eb200000,0x00000000eb200000)
  to   space 3072K, 0% used [0x00000000eb480000,0x00000000eb480000,0x00000000eb780000)
 ParOldGen       total 124928K, used 104272K [0x00000000c0000000, 0x00000000c7a00000, 0x00000000eab00000)
  object space 124928K, 83% used [0x00000000c0000000,0x00000000c65d43c0,0x00000000c7a00000)
 Metaspace       used 94457K, committed 95744K, reserved 1179648K
  class space    used 9501K, committed 10112K, reserved 1048576K
}
Event: 1861.048 GC heap before
{Heap before GC invocations=11227 (full 281):
 PSYoungGen      total 7168K, used 7168K [0x00000000eab00000, 0x00000000eb780000, 0x0000000100000000)
  eden space 5632K, 100% used [0x00000000eab00000,0x00000000eb080000,0x00000000eb080000)
  from space 1536K, 100% used [0x00000000eb080000,0x00000000eb200000,0x00000000eb200000)
  to   space 3072K, 0% used [0x00000000eb480000,0x00000000eb480000,0x00000000eb780000)
 ParOldGen       total 124928K, used 104272K [0x00000000c0000000, 0x00000000c7a00000, 0x00000000eab00000)
  object space 124928K, 83% used [0x00000000c0000000,0x00000000c65d43c0,0x00000000c7a00000)
 Metaspace       used 94457K, committed 95744K, reserved 1179648K
  class space    used 9501K, committed 10112K, reserved 1048576K
}

